Sample time (ms): 500
Maximum runtime (s): 720
Index,Time (ms),Oven temperature (C),Ambient temperature (C),PWM controller (percent),Thermocouple open,Reference temperature (C)
00000,000000000,022.75,20.02,100.00,0,050.00
00001,000000500,022.75,20.02,082.26,0,050.00
00002,000001000,022.75,20.03,082.53,0,050.00
00003,000001500,022.75,20.03,082.80,0,050.00
00004,000002000,022.75,20.03,083.08,0,050.00
00005,000002500,022.50,20.02,094.10,0,050.00
00006,000003000,022.50,20.02,084.38,0,050.00
00007,000003500,022.50,20.02,084.65,0,050.00
00008,000004000,022.50,20.04,084.92,0,050.00
00009,000004500,022.50,20.03,085.20,0,050.00
00010,000005000,022.75,20.02,074.72,0,050.00
00011,000005500,022.75,20.02,085.00,0,050.00
00012,000006000,022.75,20.02,085.27,0,050.00
00013,000006500,022.25,20.02,100.00,0,050.00
00014,000007000,022.75,20.03,065.82,0,050.00
00015,000007500,022.75,20.03,086.09,0,050.00
00016,000008000,022.50,20.02,097.11,0,050.00
00017,000008500,022.25,20.02,098.14,0,050.00
00018,000009000,022.75,20.02,066.92,0,050.00
00019,000009500,022.75,20.02,087.19,0,050.00
00020,000010000,022.50,20.03,098.21,0,050.00
00021,000010500,022.50,20.03,088.49,0,050.00
00022,000011000,023.00,20.02,067.26,0,050.00
00023,000011500,023.00,20.02,087.53,0,050.00
00024,000012000,022.75,20.03,098.55,0,050.00
00025,000012500,022.75,20.03,088.82,0,050.00
00026,000013000,022.75,20.03,089.09,0,050.00
00027,000013500,022.75,20.02,089.37,0,050.00
00028,000014000,023.25,20.03,068.14,0,050.00
00029,000014500,022.25,20.03,100.00,0,050.00
00030,000015000,022.25,20.03,091.69,0,050.00
00031,000015500,022.50,20.03,081.22,0,050.00
00032,000016000,023.00,20.03,069.98,0,050.00
00033,000016500,023.25,20.03,079.50,0,050.00
00034,000017000,023.25,20.03,089.77,0,050.00
00035,000017500,023.00,20.03,100.00,0,050.00
00036,000018000,022.75,20.05,100.00,0,050.00
00037,000018500,023.00,20.03,081.33,0,050.00
00038,000019000,023.00,20.03,091.60,0,050.00
00039,000019500,023.50,20.05,070.37,0,050.00
00040,000020000,023.50,20.05,090.63,0,050.00
00041,000020500,023.50,20.04,090.90,0,050.00
00042,000021000,023.50,20.04,091.16,0,050.00
00043,000021500,023.50,20.05,091.43,0,050.00
00044,000022000,024.00,20.05,070.19,0,050.00
00045,000022500,024.25,20.05,079.69,0,050.00
00046,000023000,024.25,20.05,089.95,0,050.00
00047,000023500,024.50,20.05,079.46,0,050.00
00048,000024000,024.25,20.05,100.00,0,050.00
00049,000024500,024.50,20.05,079.97,0,050.00
00050,000025000,024.50,20.05,090.22,0,050.00
00051,000025500,024.75,20.05,079.73,0,050.00
00052,000026000,024.25,20.06,100.00,0,050.00
00053,000026500,025.25,20.03,048.73,0,050.00
00054,000027000,025.25,20.03,088.98,0,050.00
00055,000027500,025.25,20.05,089.23,0,050.00
00056,000028000,025.50,20.05,078.72,0,050.00
00057,000028500,025.50,20.05,088.97,0,050.00
00058,000029000,025.75,20.05,078.46,0,050.00
00059,000029500,025.50,20.06,099.45,0,050.00
00060,000030000,026.00,20.05,068.19,0,050.00
00061,000030500,026.00,20.05,088.44,0,050.00
00062,000031000,026.00,20.05,088.67,0,050.00
00063,000031500,026.50,20.06,067.41,0,050.00
00064,000032000,026.25,20.05,098.40,0,050.00
00065,000032500,026.25,20.05,088.64,0,050.00
00066,000033000,026.50,20.06,078.12,0,050.00
00067,000033500,026.75,20.05,077.60,0,050.00
00068,000034000,027.50,20.04,055.58,0,050.00
00069,000034500,027.50,20.04,085.80,0,050.00
00070,000035000,027.75,20.06,075.28,0,050.00
00071,000035500,027.50,20.05,096.25,0,050.00
00072,000036000,027.75,20.04,075.72,0,050.00
00073,000036500,027.75,20.04,085.94,0,050.00
00074,000037000,027.75,20.05,086.17,0,050.00
00075,000037500,028.50,20.05,054.13,0,050.00
00076,000038000,029.00,20.05,062.84,0,050.00
00077,000038500,029.00,20.05,083.05,0,050.00
00078,000039000,029.00,20.05,083.26,0,050.00
00079,000039500,029.50,20.05,061.97,0,050.00
00080,000040000,029.75,20.04,071.42,0,050.00
00081,000040500,029.75,20.04,081.62,0,050.00
00082,000041000,030.00,20.04,071.07,0,050.00
00083,000041500,030.50,20.05,059.77,0,050.00
00084,000042000,030.75,20.03,069.21,0,050.00
00085,000042500,030.75,20.03,079.40,0,050.00
00086,000043000,030.75,20.03,079.59,0,050.00
00087,000043500,031.25,20.03,058.28,0,050.00
00088,000044000,031.25,20.03,078.47,0,050.00
00089,000044500,031.25,20.03,078.66,0,050.00
00090,000045000,031.50,20.05,068.09,0,050.00
00091,000045500,031.75,20.05,067.53,0,050.00
00092,000046000,031.75,20.05,077.71,0,050.00
00093,000046500,032.25,20.04,056.39,0,050.00
00094,000047000,033.00,20.03,044.31,0,050.00
00095,000047500,032.75,20.03,085.23,0,050.00
00096,000048000,032.75,20.03,075.40,0,050.00
00097,000048500,033.50,20.04,043.31,0,050.00
00098,000049000,033.50,20.04,073.48,0,050.00
00099,000049500,034.00,20.05,052.14,0,050.00
00100,000050000,034.00,20.05,072.30,0,050.00
00101,000050500,034.25,20.05,061.71,0,050.00
00102,000051000,034.50,20.03,061.11,0,050.00
00103,000051500,035.25,20.03,039.01,0,050.00
00104,000052000,035.25,20.03,069.16,0,050.00
00105,000052500,035.75,20.05,047.80,0,050.00
00106,000053000,036.00,20.05,057.19,0,050.00
00107,000053500,036.75,20.03,035.07,0,050.00
00108,000054000,036.75,20.03,065.20,0,050.00
00109,000054500,036.25,20.05,086.84,0,050.00
00110,000055000,037.50,20.05,013.22,0,050.00
00111,000055500,037.00,20.05,084.85,0,050.00
00112,000056000,037.00,20.05,064.98,0,050.00
00113,000056500,037.50,20.04,043.60,0,050.00
00114,000057000,037.75,20.05,052.98,0,050.00
00115,000057500,038.75,20.05,020.09,0,050.00
00116,000058000,038.75,20.05,060.20,0,050.00
00117,000058500,039.00,20.06,049.56,0,050.00
00118,000059000,039.75,20.05,027.41,0,050.00
00119,000059500,039.50,20.05,068.27,0,050.00
00120,000060000,039.50,20.05,058.37,0,050.00
00121,000060500,040.50,20.05,015.47,0,050.00
00122,000061000,040.75,20.06,044.81,0,050.00
00123,000061500,040.75,20.06,054.90,0,050.00
00124,000062000,040.75,20.05,055.00,0,050.00
00125,000062500,041.50,20.04,022.83,0,050.00
00126,000063000,042.00,20.05,031.41,0,050.00
00127,000063500,042.00,20.05,051.49,0,050.00
00128,000064000,042.25,20.06,040.82,0,050.00
00129,000064500,042.75,20.05,029.39,0,050.00
00130,000065000,043.50,20.06,017.20,0,050.00
00131,000065500,043.50,20.06,047.27,0,050.00
00132,000066000,043.25,20.06,058.09,0,050.00
00133,000066500,044.00,20.06,015.90,0,050.00
00134,000067000,044.25,20.05,035.20,0,050.00
00135,000067500,044.25,20.05,045.26,0,050.00
00136,000068000,044.75,20.06,023.81,0,050.00
00137,000068500,045.50,20.06,011.61,0,050.00
00138,000069000,045.75,20.06,030.90,0,050.00
00139,000069500,045.75,20.06,040.95,0,050.00
00140,000070000,046.00,20.06,030.23,0,050.00
00141,000070500,046.50,20.06,018.77,0,050.00
00142,000071000,047.00,20.06,017.30,0,050.00
00143,000071500,047.00,20.06,037.33,0,050.00
00144,000072000,047.50,20.06,015.86,0,050.00
00145,000072500,047.75,20.06,025.13,0,050.00
00146,000073000,048.25,20.06,013.64,0,050.00
00147,000073500,048.25,20.06,033.66,0,050.00
00148,000074000,048.25,20.06,033.68,0,050.00
00149,000074500,048.75,20.06,012.19,0,050.00
00150,000075000,049.00,20.06,021.45,0,050.00
00151,000075500,049.00,20.06,031.46,0,050.00
00152,000076000,049.25,20.06,020.72,0,050.00
00153,000076500,049.50,20.06,019.98,0,050.00
00154,000077000,049.50,20.06,029.98,0,050.00
00155,000077500,050.25,20.06,000.00,0,050.00
00156,000078000,050.50,20.07,016.97,0,050.00
00157,000078500,051.25,20.05,000.00,0,050.00
00158,000079000,051.25,20.05,024.70,0,050.00
00159,000079500,051.50,20.06,013.93,0,050.00
00160,000080000,052.25,20.06,000.00,0,050.00
00161,000080500,052.25,20.06,021.64,0,050.00
00162,000081000,052.25,20.06,021.62,0,050.00
00163,000081500,052.75,20.06,000.09,0,050.00
00164,000082000,052.75,20.06,020.06,0,050.00
00165,000082500,053.25,20.06,000.00,0,050.00
00166,000083000,053.25,20.06,018.50,0,050.00
00167,000083500,053.25,20.06,018.46,0,050.00
00168,000084000,053.75,20.07,000.00,0,050.00
00169,000084500,054.25,20.07,000.00,0,050.00
00170,000085000,054.25,20.07,015.34,0,050.00
00171,000085500,054.50,20.06,004.55,0,050.00
00172,000086000,055.00,20.06,000.00,0,050.00
00173,000086500,055.25,20.06,002.19,0,050.00
00174,000087000,055.25,20.06,012.14,0,050.00
00175,000087500,055.50,20.06,001.34,0,050.00
00176,000088000,055.50,20.06,011.28,0,050.00
00177,000088500,055.75,20.06,000.47,0,050.00
00178,000089000,055.75,20.06,010.41,0,050.00
00179,000089500,056.50,20.06,000.00,0,050.00
00180,000090000,057.00,20.06,000.00,0,050.00
00181,000090500,057.25,20.06,000.00,0,050.00
00182,000091000,057.25,20.06,005.64,0,050.00
00183,000091500,057.50,20.06,000.00,0,050.00
00184,000092000,057.75,20.06,000.00,0,050.00
00185,000092500,058.00,20.06,000.00,0,050.00
00186,000093000,058.00,20.06,003.07,0,050.00
00187,000093500,058.25,20.06,000.00,0,050.00
00188,000094000,058.25,20.06,002.16,0,050.00
00189,000094500,058.25,20.06,002.07,0,050.00
00190,000095000,058.00,20.06,012.75,0,050.00
00191,000095500,059.00,20.06,000.00,0,050.00
00192,000096000,059.25,20.05,000.00,0,050.00
00193,000096500,059.25,20.05,000.00,0,050.00
00194,000097000,059.25,20.06,000.00,0,050.00
00195,000097500,059.75,20.06,000.00,0,050.00
00196,000098000,059.75,20.06,000.00,0,050.00
00197,000098500,059.75,20.06,000.00,0,050.00
00198,000099000,060.50,20.06,000.00,0,050.00
00199,000099500,060.50,20.06,000.00,0,050.00
00200,000100000,060.50,20.05,000.00,0,050.00
00201,000100500,060.50,20.05,000.00,0,050.00
00202,000101000,060.75,20.05,000.00,0,050.00
00203,000101500,060.75,20.05,000.00,0,050.00
00204,000102000,061.50,20.05,000.00,0,050.00
00205,000102500,061.50,20.05,000.00,0,050.00
00206,000103000,061.75,20.05,000.00,0,050.00
00207,000103500,062.00,20.04,000.00,0,050.00
00208,000104000,062.25,20.03,000.00,0,050.00
00209,000104500,062.25,20.03,000.00,0,050.00
00210,000105000,062.00,20.03,000.00,0,050.00
00211,000105500,062.50,20.03,000.00,0,050.00
00212,000106000,062.00,20.03,008.37,0,050.00
00213,000106500,062.00,20.03,000.00,0,050.00
00214,000107000,062.75,20.02,000.00,0,050.00
00215,000107500,063.00,20.03,000.00,0,050.00
00216,000108000,063.00,20.02,000.00,0,050.00
00217,000108500,063.00,20.02,000.00,0,050.00
00218,000109000,063.75,20.02,000.00,0,050.00
00219,000109500,063.75,20.01,000.00,0,050.00
00220,000110000,063.75,20.01,000.00,0,050.00
00221,000110500,063.75,20.01,000.00,0,050.00
00222,000111000,063.75,20.02,000.00,0,050.00
00223,000111500,064.00,20.02,000.00,0,050.00
00224,000112000,064.00,20.02,000.00,0,050.00
00225,000112500,064.00,20.03,000.00,0,050.00
00226,000113000,064.75,20.01,000.00,0,050.00
00227,000113500,064.75,20.02,000.00,0,050.00
00228,000114000,064.75,20.02,000.00,0,050.00
00229,000114500,065.25,20.03,000.00,0,050.00
00230,000115000,065.00,20.02,000.00,0,050.00
00231,000115500,064.75,20.02,000.00,0,050.00
00232,000116000,064.75,20.02,000.00,0,050.00
00233,000116500,065.50,20.02,000.00,0,050.00
00234,000117000,065.00,20.02,000.00,0,050.00
00235,000117500,065.50,20.01,000.00,0,050.00
00236,000118000,065.50,20.01,000.00,0,050.00
00237,000118500,066.00,20.02,000.00,0,050.00
00238,000119000,066.00,20.03,000.00,0,050.00
00239,000119500,066.25,20.02,000.00,0,050.00
00240,000120000,066.25,20.02,000.00,0,050.00
00241,000120500,066.50,20.02,000.00,0,050.00
00242,000121000,066.50,20.02,000.00,0,050.00
00243,000121500,066.75,20.02,000.00,0,050.00
00244,000122000,066.75,20.02,000.00,0,050.00
00245,000122500,066.75,20.01,000.00,0,050.00
00246,000123000,067.00,20.02,000.00,0,050.00
00247,000123500,067.25,20.02,000.00,0,050.00
00248,000124000,067.25,20.02,000.00,0,050.00
00249,000124500,067.25,20.02,000.00,0,050.00
00250,000125000,067.25,20.02,000.00,0,050.00
00251,000125500,067.25,20.02,000.00,0,050.00
00252,000126000,067.50,20.01,000.00,0,050.00
00253,000126500,067.75,20.03,000.00,0,050.00
00254,000127000,068.00,20.02,000.00,0,050.00
00255,000127500,068.00,20.02,000.00,0,050.00
00256,000128000,067.25,20.02,000.00,0,050.00
00257,000128500,068.00,20.02,000.00,0,050.00
00258,000129000,068.25,20.02,000.00,0,050.00
00259,000129500,068.25,20.02,000.00,0,050.00
00260,000130000,068.25,20.02,000.00,0,050.00
00261,000130500,068.50,20.01,000.00,0,050.00
00262,000131000,068.50,20.02,000.00,0,050.00
00263,000131500,068.50,20.02,000.00,0,050.00
00264,000132000,068.50,20.02,000.00,0,050.00
00265,000132500,068.25,20.01,000.00,0,050.00
00266,000133000,068.75,20.02,000.00,0,050.00
00267,000133500,068.75,20.02,000.00,0,050.00
00268,000134000,069.00,20.02,000.00,0,050.00
00269,000134500,069.00,20.02,000.00,0,050.00
00270,000135000,069.00,20.02,000.00,0,050.00
00271,000135500,069.00,20.02,000.00,0,050.00
00272,000136000,068.75,20.02,000.00,0,050.00
00273,000136500,069.25,20.02,000.00,0,050.00
00274,000137000,069.25,20.02,000.00,0,050.00
00275,000137500,069.25,20.02,000.00,0,050.00
00276,000138000,069.25,20.02,000.00,0,050.00
00277,000138500,069.50,20.01,000.00,0,050.00
00278,000139000,069.50,20.01,000.00,0,050.00
00279,000139500,069.50,20.01,000.00,0,050.00
00280,000140000,069.50,20.02,000.00,0,050.00
00281,000140500,069.50,20.02,000.00,0,050.00
00282,000141000,069.75,20.03,000.00,0,050.00
00283,000141500,069.75,20.03,000.00,0,050.00
00284,000142000,070.00,20.02,000.00,0,050.00
00285,000142500,070.00,20.03,000.00,0,050.00
00286,000143000,070.00,20.03,000.00,0,050.00
00287,000143500,070.25,20.03,000.00,0,050.00
00288,000144000,070.25,20.03,000.00,0,050.00
00289,000144500,070.75,20.03,000.00,0,050.00
00290,000145000,070.75,20.03,000.00,0,050.00
00291,000145500,070.75,20.02,000.00,0,050.00
00292,000146000,070.50,20.02,000.00,0,050.00
00293,000146500,070.50,20.03,000.00,0,050.00
00294,000147000,070.50,20.03,000.00,0,050.00
00295,000147500,070.25,20.03,000.00,0,050.00
00296,000148000,070.75,20.03,000.00,0,050.00
00297,000148500,071.00,20.03,000.00,0,050.00
00298,000149000,071.00,20.03,000.00,0,050.00
00299,000149500,070.75,20.03,000.00,0,050.00
00300,000150000,070.75,20.02,000.00,0,050.00
00301,000150500,071.00,20.02,000.00,0,050.00
00302,000151000,071.00,20.02,000.00,0,050.00
00303,000151500,070.75,20.02,000.00,0,050.00
00304,000152000,070.75,20.03,000.00,0,050.00
00305,000152500,071.25,20.02,000.00,0,050.00
00306,000153000,071.25,20.02,000.00,0,050.00
00307,000153500,071.25,20.03,000.00,0,050.00
00308,000154000,071.00,20.03,000.00,0,050.00
00309,000154500,071.25,20.02,000.00,0,050.00
00310,000155000,071.25,20.02,000.00,0,050.00
00311,000155500,071.50,20.02,000.00,0,050.00
00312,000156000,071.50,20.03,000.00,0,050.00
00313,000156500,071.25,20.02,000.00,0,050.00
00314,000157000,071.25,20.02,000.00,0,050.00
00315,000157500,071.50,20.03,000.00,0,050.00
00316,000158000,071.25,20.02,000.00,0,050.00
00317,000158500,071.25,20.02,000.00,0,050.00
00318,000159000,071.50,20.02,000.00,0,050.00
00319,000159500,071.25,20.02,000.00,0,050.00
00320,000160000,071.75,20.02,000.00,0,050.00
00321,000160500,071.75,20.02,000.00,0,050.00
00322,000161000,071.50,20.02,000.00,0,050.00
00323,000161500,072.00,20.03,000.00,0,050.00
00324,000162000,071.50,20.02,000.00,0,050.00
00325,000162500,071.50,20.02,000.00,0,050.00
00326,000163000,071.50,20.03,000.00,0,050.00
00327,000163500,071.75,20.03,000.00,0,050.00
00328,000164000,071.75,20.03,000.00,0,050.00
00329,000164500,071.75,20.03,000.00,0,050.00
00330,000165000,071.75,20.02,000.00,0,050.00
00331,000165500,071.75,20.03,000.00,0,050.00
00332,000166000,072.00,20.03,000.00,0,050.00
00333,000166500,072.00,20.03,000.00,0,050.00
00334,000167000,072.25,20.05,000.00,0,050.00
00335,000167500,072.00,20.03,000.00,0,050.00
00336,000168000,072.25,20.03,000.00,0,050.00
00337,000168500,072.25,20.03,000.00,0,050.00
00338,000169000,072.00,20.05,000.00,0,050.00
00339,000169500,072.00,20.04,000.00,0,050.00
00340,000170000,072.00,20.05,000.00,0,050.00
00341,000170500,072.00,20.05,000.00,0,050.00
00342,000171000,072.25,20.03,000.00,0,050.00
00343,000171500,072.25,20.05,000.00,0,050.00
00344,000172000,072.25,20.05,000.00,0,050.00
00345,000172500,072.25,20.05,000.00,0,050.00
00346,000173000,072.50,20.05,000.00,0,050.00
00347,000173500,072.25,20.06,000.00,0,050.00
00348,000174000,072.25,20.06,000.00,0,050.00
00349,000174500,071.75,20.06,000.00,0,050.00
00350,000175000,072.50,20.06,000.00,0,050.00
00351,000175500,072.25,20.06,000.00,0,050.00
00352,000176000,072.25,20.06,000.00,0,050.00
00353,000176500,072.50,20.06,000.00,0,050.00
00354,000177000,072.50,20.06,000.00,0,050.00
00355,000177500,072.00,20.06,000.00,0,050.00
00356,000178000,072.00,20.06,000.00,0,050.00
00357,000178500,072.50,20.05,000.00,0,050.00
00358,000179000,072.50,20.06,000.00,0,050.00
00359,000179500,072.75,20.06,000.00,0,050.00
00360,000180000,072.75,20.06,000.00,0,050.00
00361,000180500,072.50,20.06,000.00,0,050.21
00362,000181000,072.50,20.06,000.00,0,050.42
00363,000181500,072.50,20.06,000.00,0,050.62
00364,000182000,072.50,20.06,000.00,0,050.83
00365,000182500,072.50,20.06,000.00,0,051.04
00366,000183000,072.75,20.06,000.00,0,051.25
00367,000183500,072.50,20.05,000.00,0,051.46
00368,000184000,072.50,20.05,000.00,0,051.67
00369,000184500,072.50,20.05,000.00,0,051.88
00370,000185000,072.50,20.06,000.00,0,052.08
00371,000185500,072.75,20.06,000.00,0,052.29
00372,000186000,072.75,20.06,000.00,0,052.50
00373,000186500,072.75,20.06,000.00,0,052.71
00374,000187000,072.50,20.06,000.00,0,052.92
00375,000187500,072.75,20.06,000.00,0,053.12
00376,000188000,072.75,20.06,000.00,0,053.33
00377,000188500,072.75,20.06,000.00,0,053.54
00378,000189000,072.75,20.06,000.00,0,053.75
00379,000189500,072.75,20.06,000.00,0,053.96
00380,000190000,072.75,20.06,000.00,0,054.17
00381,000190500,072.75,20.06,000.00,0,054.38
00382,000191000,073.00,20.05,000.00,0,054.58
00383,000191500,073.00,20.05,000.00,0,054.79
00384,000192000,072.50,20.05,000.00,0,055.00
00385,000192500,073.00,20.06,000.00,0,055.21
00386,000193000,073.00,20.06,000.00,0,055.42
00387,000193500,073.00,20.06,000.00,0,055.62
00388,000194000,072.75,20.06,000.00,0,055.83
00389,000194500,073.00,20.05,000.00,0,056.04
00390,000195000,073.00,20.05,000.00,0,056.25
00391,000195500,073.00,20.05,000.00,0,056.46
00392,000196000,073.00,20.05,000.00,0,056.67
00393,000196500,073.00,20.06,000.00,0,056.88
00394,000197000,073.25,20.06,000.00,0,057.08
00395,000197500,073.25,20.06,000.00,0,057.29
00396,000198000,072.50,20.06,000.00,0,057.50
00397,000198500,072.75,20.06,000.00,0,057.71
00398,000199000,072.50,20.06,000.00,0,057.92
00399,000199500,072.50,20.06,000.00,0,058.12
00400,000200000,073.25,20.06,000.00,0,058.33
00401,000200500,072.50,20.06,000.00,0,058.54
00402,000201000,072.75,20.06,000.00,0,058.75
00403,000201500,072.75,20.06,000.00,0,058.96
00404,000202000,073.00,20.05,000.00,0,059.17
00405,000202500,073.00,20.05,000.00,0,059.38
00406,000203000,073.00,20.06,000.00,0,059.58
00407,000203500,073.00,20.06,000.00,0,059.79
00408,000204000,073.00,20.06,000.00,0,060.00
00409,000204500,073.00,20.06,000.00,0,060.21
00410,000205000,073.00,20.06,000.00,0,060.42
00411,000205500,073.00,20.06,000.00,0,060.62
00412,000206000,073.25,20.06,000.00,0,060.83
00413,000206500,073.00,20.06,000.00,0,061.04
00414,000207000,073.00,20.06,000.00,0,061.25
00415,000207500,073.00,20.06,000.00,0,061.46
00416,000208000,073.00,20.06,000.00,0,061.67
00417,000208500,073.00,20.06,000.00,0,061.88
00418,000209000,073.00,20.06,000.00,0,062.08
00419,000209500,072.75,20.06,000.00,0,062.29
00420,000210000,072.50,20.05,000.00,0,062.50
00421,000210500,072.75,20.06,000.00,0,062.71
00422,000211000,072.75,20.06,000.00,0,062.92
00423,000211500,072.50,20.05,000.00,0,063.12
00424,000212000,072.50,20.05,000.00,0,063.33
00425,000212500,072.75,20.06,000.00,0,063.54
00426,000213000,072.75,20.06,000.00,0,063.75
00427,000213500,072.75,20.05,000.00,0,063.96
00428,000214000,072.75,20.06,000.00,0,064.17
00429,000214500,073.00,20.05,000.00,0,064.38
00430,000215000,073.00,20.05,000.00,0,064.58
00431,000215500,072.75,20.03,000.00,0,064.79
00432,000216000,072.50,20.06,000.00,0,065.00
00433,000216500,072.75,20.06,000.00,0,065.21
00434,000217000,072.75,20.06,000.00,0,065.42
00435,000217500,072.50,20.06,000.00,0,065.62
00436,000218000,072.75,20.05,000.00,0,065.83
00437,000218500,072.75,20.06,000.00,0,066.04
00438,000219000,072.75,20.06,000.00,0,066.25
00439,000219500,072.50,20.06,000.00,0,066.46
00440,000220000,072.75,20.05,000.00,0,066.67
00441,000220500,072.50,20.06,000.00,0,066.88
00442,000221000,072.50,20.06,000.00,0,067.08
00443,000221500,072.50,20.05,000.00,0,067.29
00444,000222000,072.50,20.06,000.00,0,067.50
00445,000222500,072.50,20.06,000.00,0,067.71
00446,000223000,072.50,20.06,000.00,0,067.92
00447,000223500,072.00,20.06,000.78,0,068.12
00448,000224000,072.50,20.06,000.00,0,068.33
00449,000224500,072.50,20.06,000.00,0,068.54
00450,000225000,072.50,20.06,000.00,0,068.75
00451,000225500,072.75,20.06,000.00,0,068.96
00452,000226000,072.25,20.06,002.96,0,069.17
00453,000226500,072.25,20.06,000.00,0,069.38
00454,000227000,072.25,20.06,000.00,0,069.58
00455,000227500,072.50,20.07,000.00,0,069.79
00456,000228000,072.50,20.07,000.00,0,070.00
00457,000228500,072.50,20.07,000.00,0,070.21
00458,000229000,072.00,20.07,007.32,0,070.42
00459,000229500,072.50,20.06,000.00,0,070.62
00460,000230000,072.25,20.07,000.00,0,070.83
00461,000230500,072.25,20.07,000.00,0,071.04
00462,000231000,072.50,20.07,000.00,0,071.25
00463,000231500,072.50,20.06,000.00,0,071.46
00464,000232000,072.25,20.06,000.24,0,071.67
00465,000232500,072.25,20.06,000.00,0,071.88
00466,000233000,072.00,20.06,002.24,0,072.08
00467,000233500,072.50,20.07,000.00,0,072.29
00468,000234000,072.25,20.06,002.74,0,072.50
00469,000234500,072.25,20.06,000.00,0,072.71
00470,000235000,072.00,20.06,004.75,0,072.92
00471,000235500,072.00,20.07,000.00,0,073.12
00472,000236000,072.00,20.06,000.00,0,073.33
00473,000236500,072.00,20.06,000.00,0,073.54
00474,000237000,071.25,20.06,029.57,0,073.75
00475,000237500,072.00,20.07,000.00,0,073.96
00476,000238000,071.75,20.06,009.36,0,074.17
00477,000238500,071.75,20.06,000.01,0,074.38
00478,000239000,072.25,20.06,000.00,0,074.58
00479,000239500,072.25,20.06,000.00,0,074.79
00480,000240000,072.25,20.06,000.47,0,075.00
00481,000240500,071.75,20.06,024.42,0,075.25
00482,000241000,071.75,20.07,005.20,0,075.50
00483,000241500,071.50,20.06,016.75,0,075.75
00484,000242000,071.50,20.06,007.54,0,076.00
00485,000242500,071.50,20.06,008.34,0,076.25
00486,000243000,071.25,20.06,019.89,0,076.50
00487,000243500,071.50,20.06,000.00,0,076.75
00488,000244000,071.50,20.06,010.75,0,077.00
00489,000244500,071.50,20.06,011.56,0,077.25
00490,000245000,071.75,20.06,001.62,0,077.50
00491,000245500,071.50,20.05,023.18,0,077.75
00492,000246000,071.50,20.05,013.99,0,078.00
00493,000246500,071.50,20.06,014.81,0,078.25
00494,000247000,071.50,20.05,015.63,0,078.50
00495,000247500,071.75,20.05,005.70,0,078.75
00496,000248000,071.75,20.05,016.52,0,079.00
00497,000248500,071.25,20.05,038.85,0,079.25
00498,000249000,071.75,20.05,000.00,0,079.50
00499,000249500,071.50,20.05,029.76,0,079.75
00500,000250000,071.50,20.05,020.60,0,080.00
00501,000250500,071.25,20.06,032.19,0,080.25
00502,000251000,071.00,20.06,033.78,0,080.50
00503,000251500,071.50,20.06,003.12,0,080.75
00504,000252000,071.50,20.06,023.97,0,081.00
00505,000252500,071.25,20.05,035.57,0,081.25
00506,000253000,071.25,20.06,026.42,0,081.50
00507,000253500,071.25,20.05,027.28,0,081.75
00508,000254000,071.25,20.05,028.13,0,082.00
00509,000254500,071.25,20.05,028.99,0,082.25
00510,000255000,071.50,20.06,019.11,0,082.50
00511,000255500,071.50,20.06,029.97,0,082.75
00512,000256000,071.25,20.05,041.59,0,083.00
00513,000256500,071.50,20.05,021.70,0,083.25
00514,000257000,071.50,20.05,032.57,0,083.50
00515,000257500,071.50,20.05,033.45,0,083.75
00516,000258000,071.25,20.05,045.07,0,084.00
00517,000258500,071.25,20.05,035.95,0,084.25
00518,000259000,071.50,20.05,026.08,0,084.50
00519,000259500,071.50,20.05,036.97,0,084.75
00520,000260000,071.00,20.05,059.36,0,085.00
00521,000260500,071.25,20.04,029.49,0,085.25
00522,000261000,071.00,20.03,051.14,0,085.50
00523,000261500,071.00,20.03,042.04,0,085.75
00524,000262000,071.75,20.02,010.68,0,086.00
00525,000262500,071.00,20.03,073.83,0,086.25
00526,000263000,071.50,20.02,023.23,0,086.50
00527,000263500,071.50,20.02,044.13,0,086.75
00528,000264000,071.25,20.02,055.79,0,087.00
00529,000264500,071.25,20.02,046.70,0,087.25
00530,000265000,071.75,20.02,026.11,0,087.50
00531,000265500,071.75,20.02,047.02,0,087.75
00532,000266000,071.50,20.01,058.69,0,088.00
00533,000266500,071.50,20.02,049.60,0,088.25
00534,000267000,071.50,20.02,050.52,0,088.50
00535,000267500,071.50,20.02,051.45,0,088.75
00536,000268000,071.25,20.02,063.12,0,089.00
00537,000268500,071.75,20.01,032.55,0,089.25
00538,000269000,071.75,20.01,053.48,0,089.50
00539,000269500,071.75,20.01,054.41,0,089.75
00540,000270000,072.00,20.01,044.59,0,090.00
00541,000270500,071.50,20.00,077.02,0,090.25
00542,000271000,071.50,20.00,057.96,0,090.50
00543,000271500,072.00,20.01,037.40,0,090.75
00544,000272000,071.75,20.02,069.09,0,091.00
00545,000272500,071.75,20.00,060.04,0,091.25
00546,000273000,071.75,20.00,060.98,0,091.50
00547,000273500,071.75,20.01,061.94,0,091.75
00548,000274000,072.50,20.01,030.63,0,092.00
00549,000274500,072.25,20.01,072.33,0,092.25
00550,000275000,072.25,20.01,063.28,0,092.50
00551,000275500,072.50,20.00,053.48,0,092.75
00552,000276000,072.50,20.00,064.44,0,093.00
00553,000276500,072.50,20.00,065.40,0,093.25
00554,000277000,072.50,20.00,066.36,0,093.50
00555,000277500,072.75,20.00,056.57,0,093.75
00556,000278000,072.50,20.00,078.28,0,094.00
00557,000278500,072.75,20.01,058.50,0,094.25
00558,000279000,072.75,20.01,069.47,0,094.50
00559,000279500,073.00,19.99,059.68,0,094.75
00560,000280000,073.25,20.01,059.90,0,095.00
00561,000280500,073.25,20.00,070.87,0,095.25
00562,000281000,073.25,20.00,071.84,0,095.50
00563,000281500,073.50,20.00,062.06,0,095.75
00564,000282000,073.25,19.99,083.79,0,096.00
00565,000282500,073.50,19.99,064.02,0,096.25
00566,000283000,073.50,19.99,075.00,0,096.50
00567,000283500,073.75,19.99,065.23,0,096.75
00568,000284000,074.25,20.00,054.71,0,097.00
00569,000284500,074.00,19.99,086.44,0,097.25
00570,000285000,074.00,19.99,077.42,0,097.50
00571,000285500,074.50,19.99,056.91,0,097.75
00572,000286000,074.50,20.00,077.89,0,098.00
00573,000286500,074.50,19.99,078.88,0,098.25
00574,000287000,074.50,19.99,079.87,0,098.50
00575,000287500,075.00,19.98,059.36,0,098.75
00576,000288000,074.75,20.00,091.10,0,099.00
00577,000288500,074.75,20.00,082.09,0,099.25
00578,000289000,075.00,20.01,072.34,0,099.50
00579,000289500,075.75,19.99,051.08,0,099.75
00580,000290000,075.50,20.00,092.83,0,100.00
00581,000290500,075.50,20.00,083.82,0,100.25
00582,000291000,076.00,20.00,063.32,0,100.50
00583,000291500,076.00,19.99,084.31,0,100.75
00584,000292000,076.25,20.00,074.56,0,101.00
00585,000292500,076.25,20.00,085.56,0,101.25
00586,000293000,076.25,19.99,086.56,0,101.50
00587,000293500,076.50,20.00,076.82,0,101.75
00588,000294000,077.00,20.00,066.32,0,102.00
00589,000294500,077.00,20.00,087.32,0,102.25
00590,000295000,076.75,20.00,099.08,0,102.50
00591,000295500,077.50,20.00,057.83,0,102.75
00592,000296000,077.25,19.99,099.59,0,103.00
00593,000296500,077.25,19.99,090.60,0,103.25
00594,000297000,077.75,19.99,070.11,0,103.50
00595,000297500,078.25,20.00,069.61,0,103.75
00596,000298000,078.75,19.99,069.11,0,104.00
00597,000298500,078.75,19.99,090.12,0,104.25
00598,000299000,078.25,20.00,100.00,0,104.50
00599,000299500,078.75,19.99,072.14,0,104.75
00600,000300000,079.50,20.00,060.89,0,105.00
00601,000300500,079.50,20.00,093.69,0,105.29
00602,000301000,079.50,19.99,094.83,0,105.58
00603,000301500,080.00,19.99,074.46,0,105.88
00604,000302000,080.00,19.99,095.60,0,106.17
00605,000302500,080.00,19.99,096.74,0,106.46
00606,000303000,080.75,20.00,065.63,0,106.75
00607,000303500,081.00,19.99,086.01,0,107.04
00608,000304000,081.00,19.99,097.15,0,107.33
00609,000304500,081.25,20.00,087.54,0,107.62
00610,000305000,081.75,19.99,077.17,0,107.92
00611,000305500,082.25,19.99,076.81,0,108.21
00612,000306000,082.25,19.99,097.95,0,108.50
00613,000306500,082.50,20.00,088.33,0,108.79
00614,000307000,082.75,19.98,088.72,0,109.08
00615,000307500,083.25,20.00,078.36,0,109.38
00616,000308000,083.25,20.00,099.50,0,109.67
00617,000308500,083.50,19.99,089.89,0,109.96
00618,000309000,084.00,19.99,079.53,0,110.25
00619,000309500,084.50,20.00,079.16,0,110.54
00620,000310000,084.50,20.00,100.00,0,110.83
00621,000310500,085.25,20.00,069.18,0,111.12
00622,000311000,085.25,20.01,100.00,0,111.42
00623,000311500,085.75,20.00,079.95,0,111.71
00624,000312000,085.75,20.00,100.00,0,112.00
00625,000312500,086.25,20.00,080.73,0,112.29
00626,000313000,086.25,20.00,100.00,0,112.58
00627,000313500,087.00,20.00,070.75,0,112.88
00628,000314000,087.00,20.00,100.00,0,113.17
00629,000314500,087.25,20.01,092.27,0,113.46
00630,000315000,088.25,20.02,060.40,0,113.75
00631,000315500,088.50,20.00,090.78,0,114.04
00632,000316000,088.50,20.00,100.00,0,114.33
00633,000316500,089.00,20.01,081.55,0,114.62
00634,000317000,089.75,20.00,070.42,0,114.92
00635,000317500,090.00,20.00,090.80,0,115.21
00636,000318000,090.00,20.00,100.00,0,115.50
00637,000318500,090.75,19.99,070.81,0,115.79
00638,000319000,091.00,20.00,091.18,0,116.08
00639,000319500,091.00,20.00,100.00,0,116.38
00640,000320000,092.00,20.00,060.43,0,116.67
00641,000320500,092.00,19.99,100.00,0,116.96
00642,000321000,093.00,19.99,059.68,0,117.25
00643,000321500,093.00,19.99,100.00,0,117.54
00644,000322000,093.50,19.99,080.41,0,117.83
00645,000322500,094.50,20.00,058.53,0,118.12
00646,000323000,094.50,20.00,099.64,0,118.42
00647,000323500,094.50,20.00,100.00,0,118.71
00648,000324000,095.00,19.99,080.37,0,119.00
00649,000324500,095.50,19.99,079.98,0,119.29
00650,000325000,096.25,20.00,068.84,0,119.58
00651,000325500,096.25,20.00,099.95,0,119.88
00652,000326000,097.25,20.00,058.06,0,120.17
00653,000326500,098.00,20.00,066.91,0,120.46
00654,000327000,098.50,19.99,076.51,0,120.75
00655,000327500,098.50,19.99,097.61,0,121.04
00656,000328000,098.25,20.00,100.00,0,121.33
00657,000328500,099.00,19.99,068.31,0,121.62
00658,000329000,100.25,20.00,045.65,0,121.92
00659,000329500,100.25,20.00,096.75,0,122.21
00660,000330000,100.75,19.99,076.34,0,122.50
00661,000330500,101.50,20.00,065.18,0,122.79
00662,000331000,102.00,19.99,074.77,0,123.08
00663,000331500,102.00,19.99,095.85,0,123.38
00664,000332000,102.50,20.01,075.44,0,123.67
00665,000332500,103.00,19.99,075.03,0,123.96
00666,000333000,104.00,20.00,053.10,0,124.25
00667,000333500,104.00,20.00,094.18,0,124.54
00668,000334000,104.25,20.00,084.51,0,124.83
00669,000334500,105.25,19.99,052.59,0,125.12
00670,000335000,106.00,20.00,061.41,0,125.42
00671,000335500,106.00,20.00,092.48,0,125.71
00672,000336000,107.25,19.99,039.79,0,126.00
00673,000336500,107.75,20.00,069.35,0,126.29
00674,000337000,107.75,20.00,090.42,0,126.58
00675,000337500,108.00,19.99,080.73,0,126.88
00676,000338000,108.50,20.00,070.29,0,127.17
00677,000338500,109.75,20.00,037.59,0,127.46
00678,000339000,109.75,20.00,088.65,0,127.75
00679,000339500,110.50,19.99,057.45,0,128.04
00680,000340000,111.50,20.00,045.49,0,128.33
00681,000340500,111.75,19.99,075.79,0,128.62
00682,000341000,111.75,19.99,086.83,0,128.92
00683,000341500,112.50,20.00,055.62,0,129.21
00684,000342000,113.00,20.00,065.16,0,129.50
00685,000342500,114.00,20.00,043.20,0,129.79
00686,000343000,114.00,20.00,084.23,0,130.08
00687,000343500,114.50,20.00,063.77,0,130.38
00688,000344000,115.25,19.99,052.55,0,130.67
00689,000344500,115.50,20.00,072.83,0,130.96
00690,000345000,115.50,20.00,083.86,0,131.25
00691,000345500,116.25,20.01,052.64,0,131.54
00692,000346000,117.25,20.01,040.66,0,131.83
00693,000346500,118.00,20.01,049.42,0,132.12
00694,000347000,118.00,20.01,080.44,0,132.42
00695,000347500,119.00,20.01,038.45,0,132.71
00696,000348000,119.25,20.01,068.72,0,133.00
00697,000348500,119.50,20.01,068.98,0,133.29
00698,000349000,119.50,20.01,080.00,0,133.58
00699,000349500,120.75,20.01,027.25,0,133.88
00700,000350000,121.25,20.01,056.76,0,134.17
00701,000350500,121.25,20.01,077.76,0,134.46
00702,000351000,121.25,20.01,078.77,0,134.75
00703,000351500,122.50,20.01,026.02,0,135.04
00704,000352000,122.75,20.01,066.27,0,135.33
00705,000352500,122.75,20.01,077.28,0,135.62
00706,000353000,123.75,20.01,035.27,0,135.92
00707,000353500,124.50,20.02,044.02,0,136.21
00708,000354000,124.75,20.02,064.26,0,136.50
00709,000354500,124.75,20.02,075.25,0,136.79
00710,000355000,125.75,20.02,033.24,0,137.08
00711,000355500,126.25,20.02,052.73,0,137.38
00712,000356000,126.75,20.02,052.21,0,137.67
00713,000356500,126.75,20.02,073.20,0,137.96
00714,000357000,127.75,20.02,031.18,0,138.25
00715,000357500,128.25,20.03,050.66,0,138.54
00716,000358000,128.50,20.02,060.89,0,138.83
00717,000358500,128.50,20.02,071.87,0,139.12
00718,000359000,129.75,20.03,019.09,0,139.42
00719,000359500,130.00,20.02,059.31,0,139.71
00720,000360000,130.75,20.02,038.03,0,140.00
00721,000360500,130.75,20.02,063.62,0,140.17
00722,000361000,131.25,20.03,042.71,0,140.33
00723,000361500,132.00,20.03,031.05,0,140.50
00724,000362000,132.00,20.03,061.64,0,140.67
00725,000362500,132.00,20.03,062.22,0,140.83
00726,000363000,133.00,20.03,019.80,0,141.00
00727,000363500,133.25,20.04,049.63,0,141.17
00728,000364000,134.25,20.03,017.20,0,141.33
00729,000364500,134.25,20.03,057.78,0,141.50
00730,000365000,135.00,20.05,026.09,0,141.67
00731,000365500,135.50,20.03,035.16,0,141.83
00732,000366000,135.50,20.05,055.72,0,142.00
00733,000366500,135.50,20.05,056.29,0,142.17
00734,000367000,136.50,20.03,013.85,0,142.33
00735,000367500,136.50,20.05,054.41,0,142.50
00736,000368000,136.50,20.05,054.97,0,142.67
00737,000368500,137.50,20.06,012.52,0,142.83
00738,000369000,137.50,20.05,053.08,0,143.00
00739,000369500,138.50,20.04,010.62,0,143.17
00740,000370000,138.50,20.04,051.17,0,143.33
00741,000370500,139.25,20.05,019.46,0,143.50
00742,000371000,139.75,20.06,028.50,0,143.67
00743,000371500,140.00,20.05,038.29,0,143.83
00744,000372000,140.00,20.05,048.83,0,144.00
00745,000372500,140.75,20.05,017.12,0,144.17
00746,000373000,141.00,20.05,036.90,0,144.33
00747,000373500,141.50,20.05,025.93,0,144.50
00748,000374000,141.50,20.05,046.46,0,144.67
00749,000374500,141.75,20.06,036.24,0,144.83
00750,000375000,142.50,20.06,014.52,0,145.00
00751,000375500,143.00,20.06,023.54,0,145.17
00752,000376000,143.00,20.06,044.06,0,145.33
00753,000376500,143.50,20.06,023.08,0,145.50
00754,000377000,143.75,20.05,032.85,0,145.67
00755,000377500,144.25,20.06,021.87,0,145.83
00756,000378000,144.25,20.06,042.38,0,146.00
00757,000378500,144.25,20.06,042.90,0,146.17
00758,000379000,144.75,20.06,021.92,0,146.33
00759,000379500,145.25,20.06,020.93,0,146.50
00760,000380000,145.25,20.06,041.45,0,146.67
00761,000380500,145.50,20.06,031.21,0,146.83
00762,000381000,145.75,20.06,030.97,0,147.00
00763,000381500,146.50,20.07,009.23,0,147.17
00764,000382000,146.50,20.07,039.74,0,147.33
00765,000382500,146.75,20.06,029.49,0,147.50
00766,000383000,147.25,20.06,018.50,0,147.67
00767,000383500,147.25,20.06,039.00,0,147.83
00768,000384000,147.25,20.06,039.51,0,148.00
00769,000384500,147.25,20.07,040.02,0,148.17
00770,000385000,147.75,20.06,019.03,0,148.33
00771,000385500,147.75,20.06,039.53,0,148.50
00772,000386000,148.50,20.07,007.79,0,148.67
00773,000386500,148.75,20.06,027.54,0,148.83
00774,000387000,148.50,20.06,048.79,0,149.00
00775,000387500,148.50,20.06,039.30,0,149.17
00776,000388000,149.00,20.07,018.30,0,149.33
00777,000388500,149.50,20.06,017.30,0,149.50
00778,000389000,149.75,20.07,027.05,0,149.67
00779,000389500,149.75,20.07,037.55,0,149.83
00780,000390000,149.75,20.07,038.05,0,150.00
00781,000390500,150.25,20.06,017.05,0,150.17
00782,000391000,150.50,20.07,026.80,0,150.33
00783,000391500,150.50,20.07,037.30,0,150.50
00784,000392000,150.75,20.08,027.05,0,150.67
00785,000392500,151.25,20.07,016.05,0,150.83
00786,000393000,151.75,20.07,015.04,0,151.00
00787,000393500,151.75,20.07,035.53,0,151.17
00788,000394000,151.75,20.07,036.03,0,151.33
00789,000394500,151.75,20.06,036.53,0,151.50
00790,000395000,152.50,20.07,004.77,0,151.67
00791,000395500,152.50,20.07,035.26,0,151.83
00792,000396000,152.00,20.08,057.26,0,152.00
00793,000396500,153.00,20.07,000.00,0,152.17
00794,000397000,153.25,20.08,024.49,0,152.33
00795,000397500,153.25,20.08,034.99,0,152.50
00796,000398000,152.75,20.08,056.99,0,152.67
00797,000398500,153.75,20.08,000.00,0,152.83
00798,000399000,153.75,20.08,034.97,0,153.00
00799,000399500,153.75,20.08,035.46,0,153.17
00800,000400000,154.00,20.08,025.21,0,153.33
00801,000400500,154.50,20.08,014.20,0,153.50
00802,000401000,154.50,20.08,034.69,0,153.67
00803,000401500,154.75,20.08,024.43,0,153.83
00804,000402000,154.25,20.08,056.43,0,154.00
00805,000402500,155.00,20.09,004.67,0,154.17
00806,000403000,155.00,20.09,035.16,0,154.33
00807,000403500,154.75,20.08,046.41,0,154.50
00808,000404000,155.50,20.08,004.65,0,154.67
00809,000404500,155.50,20.08,035.14,0,154.83
00810,000405000,155.50,20.08,035.64,0,155.00
00811,000405500,155.75,20.08,025.38,0,155.17
00812,000406000,156.00,20.08,025.13,0,155.33
00813,000406500,156.00,20.09,035.62,0,155.50
00814,000407000,156.00,20.09,036.12,0,155.67
00815,000407500,156.25,20.09,025.86,0,155.83
00816,000408000,156.50,20.08,025.61,0,156.00
00817,000408500,156.75,20.09,025.35,0,156.17
00818,000409000,156.75,20.09,035.85,0,156.33
00819,000409500,156.75,20.09,036.35,0,156.50
00820,000410000,157.00,20.09,026.09,0,156.67
00821,000410500,157.25,20.09,025.84,0,156.83
00822,000411000,157.25,20.09,036.34,0,157.00
00823,000411500,157.25,20.10,036.84,0,157.17
00824,000412000,157.75,20.11,015.83,0,157.33
00825,000412500,158.25,20.09,014.82,0,157.50
00826,000413000,158.25,20.09,035.32,0,157.67
00827,000413500,158.25,20.10,035.81,0,157.83
00828,000414000,158.50,20.10,025.56,0,158.00
00829,000414500,158.75,20.11,025.30,0,158.17
00830,000415000,158.75,20.11,035.80,0,158.33
00831,000415500,158.50,20.11,047.05,0,158.50
00832,000416000,159.25,20.11,005.29,0,158.67
00833,000416500,159.25,20.11,035.79,0,158.83
00834,000417000,159.50,20.10,025.53,0,159.00
00835,000417500,159.50,20.11,036.03,0,159.17
00836,000418000,159.25,20.11,047.28,0,159.33
00837,000418500,159.25,20.11,037.78,0,159.50
00838,000419000,159.75,20.09,016.78,0,159.67
00839,000419500,160.00,20.11,026.53,0,159.83
00840,000420000,159.75,20.12,047.78,0,160.00
00841,000420500,159.75,20.12,052.62,0,160.50
00842,000421000,160.25,20.12,032.63,0,161.00
00843,000421500,160.50,20.11,043.39,0,161.50
00844,000422000,160.50,20.12,054.91,0,162.00
00845,000422500,160.50,20.12,056.43,0,162.50
00846,000423000,160.75,20.11,047.20,0,163.00
00847,000423500,160.75,20.13,058.73,0,163.50
00848,000424000,160.75,20.12,060.26,0,164.00
00849,000424500,160.75,20.12,061.80,0,164.50
00850,000425000,161.00,20.13,052.59,0,165.00
00851,000425500,161.00,20.12,064.13,0,165.50
00852,000426000,161.00,20.12,065.68,0,166.00
00853,000426500,161.00,20.12,067.24,0,166.50
00854,000427000,161.25,20.13,058.05,0,167.00
00855,000427500,161.75,20.12,048.10,0,167.50
00856,000428000,161.50,20.12,080.42,0,168.00
00857,000428500,161.50,20.12,071.99,0,168.50
00858,000429000,161.75,20.13,062.81,0,169.00
00859,000429500,161.75,20.13,074.39,0,169.50
00860,000430000,162.25,20.13,054.47,0,170.00
00861,000430500,162.25,20.13,076.05,0,170.50
00862,000431000,162.50,20.13,066.88,0,171.00
00863,000431500,162.75,20.13,067.72,0,171.50
00864,000432000,162.75,20.13,079.31,0,172.00
00865,000432500,162.50,20.13,091.66,0,172.50
00866,000433000,163.25,20.13,051.01,0,173.00
00867,000433500,163.50,20.14,071.86,0,173.50
00868,000434000,163.50,20.14,083.47,0,174.00
00869,000434500,163.50,20.14,085.08,0,174.50
00870,000435000,164.00,20.13,065.19,0,175.00
00871,000435500,164.25,20.13,076.05,0,175.50
00872,000436000,164.25,20.13,087.66,0,176.00
00873,000436500,164.00,20.14,100.00,0,176.50
00874,000437000,164.75,20.13,059.41,0,177.00
00875,000437500,165.00,20.14,080.29,0,177.50
00876,000438000,165.00,20.14,091.92,0,178.00
00877,000438500,165.75,20.14,061.30,0,178.50
00878,000439000,165.75,20.14,092.93,0,179.00
00879,000439500,165.50,20.15,100.00,0,179.50
00880,000440000,165.50,20.15,096.96,0,180.00
00881,000440500,166.25,20.15,066.36,0,180.50
00882,000441000,166.75,20.14,076.50,0,181.00
00883,000441500,167.00,20.14,087.39,0,181.50
00884,000442000,167.00,20.14,099.04,0,182.00
00885,000442500,167.00,20.14,100.00,0,182.50
00886,000443000,167.25,20.15,091.61,0,183.00
00887,000443500,167.75,20.14,081.76,0,183.50
00888,000444000,167.75,20.14,100.00,0,184.00
00889,000444500,167.75,20.15,100.00,0,184.50
00890,000445000,168.00,20.15,096.01,0,185.00
00891,000445500,168.25,20.15,096.94,0,185.50
00892,000446000,168.25,20.15,100.00,0,186.00
00893,000446500,168.50,20.15,099.54,0,186.50
00894,000447000,168.75,20.15,100.00,0,187.00
00895,000447500,169.25,20.15,090.66,0,187.50
00896,000448000,169.25,20.15,100.00,0,188.00
00897,000448500,169.50,20.14,100.00,0,188.50
00898,000449000,169.75,20.15,100.00,0,189.00
00899,000449500,169.75,20.15,100.00,0,189.50
00900,000450000,170.00,20.15,100.00,0,190.00
00901,000450500,170.50,20.14,097.08,0,190.50
00902,000451000,171.50,20.15,075.77,0,191.00
00903,000451500,171.50,20.15,100.00,0,191.50
00904,000452000,171.50,20.13,100.00,0,192.00
00905,000452500,171.75,20.14,100.00,0,192.50
00906,000453000,172.50,20.14,089.59,0,193.00
00907,000453500,172.50,20.14,100.00,0,193.50
00908,000454000,173.00,20.14,100.00,0,194.00
00909,000454500,172.75,20.15,100.00,0,194.50
00910,000455000,174.25,20.13,061.18,0,195.00
00911,000455500,174.25,20.13,100.00,0,195.50
00912,000456000,174.75,20.14,100.00,0,196.00
00913,000456500,175.00,20.14,100.00,0,196.50
00914,000457000,175.50,20.13,100.00,0,197.00
00915,000457500,175.50,20.13,100.00,0,197.50
00916,000458000,176.00,20.14,100.00,0,198.00
00917,000458500,176.50,20.12,100.00,0,198.50
00918,000459000,177.25,20.12,095.91,0,199.00
00919,000459500,177.25,20.12,100.00,0,199.50
00920,000460000,177.75,20.13,100.00,0,200.00
00921,000460500,177.75,20.12,100.00,0,200.50
00922,000461000,178.25,20.13,100.00,0,201.00
00923,000461500,178.25,20.13,100.00,0,201.50
00924,000462000,178.75,20.13,100.00,0,202.00
00925,000462500,179.00,20.12,100.00,0,202.50
00926,000463000,180.00,20.13,091.50,0,203.00
00927,000463500,180.00,20.13,100.00,0,203.50
00928,000464000,180.75,20.13,100.00,0,204.00
00929,000464500,181.25,20.13,100.00,0,204.50
00930,000465000,181.25,20.13,100.00,0,205.00
00931,000465500,181.75,20.12,100.00,0,205.50
00932,000466000,182.50,20.13,100.00,0,206.00
00933,000466500,183.00,20.13,100.00,0,206.50
00934,000467000,183.00,20.13,100.00,0,207.00
00935,000467500,183.75,20.13,100.00,0,207.50
00936,000468000,184.00,20.12,100.00,0,208.00
00937,000468500,184.50,20.12,100.00,0,208.50
00938,000469000,184.50,20.12,100.00,0,209.00
00939,000469500,185.00,20.13,100.00,0,209.50
00940,000470000,186.00,20.11,097.83,0,210.00
00941,000470500,186.75,20.12,100.00,0,210.50
00942,000471000,186.75,20.12,100.00,0,211.00
00943,000471500,187.25,20.12,100.00,0,211.50
00944,000472000,188.00,20.13,100.00,0,212.00
00945,000472500,188.50,20.12,100.00,0,212.50
00946,000473000,188.50,20.12,100.00,0,213.00
00947,000473500,188.75,20.13,100.00,0,213.50
00948,000474000,189.50,20.13,100.00,0,214.00
00949,000474500,189.75,20.12,100.00,0,214.50
00950,000475000,189.75,20.12,100.00,0,215.00
00951,000475500,190.50,20.13,100.00,0,215.50
00952,000476000,190.25,20.13,100.00,0,216.00
00953,000476500,191.50,20.14,094.03,0,216.50
00954,000477000,191.50,20.14,100.00,0,217.00
00955,000477500,191.75,20.13,100.00,0,217.50
00956,000478000,192.50,20.14,100.00,0,218.00
00957,000478500,193.50,20.13,100.00,0,218.50
00958,000479000,193.50,20.13,100.00,0,219.00
00959,000479500,194.50,20.13,100.00,0,219.50
00960,000480000,194.75,20.13,100.00,0,220.00
00961,000480500,194.75,20.13,100.00,0,220.67
00962,000481000,195.75,20.12,100.00,0,221.33
00963,000481500,196.25,20.14,100.00,0,222.00
00964,000482000,197.00,20.12,100.00,0,222.67
00965,000482500,197.00,20.12,100.00,0,223.33
00966,000483000,197.75,20.13,100.00,0,224.00
00967,000483500,198.75,20.12,100.00,0,224.67
00968,000484000,198.75,20.14,100.00,0,225.33
00969,000484500,198.75,20.14,100.00,0,226.00
00970,000485000,199.75,20.13,100.00,0,226.67
00971,000485500,199.75,20.13,100.00,0,227.33
00972,000486000,201.00,20.14,100.00,0,228.00
00973,000486500,201.00,20.14,100.00,0,228.67
00974,000487000,201.50,20.13,100.00,0,229.33
00975,000487500,202.00,20.13,100.00,0,230.00
00976,000488000,202.75,20.13,100.00,0,230.67
00977,000488500,202.75,20.13,100.00,0,231.33
00978,000489000,203.25,20.13,100.00,0,232.00
00979,000489500,204.00,20.14,100.00,0,232.67
00980,000490000,204.25,20.13,100.00,0,233.33
00981,000490500,204.25,20.13,100.00,0,234.00
00982,000491000,205.00,20.14,100.00,0,234.67
00983,000491500,205.75,20.14,100.00,0,235.33
00984,000492000,206.25,20.13,100.00,0,236.00
00985,000492500,206.25,20.13,100.00,0,236.67
00986,000493000,207.25,20.13,100.00,0,237.33
00987,000493500,207.75,20.14,100.00,0,238.00
00988,000494000,208.50,20.14,100.00,0,238.67
00989,000494500,208.50,20.14,100.00,0,239.33
00990,000495000,209.25,20.13,100.00,0,240.00
00991,000495500,209.50,20.14,100.00,0,240.17
00992,000496000,210.50,20.14,100.00,0,240.33
00993,000496500,210.50,20.14,100.00,0,240.50
00994,000497000,211.00,20.14,100.00,0,240.67
00995,000497500,211.50,20.14,100.00,0,240.83
00996,000498000,211.50,20.14,100.00,0,241.00
00997,000498500,212.25,20.14,100.00,0,241.17
00998,000499000,213.00,20.14,100.00,0,241.33
00999,000499500,213.50,20.14,100.00,0,241.50
01000,000500000,213.50,20.14,100.00,0,241.67
01001,000500500,213.25,20.14,100.00,0,241.83
01002,000501000,214.00,20.14,100.00,0,242.00
01003,000501500,214.25,20.14,100.00,0,242.17
01004,000502000,214.25,20.14,100.00,0,242.33
01005,000502500,215.25,20.14,100.00,0,242.50
01006,000503000,216.00,20.14,100.00,0,242.67
01007,000503500,216.75,20.14,100.00,0,242.83
01008,000504000,216.75,20.14,100.00,0,243.00
01009,000504500,217.00,20.14,100.00,0,243.17
01010,000505000,218.00,20.14,100.00,0,243.33
01011,000505500,218.50,20.15,100.00,0,243.50
01012,000506000,218.50,20.15,100.00,0,243.67
01013,000506500,219.75,20.14,094.53,0,243.83
01014,000507000,220.50,20.15,100.00,0,244.00
01015,000507500,221.00,20.14,100.00,0,244.17
01016,000508000,221.00,20.14,100.00,0,244.33
01017,000508500,221.00,20.15,100.00,0,244.50
01018,000509000,222.25,20.15,090.69,0,244.67
01019,000509500,222.25,20.16,100.00,0,244.83
01020,000510000,222.25,20.16,100.00,0,245.00
01021,000510500,223.50,20.15,051.84,0,244.30
01022,000511000,224.00,20.15,078.43,0,243.60
01023,000511500,224.75,20.16,064.26,0,242.90
01024,000512000,224.75,20.16,092.34,0,242.20
01025,000512500,225.50,20.15,058.15,0,241.50
01026,000513000,224.75,20.15,100.00,0,240.80
01027,000513500,224.75,20.15,086.51,0,240.10
01028,000514000,226.25,20.15,020.04,0,239.40
01029,000514500,227.00,20.15,045.81,0,238.70
01030,000515000,227.50,20.15,052.32,0,238.00
01031,000515500,227.50,20.15,070.31,0,237.30
01032,000516000,228.00,20.15,046.80,0,236.60
01033,000516500,228.50,20.15,043.27,0,235.90
01034,000517000,229.25,20.15,028.98,0,235.20
01035,000517500,229.25,20.15,056.94,0,234.50
01036,000518000,229.75,20.15,033.38,0,233.80
01037,000518500,230.50,20.15,019.05,0,233.10
01038,000519000,231.25,20.17,014.71,0,232.40
01039,000519500,231.25,20.17,042.62,0,231.70
01040,000520000,231.75,20.16,019.01,0,231.00
01041,000520500,232.50,20.15,004.64,0,230.30
01042,000521000,232.50,20.16,032.51,0,229.60
01043,000521500,232.50,20.16,030.37,0,228.90
01044,000522000,233.00,20.16,006.72,0,228.20
01045,000522500,233.75,20.17,000.00,0,227.50
01046,000523000,234.25,20.16,000.00,0,226.80
01047,000523500,234.25,20.16,016.46,0,226.10
01048,000524000,234.50,20.16,003.52,0,225.40
01049,000524500,234.75,20.15,000.56,0,224.70
01050,000525000,235.00,20.16,000.00,0,224.00
01051,000525500,235.00,20.16,005.39,0,223.30
01052,000526000,235.75,20.16,000.00,0,222.60
01053,000526500,235.25,20.16,020.17,0,221.90
01054,000527000,236.25,20.16,000.00,0,221.20
01055,000527500,236.25,20.16,000.00,0,220.50
01056,000528000,236.25,20.16,000.00,0,219.80
01057,000528500,236.25,20.17,000.00,0,219.10
01058,000529000,236.25,20.17,000.00,0,218.40
01059,000529500,235.25,20.17,026.57,0,217.70
01060,000530000,233.75,20.17,048.81,0,217.00
01061,000530500,233.50,20.17,000.00,0,215.30
01062,000531000,233.50,20.17,000.00,0,213.60
01063,000531500,233.75,20.17,000.00,0,211.90
01064,000532000,235.50,20.16,000.00,0,210.20
01065,000532500,236.50,20.16,000.00,0,208.50
01066,000533000,236.50,20.16,000.00,0,206.80
01067,000533500,235.25,20.17,000.00,0,205.10
01068,000534000,236.00,20.17,000.00,0,203.40
01069,000534500,236.25,20.17,000.00,0,201.70
01070,000535000,236.25,20.17,000.00,0,200.00
01071,000535500,236.75,20.18,000.00,0,198.00
01072,000536000,236.75,20.18,000.00,0,196.00
01073,000536500,236.75,20.18,000.00,0,194.00
01074,000537000,236.75,20.18,000.00,0,192.00
01075,000537500,237.00,20.18,000.00,0,190.00
01076,000538000,237.00,20.18,000.00,0,188.00
01077,000538500,235.75,20.18,000.00,0,186.00
01078,000539000,235.75,20.18,000.00,0,184.00
01079,000539500,236.25,20.19,000.00,0,182.00
01080,000540000,236.25,20.18,000.00,0,180.00
01081,000540500,235.25,20.18,000.00,0,178.92
01082,000541000,235.25,20.18,000.00,0,177.83
01083,000541500,234.25,20.19,000.00,0,176.75
01084,000542000,233.75,20.20,000.00,0,175.67
01085,000542500,232.75,20.19,000.00,0,174.58
01086,000543000,232.75,20.19,000.00,0,173.50
01087,000543500,232.75,20.20,000.00,0,172.42
01088,000544000,232.75,20.20,000.00,0,171.33
01089,000544500,232.50,20.19,000.00,0,170.25
01090,000545000,232.50,20.19,000.00,0,169.17
01091,000545500,232.75,20.20,000.00,0,168.08
01092,000546000,232.50,20.19,000.00,0,167.00
01093,000546500,232.50,20.19,000.00,0,165.92
01094,000547000,231.50,20.19,000.00,0,164.83
01095,000547500,231.25,20.20,000.00,0,163.75
01096,000548000,231.25,20.20,000.00,0,162.67
01097,000548500,231.25,20.20,000.00,0,161.58
01098,000549000,230.75,20.19,000.00,0,160.50
01099,000549500,230.75,20.20,000.00,0,159.42
01100,000550000,231.25,20.20,000.00,0,158.33
01101,000550500,231.25,20.20,000.00,0,157.25
01102,000551000,231.00,20.20,000.00,0,156.17
01103,000551500,230.75,20.20,000.00,0,155.08
01104,000552000,230.00,20.21,000.00,0,154.00
01105,000552500,230.00,20.21,000.00,0,152.92
01106,000553000,229.75,20.20,000.00,0,151.83
01107,000553500,229.25,20.20,000.00,0,150.75
01108,000554000,229.50,20.20,000.00,0,149.67
01109,000554500,229.50,20.20,000.00,0,148.58
01110,000555000,228.75,20.20,000.00,0,147.50
01111,000555500,229.00,20.21,000.00,0,146.42
01112,000556000,228.75,20.22,000.00,0,145.33
01113,000556500,228.75,20.22,000.00,0,144.25
01114,000557000,227.25,20.21,000.00,0,143.17
01115,000557500,205.00,20.21,100.00,0,142.08
01116,000558000,202.00,20.21,000.00,0,141.00
01117,000558500,202.00,20.21,000.00,0,139.92
01118,000559000,200.50,20.21,000.00,0,138.83
01119,000559500,199.00,20.21,000.00,0,137.75
01120,000560000,196.75,20.21,000.00,0,136.67
01121,000560500,196.75,20.21,000.00,0,135.58
01122,000561000,195.25,20.21,000.00,0,134.50
01123,000561500,194.00,20.22,000.00,0,133.42
01124,000562000,194.00,20.22,000.00,0,132.33
01125,000562500,192.00,20.21,000.00,0,131.25
01126,000563000,190.75,20.22,000.00,0,130.17
01127,000563500,188.50,20.22,000.00,0,129.08
01128,000564000,188.50,20.22,000.00,0,128.00
01129,000564500,186.50,20.21,000.00,0,126.92
01130,000565000,183.50,20.21,000.00,0,125.83
01131,000565500,181.75,20.21,000.00,0,124.75
01132,000566000,181.75,20.21,000.00,0,123.67
01133,000566500,179.25,20.21,000.00,0,122.58
01134,000567000,178.25,20.21,000.00,0,121.50
01135,000567500,177.00,20.21,000.00,0,120.42
01136,000568000,177.00,20.21,000.00,0,119.33
01137,000568500,175.50,20.21,000.00,0,118.25
01138,000569000,175.25,20.22,000.00,0,117.17
01139,000569500,174.00,20.21,000.00,0,116.08
01140,000570000,174.00,20.21,000.00,0,115.00
01141,000570500,173.25,20.22,000.00,0,113.92
01142,000571000,171.50,20.21,000.00,0,112.83
01143,000571500,171.00,20.22,000.00,0,111.75
01144,000572000,171.00,20.22,000.00,0,110.67
01145,000572500,169.25,20.21,000.00,0,109.58
01146,000573000,168.25,20.22,000.00,0,108.50
01147,000573500,166.50,20.22,000.00,0,107.42
01148,000574000,166.50,20.22,000.00,0,106.33
01149,000574500,166.00,20.22,000.00,0,105.25
01150,000575000,164.75,20.21,000.00,0,104.17
01151,000575500,164.25,20.22,000.00,0,103.08
01152,000576000,164.25,20.22,000.00,0,102.00
01153,000576500,164.25,20.22,000.00,0,100.92
01154,000577000,163.75,20.22,000.00,0,099.83
01155,000577500,163.75,20.22,000.00,0,098.75
01156,000578000,162.75,20.22,000.00,0,097.67
01157,000578500,161.00,20.22,000.00,0,096.58
01158,000579000,159.75,20.22,000.00,0,095.50
01159,000579500,159.75,20.22,000.00,0,094.42
01160,000580000,158.25,20.22,000.00,0,093.33
01161,000580500,157.75,20.22,000.00,0,092.25
01162,000581000,156.00,20.22,000.00,0,091.17
01163,000581500,156.00,20.22,000.00,0,090.08
01164,000582000,154.00,20.22,000.00,0,089.00
01165,000582500,153.75,20.22,000.00,0,087.92
01166,000583000,152.50,20.22,000.00,0,086.83
01167,000583500,152.50,20.22,000.00,0,085.75
01168,000584000,152.50,20.21,000.00,0,084.67
01169,000584500,152.25,20.22,000.00,0,083.58
01170,000585000,151.75,20.22,000.00,0,082.50
01171,000585500,151.75,20.22,000.00,0,081.42
01172,000586000,151.00,20.22,000.00,0,080.33
01173,000586500,150.00,20.22,000.00,0,079.25
01174,000587000,148.75,20.22,000.00,0,078.17
01175,000587500,148.75,20.22,000.00,0,077.08
01176,000588000,147.50,20.22,000.00,0,076.00
01177,000588500,146.50,20.22,000.00,0,074.92
01178,000589000,146.25,20.22,000.00,0,073.83
01179,000589500,146.25,20.22,000.00,0,072.75
01180,000590000,146.00,20.22,000.00,0,071.67
01181,000590500,145.25,20.23,000.00,0,070.58
01182,000591000,144.00,20.24,000.00,0,069.50
01183,000591500,144.00,20.24,000.00,0,068.42
01184,000592000,143.25,20.22,000.00,0,067.33
01185,000592500,143.00,20.22,000.00,0,066.25
01186,000593000,142.00,20.22,000.00,0,065.17
01187,000593500,142.00,20.22,000.00,0,064.08
01188,000594000,141.75,20.23,000.00,0,063.00
01189,000594500,141.25,20.22,000.00,0,061.92
01190,000595000,141.25,20.22,000.00,0,060.83
01191,000595500,140.75,20.22,000.00,0,059.75
01192,000596000,140.25,20.22,000.00,0,058.67
01193,000596500,139.50,20.23,000.00,0,057.58
01194,000597000,139.50,20.23,000.00,0,056.50
01195,000597500,138.75,20.23,000.00,0,055.42
01196,000598000,139.00,20.23,000.00,0,054.33
01197,000598500,138.50,20.22,000.00,0,053.25
01198,000599000,138.50,20.22,000.00,0,052.17
01199,000599500,138.00,20.23,000.00,0,051.08
01200,000600000,137.75,20.22,000.00,0,050.00
01201,000600500,137.00,20.22,000.00,0,050.00
01202,000601000,137.00,20.22,000.00,0,050.00
01203,000601500,136.75,20.22,000.00,0,050.00
01204,000602000,136.50,20.22,000.00,0,050.00
01205,000602500,135.75,20.22,000.00,0,050.00
01206,000603000,135.75,20.22,000.00,0,050.00
01207,000603500,136.00,20.22,000.00,0,050.00
01208,000604000,135.75,20.22,000.00,0,050.00
01209,000604500,135.00,20.22,000.00,0,050.00
01210,000605000,135.00,20.22,000.00,0,050.00
01211,000605500,135.00,20.21,000.00,0,050.00
01212,000606000,134.50,20.22,000.00,0,050.00
01213,000606500,133.75,20.21,000.00,0,050.00
01214,000607000,133.75,20.21,000.00,0,050.00
01215,000607500,133.25,20.22,000.00,0,050.00
01216,000608000,132.75,20.21,000.00,0,050.00
01217,000608500,132.25,20.20,000.00,0,050.00
01218,000609000,132.25,20.20,000.00,0,050.00
01219,000609500,132.00,20.20,000.00,0,050.00
01220,000610000,131.50,20.20,000.00,0,050.00
01221,000610500,131.50,20.20,000.00,0,050.00
01222,000611000,131.00,20.20,000.00,0,050.00
01223,000611500,130.25,20.19,000.00,0,050.00
01224,000612000,130.25,20.20,000.00,0,050.00
01225,000612500,130.25,20.20,000.00,0,050.00
01226,000613000,129.50,20.20,000.00,0,050.00
01227,000613500,130.00,20.19,000.00,0,050.00
01228,000614000,129.25,20.19,000.00,0,050.00
01229,000614500,129.25,20.19,000.00,0,050.00
01230,000615000,128.50,20.19,000.00,0,050.00
01231,000615500,128.50,20.19,000.00,0,050.00
01232,000616000,128.00,20.19,000.00,0,050.00
01233,000616500,128.00,20.19,000.00,0,050.00
01234,000617000,127.50,20.18,000.00,0,050.00
01235,000617500,126.75,20.18,000.00,0,050.00
01236,000618000,125.50,20.18,000.00,0,050.00
01237,000618500,125.50,20.18,000.00,0,050.00
01238,000619000,125.50,20.17,000.00,0,050.00
01239,000619500,125.25,20.17,000.00,0,050.00
01240,000620000,124.75,20.18,000.00,0,050.00
01241,000620500,124.75,20.18,000.00,0,050.00
01242,000621000,124.00,20.16,000.00,0,050.00
01243,000621500,123.75,20.16,000.00,0,050.00
01244,000622000,122.25,20.15,000.00,0,050.00
01245,000622500,122.25,20.15,000.00,0,050.00
01246,000623000,122.00,20.15,000.00,0,050.00
01247,000623500,122.25,20.15,000.00,0,050.00
01248,000624000,120.75,20.15,000.00,0,050.00
01249,000624500,120.75,20.15,000.00,0,050.00
01250,000625000,120.75,20.14,000.00,0,050.00
01251,000625500,119.25,20.14,000.00,0,050.00
01252,000626000,119.25,20.14,000.00,0,050.00
01253,000626500,118.50,20.14,000.00,0,050.00
01254,000627000,118.75,20.13,000.00,0,050.00
01255,000627500,118.75,20.14,000.00,0,050.00
01256,000628000,118.75,20.14,000.00,0,050.00
01257,000628500,118.50,20.13,000.00,0,050.00
01258,000629000,117.50,20.13,000.00,0,050.00
01259,000629500,116.75,20.13,000.00,0,050.00
01260,000630000,116.75,20.13,000.00,0,050.00
01261,000630500,116.75,20.13,000.00,0,050.00
01262,000631000,116.50,20.13,000.00,0,050.00
01263,000631500,116.50,20.12,000.00,0,050.00
01264,000632000,116.50,20.12,000.00,0,050.00
01265,000632500,116.00,20.12,000.00,0,050.00
01266,000633000,115.50,20.13,000.00,0,050.00
01267,000633500,115.50,20.12,000.00,0,050.00
01268,000634000,115.50,20.12,000.00,0,050.00
01269,000634500,115.25,20.09,000.00,0,050.00
01270,000635000,114.50,20.10,000.00,0,050.00
01271,000635500,115.00,20.11,000.00,0,050.00
01272,000636000,115.00,20.11,000.00,0,050.00
01273,000636500,114.00,20.11,000.00,0,050.00
01274,000637000,114.25,20.10,000.00,0,050.00
01275,000637500,113.00,20.11,000.00,0,050.00
01276,000638000,113.00,20.11,000.00,0,050.00
01277,000638500,112.50,20.11,000.00,0,050.00
01278,000639000,112.25,20.10,000.00,0,050.00
01279,000639500,111.00,20.11,000.00,0,050.00
01280,000640000,111.00,20.11,000.00,0,050.00
01281,000640500,110.50,20.09,000.00,0,050.00
01282,000641000,109.75,20.11,000.00,0,050.00
01283,000641500,109.25,20.09,000.00,0,050.00
01284,000642000,109.25,20.09,000.00,0,050.00
01285,000642500,108.75,20.08,000.00,0,050.00
01286,000643000,108.00,20.08,000.00,0,050.00
01287,000643500,108.00,20.08,000.00,0,050.00
01288,000644000,108.75,20.09,000.00,0,050.00
01289,000644500,108.75,20.08,000.00,0,050.00
01290,000645000,108.50,20.09,000.00,0,050.00
01291,000645500,108.50,20.09,000.00,0,050.00
01292,000646000,108.00,20.08,000.00,0,050.00
01293,000646500,108.00,20.08,000.00,0,050.00
01294,000647000,107.25,20.08,000.00,0,050.00
01295,000647500,107.25,20.08,000.00,0,050.00
01296,000648000,107.50,20.08,000.00,0,050.00
01297,000648500,107.75,20.08,000.00,0,050.00
01298,000649000,107.50,20.08,000.00,0,050.00
01299,000649500,107.50,20.08,000.00,0,050.00
01300,000650000,107.50,20.08,000.00,0,050.00
01301,000650500,107.50,20.08,000.00,0,050.00
01302,000651000,107.50,20.08,000.00,0,050.00
01303,000651500,107.50,20.08,000.00,0,050.00
01304,000652000,107.25,20.08,000.00,0,050.00
01305,000652500,107.00,20.09,000.00,0,050.00
01306,000653000,106.75,20.07,000.00,0,050.00
01307,000653500,106.75,20.07,000.00,0,050.00
01308,000654000,107.00,20.08,000.00,0,050.00
01309,000654500,106.25,20.08,000.00,0,050.00
01310,000655000,106.25,20.07,000.00,0,050.00
01311,000655500,106.25,20.07,000.00,0,050.00
01312,000656000,105.50,20.07,000.00,0,050.00
01313,000656500,105.50,20.08,000.00,0,050.00
01314,000657000,104.75,20.07,000.00,0,050.00
01315,000657500,104.75,20.07,000.00,0,050.00
01316,000658000,104.25,20.06,000.00,0,050.00
01317,000658500,104.50,20.06,000.00,0,050.00
01318,000659000,104.50,20.06,000.00,0,050.00
01319,000659500,104.25,20.06,000.00,0,050.00
01320,000660000,103.75,20.06,000.00,0,050.00
01321,000660500,104.00,20.06,000.00,0,050.00
01322,000661000,104.00,20.06,000.00,0,050.00
01323,000661500,103.75,20.06,000.00,0,050.00
01324,000662000,103.50,20.05,000.00,0,050.00
01325,000662500,103.00,20.05,000.00,0,050.00
01326,000663000,103.00,20.05,000.00,0,050.00
01327,000663500,102.75,20.05,000.00,0,050.00
01328,000664000,102.50,20.05,000.00,0,050.00
01329,000664500,102.50,20.05,000.00,0,050.00
01330,000665000,102.50,20.05,000.00,0,050.00
01331,000665500,101.75,20.05,000.00,0,050.00
01332,000666000,101.75,20.05,000.00,0,050.00
01333,000666500,101.00,20.05,000.00,0,050.00
01334,000667000,101.00,20.05,000.00,0,050.00
01335,000667500,101.00,20.05,000.00,0,050.00
01336,000668000,100.00,20.04,000.00,0,050.00
01337,000668500,099.50,20.05,000.00,0,050.00
01338,000669000,099.50,20.05,000.00,0,050.00
01339,000669500,099.75,20.03,000.00,0,050.00
01340,000670000,099.50,20.04,000.00,0,050.00
01341,000670500,098.75,20.03,000.00,0,050.00
01342,000671000,098.75,20.03,000.00,0,050.00
01343,000671500,098.75,20.04,000.00,0,050.00
01344,000672000,098.25,20.05,000.00,0,050.00
01345,000672500,098.25,20.03,000.00,0,050.00
01346,000673000,098.25,20.03,000.00,0,050.00
01347,000673500,098.50,20.03,000.00,0,050.00
01348,000674000,098.25,20.05,000.00,0,050.00
01349,000674500,098.25,20.05,000.00,0,050.00
01350,000675000,098.25,20.05,000.00,0,050.00
01351,000675500,098.50,20.03,000.00,0,050.00
01352,000676000,098.50,20.05,000.00,0,050.00
01353,000676500,098.50,20.05,000.00,0,050.00
01354,000677000,097.75,20.03,000.00,0,050.00
01355,000677500,097.75,20.03,000.00,0,050.00
01356,000678000,097.25,20.03,000.00,0,050.00
01357,000678500,097.25,20.03,000.00,0,050.00
01358,000679000,097.00,20.03,000.00,0,050.00
01359,000679500,096.25,20.02,000.00,0,050.00
01360,000680000,096.75,20.03,000.00,0,050.00
01361,000680500,096.75,20.03,000.00,0,050.00
01362,000681000,096.75,20.02,000.00,0,050.00
01363,000681500,096.50,20.02,000.00,0,050.00
01364,000682000,096.75,20.03,000.00,0,050.00
01365,000682500,096.75,20.03,000.00,0,050.00
01366,000683000,096.50,20.02,000.00,0,050.00
01367,000683500,096.50,20.01,000.00,0,050.00
01368,000684000,096.00,20.02,000.00,0,050.00
01369,000684500,096.00,20.02,000.00,0,050.00
01370,000685000,096.00,20.01,000.00,0,050.00
01371,000685500,095.50,20.01,000.00,0,050.00
01372,000686000,095.00,20.01,000.00,0,050.00
01373,000686500,095.00,20.01,000.00,0,050.00
01374,000687000,094.25,20.01,000.00,0,050.00
01375,000687500,093.75,20.01,000.00,0,050.00
01376,000688000,093.25,20.01,000.00,0,050.00
01377,000688500,093.25,20.01,000.00,0,050.00
01378,000689000,093.25,20.02,000.00,0,050.00
01379,000689500,093.25,20.01,000.00,0,050.00
01380,000690000,093.50,20.01,000.00,0,050.00
01381,000690500,093.50,20.01,000.00,0,050.00
01382,000691000,092.75,20.01,000.00,0,050.00
01383,000691500,092.25,20.01,000.00,0,050.00
01384,000692000,092.25,20.01,000.00,0,050.00
01385,000692500,092.50,20.02,000.00,0,050.00
01386,000693000,092.00,20.02,000.00,0,050.00
01387,000693500,092.25,20.01,000.00,0,050.00
01388,000694000,092.25,20.01,000.00,0,050.00
01389,000694500,091.50,20.01,000.00,0,050.00
01390,000695000,091.75,20.02,000.00,0,050.00
01391,000695500,091.50,20.01,000.00,0,050.00
01392,000696000,091.50,20.01,000.00,0,050.00
01393,000696500,090.75,20.01,000.00,0,050.00
01394,000697000,090.25,20.01,000.00,0,050.00
01395,000697500,089.00,20.01,000.00,0,050.00
01396,000698000,089.00,20.01,000.00,0,050.00
01397,000698500,088.50,20.01,000.00,0,050.00
01398,000699000,087.75,20.01,000.00,0,050.00
01399,000699500,088.00,20.02,000.00,0,050.00
01400,000700000,088.00,20.02,000.00,0,050.00
01401,000700500,088.00,20.01,000.00,0,050.00
01402,000701000,087.00,20.02,000.00,0,050.00
01403,000701500,086.75,20.01,000.00,0,050.00
01404,000702000,086.75,20.01,000.00,0,050.00
01405,000702500,087.00,20.01,000.00,0,050.00
01406,000703000,086.50,20.01,000.00,0,050.00
01407,000703500,086.25,20.03,000.00,0,050.00
01408,000704000,086.25,20.03,000.00,0,050.00
01409,000704500,086.25,20.02,000.00,0,050.00
01410,000705000,086.00,20.02,000.00,0,050.00
01411,000705500,085.75,20.01,000.00,0,050.00
01412,000706000,085.75,20.01,000.00,0,050.00
01413,000706500,085.25,20.01,000.00,0,050.00
01414,000707000,084.75,20.01,000.00,0,050.00
01415,000707500,084.75,20.01,000.00,0,050.00
01416,000708000,083.75,20.01,000.00,0,050.00
01417,000708500,083.75,20.01,000.00,0,050.00
01418,000709000,083.50,20.02,000.00,0,050.00
01419,000709500,083.50,20.02,000.00,0,050.00
01420,000710000,083.25,20.02,000.00,0,050.00
01421,000710500,082.50,20.01,000.00,0,050.00
01422,000711000,082.00,20.01,000.00,0,050.00
01423,000711500,082.00,20.01,000.00,0,050.00
01424,000712000,082.25,20.02,000.00,0,050.00
01425,000712500,081.75,20.01,000.00,0,050.00
01426,000713000,081.50,20.00,000.00,0,050.00
01427,000713500,081.50,20.00,000.00,0,050.00
01428,000714000,082.00,20.01,000.00,0,050.00
01429,000714500,082.25,20.01,000.00,0,050.00
01430,000715000,082.00,20.00,000.00,0,050.00
01431,000715500,082.00,20.00,000.00,0,050.00
01432,000716000,081.25,20.01,000.00,0,050.00
01433,000716500,081.50,20.01,000.00,0,050.00
01434,000717000,081.50,20.01,000.00,0,050.00
01435,000717500,081.50,20.01,000.00,0,050.00
01436,000718000,081.00,20.01,000.00,0,050.00
01437,000718500,081.50,20.01,000.00,0,050.00
01438,000719000,081.75,20.00,000.00,0,050.00
01439,000719500,081.75,20.00,000.00,0,050.00
01440,000720000,081.75,20.00,000.00,0,050.00
