Index,Time (ms),Temperature (C),pwm_controller (percent)
00000,000000000,003.75,000.00
00001,000000500,027.25,000.00
00002,000001000,027.25,000.00
00003,000001500,027.50,000.00
00004,000002000,027.50,000.00
00005,000002500,027.25,000.00
00006,000003000,027.25,000.00
00007,000003500,027.25,000.00
00008,000004000,027.25,000.00
00009,000004500,027.25,000.00
00010,000005000,027.25,000.00
00011,000005500,027.25,000.00
00012,000006000,027.25,000.00
00013,000006500,027.25,000.00
00014,000007000,027.25,000.00
00015,000007500,027.00,000.00
00016,000008000,027.00,000.00
00017,000008500,027.25,000.00
00018,000009000,027.25,000.00
00019,000009500,027.00,000.00
00020,000010000,027.00,000.00
00021,000010500,027.00,000.00
00022,000011000,027.50,000.00
00023,000011500,027.50,000.00
00024,000012000,027.25,000.00
00025,000012500,027.25,000.00
00026,000013000,027.25,000.00
00027,000013500,027.25,000.00
00028,000014000,027.25,000.00
00029,000014500,027.25,000.00
00030,000015000,027.25,000.00
00031,000015500,027.25,000.00
00032,000016000,027.25,000.00
00033,000016500,027.25,000.00
00034,000017000,027.00,000.00
00035,000017500,027.00,000.00
00036,000018000,027.00,000.00
00037,000018500,027.00,000.00
00038,000019000,027.00,000.00
00039,000019500,026.75,000.00
00040,000020000,026.75,000.00
00041,000020500,027.00,000.00
00042,000021000,027.00,000.00
00043,000021500,027.00,000.00
00044,000022000,027.00,000.00
00045,000022500,027.00,000.00
00046,000023000,027.00,000.00
00047,000023500,027.00,000.00
00048,000024000,027.00,000.00
00049,000024500,027.00,000.00
00050,000025000,027.00,000.00
00051,000025500,027.00,000.00
00052,000026000,027.00,000.00
00053,000026500,027.25,000.00
00054,000027000,027.25,000.00
00055,000027500,027.25,000.00
00056,000028000,026.75,000.00
00057,000028500,026.75,000.00
00058,000029000,027.00,000.00
00059,000029500,027.00,000.00
00060,000030000,027.00,000.00
00061,000030500,027.25,030.00
00062,000031000,027.25,030.00
00063,000031500,027.00,030.00
00064,000032000,027.00,030.00
00065,000032500,026.25,030.00
00066,000033000,026.25,030.00
00067,000033500,026.25,030.00
00068,000034000,026.75,030.00
00069,000034500,026.75,030.00
00070,000035000,026.50,030.00
00071,000035500,026.50,030.00
00072,000036000,026.50,030.00
00073,000036500,026.25,030.00
00074,000037000,026.25,030.00
00075,000037500,026.00,030.00
00076,000038000,026.00,030.00
00077,000038500,026.00,030.00
00078,000039000,026.50,030.00
00079,000039500,026.50,030.00
00080,000040000,026.00,030.00
00081,000040500,026.00,030.00
00082,000041000,026.50,030.00
00083,000041500,026.50,030.00
00084,000042000,026.50,030.00
00085,000042500,026.25,030.00
00086,000043000,026.25,030.00
00087,000043500,026.75,030.00
00088,000044000,026.75,030.00
00089,000044500,026.75,030.00
00090,000045000,026.50,030.00
00091,000045500,026.50,030.00
00092,000046000,026.75,030.00
00093,000046500,026.75,030.00
00094,000047000,027.25,030.00
00095,000047500,027.25,030.00
00096,000048000,027.25,030.00
00097,000048500,027.00,030.00
00098,000049000,027.00,030.00
00099,000049500,027.50,030.00
00100,000050000,027.50,030.00
00101,000050500,027.50,030.00
00102,000051000,027.50,030.00
00103,000051500,027.50,030.00
00104,000052000,027.50,030.00
00105,000052500,027.50,030.00
00106,000053000,027.50,030.00
00107,000053500,027.25,030.00
00108,000054000,027.25,030.00
00109,000054500,028.00,030.00
00110,000055000,028.00,030.00
00111,000055500,028.00,030.00
00112,000056000,028.00,030.00
00113,000056500,028.00,030.00
00114,000057000,028.00,030.00
00115,000057500,028.00,030.00
00116,000058000,028.50,030.00
00117,000058500,028.50,030.00
00118,000059000,028.50,030.00
00119,000059500,028.50,030.00
00120,000060000,028.50,030.00
00121,000060500,028.75,030.00
00122,000061000,028.75,030.00
00123,000061500,029.25,030.00
00124,000062000,029.25,030.00
00125,000062500,029.25,030.00
00126,000063000,029.25,030.00
00127,000063500,029.25,030.00
00128,000064000,029.50,030.00
00129,000064500,029.50,030.00
00130,000065000,029.50,030.00
00131,000065500,029.75,030.00
00132,000066000,029.75,030.00
00133,000066500,030.00,030.00
00134,000067000,030.00,030.00
00135,000067500,030.00,030.00
00136,000068000,030.00,030.00
00137,000068500,030.00,030.00
00138,000069000,030.25,030.00
00139,000069500,030.25,030.00
00140,000070000,030.25,030.00
00141,000070500,030.25,030.00
00142,000071000,030.25,030.00
00143,000071500,030.50,030.00
00144,000072000,030.50,030.00
00145,000072500,031.50,030.00
00146,000073000,031.50,030.00
00147,000073500,031.50,030.00
00148,000074000,031.50,030.00
00149,000074500,031.50,030.00
00150,000075000,032.00,030.00
00151,000075500,032.00,030.00
00152,000076000,032.00,030.00
00153,000076500,032.00,030.00
00154,000077000,032.00,030.00
00155,000077500,032.00,030.00
00156,000078000,032.00,030.00
00157,000078500,032.25,030.00
00158,000079000,032.25,030.00
00159,000079500,032.25,030.00
00160,000080000,032.25,030.00
00161,000080500,032.25,030.00
00162,000081000,033.00,030.00
00163,000081500,033.00,030.00
00164,000082000,033.00,030.00
00165,000082500,033.25,030.00
00166,000083000,033.25,030.00
00167,000083500,033.25,030.00
00168,000084000,033.25,030.00
00169,000084500,033.50,030.00
00170,000085000,033.50,030.00
00171,000085500,033.50,030.00
00172,000086000,033.50,030.00
00173,000086500,033.50,030.00
00174,000087000,034.25,030.00
00175,000087500,034.25,030.00
00176,000088000,034.25,030.00
00177,000088500,034.50,030.00
00178,000089000,034.50,030.00
00179,000089500,034.50,030.00
00180,000090000,034.50,030.00
00181,000090500,034.50,030.00
00182,000091000,035.25,030.00
00183,000091500,035.25,030.00
00184,000092000,035.75,030.00
00185,000092500,035.75,030.00
00186,000093000,036.00,030.00
00187,000093500,036.00,030.00
00188,000094000,036.00,030.00
00189,000094500,036.00,030.00
00190,000095000,036.00,030.00
00191,000095500,036.00,030.00
00192,000096000,036.00,030.00
00193,000096500,036.00,030.00
00194,000097000,037.00,030.00
00195,000097500,037.00,030.00
00196,000098000,037.25,030.00
00197,000098500,037.25,030.00
00198,000099000,037.75,030.00
00199,000099500,037.75,030.00
00200,000100000,037.75,030.00
00201,000100500,038.25,030.00
00202,000101000,038.25,030.00
00203,000101500,038.50,030.00
00204,000102000,038.50,030.00
00205,000102500,038.50,030.00
00206,000103000,038.75,030.00
00207,000103500,038.75,030.00
00208,000104000,039.00,030.00
00209,000104500,039.00,030.00
00210,000105000,039.00,030.00
00211,000105500,039.25,030.00
00212,000106000,039.25,030.00
00213,000106500,040.00,030.00
00214,000107000,040.00,030.00
00215,000107500,040.25,030.00
00216,000108000,040.25,030.00
00217,000108500,040.25,030.00
00218,000109000,040.25,030.00
00219,000109500,040.25,030.00
00220,000110000,041.00,030.00
00221,000110500,041.00,030.00
00222,000111000,041.00,030.00
00223,000111500,041.00,030.00
00224,000112000,041.00,030.00
00225,000112500,041.50,030.00
00226,000113000,041.50,030.00
00227,000113500,041.50,030.00
00228,000114000,042.00,030.00
00229,000114500,042.00,030.00
00230,000115000,042.75,030.00
00231,000115500,042.75,030.00
00232,000116000,043.00,030.00
00233,000116500,043.00,030.00
00234,000117000,043.00,030.00
00235,000117500,043.50,030.00
00236,000118000,043.50,030.00
00237,000118500,043.50,030.00
00238,000119000,043.50,030.00
00239,000119500,043.50,030.00
00240,000120000,044.00,030.00
00241,000120500,044.00,030.00
00242,000121000,044.25,030.00
00243,000121500,044.25,030.00
00244,000122000,044.50,030.00
00245,000122500,044.50,030.00
00246,000123000,044.50,030.00
00247,000123500,045.25,030.00
00248,000124000,045.25,030.00
00249,000124500,045.25,030.00
00250,000125000,045.25,030.00
00251,000125500,045.25,030.00
00252,000126000,045.50,030.00
00253,000126500,045.50,030.00
00254,000127000,045.75,030.00
00255,000127500,045.75,030.00
00256,000128000,045.75,030.00
00257,000128500,046.50,030.00
00258,000129000,046.50,030.00
00259,000129500,046.75,030.00
00260,000130000,046.75,030.00
00261,000130500,047.25,030.00
00262,000131000,047.25,030.00
00263,000131500,047.25,030.00
00264,000132000,047.75,030.00
00265,000132500,047.75,030.00
00266,000133000,048.50,030.00
00267,000133500,048.50,030.00
00268,000134000,048.50,030.00
00269,000134500,049.25,030.00
00270,000135000,049.25,030.00
00271,000135500,049.25,030.00
00272,000136000,049.25,030.00
00273,000136500,049.75,030.00
00274,000137000,049.75,030.00
00275,000137500,049.75,030.00
00276,000138000,050.25,030.00
00277,000138500,050.25,030.00
00278,000139000,050.75,030.00
00279,000139500,050.75,030.00
00280,000140000,050.75,030.00
00281,000140500,050.75,030.00
00282,000141000,050.75,030.00
00283,000141500,051.00,030.00
00284,000142000,051.00,030.00
00285,000142500,051.00,030.00
00286,000143000,052.00,030.00
00287,000143500,052.00,030.00
00288,000144000,052.00,030.00
00289,000144500,052.00,030.00
00290,000145000,052.25,030.00
00291,000145500,052.25,030.00
00292,000146000,052.25,030.00
00293,000146500,052.50,030.00
00294,000147000,052.50,030.00
00295,000147500,053.00,030.00
00296,000148000,053.00,030.00
00297,000148500,053.00,030.00
00298,000149000,053.00,030.00
00299,000149500,053.00,030.00
00300,000150000,053.75,030.00
00301,000150500,053.75,030.00
00302,000151000,053.75,030.00
00303,000151500,054.25,030.00
00304,000152000,054.25,030.00
00305,000152500,053.75,030.00
00306,000153000,053.75,030.00
00307,000153500,054.25,030.00
00308,000154000,054.25,030.00
00309,000154500,054.25,030.00
00310,000155000,054.00,030.00
00311,000155500,054.00,030.00
00312,000156000,054.50,030.00
00313,000156500,054.50,030.00
00314,000157000,054.50,030.00
00315,000157500,054.75,030.00
00316,000158000,054.75,030.00
00317,000158500,054.75,030.00
00318,000159000,054.75,030.00
00319,000159500,055.75,030.00
00320,000160000,055.75,030.00
00321,000160500,055.75,030.00
00322,000161000,056.00,030.00
00323,000161500,056.00,030.00
00324,000162000,056.25,030.00
00325,000162500,056.25,030.00
00326,000163000,056.25,030.00
00327,000163500,056.75,030.00
00328,000164000,056.75,030.00
00329,000164500,057.25,030.00
00330,000165000,057.25,030.00
00331,000165500,057.25,030.00
00332,000166000,057.75,030.00
00333,000166500,057.75,030.00
00334,000167000,057.75,030.00
00335,000167500,057.75,030.00
00336,000168000,057.75,030.00
00337,000168500,057.75,030.00
00338,000169000,057.75,030.00
00339,000169500,059.00,030.00
00340,000170000,059.00,030.00
00341,000170500,059.25,030.00
00342,000171000,059.25,030.00
00343,000171500,059.25,030.00
00344,000172000,059.50,030.00
00345,000172500,059.50,030.00
00346,000173000,060.00,030.00
00347,000173500,060.00,030.00
00348,000174000,059.75,030.00
00349,000174500,059.75,030.00
00350,000175000,059.75,030.00
00351,000175500,060.50,030.00
00352,000176000,060.50,030.00
00353,000176500,060.50,030.00
00354,000177000,060.50,030.00
00355,000177500,060.50,030.00
00356,000178000,061.00,030.00
00357,000178500,061.00,030.00
00358,000179000,061.25,030.00
00359,000179500,061.25,030.00
00360,000180000,061.25,030.00
00361,000180500,061.50,030.00
00362,000181000,061.50,030.00
00363,000181500,062.00,030.00
00364,000182000,062.00,030.00
00365,000182500,062.25,030.00
00366,000183000,062.25,030.00
00367,000183500,062.25,030.00
00368,000184000,062.75,030.00
00369,000184500,062.75,030.00
00370,000185000,063.25,030.00
00371,000185500,063.25,030.00
00372,000186000,063.25,030.00
00373,000186500,063.75,030.00
00374,000187000,063.75,030.00
00375,000187500,063.75,030.00
00376,000188000,063.75,030.00
00377,000188500,064.00,030.00
00378,000189000,064.00,030.00
00379,000189500,064.00,030.00
00380,000190000,064.50,030.00
00381,000190500,064.50,030.00
00382,000191000,064.75,030.00
00383,000191500,064.75,030.00
00384,000192000,064.75,030.00
00385,000192500,065.00,030.00
00386,000193000,065.00,030.00
00387,000193500,065.25,030.00
00388,000194000,065.25,030.00
00389,000194500,065.25,030.00
00390,000195000,065.50,030.00
00391,000195500,065.50,030.00
00392,000196000,066.00,030.00
00393,000196500,066.00,030.00
00394,000197000,066.25,030.00
00395,000197500,066.25,030.00
00396,000198000,066.25,030.00
00397,000198500,067.00,030.00
00398,000199000,067.00,030.00
00399,000199500,067.75,030.00
00400,000200000,067.75,030.00
00401,000200500,067.75,030.00
00402,000201000,067.50,030.00
00403,000201500,067.50,030.00
00404,000202000,068.00,030.00
00405,000202500,068.00,030.00
00406,000203000,068.00,030.00
00407,000203500,068.25,030.00
00408,000204000,068.25,030.00
00409,000204500,069.00,030.00
00410,000205000,069.00,030.00
00411,000205500,069.25,030.00
00412,000206000,069.25,030.00
00413,000206500,069.25,030.00
00414,000207000,069.25,030.00
00415,000207500,069.25,030.00
00416,000208000,070.25,030.00
00417,000208500,070.25,030.00
00418,000209000,070.25,030.00
00419,000209500,070.25,030.00
00420,000210000,070.25,030.00
00421,000210500,070.75,030.00
00422,000211000,070.75,030.00
00423,000211500,071.00,030.00
00424,000212000,071.00,030.00
00425,000212500,071.00,030.00
00426,000213000,071.25,030.00
00427,000213500,071.25,030.00
00428,000214000,071.25,030.00
00429,000214500,071.25,030.00
00430,000215000,071.25,030.00
00431,000215500,072.00,030.00
00432,000216000,072.00,030.00
00433,000216500,072.25,030.00
00434,000217000,072.25,030.00
00435,000217500,072.25,030.00
00436,000218000,072.25,030.00
00437,000218500,072.25,030.00
00438,000219000,073.25,030.00
00439,000219500,073.25,030.00
00440,000220000,073.00,030.00
00441,000220500,073.00,030.00
00442,000221000,073.00,030.00
00443,000221500,074.00,030.00
00444,000222000,074.00,030.00
00445,000222500,074.00,030.00
00446,000223000,074.00,030.00
00447,000223500,074.00,030.00
00448,000224000,074.00,030.00
00449,000224500,074.00,030.00
00450,000225000,074.25,030.00
00451,000225500,074.25,030.00
00452,000226000,075.25,030.00
00453,000226500,075.25,030.00
00454,000227000,075.25,030.00
00455,000227500,075.25,030.00
00456,000228000,075.25,030.00
00457,000228500,075.50,030.00
00458,000229000,075.50,030.00
00459,000229500,075.50,030.00
00460,000230000,076.00,030.00
00461,000230500,076.00,030.00
00462,000231000,076.00,030.00
00463,000231500,076.00,030.00
00464,000232000,076.00,030.00
00465,000232500,076.75,030.00
00466,000233000,076.75,030.00
00467,000233500,076.75,030.00
00468,000234000,076.75,030.00
00469,000234500,077.50,030.00
00470,000235000,077.50,030.00
00471,000235500,077.50,030.00
00472,000236000,077.50,030.00
00473,000236500,077.50,030.00
00474,000237000,078.25,030.00
00475,000237500,078.25,030.00
00476,000238000,078.25,030.00
00477,000238500,078.25,030.00
00478,000239000,078.25,030.00
00479,000239500,078.50,030.00
00480,000240000,078.50,030.00
00481,000240500,078.75,030.00
00482,000241000,078.75,030.00
00483,000241500,078.75,030.00
00484,000242000,079.50,030.00
00485,000242500,079.50,030.00
00486,000243000,079.75,030.00
00487,000243500,079.75,030.00
00488,000244000,079.75,030.00
00489,000244500,080.00,030.00
00490,000245000,080.00,030.00
00491,000245500,080.25,030.00
00492,000246000,080.25,030.00
00493,000246500,080.25,030.00
00494,000247000,080.25,030.00
00495,000247500,080.25,030.00
00496,000248000,080.50,030.00
00497,000248500,080.50,030.00
00498,000249000,080.75,030.00
00499,000249500,080.75,030.00
00500,000250000,080.75,030.00
00501,000250500,081.00,030.00
00502,000251000,081.00,030.00
00503,000251500,081.00,030.00
00504,000252000,081.00,030.00
00505,000252500,081.00,030.00
00506,000253000,081.25,030.00
00507,000253500,081.25,030.00
00508,000254000,081.50,030.00
00509,000254500,081.50,030.00
00510,000255000,081.50,030.00
00511,000255500,082.00,030.00
00512,000256000,082.00,030.00
00513,000256500,082.00,030.00
00514,000257000,082.00,030.00
00515,000257500,082.00,030.00
00516,000258000,082.00,030.00
00517,000258500,082.00,030.00
00518,000259000,082.75,030.00
00519,000259500,082.75,030.00
00520,000260000,083.00,030.00
00521,000260500,083.00,030.00
00522,000261000,083.00,030.00
00523,000261500,083.25,030.00
00524,000262000,083.25,030.00
00525,000262500,083.50,030.00
00526,000263000,083.50,030.00
00527,000263500,083.75,030.00
00528,000264000,083.75,030.00
00529,000264500,083.75,030.00
00530,000265000,084.00,030.00
00531,000265500,084.00,030.00
00532,000266000,083.75,030.00
00533,000266500,083.75,030.00
00534,000267000,083.75,030.00
00535,000267500,084.25,030.00
00536,000268000,084.25,030.00
00537,000268500,085.00,030.00
00538,000269000,085.00,030.00
00539,000269500,085.00,030.00
00540,000270000,085.25,030.00
00541,000270500,085.25,030.00
00542,000271000,086.00,030.00
00543,000271500,086.00,030.00
00544,000272000,085.75,030.00
00545,000272500,085.75,030.00
00546,000273000,085.75,030.00
00547,000273500,086.50,030.00
00548,000274000,086.50,030.00
00549,000274500,086.25,030.00
00550,000275000,086.25,030.00
00551,000275500,086.25,030.00
00552,000276000,086.25,030.00
00553,000276500,086.25,030.00
00554,000277000,087.00,030.00
00555,000277500,087.00,030.00
00556,000278000,087.25,030.00
00557,000278500,087.25,030.00
00558,000279000,087.25,030.00
00559,000279500,087.25,030.00
00560,000280000,087.25,030.00
00561,000280500,088.00,030.00
00562,000281000,088.00,030.00
00563,000281500,088.00,030.00
00564,000282000,088.25,030.00
00565,000282500,088.25,030.00
00566,000283000,088.75,030.00
00567,000283500,088.75,030.00
00568,000284000,088.75,030.00
00569,000284500,088.50,030.00
00570,000285000,088.50,030.00
00571,000285500,088.50,030.00
00572,000286000,088.50,030.00
00573,000286500,089.25,030.00
00574,000287000,089.25,030.00
00575,000287500,089.25,030.00
00576,000288000,089.25,030.00
00577,000288500,089.25,030.00
00578,000289000,090.25,030.00
00579,000289500,090.25,030.00
00580,000290000,090.25,030.00
00581,000290500,090.75,030.00
00582,000291000,090.75,030.00
00583,000291500,091.00,030.00
00584,000292000,091.00,030.00
00585,000292500,091.00,030.00
00586,000293000,091.25,030.00
00587,000293500,091.25,030.00
00588,000294000,092.00,030.00
00589,000294500,092.00,030.00
00590,000295000,092.25,030.00
00591,000295500,092.25,030.00
00592,000296000,092.25,030.00
00593,000296500,092.50,030.00
00594,000297000,092.50,030.00
00595,000297500,093.50,030.00
00596,000298000,093.50,030.00
00597,000298500,093.50,030.00
00598,000299000,093.75,030.00
00599,000299500,093.75,030.00
00600,000300000,093.75,030.00
00601,000300500,093.75,030.00
00602,000301000,094.00,030.00
00603,000301500,094.00,030.00
00604,000302000,094.00,030.00
00605,000302500,094.75,030.00
00606,000303000,094.75,030.00
00607,000303500,095.25,030.00
00608,000304000,095.25,030.00
00609,000304500,095.25,030.00
00610,000305000,095.25,030.00
00611,000305500,095.25,030.00
00612,000306000,096.00,030.00
00613,000306500,096.00,030.00
00614,000307000,096.00,030.00
00615,000307500,096.25,030.00
00616,000308000,096.25,030.00
00617,000308500,096.75,030.00
00618,000309000,096.75,030.00
00619,000309500,097.00,030.00
00620,000310000,097.00,030.00
00621,000310500,097.00,030.00
00622,000311000,097.50,030.00
00623,000311500,097.50,030.00
00624,000312000,098.00,030.00
00625,000312500,098.00,030.00
00626,000313000,098.00,030.00
00627,000313500,098.00,030.00
00628,000314000,098.00,030.00
00629,000314500,099.00,030.00
00630,000315000,099.00,030.00
00631,000315500,099.25,030.00
00632,000316000,099.25,030.00
00633,000316500,099.25,030.00
00634,000317000,099.50,030.00
00635,000317500,099.50,030.00
00636,000318000,100.00,030.00
00637,000318500,100.00,030.00
00638,000319000,100.00,030.00
00639,000319500,100.25,030.00
00640,000320000,100.25,030.00
00641,000320500,100.50,030.00
00642,000321000,100.50,030.00
00643,000321500,100.50,030.00
00644,000322000,100.75,030.00
00645,000322500,100.75,030.00
00646,000323000,101.25,030.00
00647,000323500,101.25,030.00
00648,000324000,102.00,030.00
00649,000324500,102.00,030.00
00650,000325000,102.00,030.00
00651,000325500,102.25,030.00
00652,000326000,102.25,030.00
00653,000326500,102.50,030.00
00654,000327000,102.50,030.00
00655,000327500,102.50,030.00
00656,000328000,102.75,030.00
00657,000328500,102.75,030.00
00658,000329000,103.50,030.00
00659,000329500,103.50,030.00
00660,000330000,103.50,030.00
00661,000330500,103.50,030.00
00662,000331000,103.50,030.00
00663,000331500,104.25,030.00
00664,000332000,104.25,030.00
00665,000332500,105.00,030.00
00666,000333000,105.00,030.00
00667,000333500,105.00,030.00
00668,000334000,105.25,030.00
00669,000334500,105.25,030.00
00670,000335000,105.50,030.00
00671,000335500,105.50,030.00
00672,000336000,105.50,030.00
00673,000336500,105.75,030.00
00674,000337000,105.75,030.00
00675,000337500,106.25,030.00
00676,000338000,106.25,030.00
00677,000338500,106.50,030.00
00678,000339000,106.50,030.00
00679,000339500,106.50,030.00
00680,000340000,106.50,030.00
00681,000340500,106.50,030.00
00682,000341000,107.25,030.00
00683,000341500,107.25,030.00
00684,000342000,107.25,030.00
00685,000342500,107.50,030.00
00686,000343000,107.50,030.00
00687,000343500,108.00,030.00
00688,000344000,108.00,030.00
00689,000344500,108.00,030.00
00690,000345000,108.25,030.00
00691,000345500,108.25,030.00
00692,000346000,109.00,030.00
00693,000346500,109.00,030.00
00694,000347000,108.75,030.00
00695,000347500,108.75,030.00
00696,000348000,108.75,030.00
00697,000348500,108.75,030.00
00698,000349000,108.75,030.00
00699,000349500,110.00,030.00
00700,000350000,110.00,030.00
00701,000350500,110.00,030.00
00702,000351000,110.00,030.00
00703,000351500,110.00,030.00
00704,000352000,110.75,030.00
00705,000352500,110.75,030.00
00706,000353000,111.00,030.00
00707,000353500,111.00,030.00
00708,000354000,111.00,030.00
00709,000354500,111.50,030.00
00710,000355000,111.50,030.00
00711,000355500,111.75,030.00
00712,000356000,111.75,030.00
00713,000356500,111.75,030.00
00714,000357000,111.75,030.00
00715,000357500,111.75,030.00
00716,000358000,112.50,030.00
00717,000358500,112.50,030.00
00718,000359000,112.50,030.00
00719,000359500,113.00,030.00
00720,000360000,113.00,030.00
00721,000360500,113.25,030.00
00722,000361000,113.25,030.00
00723,000361500,113.25,030.00
00724,000362000,113.25,030.00
00725,000362500,113.25,030.00
00726,000363000,113.50,030.00
00727,000363500,113.50,030.00
00728,000364000,114.00,030.00
00729,000364500,114.00,030.00
00730,000365000,114.00,030.00
00731,000365500,114.75,030.00
00732,000366000,114.75,030.00
00733,000366500,114.50,030.00
00734,000367000,114.50,030.00
00735,000367500,115.25,030.00
00736,000368000,115.25,030.00
00737,000368500,115.25,030.00
00738,000369000,115.25,030.00
00739,000369500,115.25,030.00
00740,000370000,115.75,030.00
00741,000370500,115.75,030.00
00742,000371000,115.75,030.00
00743,000371500,116.25,030.00
00744,000372000,116.25,030.00
00745,000372500,116.50,030.00
00746,000373000,116.50,030.00
00747,000373500,116.50,030.00
00748,000374000,117.00,030.00
00749,000374500,117.00,030.00
00750,000375000,117.25,030.00
00751,000375500,117.25,030.00
00752,000376000,117.50,030.00
00753,000376500,117.50,030.00
00754,000377000,117.50,030.00
00755,000377500,117.25,030.00
00756,000378000,117.25,030.00
00757,000378500,118.25,030.00
00758,000379000,118.25,030.00
00759,000379500,118.25,030.00
00760,000380000,118.50,030.00
00761,000380500,118.50,030.00
00762,000381000,118.75,030.00
00763,000381500,118.75,030.00
00764,000382000,118.75,030.00
00765,000382500,119.00,030.00
00766,000383000,119.00,030.00
00767,000383500,119.50,030.00
00768,000384000,119.50,030.00
00769,000384500,119.75,030.00
00770,000385000,119.75,030.00
00771,000385500,119.75,030.00
00772,000386000,120.00,030.00
00773,000386500,120.00,030.00
00774,000387000,120.50,030.00
00775,000387500,120.50,030.00
00776,000388000,120.50,030.00
00777,000388500,120.75,030.00
00778,000389000,120.75,030.00
00779,000389500,121.00,030.00
00780,000390000,121.00,030.00
00781,000390500,121.25,030.00
00782,000391000,121.25,030.00
00783,000391500,121.25,030.00
00784,000392000,121.75,030.00
00785,000392500,121.75,030.00
00786,000393000,121.75,030.00
00787,000393500,121.75,030.00
00788,000394000,121.75,030.00
00789,000394500,122.25,030.00
00790,000395000,122.25,030.00
00791,000395500,122.50,030.00
00792,000396000,122.50,030.00
00793,000396500,122.50,030.00
00794,000397000,123.00,030.00
00795,000397500,123.00,030.00
00796,000398000,123.25,030.00
00797,000398500,123.25,030.00
00798,000399000,123.50,030.00
00799,000399500,123.50,030.00
00800,000400000,123.50,030.00
00801,000400500,123.50,030.00
00802,000401000,123.50,030.00
00803,000401500,123.75,030.00
00804,000402000,123.75,030.00
00805,000402500,123.75,030.00
00806,000403000,124.50,030.00
00807,000403500,124.50,030.00
00808,000404000,124.75,030.00
00809,000404500,124.75,030.00
00810,000405000,125.00,030.00
00811,000405500,125.00,030.00
00812,000406000,125.00,030.00
00813,000406500,125.50,030.00
00814,000407000,125.50,030.00
00815,000407500,125.50,030.00
00816,000408000,125.50,030.00
00817,000408500,125.50,030.00
00818,000409000,125.50,030.00
00819,000409500,125.50,030.00
00820,000410000,126.25,030.00
00821,000410500,126.25,030.00
00822,000411000,126.25,030.00
00823,000411500,126.50,030.00
00824,000412000,126.50,030.00
00825,000412500,126.75,030.00
00826,000413000,126.75,030.00
00827,000413500,126.50,030.00
00828,000414000,126.50,030.00
00829,000414500,126.50,030.00
00830,000415000,127.25,030.00
00831,000415500,127.25,030.00
00832,000416000,127.75,030.00
00833,000416500,127.75,030.00
00834,000417000,127.75,030.00
00835,000417500,127.75,030.00
00836,000418000,127.75,030.00
00837,000418500,127.75,030.00
00838,000419000,127.75,030.00
00839,000419500,128.25,030.00
00840,000420000,128.25,030.00
00841,000420500,128.25,030.00
00842,000421000,128.50,030.00
00843,000421500,128.50,030.00
00844,000422000,129.00,030.00
00845,000422500,129.00,030.00
00846,000423000,129.00,030.00
00847,000423500,128.75,030.00
00848,000424000,128.75,030.00
00849,000424500,129.50,030.00
00850,000425000,129.50,030.00
00851,000425500,129.50,030.00
00852,000426000,129.50,030.00
00853,000426500,129.50,030.00
00854,000427000,130.00,030.00
00855,000427500,130.00,030.00
00856,000428000,129.75,030.00
00857,000428500,129.75,030.00
00858,000429000,129.75,030.00
00859,000429500,130.25,030.00
00860,000430000,130.25,030.00
00861,000430500,130.75,030.00
00862,000431000,130.75,030.00
00863,000431500,130.75,030.00
00864,000432000,131.00,030.00
00865,000432500,131.00,030.00
00866,000433000,131.25,030.00
00867,000433500,131.25,030.00
00868,000434000,131.25,030.00
00869,000434500,131.50,030.00
00870,000435000,131.50,030.00
00871,000435500,131.75,030.00
00872,000436000,131.75,030.00
00873,000436500,132.00,030.00
00874,000437000,132.00,030.00
00875,000437500,132.00,030.00
00876,000438000,132.25,030.00
00877,000438500,132.25,030.00
00878,000439000,132.25,030.00
00879,000439500,132.25,030.00
00880,000440000,132.25,030.00
00881,000440500,132.50,030.00
00882,000441000,132.50,030.00
00883,000441500,133.00,030.00
00884,000442000,133.00,030.00
00885,000442500,133.50,030.00
00886,000443000,133.50,030.00
00887,000443500,133.50,030.00
00888,000444000,133.50,030.00
00889,000444500,133.50,030.00
00890,000445000,133.50,030.00
00891,000445500,133.50,030.00
00892,000446000,133.50,030.00
00893,000446500,133.25,030.00
00894,000447000,133.25,030.00
00895,000447500,134.50,030.00
00896,000448000,134.50,030.00
00897,000448500,134.50,030.00
00898,000449000,134.50,030.00
00899,000449500,134.50,030.00
00900,000450000,135.00,030.00
00901,000450500,135.00,030.00
00902,000451000,135.25,030.00
00903,000451500,135.25,030.00
00904,000452000,135.25,030.00
00905,000452500,135.25,030.00
00906,000453000,135.25,030.00
00907,000453500,135.50,030.00
00908,000454000,135.50,030.00
00909,000454500,135.50,030.00
00910,000455000,135.75,030.00
00911,000455500,135.75,030.00
00912,000456000,136.25,030.00
00913,000456500,136.25,030.00
00914,000457000,135.75,030.00
00915,000457500,135.75,030.00
00916,000458000,135.75,030.00
00917,000458500,136.50,030.00
00918,000459000,136.50,030.00
00919,000459500,136.25,030.00
00920,000460000,136.25,030.00
00921,000460500,136.25,030.00
00922,000461000,136.75,030.00
00923,000461500,136.75,030.00
00924,000462000,136.75,030.00
00925,000462500,136.75,030.00
00926,000463000,136.75,030.00
00927,000463500,137.00,030.00
00928,000464000,137.00,030.00
00929,000464500,137.50,030.00
00930,000465000,137.50,030.00
00931,000465500,137.75,030.00
00932,000466000,137.75,030.00
00933,000466500,137.75,030.00
00934,000467000,138.00,030.00
00935,000467500,138.00,030.00
00936,000468000,138.25,030.00
00937,000468500,138.25,030.00
00938,000469000,138.25,030.00
00939,000469500,138.50,030.00
00940,000470000,138.50,030.00
00941,000470500,138.75,030.00
00942,000471000,138.75,030.00
00943,000471500,139.00,030.00
00944,000472000,139.00,030.00
00945,000472500,139.00,030.00
00946,000473000,139.25,030.00
00947,000473500,139.25,030.00
00948,000474000,139.00,030.00
00949,000474500,139.00,030.00
00950,000475000,139.00,030.00
00951,000475500,139.50,030.00
00952,000476000,139.50,030.00
00953,000476500,139.50,030.00
00954,000477000,139.50,030.00
00955,000477500,139.50,030.00
00956,000478000,140.00,030.00
00957,000478500,140.00,030.00
00958,000479000,140.25,030.00
00959,000479500,140.25,030.00
00960,000480000,140.50,030.00
00961,000480500,140.50,030.00
00962,000481000,140.50,030.00
00963,000481500,140.75,030.00
00964,000482000,140.75,030.00
00965,000482500,141.00,030.00
00966,000483000,141.00,030.00
00967,000483500,141.00,030.00
00968,000484000,141.50,030.00
00969,000484500,141.50,030.00
00970,000485000,141.50,030.00
00971,000485500,141.50,030.00
00972,000486000,141.50,030.00
00973,000486500,141.50,030.00
00974,000487000,141.50,030.00
00975,000487500,142.00,030.00
00976,000488000,142.00,030.00
00977,000488500,142.00,030.00
00978,000489000,142.00,030.00
00979,000489500,142.00,030.00
00980,000490000,142.00,030.00
00981,000490500,142.00,030.00
00982,000491000,142.50,030.00
00983,000491500,142.50,030.00
00984,000492000,142.50,030.00
00985,000492500,142.25,030.00
00986,000493000,142.25,030.00
00987,000493500,142.50,030.00
00988,000494000,142.50,030.00
00989,000494500,143.00,030.00
00990,000495000,143.00,030.00
00991,000495500,143.00,030.00
00992,000496000,143.00,030.00
00993,000496500,143.00,030.00
00994,000497000,143.25,030.00
00995,000497500,143.25,030.00
00996,000498000,143.25,030.00
00997,000498500,143.00,030.00
00998,000499000,143.00,030.00
00999,000499500,143.75,030.00
01000,000500000,143.75,030.00
01001,000500500,143.75,030.00
01002,000501000,143.75,030.00
01003,000501500,143.75,030.00
01004,000502000,143.50,030.00
01005,000502500,143.50,030.00
01006,000503000,144.25,030.00
01007,000503500,144.25,030.00
01008,000504000,144.25,030.00
01009,000504500,144.50,030.00
01010,000505000,144.50,030.00
01011,000505500,144.50,030.00
01012,000506000,144.50,030.00
01013,000506500,144.50,030.00
01014,000507000,145.00,030.00
01015,000507500,145.00,030.00
01016,000508000,145.00,030.00
01017,000508500,145.00,030.00
01018,000509000,145.25,030.00
01019,000509500,145.25,030.00
01020,000510000,145.25,030.00
01021,000510500,145.00,030.00
01022,000511000,145.00,030.00
01023,000511500,145.50,030.00
01024,000512000,145.50,030.00
01025,000512500,145.50,030.00
01026,000513000,145.50,030.00
01027,000513500,145.50,030.00
01028,000514000,146.00,030.00
01029,000514500,146.00,030.00
01030,000515000,146.00,030.00
01031,000515500,146.00,030.00
01032,000516000,146.00,030.00
01033,000516500,146.25,030.00
01034,000517000,146.25,030.00
01035,000517500,146.25,030.00
01036,000518000,146.25,030.00
01037,000518500,146.25,030.00
01038,000519000,146.50,030.00
01039,000519500,146.50,030.00
01040,000520000,146.75,030.00
01041,000520500,146.75,030.00
01042,000521000,146.75,030.00
01043,000521500,146.75,030.00
01044,000522000,146.75,030.00
01045,000522500,146.75,030.00
01046,000523000,146.75,030.00
01047,000523500,146.75,030.00
01048,000524000,147.00,030.00
01049,000524500,147.00,030.00
01050,000525000,147.25,030.00
01051,000525500,147.25,030.00
01052,000526000,147.75,030.00
01053,000526500,147.75,030.00
01054,000527000,147.75,030.00
01055,000527500,148.00,030.00
01056,000528000,148.00,030.00
01057,000528500,148.00,030.00
01058,000529000,148.00,030.00
01059,000529500,148.00,030.00
01060,000530000,148.25,030.00
01061,000530500,148.25,030.00
01062,000531000,148.25,030.00
01063,000531500,148.25,030.00
01064,000532000,148.25,030.00
01065,000532500,148.25,030.00
01066,000533000,148.25,030.00
01067,000533500,148.75,030.00
01068,000534000,148.75,030.00
01069,000534500,148.50,030.00
01070,000535000,148.50,030.00
01071,000535500,148.50,030.00
01072,000536000,149.00,030.00
01073,000536500,149.00,030.00
01074,000537000,148.50,030.00
01075,000537500,148.50,030.00
01076,000538000,148.50,030.00
01077,000538500,149.00,030.00
01078,000539000,149.00,030.00
01079,000539500,149.25,030.00
01080,000540000,149.25,030.00
01081,000540500,149.75,030.00
01082,000541000,149.75,030.00
01083,000541500,149.75,030.00
01084,000542000,149.75,030.00
01085,000542500,149.75,030.00
01086,000543000,149.25,030.00
01087,000543500,149.25,030.00
01088,000544000,149.25,030.00
01089,000544500,149.50,030.00
01090,000545000,149.50,030.00
01091,000545500,150.00,030.00
01092,000546000,150.00,030.00
01093,000546500,150.00,030.00
01094,000547000,150.00,030.00
01095,000547500,150.00,030.00
01096,000548000,150.50,030.00
01097,000548500,150.50,030.00
01098,000549000,150.50,030.00
01099,000549500,150.50,030.00
01100,000550000,150.50,030.00
01101,000550500,150.75,030.00
01102,000551000,150.75,030.00
01103,000551500,150.75,030.00
01104,000552000,150.75,030.00
01105,000552500,150.75,030.00
01106,000553000,151.00,030.00
01107,000553500,151.00,030.00
01108,000554000,150.75,030.00
01109,000554500,150.75,030.00
01110,000555000,151.25,030.00
01111,000555500,151.25,030.00
01112,000556000,151.25,030.00
01113,000556500,151.25,030.00
01114,000557000,151.25,030.00
01115,000557500,151.00,030.00
01116,000558000,151.00,030.00
01117,000558500,151.00,030.00
01118,000559000,151.50,030.00
01119,000559500,151.50,030.00
01120,000560000,151.75,030.00
01121,000560500,151.75,030.00
01122,000561000,151.75,030.00
01123,000561500,151.75,030.00
01124,000562000,151.75,030.00
01125,000562500,152.25,030.00
01126,000563000,152.25,030.00
01127,000563500,151.75,030.00
01128,000564000,151.75,030.00
01129,000564500,151.75,030.00
01130,000565000,152.00,030.00
01131,000565500,152.00,030.00
01132,000566000,152.50,030.00
01133,000566500,152.50,030.00
01134,000567000,152.50,030.00
01135,000567500,152.50,030.00
01136,000568000,152.50,030.00
01137,000568500,152.25,030.00
01138,000569000,152.25,030.00
01139,000569500,152.75,030.00
01140,000570000,152.75,030.00
01141,000570500,152.75,030.00
01142,000571000,152.75,030.00
01143,000571500,152.75,030.00
01144,000572000,152.75,030.00
01145,000572500,152.75,030.00
01146,000573000,152.75,030.00
01147,000573500,152.75,030.00
01148,000574000,152.75,030.00
01149,000574500,152.50,030.00
01150,000575000,152.50,030.00
01151,000575500,152.50,030.00
01152,000576000,152.50,030.00
01153,000576500,152.50,030.00
01154,000577000,153.00,030.00
01155,000577500,153.00,030.00
01156,000578000,152.25,030.00
01157,000578500,152.25,030.00
01158,000579000,152.25,030.00
01159,000579500,152.75,030.00
01160,000580000,152.75,030.00
01161,000580500,153.00,030.00
01162,000581000,153.00,030.00
01163,000581500,153.00,030.00
01164,000582000,153.25,030.00
01165,000582500,153.25,030.00
01166,000583000,153.25,030.00
01167,000583500,153.25,030.00
01168,000584000,153.25,030.00
01169,000584500,153.25,030.00
01170,000585000,153.25,030.00
01171,000585500,153.50,030.00
01172,000586000,153.50,030.00
01173,000586500,153.50,030.00
01174,000587000,153.50,030.00
01175,000587500,153.50,030.00
01176,000588000,154.00,030.00
01177,000588500,154.00,030.00
01178,000589000,153.75,030.00
01179,000589500,153.75,030.00
01180,000590000,153.75,030.00
01181,000590500,154.00,030.00
01182,000591000,154.00,030.00
01183,000591500,154.75,030.00
01184,000592000,154.75,030.00
01185,000592500,154.25,030.00
01186,000593000,154.25,030.00
01187,000593500,154.25,030.00
01188,000594000,154.50,030.00
01189,000594500,154.50,030.00
01190,000595000,154.75,030.00
01191,000595500,154.75,030.00
01192,000596000,154.75,030.00
01193,000596500,154.50,030.00
01194,000597000,154.50,030.00
01195,000597500,155.00,030.00
01196,000598000,155.00,030.00
01197,000598500,154.75,030.00
01198,000599000,154.75,030.00
01199,000599500,154.75,030.00
01200,000600000,154.75,030.00
01201,000600500,154.75,030.00
01202,000601000,155.00,030.00
01203,000601500,155.00,030.00
01204,000602000,155.00,030.00
01205,000602500,155.25,030.00
01206,000603000,155.25,030.00
01207,000603500,155.50,030.00
01208,000604000,155.50,030.00
01209,000604500,155.50,030.00
01210,000605000,155.50,030.00
01211,000605500,155.50,030.00
01212,000606000,155.50,030.00
01213,000606500,155.50,030.00
01214,000607000,155.75,030.00
01215,000607500,155.75,030.00
01216,000608000,155.75,030.00
01217,000608500,156.25,030.00
01218,000609000,156.25,030.00
01219,000609500,155.75,030.00
01220,000610000,155.75,030.00
01221,000610500,155.75,030.00
01222,000611000,156.00,030.00
01223,000611500,156.00,030.00
01224,000612000,155.75,030.00
01225,000612500,155.75,030.00
01226,000613000,156.25,030.00
01227,000613500,156.25,030.00
01228,000614000,156.25,030.00
01229,000614500,156.25,030.00
01230,000615000,156.25,030.00
01231,000615500,156.25,030.00
01232,000616000,156.25,030.00
01233,000616500,156.25,030.00
01234,000617000,156.50,030.00
01235,000617500,156.50,030.00
01236,000618000,156.25,030.00
01237,000618500,156.25,030.00
01238,000619000,156.25,030.00
01239,000619500,156.25,030.00
01240,000620000,156.25,030.00
01241,000620500,156.25,030.00
01242,000621000,156.25,030.00
01243,000621500,156.50,030.00
01244,000622000,156.50,030.00
01245,000622500,156.50,030.00
01246,000623000,157.25,030.00
01247,000623500,157.25,030.00
01248,000624000,157.00,030.00
01249,000624500,157.00,030.00
01250,000625000,157.00,030.00
01251,000625500,157.25,030.00
01252,000626000,157.25,030.00
01253,000626500,157.50,030.00
01254,000627000,157.50,030.00
01255,000627500,157.50,030.00
01256,000628000,157.00,030.00
01257,000628500,157.00,030.00
01258,000629000,157.75,030.00
01259,000629500,157.75,030.00
01260,000630000,157.25,030.00
01261,000630500,157.25,030.00
01262,000631000,157.25,030.00
01263,000631500,157.75,030.00
01264,000632000,157.75,030.00
01265,000632500,157.50,030.00
01266,000633000,157.50,030.00
01267,000633500,157.50,030.00
01268,000634000,157.75,030.00
01269,000634500,157.75,030.00
01270,000635000,157.75,030.00
01271,000635500,157.75,030.00
01272,000636000,158.00,030.00
01273,000636500,158.00,030.00
01274,000637000,158.00,030.00
01275,000637500,158.00,030.00
01276,000638000,158.00,030.00
01277,000638500,158.50,030.00
01278,000639000,158.50,030.00
01279,000639500,158.50,030.00
01280,000640000,158.00,030.00
01281,000640500,158.00,030.00
01282,000641000,158.50,030.00
01283,000641500,158.50,030.00
01284,000642000,158.50,030.00
01285,000642500,158.50,030.00
01286,000643000,158.50,030.00
01287,000643500,158.50,030.00
01288,000644000,158.50,030.00
01289,000644500,158.75,030.00
01290,000645000,158.75,030.00
01291,000645500,158.75,030.00
01292,000646000,158.75,030.00
01293,000646500,158.75,030.00
01294,000647000,159.00,030.00
01295,000647500,159.00,030.00
01296,000648000,159.00,030.00
01297,000648500,159.00,030.00
01298,000649000,159.00,030.00
01299,000649500,159.50,030.00
01300,000650000,159.50,030.00
01301,000650500,159.50,030.00
01302,000651000,159.50,030.00
01303,000651500,159.50,030.00
01304,000652000,159.25,030.00
01305,000652500,159.25,030.00
01306,000653000,159.25,030.00
01307,000653500,159.25,030.00
01308,000654000,159.25,030.00
01309,000654500,159.75,030.00
01310,000655000,159.75,030.00
01311,000655500,160.00,030.00
01312,000656000,160.00,030.00
01313,000656500,160.00,030.00
01314,000657000,159.75,030.00
01315,000657500,159.75,030.00
01316,000658000,160.00,030.00
01317,000658500,160.00,030.00
01318,000659000,160.50,030.00
01319,000659500,160.50,030.00
01320,000660000,160.50,030.00
01321,000660500,160.25,030.00
01322,000661000,160.25,030.00
01323,000661500,160.75,030.00
01324,000662000,160.75,030.00
01325,000662500,160.75,030.00
01326,000663000,160.50,030.00
01327,000663500,160.50,030.00
01328,000664000,160.75,030.00
01329,000664500,160.75,030.00
01330,000665000,161.00,030.00
01331,000665500,161.00,030.00
01332,000666000,161.00,030.00
01333,000666500,161.00,030.00
01334,000667000,161.00,030.00
01335,000667500,160.75,030.00
01336,000668000,160.75,030.00
01337,000668500,160.75,030.00
01338,000669000,160.75,030.00
01339,000669500,160.75,030.00
01340,000670000,161.25,030.00
01341,000670500,161.25,030.00
01342,000671000,161.25,030.00
01343,000671500,161.25,030.00
01344,000672000,161.25,030.00
01345,000672500,161.50,030.00
01346,000673000,161.50,030.00
01347,000673500,161.00,030.00
01348,000674000,161.00,030.00
01349,000674500,161.00,030.00
01350,000675000,161.50,030.00
01351,000675500,161.50,030.00
01352,000676000,161.75,030.00
01353,000676500,161.75,030.00
01354,000677000,161.75,030.00
01355,000677500,161.25,030.00
01356,000678000,161.25,030.00
01357,000678500,162.25,030.00
01358,000679000,162.25,030.00
01359,000679500,162.25,030.00
01360,000680000,162.00,030.00
01361,000680500,162.00,030.00
01362,000681000,162.25,030.00
01363,000681500,162.25,030.00
01364,000682000,161.75,030.00
01365,000682500,161.75,030.00
01366,000683000,161.75,030.00
01367,000683500,162.25,030.00
01368,000684000,162.25,030.00
01369,000684500,162.75,030.00
01370,000685000,162.75,030.00
01371,000685500,162.75,030.00
01372,000686000,162.75,030.00
01373,000686500,162.75,030.00
01374,000687000,162.50,030.00
01375,000687500,162.50,030.00
01376,000688000,162.50,030.00
01377,000688500,162.50,030.00
01378,000689000,162.50,030.00
01379,000689500,162.75,030.00
01380,000690000,162.75,030.00
01381,000690500,162.75,030.00
01382,000691000,162.75,030.00
01383,000691500,162.75,030.00
01384,000692000,162.50,030.00
01385,000692500,162.50,030.00
01386,000693000,163.00,030.00
01387,000693500,163.00,030.00
01388,000694000,163.00,030.00
01389,000694500,163.50,030.00
01390,000695000,163.50,030.00
01391,000695500,163.00,030.00
01392,000696000,163.00,030.00
01393,000696500,163.25,030.00
01394,000697000,163.25,030.00
01395,000697500,163.25,030.00
01396,000698000,163.00,030.00
01397,000698500,163.00,030.00
01398,000699000,163.50,030.00
01399,000699500,163.50,030.00
01400,000700000,163.50,030.00
01401,000700500,163.50,030.00
01402,000701000,163.50,030.00
01403,000701500,163.50,030.00
01404,000702000,163.50,030.00
01405,000702500,163.75,030.00
01406,000703000,163.75,030.00
01407,000703500,163.75,030.00
01408,000704000,164.00,030.00
01409,000704500,164.00,030.00
01410,000705000,164.00,030.00
01411,000705500,164.00,030.00
01412,000706000,164.00,030.00
01413,000706500,164.25,030.00
01414,000707000,164.25,030.00
01415,000707500,164.00,030.00
01416,000708000,164.00,030.00
01417,000708500,164.00,030.00
01418,000709000,163.75,030.00
01419,000709500,163.75,030.00
01420,000710000,164.25,030.00
01421,000710500,164.25,030.00
01422,000711000,164.50,030.00
01423,000711500,164.50,030.00
01424,000712000,164.50,030.00
01425,000712500,164.25,030.00
01426,000713000,164.25,030.00
01427,000713500,164.75,030.00
01428,000714000,164.75,030.00
01429,000714500,164.75,030.00
01430,000715000,164.50,030.00
01431,000715500,164.50,030.00
01432,000716000,165.00,030.00
01433,000716500,165.00,030.00
01434,000717000,165.00,030.00
01435,000717500,164.50,030.00
01436,000718000,164.50,030.00
01437,000718500,164.75,030.00
01438,000719000,164.75,030.00
01439,000719500,165.50,030.00
01440,000720000,165.50,030.00
