Sample time (ms): 500
Maximum runtime (s): 720
Index,Time (ms),Oven temperature (C),Ambient temperature (C),PWM controller (percent),Thermocouple open,Reference temperature (C)
00000,000000000,021.50,13.43,100.00,0,050.00
00001,000000500,021.50,13.43,086.03,0,050.00
00002,000001000,021.50,13.43,086.32,0,050.00
00003,000001500,020.25,13.45,100.00,0,050.00
00004,000002000,020.25,13.45,090.66,0,050.00
00005,000002500,020.25,13.45,090.96,0,050.00
00006,000003000,020.50,13.46,080.50,0,050.00
00007,000003500,020.50,13.46,090.80,0,050.00
00008,000004000,020.50,13.49,091.09,0,050.00
00009,000004500,020.50,13.49,091.39,0,050.00
00010,000005000,020.50,13.49,091.69,0,050.00
00011,000005500,020.75,13.49,081.23,0,050.00
00012,000006000,020.75,13.49,091.52,0,050.00
00013,000006500,020.50,13.53,100.00,0,050.00
00014,000007000,020.50,13.53,092.86,0,050.00
00015,000007500,021.75,13.55,039.39,0,050.00
00016,000008000,021.75,13.55,089.67,0,050.00
00017,000008500,021.75,13.55,089.96,0,050.00
00018,000009000,021.75,13.57,090.24,0,050.00
00019,000009500,021.75,13.57,090.52,0,050.00
00020,000010000,021.50,13.59,100.00,0,050.00
00021,000010500,021.50,13.59,091.84,0,050.00
00022,000011000,021.50,13.59,092.13,0,050.00
00023,000011500,021.50,13.63,092.41,0,050.00
00024,000012000,021.50,13.63,092.70,0,050.00
00025,000012500,023.00,13.65,028.47,0,050.00
00026,000013000,023.00,13.65,088.74,0,050.00
00027,000013500,023.00,13.67,089.01,0,050.00
00028,000014000,023.00,13.67,089.28,0,050.00
00029,000014500,023.00,13.67,089.55,0,050.00
00030,000015000,024.00,13.69,046.81,0,050.00
00031,000015500,024.00,13.69,087.07,0,050.00
00032,000016000,024.00,13.71,087.33,0,050.00
00033,000016500,024.00,13.71,087.59,0,050.00
00034,000017000,024.00,13.71,087.85,0,050.00
00035,000017500,025.25,13.72,034.34,0,050.00
00036,000018000,025.25,13.72,084.59,0,050.00
00037,000018500,025.25,13.73,084.84,0,050.00
00038,000019000,025.25,13.73,085.09,0,050.00
00039,000019500,025.25,13.73,085.34,0,050.00
00040,000020000,026.00,13.75,053.33,0,050.00
00041,000020500,026.00,13.75,083.56,0,050.00
00042,000021000,026.75,13.76,051.55,0,050.00
00043,000021500,026.75,13.76,081.78,0,050.00
00044,000022000,027.75,13.77,039.00,0,050.00
00045,000022500,027.75,13.77,079.22,0,050.00
00046,000023000,027.75,13.77,079.45,0,050.00
00047,000023500,027.75,13.79,079.67,0,050.00
00048,000024000,027.75,13.79,079.89,0,050.00
00049,000024500,028.75,13.81,037.11,0,050.00
00050,000025000,028.75,13.81,077.32,0,050.00
00051,000025500,028.75,13.81,077.53,0,050.00
00052,000026000,028.75,13.80,077.74,0,050.00
00053,000026500,028.75,13.80,077.95,0,050.00
00054,000027000,028.75,13.83,078.17,0,050.00
00055,000027500,028.75,13.83,078.38,0,050.00
00056,000028000,031.00,13.89,000.00,0,050.00
00057,000028500,031.00,13.89,072.01,0,050.00
00058,000029000,031.00,13.89,072.20,0,050.00
00059,000029500,031.25,13.88,061.64,0,050.00
00060,000030000,031.25,13.88,071.83,0,050.00
00061,000030500,032.50,13.90,018.25,0,050.00
00062,000031000,032.50,13.90,068.42,0,050.00
00063,000031500,032.50,13.90,068.60,0,050.00
00064,000032000,034.25,13.92,000.00,0,050.00
00065,000032500,034.25,13.92,063.66,0,050.00
00066,000033000,033.75,13.93,085.33,0,050.00
00067,000033500,033.75,13.93,065.49,0,050.00
00068,000034000,033.75,13.93,065.65,0,050.00
00069,000034500,034.25,13.96,044.31,0,050.00
00070,000035000,034.25,13.96,064.47,0,050.00
00071,000035500,035.50,13.95,010.86,0,050.00
00072,000036000,035.50,13.95,061.01,0,050.00
00073,000036500,036.25,13.97,028.89,0,050.00
00074,000037000,036.25,13.97,059.03,0,050.00
00075,000037500,036.25,13.97,059.17,0,050.00
00076,000038000,037.25,13.96,016.30,0,050.00
00077,000038500,037.25,13.96,056.42,0,050.00
00078,000039000,038.50,13.97,002.79,0,050.00
00079,000039500,038.50,13.97,052.91,0,050.00
00080,000040000,038.50,13.97,053.02,0,050.00
00081,000040500,038.75,13.98,042.38,0,050.00
00082,000041000,038.75,13.98,052.50,0,050.00
00083,000041500,040.25,13.98,000.00,0,050.00
00084,000042000,040.25,13.98,048.19,0,050.00
00085,000042500,040.25,14.00,048.29,0,050.00
00086,000043000,040.25,14.00,048.39,0,050.00
00087,000043500,040.25,14.00,048.48,0,050.00
00088,000044000,041.75,14.00,000.00,0,050.00
00089,000044500,041.75,14.00,044.15,0,050.00
00090,000045000,041.75,14.01,044.23,0,050.00
00091,000045500,041.75,14.01,044.31,0,050.00
00092,000046000,041.75,14.01,044.39,0,050.00
00093,000046500,042.50,14.00,012.22,0,050.00
00094,000047000,042.50,14.00,042.30,0,050.00
00095,000047500,043.50,14.02,000.00,0,050.00
00096,000048000,043.50,14.02,039.42,0,050.00
00097,000048500,043.50,14.02,039.49,0,050.00
00098,000049000,044.50,14.03,000.00,0,050.00
00099,000049500,044.50,14.03,036.60,0,050.00
00100,000050000,044.75,14.04,025.90,0,050.00
00101,000050500,044.75,14.04,035.95,0,050.00
00102,000051000,045.50,14.05,003.75,0,050.00
00103,000051500,045.50,14.05,033.80,0,050.00
00104,000052000,045.50,14.05,033.84,0,050.00
00105,000052500,046.50,14.07,000.00,0,050.00
00106,000053000,046.50,14.07,030.91,0,050.00
00107,000053500,049.75,14.05,000.00,0,050.00
00108,000054000,049.75,14.05,021.16,0,050.00
00109,000054500,049.75,14.05,021.17,0,050.00
00110,000055000,049.25,14.06,042.67,0,050.00
00111,000055500,049.25,14.06,022.68,0,050.00
00112,000056000,048.25,14.06,065.70,0,050.00
00113,000056500,048.25,14.06,025.72,0,050.00
00114,000057000,049.00,14.05,000.00,0,050.00
00115,000057500,049.00,14.05,023.49,0,050.00
00116,000058000,049.00,14.05,023.50,0,050.00
00117,000058500,049.25,14.04,012.75,0,050.00
00118,000059000,049.25,14.04,022.76,0,050.00
00119,000059500,049.50,14.05,012.02,0,050.00
00120,000060000,049.50,14.05,022.02,0,050.00
00121,000060500,049.50,14.05,022.03,0,050.00
00122,000061000,049.50,14.04,022.03,0,050.00
00123,000061500,049.50,14.04,022.04,0,050.00
00124,000062000,048.00,14.03,086.56,0,050.00
00125,000062500,048.00,14.03,026.58,0,050.00
00126,000063000,048.00,14.03,026.60,0,050.00
00127,000063500,051.75,14.02,000.00,0,050.00
00128,000064000,051.75,14.02,015.31,0,050.00
00129,000064500,052.50,14.03,000.00,0,050.00
00130,000065000,052.50,14.03,013.01,0,050.00
00131,000065500,052.50,14.02,012.99,0,050.00
00132,000066000,052.50,14.02,012.96,0,050.00
00133,000066500,052.50,14.02,012.94,0,050.00
00134,000067000,052.75,14.04,002.16,0,050.00
00135,000067500,052.75,14.04,012.13,0,050.00
00136,000068000,054.00,14.03,000.00,0,050.00
00137,000068500,054.00,14.03,008.30,0,050.00
00138,000069000,054.00,14.03,008.26,0,050.00
00139,000069500,054.25,14.02,000.00,0,050.00
00140,000070000,054.25,14.02,007.43,0,050.00
00141,000070500,054.25,14.02,007.39,0,050.00
00142,000071000,054.25,14.02,007.34,0,050.00
00143,000071500,054.25,14.02,007.30,0,050.00
00144,000072000,054.75,14.01,000.00,0,050.00
00145,000072500,054.75,14.01,005.71,0,050.00
00146,000073000,056.00,14.02,000.00,0,050.00
00147,000073500,056.00,14.02,001.84,0,050.00
00148,000074000,056.25,14.03,000.00,0,050.00
00149,000074500,056.25,14.03,000.96,0,050.00
00150,000075000,056.25,14.03,000.90,0,050.00
00151,000075500,056.00,14.03,011.59,0,050.00
00152,000076000,056.00,14.03,001.53,0,050.00
00153,000076500,056.75,14.02,000.00,0,050.00
00154,000077000,056.75,14.02,000.00,0,050.00
00155,000077500,056.75,14.02,000.00,0,050.00
00156,000078000,056.75,14.02,000.00,0,050.00
00157,000078500,056.75,14.02,000.00,0,050.00
00158,000079000,056.50,14.03,009.62,0,050.00
00159,000079500,056.50,14.03,000.00,0,050.00
00160,000080000,056.50,14.02,000.00,0,050.00
00161,000080500,056.50,14.02,000.00,0,050.00
00162,000081000,056.50,14.02,000.00,0,050.00
00163,000081500,056.50,14.03,000.00,0,050.00
00164,000082000,056.50,14.03,000.00,0,050.00
00165,000082500,056.25,14.03,009.92,0,050.00
00166,000083000,056.25,14.03,000.00,0,050.00
00167,000083500,056.25,14.03,000.00,0,050.00
00168,000084000,057.50,14.04,000.00,0,050.00
00169,000084500,057.50,14.04,000.00,0,050.00
00170,000085000,057.00,14.04,017.33,0,050.00
00171,000085500,057.00,14.04,000.00,0,050.00
00172,000086000,057.00,14.04,000.00,0,050.00
00173,000086500,057.50,14.03,000.00,0,050.00
00174,000087000,057.50,14.03,000.00,0,050.00
00175,000087500,057.25,14.05,006.21,0,050.00
00176,000088000,057.25,14.05,000.00,0,050.00
00177,000088500,057.50,14.06,000.00,0,050.00
00178,000089000,057.50,14.06,000.00,0,050.00
00179,000089500,057.50,14.06,000.00,0,050.00
00180,000090000,057.75,14.07,000.00,0,050.00
00181,000090500,057.75,14.07,000.00,0,050.00
00182,000091000,057.50,14.09,004.94,0,050.00
00183,000091500,057.50,14.09,000.00,0,050.00
00184,000092000,057.50,14.09,000.00,0,050.00
00185,000092500,058.50,14.09,000.00,0,050.00
00186,000093000,058.50,14.09,000.00,0,050.00
00187,000093500,057.75,14.09,023.79,0,050.00
00188,000094000,057.75,14.09,000.00,0,050.00
00189,000094500,058.25,14.08,000.00,0,050.00
00190,000095000,058.25,14.08,000.00,0,050.00
00191,000095500,058.25,14.08,000.00,0,050.00
00192,000096000,058.50,14.10,000.00,0,050.00
00193,000096500,058.50,14.10,000.00,0,050.00
00194,000097000,058.50,14.10,000.00,0,050.00
00195,000097500,058.50,14.10,000.00,0,050.00
00196,000098000,058.50,14.10,000.00,0,050.00
00197,000098500,058.00,14.10,012.21,0,050.00
00198,000099000,058.00,14.10,000.00,0,050.00
00199,000099500,058.50,14.10,000.00,0,050.00
00200,000100000,058.50,14.10,000.00,0,050.00
00201,000100500,058.50,14.10,000.00,0,050.00
00202,000101000,058.50,14.10,000.00,0,050.00
00203,000101500,058.50,14.10,000.00,0,050.00
00204,000102000,058.50,14.11,000.00,0,050.00
00205,000102500,058.50,14.11,000.00,0,050.00
00206,000103000,058.50,14.10,000.00,0,050.00
00207,000103500,058.50,14.10,000.00,0,050.00
00208,000104000,058.50,14.10,000.00,0,050.00
00209,000104500,058.75,14.10,000.00,0,050.00
00210,000105000,058.75,14.10,000.00,0,050.00
00211,000105500,058.25,14.12,010.27,0,050.00
00212,000106000,058.25,14.12,000.00,0,050.00
00213,000106500,058.25,14.12,000.00,0,050.00
00214,000107000,058.75,14.11,000.00,0,050.00
00215,000107500,058.75,14.11,000.00,0,050.00
00216,000108000,058.75,14.12,000.00,0,050.00
00217,000108500,058.75,14.12,000.00,0,050.00
00218,000109000,058.50,14.14,000.00,0,050.00
00219,000109500,058.50,14.14,000.00,0,050.00
00220,000110000,058.50,14.14,000.00,0,050.00
00221,000110500,058.50,14.14,000.00,0,050.00
00222,000111000,058.50,14.14,000.00,0,050.00
00223,000111500,058.50,14.13,000.00,0,050.00
00224,000112000,058.50,14.13,000.00,0,050.00
00225,000112500,058.50,14.13,000.00,0,050.00
00226,000113000,059.25,14.14,000.00,0,050.00
00227,000113500,059.25,14.14,000.00,0,050.00
00228,000114000,059.25,14.12,000.00,0,050.00
00229,000114500,059.25,14.12,000.00,0,050.00
00230,000115000,059.25,14.12,000.00,0,050.00
00231,000115500,059.50,14.11,000.00,0,050.00
00232,000116000,059.50,14.11,000.00,0,050.00
00233,000116500,059.50,14.10,000.00,0,050.00
00234,000117000,059.50,14.10,000.00,0,050.00
00235,000117500,059.50,14.08,000.00,0,050.00
00236,000118000,059.50,14.08,000.00,0,050.00
00237,000118500,059.50,14.08,000.00,0,050.00
00238,000119000,059.75,14.08,000.00,0,050.00
00239,000119500,059.75,14.08,000.00,0,050.00
00240,000120000,059.75,14.07,000.00,0,050.00
00241,000120500,059.75,14.07,000.00,0,050.00
00242,000121000,059.75,14.07,000.00,0,050.00
00243,000121500,059.25,14.07,004.37,0,050.00
00244,000122000,059.25,14.07,000.00,0,050.00
00245,000122500,059.25,14.05,000.00,0,050.00
00246,000123000,059.25,14.05,000.00,0,050.00
00247,000123500,059.25,14.05,000.00,0,050.00
00248,000124000,059.00,14.05,000.00,0,050.00
00249,000124500,059.00,14.05,000.00,0,050.00
00250,000125000,059.00,14.04,000.00,0,050.00
00251,000125500,059.00,14.04,000.00,0,050.00
00252,000126000,059.00,14.04,000.00,0,050.00
00253,000126500,059.00,14.04,000.00,0,050.00
00254,000127000,059.00,14.04,000.00,0,050.00
00255,000127500,058.50,14.05,005.54,0,050.00
00256,000128000,058.50,14.05,000.00,0,050.00
00257,000128500,058.75,14.05,000.00,0,050.00
00258,000129000,058.75,14.05,000.00,0,050.00
00259,000129500,058.75,14.05,000.00,0,050.00
00260,000130000,058.75,14.05,000.00,0,050.00
00261,000130500,058.75,14.05,000.00,0,050.00
00262,000131000,058.00,14.06,016.43,0,050.00
00263,000131500,058.00,14.06,000.00,0,050.00
00264,000132000,057.25,14.06,018.53,0,050.00
00265,000132500,057.25,14.06,000.00,0,050.00
00266,000133000,057.25,14.06,000.00,0,050.00
00267,000133500,057.50,14.05,000.00,0,050.00
00268,000134000,057.50,14.05,000.00,0,050.00
00269,000134500,057.50,14.07,000.00,0,050.00
00270,000135000,057.50,14.07,000.00,0,050.00
00271,000135500,057.50,14.07,000.00,0,050.00
00272,000136000,057.25,14.07,000.00,0,050.00
00273,000136500,057.25,14.07,000.00,0,050.00
00274,000137000,056.50,14.06,020.05,0,050.00
00275,000137500,056.50,14.06,000.00,0,050.00
00276,000138000,056.50,14.06,000.00,0,050.00
00277,000138500,056.25,14.07,000.61,0,050.00
00278,000139000,056.25,14.07,000.00,0,050.00
00279,000139500,056.50,14.08,000.00,0,050.00
00280,000140000,056.50,14.08,000.00,0,050.00
00281,000140500,056.25,14.07,000.35,0,050.00
00282,000141000,056.25,14.07,000.00,0,050.00
00283,000141500,056.25,14.07,000.00,0,050.00
00284,000142000,056.25,14.07,000.00,0,050.00
00285,000142500,056.25,14.07,000.00,0,050.00
00286,000143000,055.75,14.07,011.54,0,050.00
00287,000143500,055.75,14.07,000.00,0,050.00
00288,000144000,055.75,14.07,000.00,0,050.00
00289,000144500,055.25,14.07,012.88,0,050.00
00290,000145000,055.25,14.07,000.00,0,050.00
00291,000145500,054.25,14.07,035.78,0,050.00
00292,000146000,054.25,14.07,000.00,0,050.00
00293,000146500,055.00,14.06,000.00,0,050.00
00294,000147000,055.00,14.06,000.00,0,050.00
00295,000147500,055.00,14.06,000.00,0,050.00
00296,000148000,054.75,14.08,004.04,0,050.00
00297,000148500,054.75,14.08,000.00,0,050.00
00298,000149000,054.50,14.08,004.70,0,050.00
00299,000149500,054.50,14.08,000.00,0,050.00
00300,000150000,054.50,14.08,000.00,0,050.00
00301,000150500,054.50,14.08,000.00,0,050.00
00302,000151000,054.50,14.08,000.00,0,050.00
00303,000151500,053.50,14.09,037.48,0,050.00
00304,000152000,053.50,14.09,000.00,0,050.00
00305,000152500,053.50,14.09,000.00,0,050.00
00306,000153000,054.00,14.09,000.00,0,050.00
00307,000153500,054.00,14.09,000.00,0,050.00
00308,000154000,054.00,14.11,000.00,0,050.00
00309,000154500,054.00,14.11,000.00,0,050.00
00310,000155000,054.00,14.13,000.00,0,050.00
00311,000155500,054.00,14.13,000.00,0,050.00
00312,000156000,054.00,14.13,000.00,0,050.00
00313,000156500,053.50,14.11,017.10,0,050.00
00314,000157000,053.50,14.11,000.00,0,050.00
00315,000157500,053.75,14.14,000.00,0,050.00
00316,000158000,053.75,14.14,000.00,0,050.00
00317,000158500,053.75,14.14,000.00,0,050.00
00318,000159000,053.50,14.15,006.92,0,050.00
00319,000159500,053.50,14.15,000.00,0,050.00
00320,000160000,053.25,14.15,007.60,0,050.00
00321,000160500,053.25,14.15,000.00,0,050.00
00322,000161000,053.50,14.15,000.00,0,050.00
00323,000161500,053.50,14.15,000.00,0,050.00
00324,000162000,053.50,14.15,000.00,0,050.00
00325,000162500,053.50,14.17,000.00,0,050.00
00326,000163000,053.50,14.17,000.00,0,050.00
00327,000163500,053.00,14.18,018.11,0,050.00
00328,000164000,053.00,14.18,000.00,0,050.00
00329,000164500,053.00,14.18,000.00,0,050.00
00330,000165000,053.00,14.17,000.00,0,050.00
00331,000165500,053.00,14.17,000.00,0,050.00
00332,000166000,053.25,14.18,000.00,0,050.00
00333,000166500,053.25,14.18,000.00,0,050.00
00334,000167000,053.25,14.18,000.00,0,050.00
00335,000167500,053.25,14.19,000.00,0,050.00
00336,000168000,053.25,14.19,000.00,0,050.00
00337,000168500,053.50,14.19,000.00,0,050.00
00338,000169000,053.50,14.19,000.00,0,050.00
00339,000169500,053.25,14.17,006.98,0,050.00
00340,000170000,053.25,14.17,000.00,0,050.00
00341,000170500,053.25,14.17,000.00,0,050.00
00342,000171000,052.75,14.16,018.38,0,050.00
00343,000171500,052.75,14.16,000.00,0,050.00
00344,000172000,053.00,14.16,000.00,0,050.00
00345,000172500,053.00,14.16,000.00,0,050.00
00346,000173000,053.00,14.16,000.00,0,050.00
00347,000173500,053.25,14.17,000.00,0,050.00
00348,000174000,053.25,14.17,000.00,0,050.00
00349,000174500,053.00,14.16,007.42,0,050.00
00350,000175000,053.00,14.16,000.00,0,050.00
00351,000175500,052.75,14.16,008.12,0,050.00
00352,000176000,052.75,14.16,000.00,0,050.00
00353,000176500,052.75,14.16,000.00,0,050.00
00354,000177000,052.25,14.16,019.54,0,050.00
00355,000177500,052.25,14.16,000.00,0,050.00
00356,000178000,052.00,14.16,010.25,0,050.00
00357,000178500,052.00,14.16,000.23,0,050.00
00358,000179000,052.00,14.16,000.21,0,050.00
00359,000179500,051.75,14.17,010.94,0,050.00
00360,000180000,051.75,14.17,000.92,0,050.00
00361,000180500,052.00,14.17,000.00,0,050.21
00362,000181000,052.00,14.17,009.72,0,050.42
00363,000181500,052.00,14.17,010.33,0,050.62
00364,000182000,052.25,14.18,000.19,0,050.83
00365,000182500,052.25,14.18,010.80,0,051.04
00366,000183000,052.25,14.19,011.42,0,051.25
00367,000183500,052.25,14.19,012.04,0,051.46
00368,000184000,051.75,14.20,034.16,0,051.67
00369,000184500,051.75,14.20,014.79,0,051.88
00370,000185000,051.75,14.20,015.42,0,052.08
00371,000185500,051.75,14.19,016.05,0,052.29
00372,000186000,051.75,14.19,016.68,0,052.50
00373,000186500,052.00,14.18,006.56,0,052.71
00374,000187000,052.00,14.18,017.19,0,052.92
00375,000187500,052.00,14.18,017.83,0,053.12
00376,000188000,052.00,14.20,018.47,0,053.33
00377,000188500,052.00,14.20,019.11,0,053.54
00378,000189000,051.50,14.20,041.26,0,053.75
00379,000189500,051.50,14.20,021.91,0,053.96
00380,000190000,051.50,14.20,022.56,0,054.17
00381,000190500,052.00,14.20,001.71,0,054.38
00382,000191000,052.00,14.20,022.36,0,054.58
00383,000191500,052.00,14.22,023.01,0,054.79
00384,000192000,052.00,14.22,023.67,0,055.00
00385,000192500,052.00,14.22,024.32,0,055.21
00386,000193000,052.00,14.22,024.98,0,055.42
00387,000193500,052.00,14.22,025.64,0,055.62
00388,000194000,052.00,14.25,026.31,0,055.83
00389,000194500,052.00,14.25,026.97,0,056.04
00390,000195000,052.00,14.25,027.64,0,056.25
00391,000195500,052.00,14.25,028.31,0,056.46
00392,000196000,052.00,14.25,028.98,0,056.67
00393,000196500,052.00,14.26,029.65,0,056.88
00394,000197000,052.00,14.26,030.33,0,057.08
00395,000197500,051.75,14.27,041.76,0,057.29
00396,000198000,051.75,14.27,032.44,0,057.50
00397,000198500,052.00,14.28,022.38,0,057.71
00398,000199000,052.00,14.28,033.06,0,057.92
00399,000199500,052.00,14.28,033.75,0,058.12
00400,000200000,052.25,14.28,023.68,0,058.33
00401,000200500,052.25,14.28,034.37,0,058.54
00402,000201000,051.75,14.29,056.56,0,058.75
00403,000201500,051.75,14.29,037.26,0,058.96
00404,000202000,051.75,14.29,037.96,0,059.17
00405,000202500,052.25,14.29,017.16,0,059.38
00406,000203000,052.25,14.29,037.86,0,059.58
00407,000203500,052.50,14.29,027.80,0,059.79
00408,000204000,052.50,14.29,038.50,0,060.00
00409,000204500,052.50,14.29,039.21,0,060.21
00410,000205000,052.75,14.29,029.16,0,060.42
00411,000205500,052.75,14.29,039.86,0,060.62
00412,000206000,053.00,14.30,029.81,0,060.83
00413,000206500,053.00,14.30,040.52,0,061.04
00414,000207000,053.25,14.29,030.47,0,061.25
00415,000207500,053.25,14.29,041.18,0,061.46
00416,000208000,053.25,14.29,041.89,0,061.67
00417,000208500,053.25,14.30,042.60,0,061.88
00418,000209000,053.25,14.30,043.32,0,062.08
00419,000209500,053.25,14.30,044.03,0,062.29
00420,000210000,053.25,14.30,044.75,0,062.50
00421,000210500,053.25,14.30,045.47,0,062.71
00422,000211000,053.50,14.32,035.44,0,062.92
00423,000211500,053.50,14.32,046.16,0,063.12
00424,000212000,054.00,14.32,025.38,0,063.33
00425,000212500,054.00,14.32,046.10,0,063.54
00426,000213000,054.00,14.33,046.82,0,063.75
00427,000213500,054.00,14.33,047.54,0,063.96
00428,000214000,054.00,14.33,048.27,0,064.17
00429,000214500,054.00,14.33,049.00,0,064.38
00430,000215000,054.00,14.33,049.73,0,064.58
00431,000215500,055.00,14.34,007.45,0,064.79
00432,000216000,055.00,14.34,048.18,0,065.00
00433,000216500,055.00,14.34,048.91,0,065.21
00434,000217000,054.50,14.35,071.14,0,065.42
00435,000217500,054.50,14.35,051.88,0,065.62
00436,000218000,054.50,14.33,052.61,0,065.83
00437,000218500,054.50,14.33,053.35,0,066.04
00438,000219000,054.50,14.33,054.10,0,066.25
00439,000219500,054.75,14.34,044.09,0,066.46
00440,000220000,054.75,14.34,054.83,0,066.67
00441,000220500,054.50,14.32,066.33,0,066.88
00442,000221000,054.50,14.32,057.08,0,067.08
00443,000221500,055.50,14.31,014.83,0,067.29
00444,000222000,055.50,14.31,055.57,0,067.50
00445,000222500,055.50,14.31,056.32,0,067.71
00446,000223000,055.25,14.32,067.82,0,067.92
00447,000223500,055.25,14.32,058.57,0,068.12
00448,000224000,056.00,14.32,027.07,0,068.33
00449,000224500,056.00,14.32,057.82,0,068.54
00450,000225000,056.00,14.32,058.57,0,068.75
00451,000225500,056.25,14.31,048.58,0,068.96
00452,000226000,056.25,14.31,059.33,0,069.17
00453,000226500,056.25,14.32,060.09,0,069.38
00454,000227000,056.25,14.32,060.85,0,069.58
00455,000227500,057.00,14.32,029.35,0,069.79
00456,000228000,057.00,14.32,060.10,0,070.00
00457,000228500,057.00,14.32,060.86,0,070.21
00458,000229000,058.00,14.33,018.61,0,070.42
00459,000229500,058.00,14.33,059.36,0,070.62
00460,000230000,058.00,14.32,060.11,0,070.83
00461,000230500,058.00,14.32,060.87,0,071.04
00462,000231000,058.00,14.32,061.63,0,071.25
00463,000231500,058.75,14.35,030.13,0,071.46
00464,000232000,058.75,14.35,060.88,0,071.67
00465,000232500,059.00,14.33,050.89,0,071.88
00466,000233000,059.00,14.33,061.64,0,072.08
00467,000233500,059.00,14.33,062.40,0,072.29
00468,000234000,059.75,14.35,030.90,0,072.50
00469,000234500,059.75,14.35,061.66,0,072.71
00470,000235000,060.75,14.34,019.40,0,072.92
00471,000235500,060.75,14.34,060.15,0,073.12
00472,000236000,060.75,14.34,060.90,0,073.33
00473,000236500,060.75,14.34,061.66,0,073.54
00474,000237000,060.75,14.34,062.41,0,073.75
00475,000237500,061.50,14.33,030.91,0,073.96
00476,000238000,061.50,14.33,061.66,0,074.17
00477,000238500,062.00,14.34,040.91,0,074.38
00478,000239000,062.00,14.34,061.66,0,074.58
00479,000239500,062.00,14.34,062.42,0,074.79
00480,000240000,063.00,14.34,020.16,0,075.00
00481,000240500,063.00,14.34,062.70,0,075.25
00482,000241000,063.00,14.34,063.58,0,075.50
00483,000241500,063.00,14.34,064.45,0,075.75
00484,000242000,063.00,14.34,065.33,0,076.00
00485,000242500,063.00,14.34,066.22,0,076.25
00486,000243000,063.00,14.34,067.10,0,076.50
00487,000243500,064.00,14.32,024.98,0,076.75
00488,000244000,064.00,14.32,065.86,0,077.00
00489,000244500,064.75,14.33,034.48,0,077.25
00490,000245000,064.75,14.33,065.36,0,077.50
00491,000245500,064.75,14.33,066.24,0,077.75
00492,000246000,065.00,14.31,056.37,0,078.00
00493,000246500,065.00,14.31,067.25,0,078.25
00494,000247000,065.50,14.32,046.63,0,078.50
00495,000247500,065.50,14.32,067.52,0,078.75
00496,000248000,065.50,14.32,068.40,0,079.00
00497,000248500,066.50,14.31,026.28,0,079.25
00498,000249000,066.50,14.31,067.16,0,079.50
00499,000249500,066.75,14.32,057.29,0,079.75
00500,000250000,066.75,14.32,068.17,0,080.00
00501,000250500,067.00,14.30,058.30,0,080.25
00502,000251000,067.00,14.30,069.19,0,080.50
00503,000251500,067.00,14.30,070.08,0,080.75
00504,000252000,068.25,14.30,017.20,0,081.00
00505,000252500,068.25,14.30,068.08,0,081.25
00506,000253000,068.25,14.29,068.97,0,081.50
00507,000253500,068.25,14.29,069.85,0,081.75
00508,000254000,068.25,14.29,070.74,0,082.00
00509,000254500,069.25,14.29,028.62,0,082.25
00510,000255000,069.25,14.29,069.50,0,082.50
00511,000255500,070.00,14.28,038.13,0,082.75
00512,000256000,070.00,14.28,069.01,0,083.00
00513,000256500,070.00,14.28,069.89,0,083.25
00514,000257000,070.50,14.28,049.27,0,083.50
00515,000257500,070.50,14.28,070.15,0,083.75
00516,000258000,070.50,14.28,071.04,0,084.00
00517,000258500,070.50,14.28,071.92,0,084.25
00518,000259000,072.00,14.26,008.30,0,084.50
00519,000259500,072.00,14.26,069.18,0,084.75
00520,000260000,072.00,14.26,070.06,0,085.00
00521,000260500,073.00,14.26,027.93,0,085.25
00522,000261000,073.00,14.26,068.81,0,085.50
00523,000261500,073.00,14.26,069.68,0,085.75
00524,000262000,073.00,14.26,070.56,0,086.00
00525,000262500,073.00,14.26,071.44,0,086.25
00526,000263000,073.50,14.25,050.83,0,086.50
00527,000263500,073.50,14.25,071.71,0,086.75
00528,000264000,073.75,14.24,061.84,0,087.00
00529,000264500,073.75,14.24,072.72,0,087.25
00530,000265000,075.00,14.25,019.85,0,087.50
00531,000265500,075.00,14.25,070.73,0,087.75
00532,000266000,075.00,14.25,071.61,0,088.00
00533,000266500,076.25,14.24,018.73,0,088.25
00534,000267000,076.25,14.24,069.60,0,088.50
00535,000267500,076.25,14.23,070.47,0,088.75
00536,000268000,076.25,14.23,071.35,0,089.00
00537,000268500,076.25,14.23,072.23,0,089.25
00538,000269000,077.00,14.22,040.86,0,089.50
00539,000269500,077.00,14.22,071.73,0,089.75
00540,000270000,077.00,14.21,072.62,0,090.00
00541,000270500,077.00,14.21,073.50,0,090.25
00542,000271000,077.00,14.21,074.38,0,090.50
00543,000271500,077.00,14.21,075.27,0,090.75
00544,000272000,077.00,14.21,076.16,0,091.00
00545,000272500,079.00,14.21,000.00,0,091.25
00546,000273000,079.00,14.21,071.91,0,091.50
00547,000273500,079.50,14.19,051.28,0,091.75
00548,000274000,079.50,14.19,072.16,0,092.00
00549,000274500,079.50,14.19,073.03,0,092.25
00550,000275000,080.00,14.19,052.41,0,092.50
00551,000275500,080.00,14.19,073.28,0,092.75
00552,000276000,080.25,14.19,063.41,0,093.00
00553,000276500,080.25,14.19,074.29,0,093.25
00554,000277000,080.25,14.19,075.17,0,093.50
00555,000277500,081.25,14.17,033.05,0,093.75
00556,000278000,081.25,14.17,073.93,0,094.00
00557,000278500,081.00,14.18,085.56,0,094.25
00558,000279000,081.00,14.18,076.44,0,094.50
00559,000279500,081.25,14.17,066.58,0,094.75
00560,000280000,081.25,14.17,077.47,0,095.00
00561,000280500,081.25,14.17,078.36,0,095.25
00562,000281000,082.00,14.17,046.99,0,095.50
00563,000281500,082.00,14.17,077.88,0,095.75
00564,000282000,082.00,14.16,078.77,0,096.00
00565,000282500,082.00,14.16,079.66,0,096.25
00566,000283000,082.00,14.16,080.56,0,096.50
00567,000283500,082.50,14.16,059.95,0,096.75
00568,000284000,082.50,14.16,080.84,0,097.00
00569,000284500,083.00,14.14,060.24,0,097.25
00570,000285000,083.00,14.14,081.13,0,097.50
00571,000285500,083.00,14.14,082.03,0,097.75
00572,000286000,083.50,14.14,061.42,0,098.00
00573,000286500,083.50,14.14,082.32,0,098.25
00574,000287000,084.50,14.14,040.21,0,098.50
00575,000287500,084.50,14.14,081.11,0,098.75
00576,000288000,085.00,14.13,060.50,0,099.00
00577,000288500,085.00,14.13,081.39,0,099.25
00578,000289000,085.00,14.13,082.28,0,099.50
00579,000289500,086.75,14.11,007.91,0,099.75
00580,000290000,086.75,14.11,078.80,0,100.00
00581,000290500,087.75,14.12,036.67,0,100.25
00582,000291000,087.75,14.12,077.55,0,100.50
00583,000291500,087.75,14.12,078.43,0,100.75
00584,000292000,089.00,14.11,025.55,0,101.00
00585,000292500,089.00,14.11,076.42,0,101.25
00586,000293000,089.50,14.11,055.79,0,101.50
00587,000293500,089.50,14.11,076.66,0,101.75
00588,000294000,089.50,14.11,077.54,0,102.00
00589,000294500,089.25,14.11,089.17,0,102.25
00590,000295000,089.25,14.11,080.05,0,102.50
00591,000295500,090.75,14.10,016.42,0,102.75
00592,000296000,090.75,14.10,077.29,0,103.00
00593,000296500,091.00,14.10,067.41,0,103.25
00594,000297000,091.00,14.10,078.29,0,103.50
00595,000297500,091.00,14.10,079.17,0,103.75
00596,000298000,093.50,14.10,000.00,0,104.00
00597,000298500,093.50,14.10,073.38,0,104.25
00598,000299000,094.50,14.11,031.23,0,104.50
00599,000299500,094.50,14.11,072.08,0,104.75
00600,000300000,094.50,14.11,072.94,0,105.00
00601,000300500,095.25,14.09,043.33,0,105.29
00602,000301000,095.25,14.09,074.31,0,105.58
00603,000301500,095.75,14.10,053.78,0,105.88
00604,000302000,095.75,14.10,074.76,0,106.17
00605,000302500,096.25,14.11,054.24,0,106.46
00606,000303000,096.25,14.11,075.22,0,106.75
00607,000303500,096.25,14.11,076.20,0,107.04
00608,000304000,096.50,14.10,066.44,0,107.33
00609,000304500,096.50,14.10,077.42,0,107.62
00610,000305000,097.25,14.10,046.15,0,107.92
00611,000305500,097.25,14.10,077.14,0,108.21
00612,000306000,097.25,14.10,078.13,0,108.50
00613,000306500,097.75,14.09,057.61,0,108.79
00614,000307000,097.75,14.09,078.60,0,109.08
00615,000307500,098.50,14.08,047.33,0,109.38
00616,000308000,098.50,14.08,078.32,0,109.67
00617,000308500,098.50,14.08,079.31,0,109.96
00618,000309000,098.25,14.08,091.06,0,110.25
00619,000309500,098.25,14.08,082.05,0,110.54
00620,000310000,099.25,14.07,040.04,0,110.83
00621,000310500,099.25,14.07,081.04,0,111.12
00622,000311000,098.50,14.07,100.00,0,111.42
00623,000311500,098.50,14.07,085.30,0,111.71
00624,000312000,098.50,14.07,086.31,0,112.00
00625,000312500,099.25,14.07,055.06,0,112.29
00626,000313000,099.25,14.07,086.07,0,112.58
00627,000313500,101.50,14.07,000.00,0,112.88
00628,000314000,101.50,14.07,081.30,0,113.17
00629,000314500,101.50,14.07,082.30,0,113.46
00630,000315000,103.00,14.07,018.78,0,113.75
00631,000315500,103.00,14.07,079.77,0,114.04
00632,000316000,103.50,14.06,059.25,0,114.33
00633,000316500,103.50,14.06,080.24,0,114.62
00634,000317000,104.75,14.07,027.46,0,114.92
00635,000317500,104.75,14.07,078.44,0,115.21
00636,000318000,104.75,14.07,079.42,0,115.50
00637,000318500,104.75,14.08,080.41,0,115.79
00638,000319000,104.75,14.08,081.40,0,116.08
00639,000319500,106.25,14.06,017.87,0,116.38
00640,000320000,106.25,14.06,078.85,0,116.67
00641,000320500,106.25,14.06,079.84,0,116.96
00642,000321000,106.50,14.06,070.07,0,117.25
00643,000321500,106.50,14.06,081.05,0,117.54
00644,000322000,107.50,14.06,039.03,0,117.83
00645,000322500,107.50,14.06,080.01,0,118.12
00646,000323000,107.50,14.06,081.00,0,118.42
00647,000323500,110.25,14.07,000.00,0,118.71
00648,000324000,110.25,14.07,074.67,0,119.00
00649,000324500,112.00,14.06,000.37,0,119.29
00650,000325000,112.00,14.06,071.32,0,119.58
00651,000325500,114.00,14.06,000.00,0,119.88
00652,000326000,114.00,14.06,067.19,0,120.17
00653,000326500,114.00,14.06,068.13,0,120.46
00654,000327000,115.25,14.08,015.31,0,120.75
00655,000327500,115.25,14.08,066.24,0,121.04
00656,000328000,116.75,14.07,002.66,0,121.33
00657,000328500,116.75,14.07,063.59,0,121.62
00658,000329000,116.75,14.07,064.51,0,121.92
00659,000329500,117.75,14.06,022.43,0,122.21
00660,000330000,117.75,14.06,063.35,0,122.50
00661,000330500,118.25,14.05,042.77,0,122.79
00662,000331000,118.25,14.05,063.70,0,123.08
00663,000331500,118.25,14.05,064.62,0,123.38
00664,000332000,118.25,14.05,065.55,0,123.67
00665,000332500,118.25,14.05,066.49,0,123.96
00666,000333000,119.50,14.04,013.66,0,124.25
00667,000333500,119.50,14.04,064.58,0,124.54
00668,000334000,120.00,14.04,044.01,0,124.83
00669,000334500,120.00,14.04,064.93,0,125.12
00670,000335000,120.00,14.04,065.86,0,125.42
00671,000335500,119.50,14.03,088.30,0,125.71
00672,000336000,119.50,14.03,069.24,0,126.00
00673,000336500,120.00,14.04,048.68,0,126.29
00674,000337000,120.00,14.04,069.62,0,126.58
00675,000337500,120.00,14.04,070.56,0,126.88
00676,000338000,120.25,14.04,060.76,0,127.17
00677,000338500,120.25,14.04,071.70,0,127.46
00678,000339000,122.00,14.05,000.00,0,127.75
00679,000339500,122.00,14.05,068.32,0,128.04
00680,000340000,121.50,14.06,090.76,0,128.33
00681,000340500,121.50,14.06,071.71,0,128.62
00682,000341000,121.50,14.06,072.66,0,128.92
00683,000341500,123.25,14.07,000.00,0,129.21
00684,000342000,123.25,14.07,069.28,0,129.50
00685,000342500,124.00,14.08,037.96,0,129.79
00686,000343000,124.00,14.08,068.90,0,130.08
00687,000343500,124.00,14.08,069.84,0,130.38
00688,000344000,124.00,14.09,070.78,0,130.67
00689,000344500,124.00,14.09,071.73,0,130.96
00690,000345000,124.50,14.10,051.17,0,131.25
00691,000345500,124.50,14.10,072.11,0,131.54
00692,000346000,125.75,14.09,019.30,0,131.83
00693,000346500,125.75,14.09,070.24,0,132.12
00694,000347000,125.75,14.09,071.18,0,132.42
00695,000347500,124.50,14.10,100.00,0,132.71
00696,000348000,124.50,14.10,076.85,0,133.00
00697,000348500,125.25,14.10,045.55,0,133.29
00698,000349000,125.25,14.10,076.51,0,133.58
00699,000349500,125.25,14.10,077.47,0,133.88
00700,000350000,125.50,14.09,067.68,0,134.17
00701,000350500,125.50,14.09,078.65,0,134.46
00702,000351000,127.25,14.09,004.35,0,134.75
00703,000351500,127.25,14.09,075.30,0,135.04
00704,000352000,127.25,14.09,076.26,0,135.33
00705,000352500,127.75,14.09,055.71,0,135.62
00706,000353000,127.75,14.09,076.67,0,135.92
00707,000353500,128.50,14.08,045.37,0,136.21
00708,000354000,128.50,14.08,076.32,0,136.50
00709,000354500,129.50,14.09,034.27,0,136.79
00710,000355000,129.50,14.09,075.22,0,137.08
00711,000355500,129.50,14.09,076.18,0,137.38
00712,000356000,129.75,14.08,066.38,0,137.67
00713,000356500,129.75,14.08,077.34,0,137.96
00714,000357000,129.75,14.08,078.30,0,138.25
00715,000357500,129.75,14.08,079.26,0,138.54
00716,000358000,129.75,14.08,080.23,0,138.83
00717,000358500,130.50,14.09,048.94,0,139.12
00718,000359000,130.50,14.09,079.90,0,139.42
00719,000359500,130.75,14.09,070.12,0,139.71
00720,000360000,130.75,14.09,081.08,0,140.00
00721,000360500,130.75,14.09,076.68,0,140.17
00722,000361000,131.50,14.10,045.02,0,140.33
00723,000361500,131.50,14.10,075.61,0,140.50
00724,000362000,132.00,14.11,054.69,0,140.67
00725,000362500,132.00,14.11,075.28,0,140.83
00726,000363000,132.50,14.13,054.37,0,141.00
00727,000363500,132.50,14.13,074.95,0,141.17
00728,000364000,132.50,14.13,075.54,0,141.33
00729,000364500,133.00,14.14,054.63,0,141.50
00730,000365000,133.00,14.14,075.21,0,141.67
00731,000365500,133.75,14.14,043.54,0,141.83
00732,000366000,133.75,14.14,074.13,0,142.00
00733,000366500,133.75,14.14,074.71,0,142.17
00734,000367000,134.25,14.15,053.79,0,142.33
00735,000367500,134.25,14.15,074.37,0,142.50
00736,000368000,134.75,14.16,053.45,0,142.67
00737,000368500,134.75,14.16,074.03,0,142.83
00738,000369000,136.00,14.16,020.85,0,143.00
00739,000369500,136.00,14.16,071.43,0,143.17
00740,000370000,136.00,14.16,072.00,0,143.33
00741,000370500,136.75,14.18,040.32,0,143.50
00742,000371000,136.75,14.18,070.89,0,143.67
00743,000371500,137.25,14.19,049.95,0,143.83
00744,000372000,137.25,14.19,070.52,0,144.00
00745,000372500,137.25,14.19,071.09,0,144.17
00746,000373000,137.25,14.19,071.66,0,144.33
00747,000373500,137.25,14.19,072.23,0,144.50
00748,000374000,138.25,14.20,029.80,0,144.67
00749,000374500,138.25,14.20,070.36,0,144.83
00750,000375000,138.25,14.20,070.93,0,145.00
00751,000375500,138.00,14.22,082.25,0,145.17
00752,000376000,138.00,14.22,072.82,0,145.33
00753,000376500,139.00,14.23,030.39,0,145.50
00754,000377000,139.00,14.23,070.96,0,145.67
00755,000377500,139.00,14.25,071.52,0,145.83
00756,000378000,139.00,14.25,072.09,0,146.00
00757,000378500,139.00,14.25,072.67,0,146.17
00758,000379000,140.75,14.26,000.00,0,146.33
00759,000379500,140.75,14.26,068.53,0,146.50
00760,000380000,141.25,14.28,047.58,0,146.67
00761,000380500,141.25,14.28,068.14,0,146.83
00762,000381000,141.25,14.28,068.70,0,147.00
00763,000381500,142.50,14.30,015.49,0,147.17
00764,000382000,142.50,14.30,066.04,0,147.33
00765,000382500,142.00,14.30,088.10,0,147.50
00766,000383000,142.00,14.30,068.65,0,147.67
00767,000383500,142.00,14.33,069.21,0,147.83
00768,000384000,142.00,14.33,069.77,0,148.00
00769,000384500,142.00,14.33,070.33,0,148.17
00770,000385000,141.50,14.33,092.40,0,148.33
00771,000385500,141.50,14.33,072.97,0,148.50
00772,000386000,142.50,14.36,030.53,0,148.67
00773,000386500,142.50,14.36,071.10,0,148.83
00774,000387000,142.50,14.36,071.66,0,149.00
00775,000387500,142.50,14.37,072.23,0,149.17
00776,000388000,142.50,14.37,072.80,0,149.33
00777,000388500,143.25,14.37,041.11,0,149.50
00778,000389000,143.25,14.37,071.67,0,149.67
00779,000389500,143.25,14.37,072.24,0,149.83
00780,000390000,144.50,14.39,019.04,0,150.00
00781,000390500,144.50,14.39,069.60,0,150.17
00782,000391000,144.75,14.39,059.41,0,150.33
00783,000391500,144.75,14.39,069.96,0,150.50
00784,000392000,144.25,14.40,092.03,0,150.67
00785,000392500,144.25,14.40,072.59,0,150.83
00786,000393000,144.25,14.40,073.16,0,151.00
00787,000393500,145.00,14.40,041.47,0,151.17
00788,000394000,145.00,14.40,072.04,0,151.33
00789,000394500,146.50,14.40,008.09,0,151.50
00790,000395000,146.50,14.40,068.64,0,151.67
00791,000395500,146.50,14.40,069.19,0,151.83
00792,000396000,147.25,14.42,037.49,0,152.00
00793,000396500,147.25,14.42,068.04,0,152.17
00794,000397000,148.00,14.41,036.33,0,152.33
00795,000397500,148.00,14.41,066.88,0,152.50
00796,000398000,149.50,14.41,002.91,0,152.67
00797,000398500,149.50,14.41,063.44,0,152.83
00798,000399000,149.50,14.41,063.98,0,153.00
00799,000399500,150.25,14.40,032.26,0,153.17
00800,000400000,150.25,14.40,062.79,0,153.33
00801,000400500,151.00,14.40,031.06,0,153.50
00802,000401000,151.00,14.40,061.59,0,153.67
00803,000401500,151.00,14.40,062.12,0,153.83
00804,000402000,151.50,14.41,041.14,0,154.00
00805,000402500,151.50,14.41,061.67,0,154.17
00806,000403000,152.00,14.39,040.69,0,154.33
00807,000403500,152.00,14.39,061.22,0,154.50
00808,000404000,152.00,14.39,061.74,0,154.67
00809,000404500,152.25,14.39,051.52,0,154.83
00810,000405000,152.25,14.39,062.05,0,155.00
00811,000405500,152.00,14.37,073.33,0,155.17
00812,000406000,152.00,14.37,063.86,0,155.33
00813,000406500,153.00,14.37,021.39,0,155.50
00814,000407000,153.00,14.37,061.91,0,155.67
00815,000407500,153.00,14.37,062.44,0,155.83
00816,000408000,153.25,14.36,052.22,0,156.00
00817,000408500,153.25,14.36,062.75,0,156.17
00818,000409000,154.00,14.36,031.02,0,156.33
00819,000409500,154.00,14.36,061.55,0,156.50
00820,000410000,154.00,14.36,062.07,0,156.67
00821,000410500,153.00,14.36,100.00,0,156.83
00822,000411000,153.00,14.36,066.15,0,157.00
00823,000411500,154.25,14.34,012.93,0,157.17
00824,000412000,154.25,14.34,063.46,0,157.33
00825,000412500,154.25,14.34,063.99,0,157.50
00826,000413000,154.25,14.35,064.53,0,157.67
00827,000413500,154.25,14.35,065.06,0,157.83
00828,000414000,154.50,14.33,054.85,0,158.00
00829,000414500,154.50,14.33,065.39,0,158.17
00830,000415000,153.50,14.33,100.00,0,158.33
00831,000415500,153.50,14.33,069.48,0,158.50
00832,000416000,153.50,14.33,070.04,0,158.67
00833,000416500,154.00,14.32,049.08,0,158.83
00834,000417000,154.00,14.32,069.63,0,159.00
00835,000417500,154.50,14.32,048.68,0,159.17
00836,000418000,154.50,14.32,069.23,0,159.33
00837,000418500,154.50,14.32,069.78,0,159.50
00838,000419000,155.00,14.30,048.83,0,159.67
00839,000419500,155.00,14.30,069.37,0,159.83
00840,000420000,153.75,14.30,100.00,0,160.00
00841,000420500,153.75,14.30,074.25,0,160.17
00842,000421000,152.75,14.29,100.00,0,160.33
00843,000421500,152.75,14.29,078.40,0,160.50
00844,000422000,152.75,14.29,078.98,0,160.67
00845,000422500,152.75,14.28,079.56,0,160.83
00846,000423000,152.75,14.28,080.15,0,161.00
00847,000423500,153.00,14.27,069.98,0,161.17
00848,000424000,153.00,14.27,080.56,0,161.33
00849,000424500,153.00,14.27,081.15,0,161.50
00850,000425000,154.00,14.25,038.72,0,161.67
00851,000425500,154.00,14.25,079.30,0,161.83
00852,000426000,155.25,14.26,026.12,0,162.00
00853,000426500,155.25,14.26,076.69,0,162.17
00854,000427000,155.25,14.26,077.26,0,162.33
00855,000427500,155.50,14.26,067.08,0,162.50
00856,000428000,155.50,14.26,077.65,0,162.67
00857,000428500,157.50,14.25,000.00,0,162.83
00858,000429000,157.50,14.25,072.76,0,163.00
00859,000429500,159.00,14.24,008.80,0,163.17
00860,000430000,159.00,14.24,069.34,0,163.33
00861,000430500,159.00,14.24,069.89,0,163.50
00862,000431000,158.50,14.23,091.94,0,163.67
00863,000431500,158.50,14.23,072.49,0,163.83
00864,000432000,159.25,14.24,040.79,0,164.00
00865,000432500,159.25,14.24,071.34,0,164.17
00866,000433000,159.25,14.24,071.89,0,164.33
00867,000433500,159.50,14.24,061.69,0,164.50
00868,000434000,159.50,14.24,072.24,0,164.67
00869,000434500,160.75,14.24,019.03,0,164.83
00870,000435000,160.75,14.24,069.58,0,165.00
00871,000435500,161.50,14.21,037.86,0,165.17
00872,000436000,161.50,14.21,068.40,0,165.33
00873,000436500,161.50,14.21,068.94,0,165.50
00874,000437000,162.00,14.23,047.98,0,165.67
00875,000437500,162.00,14.23,068.52,0,165.83
00876,000438000,162.25,14.22,058.30,0,166.00
00877,000438500,162.25,14.22,068.84,0,166.17
00878,000439000,162.25,14.22,069.38,0,166.33
00879,000439500,162.25,14.22,069.93,0,166.50
00880,000440000,162.25,14.22,070.47,0,166.67
00881,000440500,160.75,14.23,100.00,0,166.83
00882,000441000,160.75,14.23,076.09,0,167.00
00883,000441500,160.75,14.23,076.66,0,167.17
00884,000442000,161.00,14.20,066.47,0,167.33
00885,000442500,161.00,14.20,077.04,0,167.50
00886,000443000,162.50,14.21,013.09,0,167.67
00887,000443500,162.50,14.21,073.64,0,167.83
00888,000444000,163.50,14.21,031.19,0,168.00
00889,000444500,163.50,14.21,071.73,0,168.17
00890,000445000,163.50,14.21,072.28,0,168.33
00891,000445500,164.25,14.21,040.57,0,168.50
00892,000446000,164.25,14.21,071.12,0,168.67
00893,000446500,164.00,14.21,082.42,0,168.83
00894,000447000,164.00,14.21,072.97,0,169.00
00895,000447500,164.00,14.21,073.52,0,169.17
00896,000448000,162.75,14.21,100.00,0,169.33
00897,000448500,162.75,14.21,078.40,0,169.50
00898,000449000,162.00,14.21,100.00,0,169.67
00899,000449500,162.00,14.21,081.81,0,169.83
00900,000450000,162.00,14.23,082.39,0,170.00
00901,000450500,162.00,14.23,082.97,0,170.17
00902,000451000,162.00,14.23,083.55,0,170.33
00903,000451500,161.00,14.25,100.00,0,170.50
00904,000452000,161.00,14.25,087.74,0,170.67
00905,000452500,161.50,14.27,066.84,0,170.83
00906,000453000,161.50,14.27,087.43,0,171.00
00907,000453500,161.50,14.27,088.03,0,171.17
00908,000454000,161.25,14.29,099.38,0,171.33
00909,000454500,161.25,14.29,089.98,0,171.50
00910,000455000,161.25,14.29,090.59,0,171.67
00911,000455500,161.25,14.29,091.19,0,171.83
00912,000456000,161.25,14.29,091.80,0,172.00
00913,000456500,163.25,14.30,006.39,0,172.17
00914,000457000,163.25,14.30,086.98,0,172.33
00915,000457500,163.50,14.32,076.82,0,172.50
00916,000458000,163.50,14.32,087.41,0,172.67
00917,000458500,163.50,14.32,088.00,0,172.83
00918,000459000,163.50,14.32,088.60,0,173.00
00919,000459500,163.50,14.32,089.20,0,173.17
00920,000460000,163.75,14.34,079.04,0,173.33
00921,000460500,163.75,14.34,089.64,0,173.50
00922,000461000,162.25,14.36,100.00,0,173.67
00923,000461500,162.25,14.36,095.37,0,173.83
00924,000462000,162.25,14.36,095.99,0,174.00
00925,000462500,164.00,14.37,021.34,0,174.17
00926,000463000,164.00,14.37,091.94,0,174.33
00927,000463500,164.75,14.37,060.29,0,174.50
00928,000464000,164.75,14.37,090.89,0,174.67
00929,000464500,164.75,14.37,091.49,0,174.83
00930,000465000,165.50,14.39,059.83,0,175.00
00931,000465500,165.50,14.39,090.43,0,175.17
00932,000466000,166.25,14.39,058.77,0,175.33
00933,000466500,166.25,14.39,089.36,0,175.50
00934,000467000,167.50,14.41,036.20,0,175.67
00935,000467500,167.50,14.41,086.78,0,175.83
00936,000468000,167.50,14.41,087.36,0,176.00
00937,000468500,168.00,14.42,066.45,0,176.17
00938,000469000,168.00,14.42,087.03,0,176.33
00939,000469500,168.50,14.43,066.11,0,176.50
00940,000470000,168.50,14.43,086.69,0,176.67
00941,000470500,168.50,14.43,087.27,0,176.83
00942,000471000,168.25,14.43,098.61,0,177.00
00943,000471500,168.25,14.43,089.20,0,177.17
00944,000472000,167.50,14.46,100.00,0,177.33
00945,000472500,167.50,14.46,092.65,0,177.50
00946,000473000,170.00,14.48,000.00,0,177.67
00947,000473500,170.00,14.48,086.30,0,177.83
00948,000474000,170.00,14.48,086.88,0,178.00
00949,000474500,171.00,14.52,044.46,0,178.17
00950,000475000,171.00,14.52,085.03,0,178.33
00951,000475500,172.00,14.53,042.59,0,178.50
00952,000476000,172.00,14.53,083.16,0,178.67
00953,000476500,172.00,14.53,083.73,0,178.83
00954,000477000,172.25,14.53,073.55,0,179.00
00955,000477500,172.25,14.53,084.12,0,179.17
00956,000478000,174.00,14.56,009.42,0,179.33
00957,000478500,174.00,14.56,079.97,0,179.50
00958,000479000,174.00,14.56,080.53,0,179.67
00959,000479500,174.75,14.58,048.83,0,179.83
00960,000480000,174.75,14.58,079.38,0,180.00
00961,000480500,176.00,14.59,019.01,0,180.00
00962,000481000,176.00,14.59,069.05,0,180.00
00963,000481500,176.25,14.62,058.34,0,180.00
00964,000482000,176.25,14.62,068.37,0,180.00
00965,000482500,176.25,14.62,068.41,0,180.00
00966,000483000,176.75,14.64,046.94,0,180.00
00967,000483500,176.75,14.64,066.97,0,180.00
00968,000484000,177.25,14.65,045.50,0,180.00
00969,000484500,177.25,14.65,065.53,0,180.00
00970,000485000,177.25,14.65,065.56,0,180.00
00971,000485500,178.50,14.67,011.82,0,180.00
00972,000486000,178.50,14.67,061.84,0,180.00
00973,000486500,178.75,14.68,051.10,0,180.00
00974,000487000,178.75,14.68,061.11,0,180.00
00975,000487500,180.25,14.68,000.00,0,180.00
00976,000488000,180.25,14.68,056.61,0,180.00
00977,000488500,180.25,14.68,056.61,0,180.00
00978,000489000,181.25,14.70,013.59,0,180.00
00979,000489500,181.25,14.70,053.58,0,180.00
00980,000490000,181.75,14.71,032.06,0,180.00
00981,000490500,181.75,14.71,080.72,0,180.67
00982,000491000,181.75,14.71,082.71,0,181.33
00983,000491500,182.25,14.72,063.21,0,182.00
00984,000492000,182.25,14.72,085.22,0,182.67
00985,000492500,182.25,14.71,087.23,0,183.33
00986,000493000,182.25,14.71,089.24,0,184.00
00987,000493500,182.25,14.71,091.27,0,184.67
00988,000494000,182.75,14.73,071.79,0,185.33
00989,000494500,182.75,14.73,093.83,0,186.00
00990,000495000,182.75,14.73,095.87,0,186.67
00991,000495500,182.75,14.73,097.91,0,187.33
00992,000496000,183.50,14.73,067.71,0,188.00
00993,000496500,183.50,14.73,099.76,0,188.67
00994,000497000,183.50,14.73,100.00,0,189.33
00995,000497500,184.00,14.76,082.38,0,190.00
00996,000498000,184.00,14.76,100.00,0,190.67
00997,000498500,183.75,14.75,100.00,0,191.33
00998,000499000,183.75,14.75,100.00,0,192.00
00999,000499500,183.75,14.75,100.00,0,192.67
01000,000500000,183.75,14.77,100.00,0,193.33
01001,000500500,183.75,14.77,100.00,0,194.00
01002,000501000,184.00,14.77,100.00,0,194.67
01003,000501500,184.00,14.77,100.00,0,195.33
01004,000502000,184.50,14.80,099.72,0,196.00
01005,000502500,184.50,14.80,100.00,0,196.67
01006,000503000,184.50,14.80,100.00,0,197.33
01007,000503500,184.25,14.81,100.00,0,198.00
01008,000504000,184.25,14.81,100.00,0,198.67
01009,000504500,184.50,14.81,100.00,0,199.33
01010,000505000,184.50,14.81,100.00,0,200.00
01011,000505500,184.50,14.81,100.00,0,200.67
01012,000506000,185.50,14.83,093.88,0,201.33
01013,000506500,185.50,14.83,100.00,0,202.00
01014,000507000,185.50,14.84,100.00,0,202.67
01015,000507500,185.50,14.84,100.00,0,203.33
01016,000508000,185.50,14.84,100.00,0,204.00
01017,000508500,186.75,14.85,091.01,0,204.67
01018,000509000,186.75,14.85,100.00,0,205.33
01019,000509500,187.00,14.88,100.00,0,206.00
01020,000510000,187.00,14.88,100.00,0,206.67
01021,000510500,186.50,14.88,100.00,0,207.33
01022,000511000,186.50,14.88,100.00,0,208.00
01023,000511500,186.50,14.88,100.00,0,208.67
01024,000512000,188.25,14.90,081.94,0,209.33
01025,000512500,188.25,14.90,100.00,0,210.00
01026,000513000,188.75,14.91,100.00,0,210.67
01027,000513500,188.75,14.91,100.00,0,211.33
01028,000514000,188.75,14.91,100.00,0,212.00
01029,000514500,189.00,14.93,100.00,0,212.67
01030,000515000,189.00,14.93,100.00,0,213.33
01031,000515500,190.25,14.94,100.00,0,214.00
01032,000516000,190.25,14.94,100.00,0,214.67
01033,000516500,191.00,14.95,100.00,0,215.33
01034,000517000,191.00,14.95,100.00,0,216.00
01035,000517500,191.00,14.95,100.00,0,216.67
01036,000518000,191.25,14.95,100.00,0,217.33
01037,000518500,191.25,14.95,100.00,0,218.00
01038,000519000,191.50,14.96,100.00,0,218.67
01039,000519500,191.50,14.96,100.00,0,219.33
01040,000520000,191.50,14.96,100.00,0,220.00
01041,000520500,191.75,14.96,100.00,0,220.67
01042,000521000,191.75,14.96,100.00,0,221.33
01043,000521500,193.25,14.97,100.00,0,222.00
01044,000522000,193.25,14.97,100.00,0,222.67
01045,000522500,193.25,14.97,100.00,0,223.33
01046,000523000,193.00,14.98,100.00,0,224.00
01047,000523500,193.00,14.98,100.00,0,224.67
01048,000524000,194.00,14.98,100.00,0,225.33
01049,000524500,194.00,14.98,100.00,0,226.00
01050,000525000,194.00,15.00,100.00,0,226.67
01051,000525500,194.00,15.00,100.00,0,227.33
01052,000526000,194.00,15.00,100.00,0,228.00
01053,000526500,195.50,15.00,100.00,0,228.67
01054,000527000,195.50,15.00,100.00,0,229.33
01055,000527500,196.25,15.01,100.00,0,230.00
01056,000528000,196.25,15.01,100.00,0,230.67
01057,000528500,196.25,15.01,100.00,0,231.33
01058,000529000,197.00,15.01,100.00,0,232.00
01059,000529500,197.00,15.01,100.00,0,232.67
01060,000530000,196.00,15.02,100.00,0,233.33
01061,000530500,196.00,15.02,100.00,0,234.00
01062,000531000,196.00,15.02,100.00,0,234.67
01063,000531500,195.75,15.03,100.00,0,235.33
01064,000532000,195.75,15.03,100.00,0,236.00
01065,000532500,196.75,15.03,100.00,0,236.67
01066,000533000,196.75,15.03,100.00,0,237.33
01067,000533500,195.75,15.05,100.00,0,238.00
01068,000534000,195.75,15.05,100.00,0,238.67
01069,000534500,195.75,15.05,100.00,0,239.33
01070,000535000,198.00,15.05,100.00,0,240.00
01071,000535500,198.00,15.05,100.00,0,240.67
01072,000536000,200.50,15.06,100.00,0,241.33
01073,000536500,200.50,15.06,100.00,0,242.00
01074,000537000,200.50,15.06,100.00,0,242.67
01075,000537500,201.50,15.07,100.00,0,243.33
01076,000538000,201.50,15.07,100.00,0,244.00
01077,000538500,202.00,15.06,100.00,0,244.67
01078,000539000,202.00,15.06,100.00,0,245.33
01079,000539500,203.00,15.06,100.00,0,246.00
01080,000540000,203.00,15.06,100.00,0,246.67
01081,000540500,203.00,15.06,100.00,0,247.33
01082,000541000,204.75,15.07,100.00,0,248.00
01083,000541500,204.75,15.07,100.00,0,248.67
01084,000542000,206.00,15.07,100.00,0,249.33
01085,000542500,206.00,15.07,100.00,0,250.00
01086,000543000,206.00,15.07,100.00,0,250.67
01087,000543500,206.75,15.08,100.00,0,251.33
01088,000544000,206.75,15.08,100.00,0,252.00
01089,000544500,207.50,15.05,100.00,0,252.67
01090,000545000,207.50,15.05,100.00,0,253.33
01091,000545500,207.50,15.05,100.00,0,254.00
01092,000546000,207.75,15.07,100.00,0,254.67
01093,000546500,207.75,15.07,100.00,0,255.33
01094,000547000,208.75,15.06,100.00,0,256.00
01095,000547500,208.75,15.06,100.00,0,256.67
01096,000548000,210.25,15.05,100.00,0,257.33
01097,000548500,210.25,15.05,100.00,0,258.00
01098,000549000,210.25,15.05,100.00,0,258.67
01099,000549500,210.25,15.04,100.00,0,259.33
01100,000550000,210.25,15.04,100.00,0,260.00
01101,000550500,211.75,15.05,100.00,0,260.00
01102,000551000,211.75,15.05,100.00,0,260.00
01103,000551500,211.75,15.05,100.00,0,260.00
01104,000552000,211.75,15.05,100.00,0,260.00
01105,000552500,211.75,15.05,100.00,0,260.00
01106,000553000,212.00,15.04,100.00,0,260.00
01107,000553500,212.00,15.04,100.00,0,260.00
01108,000554000,213.25,15.04,100.00,0,260.00
01109,000554500,213.25,15.04,100.00,0,260.00
01110,000555000,213.25,15.04,100.00,0,260.00
01111,000555500,214.25,15.02,100.00,0,260.00
01112,000556000,214.25,15.02,100.00,0,260.00
01113,000556500,215.75,15.03,100.00,0,260.00
01114,000557000,215.75,15.03,100.00,0,260.00
01115,000557500,215.75,15.03,100.00,0,260.00
01116,000558000,216.25,15.03,100.00,0,260.00
01117,000558500,216.25,15.03,100.00,0,260.00
01118,000559000,216.75,15.03,100.00,0,260.00
01119,000559500,216.75,15.03,100.00,0,260.00
01120,000560000,216.75,15.03,100.00,0,260.00
01121,000560500,217.75,15.03,100.00,0,260.00
01122,000561000,217.75,15.03,100.00,0,260.00
01123,000561500,219.25,15.04,100.00,0,260.00
01124,000562000,219.25,15.04,100.00,0,260.00
01125,000562500,220.25,15.04,100.00,0,260.00
01126,000563000,220.25,15.04,100.00,0,260.00
01127,000563500,220.25,15.04,100.00,0,260.00
01128,000564000,221.25,15.04,100.00,0,260.00
01129,000564500,221.25,15.04,100.00,0,260.00
01130,000565000,222.00,15.03,100.00,0,260.00
01131,000565500,222.00,15.03,100.00,0,260.00
01132,000566000,222.00,15.03,100.00,0,260.00
01133,000566500,222.25,15.04,100.00,0,260.00
01134,000567000,222.25,15.04,100.00,0,260.00
01135,000567500,222.50,15.05,100.00,0,260.00
01136,000568000,222.50,15.05,100.00,0,260.00
01137,000568500,223.50,15.05,100.00,0,260.00
01138,000569000,223.50,15.05,100.00,0,260.00
01139,000569500,223.50,15.05,100.00,0,260.00
01140,000570000,224.00,15.06,100.00,0,260.00
01141,000570500,224.00,15.06,100.00,0,258.93
01142,000571000,225.50,15.05,100.00,0,257.85
01143,000571500,225.50,15.05,100.00,0,256.77
01144,000572000,225.50,15.05,100.00,0,255.70
01145,000572500,226.25,15.06,100.00,0,254.62
01146,000573000,226.25,15.06,100.00,0,253.55
01147,000573500,226.50,15.05,100.00,0,252.47
01148,000574000,226.50,15.05,100.00,0,251.40
01149,000574500,226.50,15.05,100.00,0,250.32
01150,000575000,227.75,15.05,081.27,0,249.25
01151,000575500,227.75,15.05,100.00,0,248.18
01152,000576000,228.75,15.04,082.21,0,247.10
01153,000576500,228.75,15.04,100.00,0,246.03
01154,000577000,228.75,15.03,100.00,0,244.95
01155,000577500,228.75,15.03,100.00,0,243.88
01156,000578000,228.75,15.03,100.00,0,242.80
01157,000578500,228.75,15.02,100.00,0,241.72
01158,000579000,228.75,15.02,100.00,0,240.65
01159,000579500,229.00,15.02,089.86,0,239.57
01160,000580000,229.00,15.02,096.73,0,238.50
01161,000580500,229.00,15.02,093.59,0,237.43
01162,000581000,228.75,15.00,100.00,0,236.35
01163,000581500,228.75,15.00,088.03,0,235.28
01164,000582000,229.00,15.00,074.11,0,234.20
01165,000582500,229.00,15.00,080.93,0,233.12
01166,000583000,229.00,15.00,077.73,0,232.05
01167,000583500,228.50,14.99,096.03,0,230.97
01168,000584000,228.50,14.99,072.82,0,229.90
01169,000584500,228.75,14.99,058.85,0,228.82
01170,000585000,228.75,14.99,065.61,0,227.75
01171,000585500,230.00,14.98,008.60,0,226.68
01172,000586000,230.00,14.98,055.33,0,225.60
01173,000586500,230.00,14.98,052.05,0,224.53
01174,000587000,231.50,14.97,000.00,0,223.45
01175,000587500,231.50,14.97,040.93,0,222.38
01176,000588000,232.50,14.97,000.00,0,221.30
01177,000588500,232.50,14.97,031.25,0,220.22
01178,000589000,232.50,14.97,027.89,0,219.15
01179,000589500,233.25,14.97,000.00,0,218.07
01180,000590000,233.25,14.97,018.88,0,217.00
01181,000590500,233.75,14.97,000.00,0,215.30
01182,000591000,233.75,14.97,000.00,0,213.60
01183,000591500,233.50,14.96,000.00,0,211.90
01184,000592000,233.50,14.96,000.00,0,210.20
01185,000592500,233.50,14.96,000.00,0,208.50
01186,000593000,233.75,14.98,000.00,0,206.80
01187,000593500,233.75,14.98,000.00,0,205.10
01188,000594000,231.75,14.98,035.65,0,203.40
01189,000594500,231.75,14.98,000.00,0,201.70
01190,000595000,231.75,14.98,000.00,0,200.00
01191,000595500,231.25,14.97,000.00,0,198.00
01192,000596000,231.25,14.97,000.00,0,196.00
01193,000596500,230.00,14.98,000.00,0,194.00
01194,000597000,230.00,14.98,000.00,0,192.00
01195,000597500,230.00,14.98,000.00,0,190.00
01196,000598000,231.50,14.98,000.00,0,188.00
01197,000598500,231.50,14.98,000.00,0,186.00
01198,000599000,231.75,14.96,000.00,0,184.00
01199,000599500,231.75,14.96,000.00,0,182.00
01200,000600000,231.75,14.96,000.00,0,180.00
01201,000600500,231.75,14.96,000.00,0,178.92
01202,000601000,231.75,14.96,000.00,0,177.83
01203,000601500,229.75,14.96,000.00,0,176.75
01204,000602000,229.75,14.96,000.00,0,175.67
01205,000602500,229.25,14.95,000.00,0,174.58
01206,000603000,229.25,14.95,000.00,0,173.50
01207,000603500,229.25,14.95,000.00,0,172.42
01208,000604000,229.50,14.95,000.00,0,171.33
01209,000604500,229.50,14.95,000.00,0,170.25
01210,000605000,228.00,14.96,000.00,0,169.17
01211,000605500,228.00,14.96,000.00,0,168.08
01212,000606000,226.00,14.94,000.00,0,167.00
01213,000606500,226.00,14.94,000.00,0,165.92
01214,000607000,226.00,14.94,000.00,0,164.83
01215,000607500,228.00,14.96,000.00,0,163.75
01216,000608000,228.00,14.96,000.00,0,162.67
01217,000608500,222.25,14.94,098.66,0,161.58
01218,000609000,222.25,14.94,000.00,0,160.50
01219,000609500,222.25,14.94,000.00,0,159.42
01220,000610000,215.25,14.93,100.00,0,158.33
01221,000610500,215.25,14.93,000.00,0,157.25
01222,000611000,211.00,14.93,053.22,0,156.17
01223,000611500,211.00,14.93,000.00,0,155.08
01224,000612000,211.00,14.93,000.00,0,154.00
01225,000612500,207.75,14.92,011.54,0,152.92
01226,000613000,207.75,14.92,000.00,0,151.83
01227,000613500,206.25,14.91,000.00,0,150.75
01228,000614000,206.25,14.91,000.00,0,149.67
01229,000614500,202.00,14.91,053.58,0,148.58
01230,000615000,202.00,14.91,000.00,0,147.50
01231,000615500,202.00,14.91,000.00,0,146.42
01232,000616000,199.50,14.90,000.00,0,145.33
01233,000616500,199.50,14.90,000.00,0,144.25
01234,000617000,197.00,14.91,000.00,0,143.17
01235,000617500,197.00,14.91,000.00,0,142.08
01236,000618000,197.00,14.91,000.00,0,141.00
01237,000618500,194.25,14.91,000.00,0,139.92
01238,000619000,194.25,14.91,000.00,0,138.83
01239,000619500,190.50,14.90,030.11,0,137.75
01240,000620000,190.50,14.90,000.00,0,136.67
01241,000620500,188.25,14.91,000.00,0,135.58
01242,000621000,188.25,14.91,000.00,0,134.50
01243,000621500,188.25,14.91,000.00,0,133.42
01244,000622000,186.75,14.91,000.00,0,132.33
01245,000622500,186.75,14.91,000.00,0,131.25
01246,000623000,184.25,14.90,000.00,0,130.17
01247,000623500,184.25,14.90,000.00,0,129.08
01248,000624000,184.25,14.90,000.00,0,128.00
01249,000624500,180.75,14.88,011.42,0,126.92
01250,000625000,180.75,14.88,000.00,0,125.83
01251,000625500,177.75,14.88,000.00,0,124.75
01252,000626000,177.75,14.88,000.00,0,123.67
01253,000626500,177.75,14.88,000.00,0,122.58
01254,000627000,174.50,14.86,001.22,0,121.50
01255,000627500,174.50,14.86,000.00,0,120.42
01256,000628000,171.25,14.86,003.41,0,119.33
01257,000628500,171.25,14.86,000.00,0,118.25
01258,000629000,167.00,14.83,048.63,0,117.17
01259,000629500,167.00,14.83,000.00,0,116.08
01260,000630000,167.00,14.83,000.00,0,115.00
01261,000630500,167.25,14.83,000.00,0,113.92
01262,000631000,167.25,14.83,000.00,0,112.83
01263,000631500,165.50,14.83,000.00,0,111.75
01264,000632000,165.50,14.83,000.00,0,110.67
01265,000632500,165.50,14.83,000.00,0,109.58
01266,000633000,160.50,14.82,067.86,0,108.50
01267,000633500,160.50,14.82,000.00,0,107.42
01268,000634000,159.50,14.83,000.00,0,106.33
01269,000634500,159.50,14.83,000.00,0,105.25
01270,000635000,157.50,14.83,000.00,0,104.17
01271,000635500,157.50,14.83,000.00,0,103.08
01272,000636000,157.50,14.83,000.00,0,102.00
01273,000636500,155.75,14.83,000.00,0,100.92
01274,000637000,155.75,14.83,000.00,0,099.83
01275,000637500,154.75,14.84,000.00,0,098.75
01276,000638000,154.75,14.84,000.00,0,097.67
01277,000638500,154.75,14.84,000.00,0,096.58
01278,000639000,152.50,14.84,000.00,0,095.50
01279,000639500,152.50,14.84,000.00,0,094.42
01280,000640000,151.25,14.84,000.00,0,093.33
01281,000640500,151.25,14.84,000.00,0,092.25
01282,000641000,151.25,14.84,000.00,0,091.17
01283,000641500,149.25,14.86,000.00,0,090.08
01284,000642000,149.25,14.86,000.00,0,089.00
01285,000642500,148.00,14.87,000.00,0,087.92
01286,000643000,148.00,14.87,000.00,0,086.83
01287,000643500,147.50,14.87,000.00,0,085.75
01288,000644000,147.50,14.87,000.00,0,084.67
01289,000644500,147.50,14.87,000.00,0,083.58
01290,000645000,145.50,14.88,000.00,0,082.50
01291,000645500,145.50,14.88,000.00,0,081.42
01292,000646000,144.75,14.89,000.00,0,080.33
01293,000646500,144.75,14.89,000.00,0,079.25
01294,000647000,144.75,14.89,000.00,0,078.17
01295,000647500,144.00,14.89,000.00,0,077.08
01296,000648000,144.00,14.89,000.00,0,076.00
01297,000648500,142.00,14.89,000.00,0,074.92
01298,000649000,142.00,14.89,000.00,0,073.83
01299,000649500,142.00,14.89,000.00,0,072.75
01300,000650000,140.75,14.89,000.00,0,071.67
01301,000650500,140.75,14.89,000.00,0,070.58
01302,000651000,139.75,14.89,000.00,0,069.50
01303,000651500,139.75,14.89,000.00,0,068.42
01304,000652000,138.50,14.89,000.00,0,067.33
01305,000652500,138.50,14.89,000.00,0,066.25
01306,000653000,138.50,14.89,000.00,0,065.17
01307,000653500,137.50,14.89,000.00,0,064.08
01308,000654000,137.50,14.89,000.00,0,063.00
01309,000654500,136.00,14.89,000.00,0,061.92
01310,000655000,136.00,14.89,000.00,0,060.83
01311,000655500,136.00,14.89,000.00,0,059.75
01312,000656000,134.00,14.88,000.00,0,058.67
01313,000656500,134.00,14.88,000.00,0,057.58
01314,000657000,133.25,14.89,000.00,0,056.50
01315,000657500,133.25,14.89,000.00,0,055.42
01316,000658000,132.00,14.88,000.00,0,054.33
01317,000658500,132.00,14.88,000.00,0,053.25
01318,000659000,132.00,14.88,000.00,0,052.17
01319,000659500,130.75,14.86,000.00,0,051.08
01320,000660000,130.75,14.86,000.00,0,050.00
01321,000660500,129.25,14.89,000.00,0,050.00
01322,000661000,129.25,14.89,000.00,0,050.00
01323,000661500,129.25,14.89,000.00,0,050.00
01324,000662000,126.25,14.88,000.00,0,050.00
01325,000662500,126.25,14.88,000.00,0,050.00
01326,000663000,122.50,14.87,000.00,0,050.00
01327,000663500,122.50,14.87,000.00,0,050.00
01328,000664000,122.50,14.87,000.00,0,050.00
01329,000664500,121.00,14.88,000.00,0,050.00
01330,000665000,121.00,14.88,000.00,0,050.00
01331,000665500,119.25,14.88,000.00,0,050.00
01332,000666000,119.25,14.88,000.00,0,050.00
01333,000666500,118.75,14.89,000.00,0,050.00
01334,000667000,118.75,14.89,000.00,0,050.00
01335,000667500,118.75,14.89,000.00,0,050.00
01336,000668000,116.25,14.91,000.00,0,050.00
01337,000668500,116.25,14.91,000.00,0,050.00
01338,000669000,114.50,14.91,000.00,0,050.00
01339,000669500,114.50,14.91,000.00,0,050.00
01340,000670000,114.50,14.91,000.00,0,050.00
01341,000670500,113.75,14.92,000.00,0,050.00
01342,000671000,113.75,14.92,000.00,0,050.00
01343,000671500,113.00,14.94,000.00,0,050.00
01344,000672000,113.00,14.94,000.00,0,050.00
01345,000672500,113.00,14.94,000.00,0,050.00
01346,000673000,113.00,14.94,000.00,0,050.00
01347,000673500,113.00,14.94,000.00,0,050.00
01348,000674000,110.25,14.95,000.00,0,050.00
01349,000674500,110.25,14.95,000.00,0,050.00
01350,000675000,108.50,14.96,000.00,0,050.00
01351,000675500,108.50,14.96,000.00,0,050.00
01352,000676000,108.50,14.96,000.00,0,050.00
01353,000676500,107.50,14.95,000.00,0,050.00
01354,000677000,107.50,14.95,000.00,0,050.00
01355,000677500,107.25,14.96,000.00,0,050.00
01356,000678000,107.25,14.96,000.00,0,050.00
01357,000678500,107.25,14.96,000.00,0,050.00
01358,000679000,106.00,14.95,000.00,0,050.00
01359,000679500,106.00,14.95,000.00,0,050.00
01360,000680000,105.75,14.95,000.00,0,050.00
01361,000680500,105.75,14.95,000.00,0,050.00
01362,000681000,104.75,14.97,000.00,0,050.00
01363,000681500,104.75,14.97,000.00,0,050.00
01364,000682000,104.75,14.97,000.00,0,050.00
01365,000682500,105.00,14.96,000.00,0,050.00
01366,000683000,105.00,14.96,000.00,0,050.00
01367,000683500,104.50,14.96,000.00,0,050.00
01368,000684000,104.50,14.96,000.00,0,050.00
01369,000684500,104.50,14.96,000.00,0,050.00
01370,000685000,103.75,14.98,000.00,0,050.00
01371,000685500,103.75,14.98,000.00,0,050.00
01372,000686000,102.75,14.97,000.00,0,050.00
01373,000686500,102.75,14.97,000.00,0,050.00
01374,000687000,101.25,14.98,000.00,0,050.00
01375,000687500,101.25,14.98,000.00,0,050.00
01376,000688000,101.25,14.98,000.00,0,050.00
01377,000688500,101.00,14.99,000.00,0,050.00
01378,000689000,101.00,14.99,000.00,0,050.00
01379,000689500,100.00,15.01,000.00,0,050.00
01380,000690000,100.00,15.01,000.00,0,050.00
01381,000690500,100.00,15.01,000.00,0,050.00
01382,000691000,099.75,15.02,000.00,0,050.00
01383,000691500,099.75,15.02,000.00,0,050.00
01384,000692000,098.50,15.03,000.00,0,050.00
01385,000692500,098.50,15.03,000.00,0,050.00
01386,000693000,098.50,15.03,000.00,0,050.00
01387,000693500,097.75,15.04,000.00,0,050.00
01388,000694000,097.75,15.04,000.00,0,050.00
01389,000694500,097.50,15.05,000.00,0,050.00
01390,000695000,097.50,15.05,000.00,0,050.00
01391,000695500,098.25,15.06,000.00,0,050.00
01392,000696000,098.25,15.06,000.00,0,050.00
01393,000696500,098.25,15.06,000.00,0,050.00
01394,000697000,098.00,15.07,000.00,0,050.00
01395,000697500,098.00,15.07,000.00,0,050.00
01396,000698000,097.50,15.07,000.00,0,050.00
01397,000698500,097.50,15.07,000.00,0,050.00
01398,000699000,097.50,15.07,000.00,0,050.00
01399,000699500,097.00,15.06,000.00,0,050.00
01400,000700000,097.00,15.06,000.00,0,050.00
01401,000700500,095.50,15.09,000.00,0,050.00
01402,000701000,095.50,15.09,000.00,0,050.00
01403,000701500,095.50,15.09,000.00,0,050.00
01404,000702000,093.75,15.09,000.00,0,050.00
01405,000702500,093.75,15.09,000.00,0,050.00
01406,000703000,093.00,15.09,000.00,0,050.00
01407,000703500,093.00,15.09,000.00,0,050.00
01408,000704000,093.25,15.09,000.00,0,050.00
01409,000704500,093.25,15.09,000.00,0,050.00
01410,000705000,093.25,15.09,000.00,0,050.00
01411,000705500,093.00,15.09,000.00,0,050.00
01412,000706000,093.00,15.09,000.00,0,050.00
01413,000706500,092.75,15.09,000.00,0,050.00
01414,000707000,092.75,15.09,000.00,0,050.00
01415,000707500,092.75,15.09,000.00,0,050.00
01416,000708000,092.25,15.07,000.00,0,050.00
01417,000708500,092.25,15.07,000.00,0,050.00
01418,000709000,092.75,15.07,000.00,0,050.00
01419,000709500,092.75,15.07,000.00,0,050.00
01420,000710000,092.50,15.06,000.00,0,050.00
01421,000710500,092.50,15.06,000.00,0,050.00
01422,000711000,092.50,15.06,000.00,0,050.00
01423,000711500,092.00,15.04,000.00,0,050.00
01424,000712000,092.00,15.04,000.00,0,050.00
01425,000712500,091.50,15.04,000.00,0,050.00
01426,000713000,091.50,15.04,000.00,0,050.00
01427,000713500,091.50,15.04,000.00,0,050.00
01428,000714000,091.00,15.04,000.00,0,050.00
01429,000714500,091.00,15.04,000.00,0,050.00
01430,000715000,090.50,15.03,000.00,0,050.00
01431,000715500,090.50,15.03,000.00,0,050.00
01432,000716000,090.50,15.03,000.00,0,050.00
01433,000716500,090.25,15.03,000.00,0,050.00
01434,000717000,090.25,15.03,000.00,0,050.00
01435,000717500,089.25,15.03,000.00,0,050.00
01436,000718000,089.25,15.03,000.00,0,050.00
01437,000718500,089.00,15.03,000.00,0,050.00
01438,000719000,089.00,15.03,000.00,0,050.00
01439,000719500,089.00,15.03,000.00,0,050.00
01440,000720000,088.00,15.01,000.00,0,050.00
