Sample time (ms): 500
Maximum runtime (s): 720
Index,Time (ms),Oven temperature (C),Ambient temperature (C),PWM controller (percent),Thermocouple open,Reference temperature (C)
00000,000000002,020.25,14.23,100.00,0,050.00
00001,000000500,020.25,14.23,089.81,0,050.00
00002,000001000,020.25,14.23,090.11,0,050.00
00003,000001500,020.25,14.23,090.40,0,050.00
00004,000002000,018.50,14.25,100.00,0,050.00
00005,000002500,018.50,14.25,096.28,0,050.00
00006,000003000,018.25,14.26,100.00,0,050.00
00007,000003500,018.25,14.26,097.67,0,050.00
00008,000004000,018.75,14.27,076.48,0,050.00
00009,000004500,018.75,14.27,096.79,0,050.00
00010,000005000,018.75,14.27,097.11,0,050.00
00011,000005500,018.75,14.29,097.42,0,050.00
00012,000006000,018.75,14.29,097.73,0,050.00
00013,000006500,019.00,14.30,087.29,0,050.00
00014,000007000,019.00,14.30,097.60,0,050.00
00015,000007500,019.00,14.30,097.91,0,050.00
00016,000008000,018.75,14.31,100.00,0,050.00
00017,000008500,018.75,14.31,099.28,0,050.00
00018,000009000,019.00,14.33,088.84,0,050.00
00019,000009500,019.00,14.33,099.16,0,050.00
00020,000010000,019.25,14.34,088.71,0,050.00
00021,000010500,019.25,14.34,099.02,0,050.00
00022,000011000,019.25,14.34,099.33,0,050.00
00023,000011500,019.25,14.36,099.64,0,050.00
00024,000012000,019.25,14.36,099.94,0,050.00
00025,000012500,019.75,14.37,078.75,0,050.00
00026,000013000,019.75,14.37,099.05,0,050.00
00027,000013500,019.75,14.37,099.35,0,050.00
00028,000014000,020.50,14.38,067.39,0,050.00
00029,000014500,020.50,14.38,097.69,0,050.00
00030,000015000,020.75,14.39,087.23,0,050.00
00031,000015500,020.75,14.39,097.53,0,050.00
00032,000016000,020.75,14.39,097.82,0,050.00
00033,000016500,021.25,14.42,076.61,0,050.00
00034,000017000,021.25,14.42,096.89,0,050.00
00035,000017500,021.50,14.43,086.43,0,050.00
00036,000018000,021.50,14.43,096.71,0,050.00
00037,000018500,021.50,14.42,097.00,0,050.00
00038,000019000,021.50,14.42,097.28,0,050.00
00039,000019500,021.50,14.42,097.57,0,050.00
00040,000020000,022.25,14.44,065.59,0,050.00
00041,000020500,022.25,14.44,095.87,0,050.00
00042,000021000,022.25,14.44,096.15,0,050.00
00043,000021500,022.25,14.44,096.43,0,050.00
00044,000022000,022.25,14.44,096.70,0,050.00
00045,000022500,023.50,14.45,043.22,0,050.00
00046,000023000,023.50,14.45,093.48,0,050.00
00047,000023500,023.50,14.47,093.75,0,050.00
00048,000024000,023.50,14.47,094.02,0,050.00
00049,000024500,023.50,14.46,094.28,0,050.00
00050,000025000,023.50,14.46,094.55,0,050.00
00051,000025500,023.50,14.46,094.81,0,050.00
00052,000026000,025.25,14.46,019.81,0,050.00
00053,000026500,025.25,14.46,090.06,0,050.00
00054,000027000,026.25,14.49,047.29,0,050.00
00055,000027500,026.25,14.49,087.53,0,050.00
00056,000028000,026.25,14.49,087.77,0,050.00
00057,000028500,026.75,14.48,066.50,0,050.00
00058,000029000,026.75,14.48,086.73,0,050.00
00059,000029500,026.50,14.46,097.72,0,050.00
00060,000030000,026.50,14.46,087.95,0,050.00
00061,000030500,026.50,14.46,088.19,0,050.00
00062,000031000,028.50,14.46,002.40,0,050.00
00063,000031500,028.50,14.46,082.62,0,050.00
00064,000032000,028.25,14.48,093.59,0,050.00
00065,000032500,028.25,14.48,083.80,0,050.00
00066,000033000,029.25,14.46,041.01,0,050.00
00067,000033500,029.25,14.46,081.22,0,050.00
00068,000034000,029.25,14.46,081.42,0,050.00
00069,000034500,030.75,14.45,017.12,0,050.00
00070,000035000,030.75,14.45,077.31,0,050.00
00071,000035500,031.25,14.47,056.00,0,050.00
00072,000036000,031.25,14.47,076.19,0,050.00
00073,000036500,031.25,14.47,076.37,0,050.00
00074,000037000,032.25,14.49,033.55,0,050.00
00075,000037500,032.25,14.49,073.73,0,050.00
00076,000038000,032.50,14.48,063.15,0,050.00
00077,000038500,032.50,14.48,073.33,0,050.00
00078,000039000,032.50,14.48,073.50,0,050.00
00079,000039500,032.50,14.47,073.68,0,050.00
00080,000040000,032.50,14.47,073.85,0,050.00
00081,000040500,032.50,14.48,074.03,0,050.00
00082,000041000,032.50,14.48,074.20,0,050.00
00083,000041500,035.25,14.47,000.00,0,050.00
00084,000042000,035.25,14.47,066.25,0,050.00
00085,000042500,035.25,14.47,066.39,0,050.00
00086,000043000,036.25,14.47,023.53,0,050.00
00087,000043500,036.25,14.47,063.67,0,050.00
00088,000044000,037.25,14.49,020.80,0,050.00
00089,000044500,037.25,14.49,060.92,0,050.00
00090,000045000,037.25,14.49,061.05,0,050.00
00091,000045500,038.50,14.46,007.42,0,050.00
00092,000046000,038.50,14.46,057.53,0,050.00
00093,000046500,039.50,14.47,014.64,0,050.00
00094,000047000,039.50,14.47,054.74,0,050.00
00095,000047500,040.25,14.46,022.59,0,050.00
00096,000048000,040.25,14.46,052.69,0,050.00
00097,000048500,040.25,14.46,052.78,0,050.00
00098,000049000,041.50,14.47,000.00,0,050.00
00099,000049500,041.50,14.47,049.20,0,050.00
00100,000050000,042.25,14.46,017.03,0,050.00
00101,000050500,042.25,14.46,047.11,0,050.00
00102,000051000,042.25,14.46,047.19,0,050.00
00103,000051500,043.50,14.44,000.00,0,050.00
00104,000052000,043.50,14.44,043.57,0,050.00
00105,000052500,044.25,14.42,011.38,0,050.00
00106,000053000,044.25,14.42,041.43,0,050.00
00107,000053500,044.25,14.42,041.49,0,050.00
00108,000054000,045.00,14.41,009.29,0,050.00
00109,000054500,045.00,14.41,039.34,0,050.00
00110,000055000,045.00,14.40,039.39,0,050.00
00111,000055500,045.00,14.40,039.44,0,050.00
00112,000056000,045.00,14.39,039.49,0,050.00
00113,000056500,045.00,14.39,039.54,0,050.00
00114,000057000,045.00,14.39,039.59,0,050.00
00115,000057500,047.25,14.37,000.00,0,050.00
00116,000058000,047.25,14.37,032.89,0,050.00
00117,000058500,048.50,14.36,000.00,0,050.00
00118,000059000,048.50,14.36,029.18,0,050.00
00119,000059500,048.50,14.36,029.19,0,050.00
00120,000060000,049.25,14.33,000.00,0,050.00
00121,000060500,049.25,14.33,026.96,0,050.00
00122,000061000,049.75,14.30,005.46,0,050.00
00123,000061500,049.75,14.30,025.46,0,050.00
00124,000062000,050.00,14.30,014.71,0,050.00
00125,000062500,050.00,14.30,024.71,0,050.00
00126,000063000,050.00,14.30,024.71,0,050.00
00127,000063500,050.00,14.27,024.71,0,050.00
00128,000064000,050.00,14.27,024.71,0,050.00
00129,000064500,051.50,14.25,000.00,0,050.00
00130,000065000,051.50,14.25,020.18,0,050.00
00131,000065500,051.50,14.25,020.16,0,050.00
00132,000066000,052.50,14.22,000.00,0,050.00
00133,000066500,052.50,14.22,017.12,0,050.00
00134,000067000,053.00,14.22,000.00,0,050.00
00135,000067500,053.00,14.22,015.55,0,050.00
00136,000068000,053.00,14.22,015.53,0,050.00
00137,000068500,053.25,14.21,004.74,0,050.00
00138,000069000,053.25,14.21,014.71,0,050.00
00139,000069500,053.50,14.21,003.93,0,050.00
00140,000070000,053.50,14.21,013.89,0,050.00
00141,000070500,054.00,14.20,000.00,0,050.00
00142,000071000,054.00,14.20,012.31,0,050.00
00143,000071500,054.00,14.20,012.27,0,050.00
00144,000072000,054.50,14.19,000.00,0,050.00
00145,000072500,054.50,14.19,010.68,0,050.00
00146,000073000,055.50,14.17,000.00,0,050.00
00147,000073500,055.50,14.17,007.57,0,050.00
00148,000074000,055.50,14.17,007.52,0,050.00
00149,000074500,055.25,14.16,018.21,0,050.00
00150,000075000,055.25,14.16,008.16,0,050.00
00151,000075500,055.00,14.15,018.86,0,050.00
00152,000076000,055.00,14.15,008.81,0,050.00
00153,000076500,056.00,14.14,000.00,0,050.00
00154,000077000,056.00,14.14,005.69,0,050.00
00155,000077500,056.00,14.14,005.63,0,050.00
00156,000078000,056.00,14.14,005.57,0,050.00
00157,000078500,056.00,14.14,005.51,0,050.00
00158,000079000,056.00,14.10,005.45,0,050.00
00159,000079500,056.00,14.10,005.39,0,050.00
00160,000080000,056.00,14.10,005.33,0,050.00
00161,000080500,056.50,14.11,000.00,0,050.00
00162,000081000,056.50,14.11,003.70,0,050.00
00163,000081500,056.25,14.11,014.39,0,050.00
00164,000082000,056.25,14.11,004.32,0,050.00
00165,000082500,056.25,14.11,004.26,0,050.00
00166,000083000,056.75,14.09,000.00,0,050.00
00167,000083500,056.75,14.09,002.63,0,050.00
00168,000084000,057.00,14.11,000.00,0,050.00
00169,000084500,057.00,14.11,001.74,0,050.00
00170,000085000,057.00,14.09,001.67,0,050.00
00171,000085500,057.00,14.09,001.60,0,050.00
00172,000086000,057.00,14.09,001.53,0,050.00
00173,000086500,057.00,14.11,001.46,0,050.00
00174,000087000,057.00,14.11,001.39,0,050.00
00175,000087500,057.00,14.10,001.32,0,050.00
00176,000088000,057.00,14.10,001.25,0,050.00
00177,000088500,057.00,14.10,001.18,0,050.00
00178,000089000,057.75,14.11,000.00,0,050.00
00179,000089500,057.75,14.11,000.00,0,050.00
00180,000090000,058.00,14.11,000.00,0,050.00
00181,000090500,058.00,14.11,000.00,0,050.00
00182,000091000,058.00,14.11,000.00,0,050.00
00183,000091500,058.00,14.10,000.00,0,050.00
00184,000092000,058.00,14.10,000.00,0,050.00
00185,000092500,057.50,14.10,019.05,0,050.00
00186,000093000,057.50,14.10,000.00,0,050.00
00187,000093500,057.75,14.11,000.00,0,050.00
00188,000094000,057.75,14.11,000.00,0,050.00
00189,000094500,057.75,14.11,000.00,0,050.00
00190,000095000,057.75,14.12,000.00,0,050.00
00191,000095500,057.75,14.12,000.00,0,050.00
00192,000096000,057.75,14.11,000.00,0,050.00
00193,000096500,057.75,14.11,000.00,0,050.00
00194,000097000,057.75,14.11,000.00,0,050.00
00195,000097500,058.25,14.13,000.00,0,050.00
00196,000098000,058.25,14.13,000.00,0,050.00
00197,000098500,058.50,14.12,000.00,0,050.00
00198,000099000,058.50,14.12,000.00,0,050.00
00199,000099500,058.25,14.14,005.68,0,050.00
00200,000100000,058.25,14.14,000.00,0,050.00
00201,000100500,058.25,14.14,000.00,0,050.00
00202,000101000,058.25,14.14,000.00,0,050.00
00203,000101500,058.25,14.14,000.00,0,050.00
00204,000102000,058.50,14.16,000.00,0,050.00
00205,000102500,058.50,14.16,000.00,0,050.00
00206,000103000,058.50,14.16,000.00,0,050.00
00207,000103500,058.75,14.16,000.00,0,050.00
00208,000104000,058.75,14.16,000.00,0,050.00
00209,000104500,059.00,14.17,000.00,0,050.00
00210,000105000,059.00,14.17,000.00,0,050.00
00211,000105500,059.00,14.17,000.00,0,050.00
00212,000106000,058.75,14.19,003.07,0,050.00
00213,000106500,058.75,14.19,000.00,0,050.00
00214,000107000,058.50,14.20,003.64,0,050.00
00215,000107500,058.50,14.20,000.00,0,050.00
00216,000108000,058.75,14.22,000.00,0,050.00
00217,000108500,058.75,14.22,000.00,0,050.00
00218,000109000,058.75,14.22,000.00,0,050.00
00219,000109500,058.75,14.21,000.00,0,050.00
00220,000110000,058.75,14.21,000.00,0,050.00
00221,000110500,058.25,14.24,013.79,0,050.00
00222,000111000,058.25,14.24,000.00,0,050.00
00223,000111500,058.25,14.24,000.00,0,050.00
00224,000112000,059.00,14.24,000.00,0,050.00
00225,000112500,059.00,14.24,000.00,0,050.00
00226,000113000,057.50,14.26,055.62,0,050.00
00227,000113500,057.50,14.26,000.00,0,050.00
00228,000114000,057.50,14.28,000.00,0,050.00
00229,000114500,057.50,14.28,000.00,0,050.00
00230,000115000,057.50,14.28,000.00,0,050.00
00231,000115500,057.00,14.28,016.75,0,050.00
00232,000116000,057.00,14.28,000.00,0,050.00
00233,000116500,057.25,14.29,000.00,0,050.00
00234,000117000,057.25,14.29,000.00,0,050.00
00235,000117500,057.25,14.29,000.00,0,050.00
00236,000118000,057.50,14.31,000.00,0,050.00
00237,000118500,057.50,14.31,000.00,0,050.00
00238,000119000,057.25,14.31,005.49,0,050.00
00239,000119500,057.25,14.31,000.00,0,050.00
00240,000120000,057.25,14.31,000.00,0,050.00
00241,000120500,057.00,14.32,006.02,0,050.00
00242,000121000,057.00,14.32,000.00,0,050.00
00243,000121500,056.50,14.31,017.39,0,050.00
00244,000122000,056.50,14.31,000.00,0,050.00
00245,000122500,056.25,14.33,008.01,0,050.00
00246,000123000,056.25,14.33,000.00,0,050.00
00247,000123500,056.25,14.33,000.00,0,050.00
00248,000124000,056.75,14.32,000.00,0,050.00
00249,000124500,056.75,14.32,000.00,0,050.00
00250,000125000,056.25,14.33,017.69,0,050.00
00251,000125500,056.25,14.33,000.00,0,050.00
00252,000126000,056.25,14.33,000.00,0,050.00
00253,000126500,056.00,14.32,008.25,0,050.00
00254,000127000,056.00,14.32,000.00,0,050.00
00255,000127500,056.00,14.32,000.00,0,050.00
00256,000128000,056.00,14.32,000.00,0,050.00
00257,000128500,056.50,14.33,000.00,0,050.00
00258,000129000,056.50,14.33,000.00,0,050.00
00259,000129500,056.50,14.33,000.00,0,050.00
00260,000130000,056.50,14.32,000.00,0,050.00
00261,000130500,056.50,14.32,000.00,0,050.00
00262,000131000,056.25,14.32,006.94,0,050.00
00263,000131500,056.25,14.32,000.00,0,050.00
00264,000132000,056.25,14.32,000.00,0,050.00
00265,000132500,056.75,14.33,000.00,0,050.00
00266,000133000,056.75,14.33,000.00,0,050.00
00267,000133500,056.00,14.33,027.37,0,050.00
00268,000134000,056.00,14.33,000.00,0,050.00
00269,000134500,056.00,14.33,000.00,0,050.00
00270,000135000,056.00,14.35,000.00,0,050.00
00271,000135500,056.00,14.35,000.00,0,050.00
00272,000136000,056.00,14.35,000.00,0,050.00
00273,000136500,056.00,14.35,000.00,0,050.00
00274,000137000,056.00,14.36,000.00,0,050.00
00275,000137500,056.00,14.36,000.00,0,050.00
00276,000138000,056.00,14.36,000.00,0,050.00
00277,000138500,056.50,14.36,000.00,0,050.00
00278,000139000,056.50,14.36,000.00,0,050.00
00279,000139500,056.25,14.35,005.88,0,050.00
00280,000140000,056.25,14.35,000.00,0,050.00
00281,000140500,056.25,14.35,000.00,0,050.00
00282,000141000,056.00,14.35,006.45,0,050.00
00283,000141500,056.00,14.35,000.00,0,050.00
00284,000142000,056.00,14.36,000.00,0,050.00
00285,000142500,056.00,14.36,000.00,0,050.00
00286,000143000,056.00,14.36,000.00,0,050.00
00287,000143500,056.00,14.36,000.00,0,050.00
00288,000144000,056.00,14.36,000.00,0,050.00
00289,000144500,056.25,14.36,000.00,0,050.00
00290,000145000,056.25,14.36,000.00,0,050.00
00291,000145500,055.75,14.36,016.66,0,050.00
00292,000146000,055.75,14.36,000.00,0,050.00
00293,000146500,055.75,14.36,000.00,0,050.00
00294,000147000,055.50,14.35,007.24,0,050.00
00295,000147500,055.50,14.35,000.00,0,050.00
00296,000148000,055.50,14.35,000.00,0,050.00
00297,000148500,055.50,14.35,000.00,0,050.00
00298,000149000,055.50,14.35,000.00,0,050.00
00299,000149500,056.00,14.36,000.00,0,050.00
00300,000150000,056.00,14.36,000.00,0,050.00
00301,000150500,056.50,14.36,000.00,0,050.00
00302,000151000,056.50,14.36,000.00,0,050.00
00303,000151500,056.25,14.36,004.46,0,050.00
00304,000152000,056.25,14.36,000.00,0,050.00
00305,000152500,056.25,14.36,000.00,0,050.00
00306,000153000,056.50,14.37,000.00,0,050.00
00307,000153500,056.50,14.37,000.00,0,050.00
00308,000154000,056.25,14.37,004.14,0,050.00
00309,000154500,056.25,14.37,000.00,0,050.00
00310,000155000,056.25,14.37,000.00,0,050.00
00311,000155500,056.25,14.39,000.00,0,050.00
00312,000156000,056.25,14.39,000.00,0,050.00
00313,000156500,055.75,14.39,015.33,0,050.00
00314,000157000,055.75,14.39,000.00,0,050.00
00315,000157500,055.75,14.39,000.00,0,050.00
00316,000158000,056.00,14.40,000.00,0,050.00
00317,000158500,056.00,14.40,000.00,0,050.00
00318,000159000,056.00,14.41,000.00,0,050.00
00319,000159500,056.00,14.41,000.00,0,050.00
00320,000160000,055.75,14.42,004.92,0,050.00
00321,000160500,055.75,14.42,000.00,0,050.00
00322,000161000,055.75,14.42,000.00,0,050.00
00323,000161500,055.50,14.42,005.50,0,050.00
00324,000162000,055.50,14.42,000.00,0,050.00
00325,000162500,055.25,14.44,006.14,0,050.00
00326,000163000,055.25,14.44,000.00,0,050.00
00327,000163500,055.25,14.44,000.00,0,050.00
00328,000164000,055.25,14.45,000.00,0,050.00
00329,000164500,055.25,14.45,000.00,0,050.00
00330,000165000,055.25,14.43,000.00,0,050.00
00331,000165500,055.25,14.43,000.00,0,050.00
00332,000166000,055.00,14.45,006.53,0,050.00
00333,000166500,055.00,14.45,000.00,0,050.00
00334,000167000,055.00,14.45,000.00,0,050.00
00335,000167500,054.50,14.45,017.88,0,050.00
00336,000168000,054.50,14.45,000.00,0,050.00
00337,000168500,054.75,14.44,000.00,0,050.00
00338,000169000,054.75,14.44,000.00,0,050.00
00339,000169500,054.75,14.44,000.00,0,050.00
00340,000170000,054.25,14.44,018.40,0,050.00
00341,000170500,054.25,14.44,000.00,0,050.00
00342,000171000,054.50,14.43,000.00,0,050.00
00343,000171500,054.50,14.43,000.00,0,050.00
00344,000172000,054.50,14.43,000.00,0,050.00
00345,000172500,054.75,14.43,000.00,0,050.00
00346,000173000,054.75,14.43,000.00,0,050.00
00347,000173500,054.75,14.40,000.00,0,050.00
00348,000174000,054.75,14.40,000.00,0,050.00
00349,000174500,054.50,14.39,007.24,0,050.00
00350,000175000,054.50,14.39,000.00,0,050.00
00351,000175500,054.50,14.39,000.00,0,050.00
00352,000176000,054.75,14.39,000.00,0,050.00
00353,000176500,054.75,14.39,000.00,0,050.00
00354,000177000,054.50,14.38,007.01,0,050.00
00355,000177500,054.50,14.38,000.00,0,050.00
00356,000178000,054.50,14.38,000.00,0,050.00
00357,000178500,054.50,14.36,000.00,0,050.00
00358,000179000,054.50,14.36,000.00,0,050.00
00359,000179500,054.25,14.36,007.54,0,050.00
00360,000180000,054.25,14.36,000.00,0,050.00
00361,000180500,054.25,14.36,006.41,0,050.21
00362,000181000,054.25,14.36,007.00,0,050.42
00363,000181500,054.25,14.36,007.59,0,050.62
00364,000182000,054.00,14.34,018.93,0,050.83
00365,000182500,054.00,14.34,009.52,0,051.04
00366,000183000,054.25,14.33,000.00,0,051.25
00367,000183500,054.25,14.33,009.97,0,051.46
00368,000184000,054.25,14.33,010.57,0,051.67
00369,000184500,054.25,14.32,011.17,0,051.88
00370,000185000,054.25,14.32,011.77,0,052.08
00371,000185500,054.00,14.31,023.13,0,052.29
00372,000186000,054.00,14.31,013.74,0,052.50
00373,000186500,054.00,14.31,014.35,0,052.71
00374,000187000,054.00,14.30,014.96,0,052.92
00375,000187500,054.00,14.30,015.58,0,053.12
00376,000188000,054.25,14.30,005.45,0,053.33
00377,000188500,054.25,14.30,016.06,0,053.54
00378,000189000,054.25,14.30,016.68,0,053.75
00379,000189500,054.25,14.30,017.31,0,053.96
00380,000190000,054.25,14.30,017.93,0,054.17
00381,000190500,054.00,14.28,029.31,0,054.38
00382,000191000,054.00,14.28,019.94,0,054.58
00383,000191500,053.75,14.28,031.33,0,054.79
00384,000192000,053.75,14.28,021.96,0,055.00
00385,000192500,053.75,14.28,022.60,0,055.21
00386,000193000,053.50,14.27,034.00,0,055.42
00387,000193500,053.50,14.27,024.64,0,055.62
00388,000194000,053.00,14.27,046.80,0,055.83
00389,000194500,053.00,14.27,027.45,0,056.04
00390,000195000,053.25,14.26,017.36,0,056.25
00391,000195500,053.25,14.26,028.01,0,056.46
00392,000196000,053.25,14.26,028.67,0,056.67
00393,000196500,053.50,14.26,018.58,0,056.88
00394,000197000,053.50,14.26,029.24,0,057.08
00395,000197500,053.50,14.25,029.91,0,057.29
00396,000198000,053.50,14.25,030.57,0,057.50
00397,000198500,053.50,14.25,031.24,0,057.71
00398,000199000,054.00,14.24,010.40,0,057.92
00399,000199500,054.00,14.24,031.07,0,058.12
00400,000200000,054.00,14.23,031.74,0,058.33
00401,000200500,054.00,14.23,032.41,0,058.54
00402,000201000,054.00,14.23,033.08,0,058.75
00403,000201500,054.25,14.21,023.00,0,058.96
00404,000202000,054.25,14.21,033.68,0,059.17
00405,000202500,054.25,14.21,034.35,0,059.38
00406,000203000,054.25,14.21,035.03,0,059.58
00407,000203500,054.25,14.22,035.71,0,059.79
00408,000204000,054.25,14.22,036.39,0,060.00
00409,000204500,054.25,14.22,037.08,0,060.21
00410,000205000,054.25,14.21,037.76,0,060.42
00411,000205500,054.25,14.21,038.45,0,060.62
00412,000206000,054.25,14.20,039.14,0,060.83
00413,000206500,054.25,14.20,039.84,0,061.04
00414,000207000,054.25,14.20,040.53,0,061.25
00415,000207500,054.25,14.18,041.23,0,061.46
00416,000208000,054.25,14.18,041.93,0,061.67
00417,000208500,054.25,14.20,042.63,0,061.88
00418,000209000,054.25,14.20,043.33,0,062.08
00419,000209500,054.25,14.20,044.04,0,062.29
00420,000210000,054.50,14.20,033.99,0,062.50
00421,000210500,054.50,14.20,044.70,0,062.71
00422,000211000,054.50,14.18,045.41,0,062.92
00423,000211500,054.50,14.18,046.12,0,063.12
00424,000212000,054.75,14.18,036.08,0,063.33
00425,000212500,054.75,14.18,046.79,0,063.54
00426,000213000,054.75,14.18,047.51,0,063.75
00427,000213500,054.50,14.18,058.98,0,063.96
00428,000214000,054.50,14.18,049.70,0,064.17
00429,000214500,055.00,14.18,028.92,0,064.38
00430,000215000,055.00,14.18,049.64,0,064.58
00431,000215500,055.00,14.18,050.36,0,064.79
00432,000216000,055.00,14.18,051.09,0,065.00
00433,000216500,055.00,14.18,051.82,0,065.21
00434,000217000,055.00,14.18,052.54,0,065.42
00435,000217500,055.00,14.18,053.28,0,065.62
00436,000218000,055.50,14.18,032.50,0,065.83
00437,000218500,055.50,14.18,053.23,0,066.04
00438,000219000,055.50,14.18,053.97,0,066.25
00439,000219500,055.50,14.17,054.70,0,066.46
00440,000220000,055.50,14.17,055.44,0,066.67
00441,000220500,055.75,14.20,045.42,0,066.88
00442,000221000,055.75,14.20,056.16,0,067.08
00443,000221500,055.75,14.20,056.90,0,067.29
00444,000222000,055.25,14.21,079.15,0,067.50
00445,000222500,055.25,14.21,059.90,0,067.71
00446,000223000,056.25,14.22,017.64,0,067.92
00447,000223500,056.25,14.22,058.39,0,068.12
00448,000224000,056.25,14.22,059.13,0,068.33
00449,000224500,056.25,14.24,059.88,0,068.54
00450,000225000,056.25,14.24,060.63,0,068.75
00451,000225500,056.50,14.25,050.63,0,068.96
00452,000226000,056.50,14.25,061.38,0,069.17
00453,000226500,056.75,14.27,051.38,0,069.38
00454,000227000,056.75,14.27,062.14,0,069.58
00455,000227500,056.75,14.27,062.89,0,069.79
00456,000228000,057.00,14.27,052.90,0,070.00
00457,000228500,057.00,14.27,063.65,0,070.21
00458,000229000,057.00,14.28,064.41,0,070.42
00459,000229500,057.00,14.28,065.17,0,070.62
00460,000230000,057.00,14.28,065.94,0,070.83
00461,000230500,057.25,14.29,055.95,0,071.04
00462,000231000,057.25,14.29,066.71,0,071.25
00463,000231500,057.50,14.30,056.73,0,071.46
00464,000232000,057.50,14.30,067.50,0,071.67
00465,000232500,058.00,14.31,046.76,0,071.88
00466,000233000,058.00,14.31,067.53,0,072.08
00467,000233500,058.00,14.31,068.29,0,072.29
00468,000234000,058.50,14.32,047.56,0,072.50
00469,000234500,058.50,14.32,068.33,0,072.71
00470,000235000,058.50,14.34,069.09,0,072.92
00471,000235500,058.50,14.34,069.87,0,073.12
00472,000236000,058.50,14.34,070.64,0,073.33
00473,000236500,059.50,14.32,028.40,0,073.54
00474,000237000,059.50,14.32,069.17,0,073.75
00475,000237500,060.50,14.34,026.93,0,073.96
00476,000238000,060.50,14.34,067.69,0,074.17
00477,000238500,060.50,14.34,068.46,0,074.38
00478,000239000,060.75,14.35,058.47,0,074.58
00479,000239500,060.75,14.35,069.24,0,074.79
00480,000240000,061.50,14.35,037.75,0,075.00
00481,000240500,061.50,14.35,070.30,0,075.25
00482,000241000,061.50,14.34,071.19,0,075.50
00483,000241500,061.50,14.34,072.08,0,075.75
00484,000242000,061.50,14.34,072.98,0,076.00
00485,000242500,062.25,14.35,041.62,0,076.25
00486,000243000,062.25,14.35,072.51,0,076.50
00487,000243500,062.75,14.36,051.90,0,076.75
00488,000244000,062.75,14.36,072.79,0,077.00
00489,000244500,062.75,14.36,073.69,0,077.25
00490,000245000,063.75,14.36,031.58,0,077.50
00491,000245500,063.75,14.36,072.47,0,077.75
00492,000246000,064.50,14.36,041.10,0,078.00
00493,000246500,064.50,14.36,071.99,0,078.25
00494,000247000,065.25,14.35,040.62,0,078.50
00495,000247500,065.25,14.35,071.50,0,078.75
00496,000248000,065.25,14.35,072.39,0,079.00
00497,000248500,066.00,14.37,041.03,0,079.25
00498,000249000,066.00,14.37,071.91,0,079.50
00499,000249500,066.50,14.38,051.29,0,079.75
00500,000250000,066.50,14.38,072.18,0,080.00
00501,000250500,066.50,14.38,073.06,0,080.25
00502,000251000,066.50,14.36,073.95,0,080.50
00503,000251500,066.50,14.36,074.85,0,080.75
00504,000252000,068.25,14.36,000.48,0,081.00
00505,000252500,068.25,14.36,071.36,0,081.25
00506,000253000,068.25,14.36,072.24,0,081.50
00507,000253500,069.50,14.38,019.36,0,081.75
00508,000254000,069.50,14.38,070.23,0,082.00
00509,000254500,069.75,14.39,060.36,0,082.25
00510,000255000,069.75,14.39,071.24,0,082.50
00511,000255500,071.50,14.39,000.00,0,082.75
00512,000256000,071.50,14.39,067.72,0,083.00
00513,000256500,071.50,14.39,068.58,0,083.25
00514,000257000,071.50,14.40,069.45,0,083.50
00515,000257500,071.50,14.40,070.33,0,083.75
00516,000258000,072.75,14.38,017.44,0,084.00
00517,000258500,072.75,14.38,068.30,0,084.25
00518,000259000,072.75,14.38,069.17,0,084.50
00519,000259500,073.50,14.38,037.78,0,084.75
00520,000260000,073.50,14.38,068.65,0,085.00
00521,000260500,074.75,14.38,015.75,0,085.25
00522,000261000,074.75,14.38,066.61,0,085.50
00523,000261500,074.75,14.38,067.47,0,085.75
00524,000262000,075.00,14.38,057.58,0,086.00
00525,000262500,075.00,14.38,068.44,0,086.25
00526,000263000,076.50,14.38,004.79,0,086.50
00527,000263500,076.50,14.38,065.64,0,086.75
00528,000264000,077.50,14.36,023.49,0,087.00
00529,000264500,077.50,14.36,064.34,0,087.25
00530,000265000,077.50,14.36,065.19,0,087.50
00531,000265500,077.75,14.36,055.29,0,087.75
00532,000266000,077.75,14.36,066.14,0,088.00
00533,000266500,079.25,14.35,002.48,0,088.25
00534,000267000,079.25,14.35,063.32,0,088.50
00535,000267500,079.25,14.35,064.17,0,088.75
00536,000268000,080.75,14.36,000.50,0,089.00
00537,000268500,080.75,14.36,061.34,0,089.25
00538,000269000,081.25,14.35,040.67,0,089.50
00539,000269500,081.25,14.35,061.50,0,089.75
00540,000270000,082.25,14.35,019.33,0,090.00
00541,000270500,082.25,14.35,060.16,0,090.25
00542,000271000,082.25,14.35,060.99,0,090.50
00543,000271500,083.00,14.34,029.57,0,090.75
00544,000272000,083.00,14.34,060.40,0,091.00
00545,000272500,083.00,14.35,061.23,0,091.25
00546,000273000,083.00,14.35,062.07,0,091.50
00547,000273500,083.00,14.35,062.91,0,091.75
00548,000274000,084.75,14.34,000.00,0,092.00
00549,000274500,084.75,14.34,059.30,0,092.25
00550,000275000,085.50,14.34,027.87,0,092.50
00551,000275500,085.50,14.34,058.70,0,092.75
00552,000276000,085.50,14.34,059.52,0,093.00
00553,000276500,086.25,14.34,028.09,0,093.25
00554,000277000,086.25,14.34,058.91,0,093.50
00555,000277500,087.50,14.33,005.98,0,093.75
00556,000278000,087.50,14.33,056.79,0,094.00
00557,000278500,088.25,14.34,025.35,0,094.25
00558,000279000,088.25,14.34,056.16,0,094.50
00559,000279500,088.25,14.34,056.98,0,094.75
00560,000280000,089.00,14.34,025.54,0,095.00
00561,000280500,089.00,14.34,056.35,0,095.25
00562,000281000,090.00,14.36,014.16,0,095.50
00563,000281500,090.00,14.36,054.96,0,095.75
00564,000282000,090.00,14.36,055.77,0,096.00
00565,000282500,090.25,14.35,045.83,0,096.25
00566,000283000,090.25,14.35,056.64,0,096.50
00567,000283500,091.25,14.34,014.45,0,096.75
00568,000284000,091.25,14.34,055.26,0,097.00
00569,000284500,092.25,14.34,013.06,0,097.25
00570,000285000,092.25,14.34,053.86,0,097.50
00571,000285500,092.25,14.34,054.66,0,097.75
00572,000286000,092.75,14.33,033.97,0,098.00
00573,000286500,092.75,14.33,054.77,0,098.25
00574,000287000,093.75,14.32,012.57,0,098.50
00575,000287500,093.75,14.32,053.37,0,098.75
00576,000288000,093.75,14.32,054.17,0,099.00
00577,000288500,094.00,14.30,044.23,0,099.25
00578,000289000,094.00,14.30,055.03,0,099.50
00579,000289500,094.75,14.30,023.58,0,099.75
00580,000290000,094.75,14.30,054.38,0,100.00
00581,000290500,094.75,14.30,055.19,0,100.25
00582,000291000,095.25,14.30,034.49,0,100.50
00583,000291500,095.25,14.30,055.30,0,100.75
00584,000292000,094.75,14.28,077.61,0,101.00
00585,000292500,094.75,14.28,058.42,0,101.25
00586,000293000,095.50,14.27,026.98,0,101.50
00587,000293500,095.50,14.27,057.80,0,101.75
00588,000294000,095.50,14.27,058.61,0,102.00
00589,000294500,096.00,14.28,037.92,0,102.25
00590,000295000,096.00,14.28,058.74,0,102.50
00591,000295500,097.00,14.27,016.55,0,102.75
00592,000296000,097.00,14.27,057.36,0,103.00
00593,000296500,097.00,14.27,058.17,0,103.25
00594,000297000,097.50,14.26,037.48,0,103.50
00595,000297500,097.50,14.26,058.29,0,103.75
00596,000298000,098.00,14.25,037.60,0,104.00
00597,000298500,098.00,14.25,058.41,0,104.25
00598,000299000,098.75,14.25,026.97,0,104.50
00599,000299500,098.75,14.25,057.78,0,104.75
00600,000300000,098.75,14.25,058.59,0,105.00
00601,000300500,098.75,14.26,061.20,0,105.29
00602,000301000,098.75,14.26,062.14,0,105.58
00603,000301500,099.00,14.24,052.34,0,105.88
00604,000302000,099.00,14.24,063.28,0,106.17
00605,000302500,099.00,14.24,064.23,0,106.46
00606,000303000,099.00,14.25,065.19,0,106.75
00607,000303500,099.00,14.25,066.14,0,107.04
00608,000304000,099.00,14.22,067.10,0,107.33
00609,000304500,099.00,14.22,068.06,0,107.62
00610,000305000,099.00,14.22,069.02,0,107.92
00611,000305500,099.25,14.23,059.24,0,108.21
00612,000306000,099.25,14.23,070.21,0,108.50
00613,000306500,099.75,14.22,049.67,0,108.79
00614,000307000,099.75,14.22,070.64,0,109.08
00615,000307500,100.50,14.20,039.35,0,109.38
00616,000308000,100.50,14.20,070.32,0,109.67
00617,000308500,100.50,14.20,071.29,0,109.96
00618,000309000,100.00,14.21,093.77,0,110.25
00619,000309500,100.00,14.21,074.75,0,110.54
00620,000310000,100.50,14.21,054.23,0,110.83
00621,000310500,100.50,14.21,075.21,0,111.12
00622,000311000,100.50,14.21,076.19,0,111.42
00623,000311500,101.25,14.20,044.92,0,111.71
00624,000312000,101.25,14.20,075.90,0,112.00
00625,000312500,102.00,14.20,044.63,0,112.29
00626,000313000,102.00,14.20,075.61,0,112.58
00627,000313500,102.00,14.20,076.60,0,112.88
00628,000314000,102.75,14.22,045.33,0,113.17
00629,000314500,102.75,14.22,076.31,0,113.46
00630,000315000,103.75,14.22,034.28,0,113.75
00631,000315500,103.75,14.22,075.26,0,114.04
00632,000316000,103.75,14.21,076.24,0,114.33
00633,000316500,103.75,14.21,077.23,0,114.62
00634,000317000,103.75,14.21,078.21,0,114.92
00635,000317500,105.00,14.20,025.44,0,115.21
00636,000318000,105.00,14.20,076.42,0,115.50
00637,000318500,106.00,14.23,034.39,0,115.79
00638,000319000,106.00,14.23,075.37,0,116.08
00639,000319500,106.00,14.23,076.35,0,116.38
00640,000320000,106.25,14.22,066.58,0,116.67
00641,000320500,106.25,14.22,077.56,0,116.96
00642,000321000,107.00,14.23,046.29,0,117.25
00643,000321500,107.00,14.23,077.27,0,117.54
00644,000322000,107.75,14.24,045.99,0,117.83
00645,000322500,107.75,14.24,076.97,0,118.12
00646,000323000,107.75,14.24,077.95,0,118.42
00647,000323500,108.00,14.25,068.18,0,118.71
00648,000324000,108.00,14.25,079.17,0,119.00
00649,000324500,108.00,14.26,080.16,0,119.29
00650,000325000,108.00,14.26,081.15,0,119.58
00651,000325500,108.00,14.26,082.14,0,119.88
00652,000326000,109.50,14.25,018.62,0,120.17
00653,000326500,109.50,14.25,079.61,0,120.46
00654,000327000,111.00,14.26,016.08,0,120.75
00655,000327500,111.00,14.26,077.06,0,121.04
00656,000328000,111.00,14.26,078.03,0,121.33
00657,000328500,111.25,14.25,068.26,0,121.62
00658,000329000,111.25,14.25,079.24,0,121.92
00659,000329500,111.50,14.25,069.48,0,122.21
00660,000330000,111.50,14.25,080.46,0,122.50
00661,000330500,112.00,14.25,059.94,0,122.79
00662,000331000,112.00,14.25,080.93,0,123.08
00663,000331500,112.00,14.25,081.92,0,123.38
00664,000332000,113.00,14.25,039.90,0,123.67
00665,000332500,113.00,14.25,080.89,0,123.96
00666,000333000,113.75,14.26,049.62,0,124.25
00667,000333500,113.75,14.26,080.60,0,124.54
00668,000334000,113.75,14.26,081.58,0,124.83
00669,000334500,114.00,14.25,071.82,0,125.12
00670,000335000,114.00,14.25,082.81,0,125.42
00671,000335500,114.25,14.25,073.05,0,125.71
00672,000336000,114.25,14.25,084.04,0,126.00
00673,000336500,115.25,14.26,042.03,0,126.29
00674,000337000,115.25,14.26,083.02,0,126.58
00675,000337500,115.25,14.26,084.01,0,126.88
00676,000338000,117.25,14.28,000.00,0,127.17
00677,000338500,117.25,14.28,079.96,0,127.46
00678,000339000,117.50,14.27,070.19,0,127.75
00679,000339500,117.50,14.27,081.17,0,128.04
00680,000340000,117.50,14.27,082.15,0,128.33
00681,000340500,117.25,14.27,093.89,0,128.62
00682,000341000,117.25,14.27,084.88,0,128.92
00683,000341500,117.25,14.26,085.87,0,129.21
00684,000342000,117.25,14.26,086.87,0,129.50
00685,000342500,117.25,14.26,087.87,0,129.79
00686,000343000,118.50,14.27,035.11,0,130.08
00687,000343500,118.50,14.27,086.11,0,130.38
00688,000344000,119.50,14.27,044.09,0,130.67
00689,000344500,119.50,14.27,085.08,0,130.96
00690,000345000,119.75,14.25,075.32,0,131.25
00691,000345500,119.75,14.25,086.32,0,131.54
00692,000346000,119.75,14.25,087.31,0,131.83
00693,000346500,120.00,14.26,077.56,0,132.12
00694,000347000,120.00,14.26,088.56,0,132.42
00695,000347500,121.00,14.25,046.55,0,132.71
00696,000348000,121.00,14.25,087.54,0,133.00
00697,000348500,121.00,14.25,088.54,0,133.29
00698,000349000,123.00,14.25,003.52,0,133.58
00699,000349500,123.00,14.25,084.51,0,133.88
00700,000350000,122.50,14.25,100.00,0,134.17
00701,000350500,122.50,14.25,087.99,0,134.46
00702,000351000,123.75,14.26,035.23,0,134.75
00703,000351500,123.75,14.26,086.22,0,135.04
00704,000352000,123.75,14.26,087.21,0,135.33
00705,000352500,123.75,14.24,088.20,0,135.62
00706,000353000,123.75,14.24,089.20,0,135.92
00707,000353500,124.75,14.25,047.19,0,136.21
00708,000354000,124.75,14.25,088.18,0,136.50
00709,000354500,124.75,14.25,089.17,0,136.79
00710,000355000,125.75,14.21,047.16,0,137.08
00711,000355500,125.75,14.21,088.15,0,137.38
00712,000356000,125.50,14.21,099.90,0,137.67
00713,000356500,125.50,14.21,090.90,0,137.96
00714,000357000,125.50,14.21,091.90,0,138.25
00715,000357500,126.75,14.21,039.15,0,138.54
00716,000358000,126.75,14.21,090.14,0,138.83
00717,000358500,128.00,14.21,037.38,0,139.12
00718,000359000,128.00,14.21,088.37,0,139.42
00719,000359500,130.00,14.20,003.34,0,139.71
00720,000360000,130.00,14.20,084.31,0,140.00
00721,000360500,130.00,14.20,079.92,0,140.17
00722,000361000,130.50,14.21,059.01,0,140.33
00723,000361500,130.50,14.21,079.61,0,140.50
00724,000362000,131.00,14.21,058.71,0,140.67
00725,000362500,131.00,14.21,079.31,0,140.83
00726,000363000,131.00,14.21,079.91,0,141.00
00727,000363500,131.75,14.21,048.25,0,141.17
00728,000364000,131.75,14.21,078.85,0,141.33
00729,000364500,133.25,14.21,014.93,0,141.50
00730,000365000,133.25,14.21,075.52,0,141.67
00731,000365500,134.25,14.22,033.09,0,141.83
00732,000366000,134.25,14.22,073.67,0,142.00
00733,000366500,134.25,14.22,074.25,0,142.17
00734,000367000,134.00,14.21,085.58,0,142.33
00735,000367500,134.00,14.21,076.17,0,142.50
00736,000368000,135.00,14.22,033.74,0,142.67
00737,000368500,135.00,14.22,074.32,0,142.83
00738,000369000,135.00,14.22,074.90,0,143.00
00739,000369500,135.75,14.24,043.23,0,143.17
00740,000370000,135.75,14.24,073.80,0,143.33
00741,000370500,136.50,14.24,042.12,0,143.50
00742,000371000,136.50,14.24,072.69,0,143.67
00743,000371500,136.50,14.24,073.27,0,143.83
00744,000372000,137.25,14.25,041.58,0,144.00
00745,000372500,137.25,14.25,072.15,0,144.17
00746,000373000,138.00,14.26,040.47,0,144.33
00747,000373500,138.00,14.26,071.03,0,144.50
00748,000374000,138.50,14.27,050.09,0,144.67
00749,000374500,138.50,14.27,070.66,0,144.83
00750,000375000,138.50,14.27,071.22,0,145.00
00751,000375500,139.25,14.28,039.53,0,145.17
00752,000376000,139.25,14.28,070.09,0,145.33
00753,000376500,138.75,14.30,092.16,0,145.50
00754,000377000,138.75,14.30,072.73,0,145.67
00755,000377500,138.75,14.30,073.30,0,145.83
00756,000378000,139.75,14.30,030.86,0,146.00
00757,000378500,139.75,14.30,071.43,0,146.17
00758,000379000,141.25,14.31,007.48,0,146.33
00759,000379500,141.25,14.31,068.03,0,146.50
00760,000380000,141.25,14.31,068.58,0,146.67
00761,000380500,142.25,14.32,026.13,0,146.83
00762,000381000,142.25,14.32,066.68,0,147.00
00763,000381500,142.75,14.32,045.72,0,147.17
00764,000382000,142.75,14.32,066.27,0,147.33
00765,000382500,143.00,14.33,056.06,0,147.50
00766,000383000,143.00,14.33,066.61,0,147.67
00767,000383500,143.00,14.33,067.16,0,147.83
00768,000384000,144.00,14.34,024.70,0,148.00
00769,000384500,144.00,14.34,065.24,0,148.17
00770,000385000,145.25,14.33,012.02,0,148.33
00771,000385500,145.25,14.33,062.55,0,148.50
00772,000386000,145.25,14.33,063.09,0,148.67
00773,000386500,146.25,14.34,020.61,0,148.83
00774,000387000,146.25,14.34,061.14,0,149.00
00775,000387500,146.50,14.34,050.92,0,149.17
00776,000388000,146.50,14.34,061.44,0,149.33
00777,000388500,146.75,14.34,051.22,0,149.50
00778,000389000,146.75,14.34,061.75,0,149.67
00779,000389500,146.75,14.34,062.28,0,149.83
00780,000390000,146.00,14.34,095.07,0,150.00
00781,000390500,146.00,14.34,065.61,0,150.17
00782,000391000,147.00,14.34,023.15,0,150.33
00783,000391500,147.00,14.34,063.68,0,150.50
00784,000392000,147.00,14.34,064.22,0,150.67
00785,000392500,147.50,14.35,043.25,0,150.83
00786,000393000,147.50,14.35,063.79,0,151.00
00787,000393500,147.50,14.36,064.32,0,151.17
00788,000394000,147.50,14.36,064.86,0,151.33
00789,000394500,147.50,14.36,065.40,0,151.50
00790,000395000,147.25,14.35,076.70,0,151.67
00791,000395500,147.25,14.35,067.24,0,151.83
00792,000396000,148.25,14.37,024.78,0,152.00
00793,000396500,148.25,14.37,065.32,0,152.17
00794,000397000,149.50,14.36,012.10,0,152.33
00795,000397500,149.50,14.36,062.63,0,152.50
00796,000398000,149.50,14.36,063.16,0,152.67
00797,000398500,150.25,14.36,031.43,0,152.83
00798,000399000,150.25,14.36,061.96,0,153.00
00799,000399500,151.50,14.37,008.73,0,153.17
00800,000400000,151.50,14.37,059.25,0,153.33
00801,000400500,151.50,14.37,059.77,0,153.50
00802,000401000,151.75,14.36,049.54,0,153.67
00803,000401500,151.75,14.36,060.06,0,153.83
00804,000402000,152.25,14.37,039.07,0,154.00
00805,000402500,152.25,14.37,059.59,0,154.17
00806,000403000,152.00,14.38,070.87,0,154.33
00807,000403500,152.00,14.38,061.39,0,154.50
00808,000404000,152.00,14.38,061.92,0,154.67
00809,000404500,152.75,14.37,030.19,0,154.83
00810,000405000,152.75,14.37,060.71,0,155.00
00811,000405500,153.75,14.38,018.23,0,155.17
00812,000406000,153.75,14.38,058.74,0,155.33
00813,000406500,153.75,14.38,059.26,0,155.50
00814,000407000,153.75,14.38,059.78,0,155.67
00815,000407500,153.75,14.38,060.30,0,155.83
00816,000408000,153.00,14.38,093.08,0,156.00
00817,000408500,153.00,14.38,063.61,0,156.17
00818,000409000,153.00,14.38,064.14,0,156.33
00819,000409500,153.75,14.39,032.42,0,156.50
00820,000410000,153.75,14.39,062.95,0,156.67
00821,000410500,154.25,14.38,041.98,0,156.83
00822,000411000,154.25,14.38,062.50,0,157.00
00823,000411500,153.75,14.38,084.54,0,157.17
00824,000412000,153.75,14.38,065.07,0,157.33
00825,000412500,153.75,14.38,065.61,0,157.50
00826,000413000,154.00,14.38,055.40,0,157.67
00827,000413500,154.00,14.38,065.94,0,157.83
00828,000414000,154.50,14.39,044.97,0,158.00
00829,000414500,154.50,14.39,065.51,0,158.17
00830,000415000,154.50,14.39,066.05,0,158.33
00831,000415500,154.00,14.39,088.09,0,158.50
00832,000416000,154.00,14.39,068.64,0,158.67
00833,000416500,154.50,14.39,047.68,0,158.83
00834,000417000,154.50,14.39,068.23,0,159.00
00835,000417500,153.25,14.38,100.00,0,159.17
00836,000418000,153.25,14.38,073.10,0,159.33
00837,000418500,153.25,14.38,073.66,0,159.50
00838,000419000,154.75,14.39,009.71,0,159.67
00839,000419500,154.75,14.39,070.26,0,159.83
00840,000420000,155.25,14.39,049.31,0,160.00
00841,000420500,155.25,14.39,069.86,0,160.17
00842,000421000,155.25,14.39,070.41,0,160.33
00843,000421500,155.25,14.39,070.96,0,160.50
00844,000422000,155.25,14.39,071.51,0,160.67
00845,000422500,155.75,14.39,050.56,0,160.83
00846,000423000,155.75,14.39,071.12,0,161.00
00847,000423500,155.75,14.39,071.67,0,161.17
00848,000424000,156.25,14.40,050.72,0,161.33
00849,000424500,156.25,14.40,071.27,0,161.50
00850,000425000,156.50,14.39,061.08,0,161.67
00851,000425500,156.50,14.39,071.63,0,161.83
00852,000426000,156.75,14.39,061.43,0,162.00
00853,000426500,156.75,14.39,071.99,0,162.17
00854,000427000,156.75,14.39,072.54,0,162.33
00855,000427500,157.50,14.40,040.84,0,162.50
00856,000428000,157.50,14.40,071.39,0,162.67
00857,000428500,157.00,14.39,093.45,0,162.83
00858,000429000,157.00,14.39,074.01,0,163.00
00859,000429500,157.00,14.39,074.57,0,163.17
00860,000430000,157.50,14.39,053.63,0,163.33
00861,000430500,157.50,14.39,074.19,0,163.50
00862,000431000,157.75,14.39,064.00,0,163.67
00863,000431500,157.75,14.39,074.56,0,163.83
00864,000432000,157.75,14.39,075.12,0,164.00
00865,000432500,158.25,14.38,054.18,0,164.17
00866,000433000,158.25,14.38,074.74,0,164.33
00867,000433500,158.75,14.38,053.80,0,164.50
00868,000434000,158.75,14.38,074.36,0,164.67
00869,000434500,159.00,14.39,064.17,0,164.83
00870,000435000,159.00,14.39,074.73,0,165.00
00871,000435500,159.00,14.39,075.29,0,165.17
00872,000436000,159.25,14.38,065.10,0,165.33
00873,000436500,159.25,14.38,075.66,0,165.50
00874,000437000,160.00,14.39,043.97,0,165.67
00875,000437500,160.00,14.39,074.53,0,165.83
00876,000438000,160.00,14.39,075.09,0,166.00
00877,000438500,159.50,14.39,097.16,0,166.17
00878,000439000,159.50,14.39,077.72,0,166.33
00879,000439500,159.75,14.40,067.54,0,166.50
00880,000440000,159.75,14.40,078.11,0,166.67
00881,000440500,160.75,14.40,035.67,0,166.83
00882,000441000,160.75,14.40,076.23,0,167.00
00883,000441500,160.75,14.40,076.80,0,167.17
00884,000442000,160.25,14.41,098.87,0,167.33
00885,000442500,160.25,14.41,079.44,0,167.50
00886,000443000,160.75,14.41,058.51,0,167.67
00887,000443500,160.75,14.41,079.08,0,167.83
00888,000444000,160.75,14.41,079.65,0,168.00
00889,000444500,161.75,14.44,037.22,0,168.17
00890,000445000,161.75,14.44,077.78,0,168.33
00891,000445500,162.50,14.42,046.09,0,168.50
00892,000446000,162.50,14.42,076.66,0,168.67
00893,000446500,162.50,14.42,077.22,0,168.83
00894,000447000,163.25,14.43,045.53,0,169.00
00895,000447500,163.25,14.43,076.09,0,169.17
00896,000448000,163.25,14.44,076.65,0,169.33
00897,000448500,163.25,14.44,077.21,0,169.50
00898,000449000,164.00,14.43,045.52,0,169.67
00899,000449500,164.00,14.43,076.07,0,169.83
00900,000450000,164.00,14.43,076.63,0,170.00
00901,000450500,163.50,14.43,098.70,0,170.17
00902,000451000,163.50,14.43,079.27,0,170.33
00903,000451500,163.75,14.42,069.09,0,170.50
00904,000452000,163.75,14.42,079.66,0,170.67
00905,000452500,163.75,14.42,080.23,0,170.83
00906,000453000,162.75,14.44,100.00,0,171.00
00907,000453500,162.75,14.44,084.39,0,171.17
00908,000454000,161.75,14.44,100.00,0,171.33
00909,000454500,161.75,14.44,088.59,0,171.50
00910,000455000,160.50,14.45,100.00,0,171.67
00911,000455500,160.50,14.45,093.56,0,171.83
00912,000456000,160.50,14.45,094.18,0,172.00
00913,000456500,161.00,14.43,073.29,0,172.17
00914,000457000,161.00,14.43,093.90,0,172.33
00915,000457500,161.25,14.44,083.76,0,172.50
00916,000458000,161.25,14.44,094.38,0,172.67
00917,000458500,161.25,14.44,094.99,0,172.83
00918,000459000,160.75,14.47,100.00,0,173.00
00919,000459500,160.75,14.47,097.74,0,173.17
00920,000460000,162.25,14.45,033.85,0,173.33
00921,000460500,162.25,14.45,094.46,0,173.50
00922,000461000,162.25,14.45,095.08,0,173.67
00923,000461500,163.25,14.47,052.68,0,173.83
00924,000462000,163.25,14.47,093.29,0,174.00
00925,000462500,163.75,14.49,072.40,0,174.17
00926,000463000,163.75,14.49,093.00,0,174.33
00927,000463500,165.25,14.49,029.09,0,174.50
00928,000464000,165.25,14.49,089.69,0,174.67
00929,000464500,165.25,14.49,090.28,0,174.83
00930,000465000,166.75,14.49,026.37,0,175.00
00931,000465500,166.75,14.49,086.95,0,175.17
00932,000466000,167.50,14.50,055.28,0,175.33
00933,000466500,167.50,14.50,085.86,0,175.50
00934,000467000,167.50,14.50,086.44,0,175.67
00935,000467500,169.00,14.51,022.51,0,175.83
00936,000468000,169.00,14.51,083.08,0,176.00
00937,000468500,169.50,14.52,062.15,0,176.17
00938,000469000,169.50,14.52,082.71,0,176.33
00939,000469500,169.75,14.53,072.53,0,176.50
00940,000470000,169.75,14.53,083.10,0,176.67
00941,000470500,169.75,14.53,083.67,0,176.83
00942,000471000,170.25,14.55,062.74,0,177.00
00943,000471500,170.25,14.55,083.31,0,177.17
00944,000472000,171.00,14.54,051.62,0,177.33
00945,000472500,171.00,14.54,082.19,0,177.50
00946,000473000,171.00,14.54,082.75,0,177.67
00947,000473500,172.50,14.57,018.81,0,177.83
00948,000474000,172.50,14.57,079.36,0,178.00
00949,000474500,173.75,14.59,026.16,0,178.17
00950,000475000,173.75,14.59,076.70,0,178.33
00951,000475500,173.75,14.59,077.25,0,178.50
00952,000476000,175.25,14.59,013.28,0,178.67
00953,000476500,175.25,14.59,073.82,0,178.83
00954,000477000,176.25,14.60,031.35,0,179.00
00955,000477500,176.25,14.60,071.88,0,179.17
00956,000478000,177.50,14.62,018.64,0,179.33
00957,000478500,177.50,14.62,069.16,0,179.50
00958,000479000,177.50,14.62,069.69,0,179.67
00959,000479500,178.75,14.63,016.45,0,179.83
00960,000480000,178.75,14.63,066.96,0,180.00
00961,000480500,179.75,14.63,017.30,0,180.00
00962,000481000,179.75,14.63,057.30,0,180.00
00963,000481500,179.75,14.63,057.30,0,180.00
00964,000482000,180.75,14.65,014.29,0,180.00
00965,000482500,180.75,14.65,054.29,0,180.00
00966,000483000,181.00,14.65,043.52,0,180.00
00967,000483500,181.00,14.65,053.52,0,180.00
00968,000484000,182.00,14.65,010.50,0,180.00
00969,000484500,182.00,14.65,050.48,0,180.00
00970,000485000,182.00,14.65,050.45,0,180.00
00971,000485500,181.50,14.67,071.94,0,180.00
00972,000486000,181.50,14.67,051.93,0,180.00
00973,000486500,182.50,14.67,008.90,0,180.00
00974,000487000,182.50,14.67,048.88,0,180.00
00975,000487500,182.50,14.67,048.85,0,180.00
00976,000488000,182.25,14.68,059.58,0,180.00
00977,000488500,182.25,14.68,049.55,0,180.00
00978,000489000,182.50,14.68,038.78,0,180.00
00979,000489500,182.50,14.68,048.76,0,180.00
00980,000490000,182.50,14.68,048.73,0,180.00
00981,000490500,182.75,14.69,066.63,0,180.67
00982,000491000,182.75,14.69,078.61,0,181.33
00983,000491500,183.00,14.69,069.85,0,182.00
00984,000492000,183.00,14.69,081.85,0,182.67
00985,000492500,183.00,14.69,083.85,0,183.33
00986,000493000,183.00,14.69,085.86,0,184.00
00987,000493500,183.00,14.69,087.88,0,184.67
00988,000494000,183.25,14.69,079.15,0,185.33
00989,000494500,183.25,14.69,091.18,0,186.00
00990,000495000,184.00,14.69,060.95,0,186.67
00991,000495500,184.00,14.69,092.99,0,187.33
00992,000496000,184.00,14.69,095.03,0,188.00
00993,000496500,184.25,14.69,086.32,0,188.67
00994,000497000,184.25,14.69,098.37,0,189.33
00995,000497500,184.25,14.69,100.00,0,190.00
00996,000498000,184.25,14.69,100.00,0,190.67
00997,000498500,184.25,14.69,100.00,0,191.33
00998,000499000,184.50,14.69,095.89,0,192.00
00999,000499500,184.50,14.69,100.00,0,192.67
01000,000500000,185.25,14.69,077.80,0,193.33
01001,000500500,185.25,14.69,100.00,0,194.00
01002,000501000,185.25,14.68,100.00,0,194.67
01003,000501500,185.25,14.68,100.00,0,195.33
01004,000502000,185.25,14.68,100.00,0,196.00
01005,000502500,185.75,14.68,096.80,0,196.67
01006,000503000,185.75,14.68,100.00,0,197.33
01007,000503500,186.75,14.68,078.03,0,198.00
01008,000504000,186.75,14.68,100.00,0,198.67
01009,000504500,186.75,14.68,100.00,0,199.33
01010,000505000,185.75,14.68,100.00,0,200.00
01011,000505500,185.75,14.68,100.00,0,200.67
01012,000506000,185.00,14.67,100.00,0,201.33
01013,000506500,185.00,14.67,100.00,0,202.00
01014,000507000,185.25,14.66,100.00,0,202.67
01015,000507500,185.25,14.66,100.00,0,203.33
01016,000508000,185.25,14.66,100.00,0,204.00
01017,000508500,186.00,14.66,100.00,0,204.67
01018,000509000,186.00,14.66,100.00,0,205.33
01019,000509500,187.00,14.64,100.00,0,206.00
01020,000510000,187.00,14.64,100.00,0,206.67
01021,000510500,187.00,14.64,100.00,0,207.33
01022,000511000,187.25,14.64,100.00,0,208.00
01023,000511500,187.25,14.64,100.00,0,208.67
01024,000512000,188.50,14.64,099.79,0,209.33
01025,000512500,188.50,14.64,100.00,0,210.00
01026,000513000,188.50,14.64,100.00,0,210.67
01027,000513500,188.00,14.63,100.00,0,211.33
01028,000514000,188.00,14.63,100.00,0,212.00
01029,000514500,188.00,14.62,100.00,0,212.67
01030,000515000,188.00,14.62,100.00,0,213.33
01031,000515500,188.25,14.62,100.00,0,214.00
01032,000516000,188.25,14.62,100.00,0,214.67
01033,000516500,188.25,14.62,100.00,0,215.33
01034,000517000,189.50,14.61,100.00,0,216.00
01035,000517500,189.50,14.61,100.00,0,216.67
01036,000518000,189.75,14.60,100.00,0,217.33
01037,000518500,189.75,14.60,100.00,0,218.00
01038,000519000,189.75,14.60,100.00,0,218.67
01039,000519500,191.00,14.60,100.00,0,219.33
01040,000520000,191.00,14.60,100.00,0,220.00
01041,000520500,192.75,14.60,100.00,0,220.67
01042,000521000,192.75,14.60,100.00,0,221.33
01043,000521500,193.25,14.60,100.00,0,222.00
01044,000522000,193.25,14.60,100.00,0,222.67
01045,000522500,193.25,14.60,100.00,0,223.33
01046,000523000,194.00,14.61,100.00,0,224.00
01047,000523500,194.00,14.61,100.00,0,224.67
01048,000524000,194.75,14.61,100.00,0,225.33
01049,000524500,194.75,14.61,100.00,0,226.00
01050,000525000,194.75,14.61,100.00,0,226.67
01051,000525500,194.50,14.62,100.00,0,227.33
01052,000526000,194.50,14.62,100.00,0,228.00
01053,000526500,195.50,14.62,100.00,0,228.67
01054,000527000,195.50,14.62,100.00,0,229.33
01055,000527500,195.50,14.62,100.00,0,230.00
01056,000528000,196.25,14.62,100.00,0,230.67
01057,000528500,196.25,14.62,100.00,0,231.33
01058,000529000,197.25,14.62,100.00,0,232.00
01059,000529500,197.25,14.62,100.00,0,232.67
01060,000530000,199.00,14.64,100.00,0,233.33
01061,000530500,199.00,14.64,100.00,0,234.00
01062,000531000,199.00,14.64,100.00,0,234.67
01063,000531500,199.75,14.63,100.00,0,235.33
01064,000532000,199.75,14.63,100.00,0,236.00
01065,000532500,201.75,14.64,100.00,0,236.67
01066,000533000,201.75,14.64,100.00,0,237.33
01067,000533500,201.75,14.64,100.00,0,238.00
01068,000534000,203.75,14.64,100.00,0,238.67
01069,000534500,203.75,14.64,100.00,0,239.33
01070,000535000,204.00,14.65,100.00,0,240.00
01071,000535500,204.00,14.65,100.00,0,240.67
01072,000536000,204.75,14.66,100.00,0,241.33
01073,000536500,204.75,14.66,100.00,0,242.00
01074,000537000,204.75,14.66,100.00,0,242.67
01075,000537500,205.00,14.67,100.00,0,243.33
01076,000538000,205.00,14.67,100.00,0,244.00
01077,000538500,204.75,14.66,100.00,0,244.67
01078,000539000,204.75,14.66,100.00,0,245.33
01079,000539500,204.75,14.66,100.00,0,246.00
01080,000540000,205.25,14.67,100.00,0,246.67
01081,000540500,205.25,14.67,100.00,0,247.33
01082,000541000,206.25,14.67,100.00,0,248.00
01083,000541500,206.25,14.67,100.00,0,248.67
01084,000542000,206.25,14.67,100.00,0,249.33
01085,000542500,206.75,14.67,100.00,0,250.00
01086,000543000,206.75,14.67,100.00,0,250.67
01087,000543500,208.25,14.66,100.00,0,251.33
01088,000544000,208.25,14.66,100.00,0,252.00
01089,000544500,208.50,14.67,100.00,0,252.67
01090,000545000,208.50,14.67,100.00,0,253.33
01091,000545500,208.50,14.67,100.00,0,254.00
01092,000546000,208.25,14.65,100.00,0,254.67
01093,000546500,208.25,14.65,100.00,0,255.33
01094,000547000,209.75,14.64,100.00,0,256.00
01095,000547500,209.75,14.64,100.00,0,256.67
01096,000548000,209.75,14.64,100.00,0,257.33
01097,000548500,211.75,14.65,100.00,0,258.00
01098,000549000,211.75,14.65,100.00,0,258.67
01099,000549500,213.00,14.63,100.00,0,259.33
01100,000550000,213.00,14.63,100.00,0,260.00
01101,000550500,213.00,14.63,100.00,0,260.00
01102,000551000,214.75,14.63,100.00,0,260.00
01103,000551500,214.75,14.63,100.00,0,260.00
01104,000552000,215.25,14.61,100.00,0,260.00
01105,000552500,215.25,14.61,100.00,0,260.00
01106,000553000,214.75,14.61,100.00,0,260.00
01107,000553500,214.75,14.61,100.00,0,260.00
01108,000554000,214.75,14.61,100.00,0,260.00
01109,000554500,216.75,14.59,100.00,0,260.00
01110,000555000,216.75,14.59,100.00,0,260.00
01111,000555500,217.00,14.59,100.00,0,260.00
01112,000556000,217.00,14.59,100.00,0,260.00
01113,000556500,217.00,14.59,100.00,0,260.00
01114,000557000,217.75,14.57,100.00,0,260.00
01115,000557500,217.75,14.57,100.00,0,260.00
01116,000558000,219.75,14.56,100.00,0,260.00
01117,000558500,219.75,14.56,100.00,0,260.00
01118,000559000,221.25,14.56,100.00,0,260.00
01119,000559500,221.25,14.56,100.00,0,260.00
01120,000560000,221.25,14.56,100.00,0,260.00
01121,000560500,222.00,14.54,100.00,0,260.00
01122,000561000,222.00,14.54,100.00,0,260.00
01123,000561500,220.75,14.55,100.00,0,260.00
01124,000562000,220.75,14.55,100.00,0,260.00
01125,000562500,220.75,14.55,100.00,0,260.00
01126,000563000,220.50,14.53,100.00,0,260.00
01127,000563500,220.50,14.53,100.00,0,260.00
01128,000564000,221.75,14.52,100.00,0,260.00
01129,000564500,221.75,14.52,100.00,0,260.00
01130,000565000,221.75,14.52,100.00,0,260.00
01131,000565500,224.25,14.53,100.00,0,260.00
01132,000566000,224.25,14.53,100.00,0,260.00
01133,000566500,219.75,14.52,100.00,0,260.00
01134,000567000,219.75,14.52,100.00,0,260.00
01135,000567500,220.00,14.51,100.00,0,260.00
01136,000568000,220.00,14.51,100.00,0,260.00
01137,000568500,220.00,14.51,100.00,0,260.00
01138,000569000,219.50,14.51,100.00,0,260.00
01139,000569500,219.50,14.51,100.00,0,260.00
01140,000570000,219.75,14.50,100.00,0,260.00
01141,000570500,219.75,14.50,100.00,0,260.00
01142,000571000,219.75,14.50,100.00,0,260.00
01143,000571500,220.25,14.49,100.00,0,260.00
01144,000572000,220.25,14.49,100.00,0,260.00
01145,000572500,220.50,14.49,100.00,0,260.00
01146,000573000,220.50,14.49,100.00,0,260.00
01147,000573500,221.25,14.48,100.00,0,260.00
01148,000574000,221.25,14.48,100.00,0,260.00
01149,000574500,221.25,14.48,100.00,0,260.00
01150,000575000,221.50,14.48,100.00,0,260.00
01151,000575500,221.50,14.48,100.00,0,258.93
01152,000576000,223.00,14.46,100.00,0,257.85
01153,000576500,223.00,14.46,100.00,0,256.77
01154,000577000,223.00,14.46,100.00,0,255.70
01155,000577500,222.50,14.47,100.00,0,254.62
01156,000578000,222.50,14.47,100.00,0,253.55
01157,000578500,222.75,14.46,100.00,0,252.47
01158,000579000,222.75,14.46,100.00,0,251.40
01159,000579500,222.75,14.46,100.00,0,250.32
01160,000580000,223.75,14.45,100.00,0,249.25
01161,000580500,223.75,14.45,100.00,0,248.18
01162,000581000,224.75,14.45,095.62,0,247.10
01163,000581500,224.75,14.45,100.00,0,246.03
01164,000582000,226.50,14.44,054.32,0,244.95
01165,000582500,226.50,14.44,100.00,0,243.88
01166,000583000,226.50,14.44,100.00,0,242.80
01167,000583500,225.25,14.45,100.00,0,241.72
01168,000584000,225.25,14.45,100.00,0,240.65
01169,000584500,225.50,14.45,100.00,0,239.57
01170,000585000,225.50,14.45,100.00,0,238.50
01171,000585500,225.50,14.45,100.00,0,237.43
01172,000586000,227.00,14.45,038.16,0,236.35
01173,000586500,227.00,14.45,095.01,0,235.28
01174,000587000,232.00,14.48,000.00,0,234.20
01175,000587500,232.00,14.48,073.60,0,233.12
01176,000588000,233.50,14.47,005.86,0,232.05
01177,000588500,233.50,14.47,062.61,0,230.97
01178,000589000,233.50,14.47,059.35,0,229.90
01179,000589500,233.50,14.49,056.07,0,228.82
01180,000590000,233.50,14.49,052.79,0,227.75
01181,000590500,232.25,14.50,100.00,0,226.68
01182,000591000,232.25,14.50,049.97,0,225.60
01183,000591500,232.25,14.50,046.67,0,224.53
01184,000592000,232.75,14.51,021.85,0,223.45
01185,000592500,232.75,14.51,038.52,0,222.38
01186,000593000,233.25,14.52,013.68,0,221.30
01187,000593500,233.25,14.52,030.32,0,220.22
01188,000594000,233.25,14.52,026.95,0,219.15
01189,000594500,231.75,14.52,088.09,0,218.07
01190,000595000,231.75,14.52,024.72,0,217.00
01191,000595500,233.00,14.53,000.00,0,215.30
01192,000596000,233.00,14.53,000.00,0,213.60
01193,000596500,231.50,14.54,044.60,0,211.90
01194,000597000,231.50,14.54,000.00,0,210.20
01195,000597500,231.50,14.54,000.00,0,208.50
01196,000598000,231.25,14.54,000.00,0,206.80
01197,000598500,231.25,14.54,000.00,0,205.10
01198,000599000,231.75,14.55,000.00,0,203.40
01199,000599500,231.75,14.55,000.00,0,201.70
01200,000600000,231.75,14.55,000.00,0,200.00
01201,000600500,231.75,14.55,000.00,0,198.00
01202,000601000,231.75,14.55,000.00,0,196.00
01203,000601500,230.00,14.56,000.00,0,194.00
01204,000602000,230.00,14.56,000.00,0,192.00
01205,000602500,230.00,14.56,000.00,0,190.00
01206,000603000,230.50,14.57,000.00,0,188.00
01207,000603500,230.50,14.57,000.00,0,186.00
01208,000604000,230.25,14.57,000.00,0,184.00
01209,000604500,230.25,14.57,000.00,0,182.00
01210,000605000,229.50,14.57,000.00,0,180.00
01211,000605500,229.50,14.57,000.00,0,178.92
01212,000606000,229.50,14.57,000.00,0,177.83
01213,000606500,228.75,14.57,000.00,0,176.75
01214,000607000,228.75,14.57,000.00,0,175.67
01215,000607500,229.00,14.58,000.00,0,174.58
01216,000608000,229.00,14.58,000.00,0,173.50
01217,000608500,229.00,14.58,000.00,0,172.42
01218,000609000,228.50,14.59,000.00,0,171.33
01219,000609500,228.50,14.59,000.00,0,170.25
01220,000610000,227.50,14.59,000.00,0,169.17
01221,000610500,227.50,14.59,000.00,0,168.08
01222,000611000,227.00,14.58,000.00,0,167.00
01223,000611500,227.00,14.58,000.00,0,165.92
01224,000612000,227.00,14.58,000.00,0,164.83
01225,000612500,226.00,14.59,000.00,0,163.75
01226,000613000,226.00,14.59,000.00,0,162.67
01227,000613500,225.50,14.60,000.00,0,161.58
01228,000614000,225.50,14.60,000.00,0,160.50
01229,000614500,225.50,14.60,000.00,0,159.42
01230,000615000,224.75,14.59,000.00,0,158.33
01231,000615500,224.75,14.59,000.00,0,157.25
01232,000616000,223.00,14.58,000.00,0,156.17
01233,000616500,223.00,14.58,000.00,0,155.08
01234,000617000,223.00,14.58,000.00,0,154.00
01235,000617500,219.00,14.58,008.68,0,152.92
01236,000618000,219.00,14.58,000.00,0,151.83
01237,000618500,214.25,14.56,045.12,0,150.75
01238,000619000,214.25,14.56,000.00,0,149.67
01239,000619500,207.25,14.56,100.00,0,148.58
01240,000620000,207.25,14.56,000.00,0,147.50
01241,000620500,207.25,14.56,000.00,0,146.42
01242,000621000,206.00,14.55,000.00,0,145.33
01243,000621500,206.00,14.55,000.00,0,144.25
01244,000622000,201.00,14.54,067.88,0,143.17
01245,000622500,201.00,14.54,000.00,0,142.08
01246,000623000,201.00,14.54,000.00,0,141.00
01247,000623500,197.75,14.54,000.00,0,139.92
01248,000624000,197.75,14.54,000.00,0,138.83
01249,000624500,195.50,14.55,000.00,0,137.75
01250,000625000,195.50,14.55,000.00,0,136.67
01251,000625500,190.00,14.55,094.06,0,135.58
01252,000626000,190.00,14.55,000.00,0,134.50
01253,000626500,190.00,14.55,000.00,0,133.42
01254,000627000,184.75,14.55,088.42,0,132.33
01255,000627500,184.75,14.55,000.00,0,131.25
01256,000628000,183.00,14.55,000.00,0,130.17
01257,000628500,183.00,14.55,000.00,0,129.08
01258,000629000,183.00,14.55,000.00,0,128.00
01259,000629500,181.00,14.57,000.00,0,126.92
01260,000630000,181.00,14.57,000.00,0,125.83
01261,000630500,178.75,14.59,000.00,0,124.75
01262,000631000,178.75,14.59,000.00,0,123.67
01263,000631500,178.75,14.59,000.00,0,122.58
01264,000632000,176.75,14.60,000.00,0,121.50
01265,000632500,176.75,14.60,000.00,0,120.42
01266,000633000,173.00,14.61,018.12,0,119.33
01267,000633500,173.00,14.61,000.00,0,118.25
01268,000634000,170.00,14.62,000.00,0,117.17
01269,000634500,170.00,14.62,000.00,0,116.08
01270,000635000,170.00,14.62,000.00,0,115.00
01271,000635500,167.75,14.62,000.00,0,113.92
01272,000636000,167.75,14.62,000.00,0,112.83
01273,000636500,165.75,14.63,000.00,0,111.75
01274,000637000,165.75,14.63,000.00,0,110.67
01275,000637500,165.75,14.63,000.00,0,109.58
01276,000638000,164.25,14.66,000.00,0,108.50
01277,000638500,164.25,14.66,000.00,0,107.42
01278,000639000,162.25,14.66,000.00,0,106.33
01279,000639500,162.25,14.66,000.00,0,105.25
01280,000640000,160.50,14.66,000.00,0,104.17
01281,000640500,160.50,14.66,000.00,0,103.08
01282,000641000,160.50,14.66,000.00,0,102.00
01283,000641500,158.50,14.67,000.00,0,100.92
01284,000642000,158.50,14.67,000.00,0,099.83
01285,000642500,157.50,14.67,000.00,0,098.75
01286,000643000,157.50,14.67,000.00,0,097.67
01287,000643500,157.50,14.67,000.00,0,096.58
01288,000644000,157.00,14.69,000.00,0,095.50
01289,000644500,157.00,14.69,000.00,0,094.42
01290,000645000,155.50,14.69,000.00,0,093.33
01291,000645500,155.50,14.69,000.00,0,092.25
01292,000646000,155.50,14.69,000.00,0,091.17
01293,000646500,154.50,14.69,000.00,0,090.08
01294,000647000,154.50,14.69,000.00,0,089.00
01295,000647500,152.00,14.69,000.00,0,087.92
01296,000648000,152.00,14.69,000.00,0,086.83
01297,000648500,150.50,14.70,000.00,0,085.75
01298,000649000,150.50,14.70,000.00,0,084.67
01299,000649500,150.50,14.70,000.00,0,083.58
01300,000650000,149.25,14.71,000.00,0,082.50
01301,000650500,149.25,14.71,000.00,0,081.42
01302,000651000,148.75,14.70,000.00,0,080.33
01303,000651500,148.75,14.70,000.00,0,079.25
01304,000652000,148.75,14.70,000.00,0,078.17
01305,000652500,147.50,14.73,000.00,0,077.08
01306,000653000,147.50,14.73,000.00,0,076.00
01307,000653500,146.75,14.73,000.00,0,074.92
01308,000654000,146.75,14.73,000.00,0,073.83
01309,000654500,146.50,14.73,000.00,0,072.75
01310,000655000,146.50,14.73,000.00,0,071.67
01311,000655500,146.50,14.73,000.00,0,070.58
01312,000656000,145.75,14.76,000.00,0,069.50
01313,000656500,145.75,14.76,000.00,0,068.42
01314,000657000,145.25,14.76,000.00,0,067.33
01315,000657500,145.25,14.76,000.00,0,066.25
01316,000658000,145.25,14.76,000.00,0,065.17
01317,000658500,144.25,14.76,000.00,0,064.08
01318,000659000,144.25,14.76,000.00,0,063.00
01319,000659500,142.75,14.78,000.00,0,061.92
01320,000660000,142.75,14.78,000.00,0,060.83
01321,000660500,142.75,14.78,000.00,0,059.75
01322,000661000,141.50,14.77,000.00,0,058.67
01323,000661500,141.50,14.77,000.00,0,057.58
01324,000662000,140.25,14.79,000.00,0,056.50
01325,000662500,140.25,14.79,000.00,0,055.42
01326,000663000,138.00,14.78,000.00,0,054.33
01327,000663500,138.00,14.78,000.00,0,053.25
01328,000664000,138.00,14.78,000.00,0,052.17
01329,000664500,135.25,14.79,000.00,0,051.08
01330,000665000,135.25,14.79,000.00,0,050.00
01331,000665500,134.50,14.79,000.00,0,050.00
01332,000666000,134.50,14.79,000.00,0,050.00
01333,000666500,134.50,14.79,000.00,0,050.00
01334,000667000,131.25,14.78,000.00,0,050.00
01335,000667500,131.25,14.78,000.00,0,050.00
01336,000668000,128.75,14.79,000.00,0,050.00
01337,000668500,128.75,14.79,000.00,0,050.00
01338,000669000,128.75,14.79,000.00,0,050.00
01339,000669500,127.00,14.79,000.00,0,050.00
01340,000670000,127.00,14.79,000.00,0,050.00
01341,000670500,125.75,14.80,000.00,0,050.00
01342,000671000,125.75,14.80,000.00,0,050.00
01343,000671500,124.25,14.80,000.00,0,050.00
01344,000672000,124.25,14.80,000.00,0,050.00
01345,000672500,124.25,14.80,000.00,0,050.00
01346,000673000,122.75,14.81,000.00,0,050.00
01347,000673500,122.75,14.81,000.00,0,050.00
01348,000674000,121.25,14.81,000.00,0,050.00
01349,000674500,121.25,14.81,000.00,0,050.00
01350,000675000,121.25,14.81,000.00,0,050.00
01351,000675500,119.75,14.82,000.00,0,050.00
01352,000676000,119.75,14.82,000.00,0,050.00
01353,000676500,118.50,14.83,000.00,0,050.00
01354,000677000,118.50,14.83,000.00,0,050.00
01355,000677500,116.75,14.83,000.00,0,050.00
01356,000678000,116.75,14.83,000.00,0,050.00
01357,000678500,116.75,14.83,000.00,0,050.00
01358,000679000,115.50,14.85,000.00,0,050.00
01359,000679500,115.50,14.85,000.00,0,050.00
01360,000680000,114.50,14.87,000.00,0,050.00
01361,000680500,114.50,14.87,000.00,0,050.00
01362,000681000,114.50,14.87,000.00,0,050.00
01363,000681500,114.50,14.87,000.00,0,050.00
01364,000682000,114.50,14.87,000.00,0,050.00
01365,000682500,113.00,14.90,000.00,0,050.00
01366,000683000,113.00,14.90,000.00,0,050.00
01367,000683500,113.00,14.90,000.00,0,050.00
01368,000684000,112.50,14.93,000.00,0,050.00
01369,000684500,112.50,14.93,000.00,0,050.00
01370,000685000,111.50,14.94,000.00,0,050.00
01371,000685500,111.50,14.94,000.00,0,050.00
01372,000686000,109.75,14.95,000.00,0,050.00
01373,000686500,109.75,14.95,000.00,0,050.00
01374,000687000,109.75,14.95,000.00,0,050.00
01375,000687500,108.00,14.98,000.00,0,050.00
01376,000688000,108.00,14.98,000.00,0,050.00
01377,000688500,106.00,14.99,000.00,0,050.00
01378,000689000,106.00,14.99,000.00,0,050.00
01379,000689500,106.00,14.99,000.00,0,050.00
01380,000690000,104.75,15.00,000.00,0,050.00
01381,000690500,104.75,15.00,000.00,0,050.00
01382,000691000,104.50,15.01,000.00,0,050.00
01383,000691500,104.50,15.01,000.00,0,050.00
01384,000692000,104.00,15.03,000.00,0,050.00
01385,000692500,104.00,15.03,000.00,0,050.00
01386,000693000,104.00,15.03,000.00,0,050.00
01387,000693500,103.00,15.04,000.00,0,050.00
01388,000694000,103.00,15.04,000.00,0,050.00
01389,000694500,103.00,15.04,000.00,0,050.00
01390,000695000,103.00,15.04,000.00,0,050.00
01391,000695500,103.00,15.04,000.00,0,050.00
01392,000696000,103.00,15.05,000.00,0,050.00
01393,000696500,103.00,15.05,000.00,0,050.00
01394,000697000,102.25,15.04,000.00,0,050.00
01395,000697500,102.25,15.04,000.00,0,050.00
01396,000698000,102.25,15.04,000.00,0,050.00
01397,000698500,101.75,15.04,000.00,0,050.00
01398,000699000,101.75,15.04,000.00,0,050.00
01399,000699500,100.75,15.05,000.00,0,050.00
01400,000700000,100.75,15.05,000.00,0,050.00
01401,000700500,100.25,15.02,000.00,0,050.00
01402,000701000,100.25,15.02,000.00,0,050.00
01403,000701500,100.25,15.02,000.00,0,050.00
01404,000702000,099.50,15.03,000.00,0,050.00
01405,000702500,099.50,15.03,000.00,0,050.00
01406,000703000,098.25,15.03,000.00,0,050.00
01407,000703500,098.25,15.03,000.00,0,050.00
01408,000704000,098.25,15.03,000.00,0,050.00
01409,000704500,102.00,15.01,000.00,0,050.00
01410,000705000,102.00,15.01,000.00,0,050.00
01411,000705500,097.50,14.98,016.00,0,050.00
01412,000706000,097.50,14.98,000.00,0,050.00
01413,000706500,097.50,14.99,000.00,0,050.00
01414,000707000,097.50,14.99,000.00,0,050.00
01415,000707500,097.50,14.99,000.00,0,050.00
01416,000708000,098.00,14.99,000.00,0,050.00
01417,000708500,098.00,14.99,000.00,0,050.00
01418,000709000,097.75,14.97,000.00,0,050.00
01419,000709500,097.75,14.97,000.00,0,050.00
01420,000710000,097.75,14.97,000.00,0,050.00
01421,000710500,097.25,14.95,000.00,0,050.00
01422,000711000,097.25,14.95,000.00,0,050.00
01423,000711500,096.25,14.93,000.00,0,050.00
01424,000712000,096.25,14.93,000.00,0,050.00
01425,000712500,096.25,14.93,000.00,0,050.00
01426,000713000,096.75,14.93,000.00,0,050.00
01427,000713500,096.75,14.93,000.00,0,050.00
01428,000714000,095.25,14.92,000.00,0,050.00
01429,000714500,095.25,14.92,000.00,0,050.00
01430,000715000,094.75,14.90,000.00,0,050.00
01431,000715500,094.75,14.90,000.00,0,050.00
01432,000716000,094.75,14.90,000.00,0,050.00
01433,000716500,094.00,14.89,000.00,0,050.00
01434,000717000,094.00,14.89,000.00,0,050.00
01435,000717500,093.25,14.87,000.00,0,050.00
01436,000718000,093.25,14.87,000.00,0,050.00
01437,000718500,093.25,14.87,000.00,0,050.00
01438,000719000,092.50,14.86,000.00,0,050.00
01439,000719500,092.50,14.86,000.00,0,050.00
01440,000720000,092.00,14.85,000.00,0,050.00
