Sample time (ms): 500
Maximum runtime (s): 720
Index,Time (ms),Oven temperature (C),Ambient temperature (C),PWM controller (percent),Thermocouple open,Reference temperature (C)
00000,000000001,025.50,09.17,100.00,0,050.00
00001,000000500,025.50,09.17,073.95,0,050.00
00002,000001000,025.50,09.17,074.20,0,050.00
00003,000001500,024.75,09.18,100.00,0,050.00
00004,000002000,024.75,09.18,076.95,0,050.00
00005,000002500,024.75,09.18,077.20,0,050.00
00006,000003000,020.50,09.19,100.00,0,050.00
00007,000003500,020.50,09.19,090.55,0,050.00
00008,000004000,020.50,09.19,090.84,0,050.00
00009,000004500,020.50,09.19,091.14,0,050.00
00010,000005000,020.50,09.19,091.43,0,050.00
00011,000005500,020.75,09.20,080.97,0,050.00
00012,000006000,020.75,09.20,091.27,0,050.00
00013,000006500,020.75,09.20,091.56,0,050.00
00014,000007000,020.75,09.20,091.85,0,050.00
00015,000007500,021.50,09.18,059.89,0,050.00
00016,000008000,021.50,09.18,090.17,0,050.00
00017,000008500,021.50,09.18,090.45,0,050.00
00018,000009000,021.25,09.19,100.00,0,050.00
00019,000009500,021.25,09.19,091.78,0,050.00
00020,000010000,020.75,09.20,100.00,0,050.00
00021,000010500,020.75,09.20,093.86,0,050.00
00022,000011000,020.75,09.20,094.16,0,050.00
00023,000011500,022.00,09.19,040.69,0,050.00
00024,000012000,022.00,09.19,090.97,0,050.00
00025,000012500,022.50,09.22,069.74,0,050.00
00026,000013000,022.50,09.22,090.02,0,050.00
00027,000013500,023.25,09.20,058.03,0,050.00
00028,000014000,023.25,09.20,088.30,0,050.00
00029,000014500,023.25,09.20,088.57,0,050.00
00030,000015000,023.50,09.20,078.09,0,050.00
00031,000015500,023.50,09.20,088.35,0,050.00
00032,000016000,023.75,09.21,077.86,0,050.00
00033,000016500,023.75,09.21,088.12,0,050.00
00034,000017000,023.75,09.21,088.39,0,050.00
00035,000017500,024.50,09.17,056.39,0,050.00
00036,000018000,024.50,09.17,086.65,0,050.00
00037,000018500,025.00,09.18,065.40,0,050.00
00038,000019000,025.00,09.18,085.65,0,050.00
00039,000019500,025.00,09.18,085.90,0,050.00
00040,000020000,025.75,09.17,053.89,0,050.00
00041,000020500,025.75,09.17,084.13,0,050.00
00042,000021000,026.50,09.16,052.12,0,050.00
00043,000021500,026.50,09.16,082.35,0,050.00
00044,000022000,026.75,09.18,071.84,0,050.00
00045,000022500,026.75,09.18,082.07,0,050.00
00046,000023000,026.75,09.18,082.30,0,050.00
00047,000023500,028.00,09.18,028.77,0,050.00
00048,000024000,028.00,09.18,078.99,0,050.00
00049,000024500,028.00,09.18,079.21,0,050.00
00050,000025000,028.00,09.18,079.43,0,050.00
00051,000025500,028.00,09.18,079.65,0,050.00
00052,000026000,029.50,09.17,015.36,0,050.00
00053,000026500,029.50,09.17,075.56,0,050.00
00054,000027000,029.50,09.18,075.77,0,050.00
00055,000027500,029.50,09.18,075.97,0,050.00
00056,000028000,030.75,09.17,022.41,0,050.00
00057,000028500,030.75,09.17,072.61,0,050.00
00058,000029000,030.75,09.17,072.80,0,050.00
00059,000029500,031.25,09.19,051.48,0,050.00
00060,000030000,031.25,09.19,071.67,0,050.00
00061,000030500,032.25,09.19,028.85,0,050.00
00062,000031000,032.25,09.19,069.03,0,050.00
00063,000031500,032.25,09.19,069.20,0,050.00
00064,000032000,033.25,09.20,026.37,0,050.00
00065,000032500,033.25,09.20,066.54,0,050.00
00066,000033000,033.75,09.20,045.20,0,050.00
00067,000033500,033.75,09.20,065.37,0,050.00
00068,000034000,033.75,09.20,065.53,0,050.00
00069,000034500,034.75,09.21,022.68,0,050.00
00070,000035000,034.75,09.21,062.83,0,050.00
00071,000035500,035.50,09.21,030.73,0,050.00
00072,000036000,035.50,09.21,060.87,0,050.00
00073,000036500,036.50,09.22,018.01,0,050.00
00074,000037000,036.50,09.22,058.14,0,050.00
00075,000037500,036.50,09.22,058.28,0,050.00
00076,000038000,037.50,09.22,015.40,0,050.00
00077,000038500,037.50,09.22,055.53,0,050.00
00078,000039000,037.75,09.23,044.90,0,050.00
00079,000039500,037.75,09.23,055.02,0,050.00
00080,000040000,037.75,09.23,055.14,0,050.00
00081,000040500,038.25,09.25,033.76,0,050.00
00082,000041000,038.25,09.25,053.88,0,050.00
00083,000041500,039.75,09.26,000.00,0,050.00
00084,000042000,039.75,09.26,049.59,0,050.00
00085,000042500,039.75,09.26,049.69,0,050.00
00086,000043000,039.50,09.27,060.54,0,050.00
00087,000043500,039.50,09.27,050.65,0,050.00
00088,000044000,041.50,09.27,000.00,0,050.00
00089,000044500,041.50,09.27,044.82,0,050.00
00090,000045000,041.75,09.27,034.15,0,050.00
00091,000045500,041.75,09.27,044.23,0,050.00
00092,000046000,041.75,09.27,044.31,0,050.00
00093,000046500,042.00,09.28,033.64,0,050.00
00094,000047000,042.00,09.28,043.73,0,050.00
00095,000047500,043.00,09.29,000.80,0,050.00
00096,000048000,043.00,09.29,040.87,0,050.00
00097,000048500,043.00,09.29,040.94,0,050.00
00098,000049000,044.00,09.30,000.00,0,050.00
00099,000049500,044.00,09.30,038.05,0,050.00
00100,000050000,045.50,09.29,000.00,0,050.00
00101,000050500,045.50,09.29,033.64,0,050.00
00102,000051000,045.75,09.30,022.94,0,050.00
00103,000051500,045.75,09.30,032.98,0,050.00
00104,000052000,045.75,09.30,033.02,0,050.00
00105,000052500,046.25,09.31,011.56,0,050.00
00106,000053000,046.25,09.31,031.60,0,050.00
00107,000053500,046.75,09.30,010.13,0,050.00
00108,000054000,046.75,09.30,030.16,0,050.00
00109,000054500,046.75,09.30,030.20,0,050.00
00110,000055000,047.75,09.29,000.00,0,050.00
00111,000055500,047.75,09.29,027.24,0,050.00
00112,000056000,048.50,09.30,000.00,0,050.00
00113,000056500,048.50,09.30,025.02,0,050.00
00114,000057000,048.50,09.30,025.04,0,050.00
00115,000057500,049.25,09.31,000.00,0,050.00
00116,000058000,049.25,09.31,022.80,0,050.00
00117,000058500,049.25,09.30,022.81,0,050.00
00118,000059000,049.25,09.30,022.82,0,050.00
00119,000059500,050.25,09.27,000.00,0,050.00
00120,000060000,050.25,09.27,019.81,0,050.00
00121,000060500,050.25,09.27,019.81,0,050.00
00122,000061000,050.00,09.26,030.56,0,050.00
00123,000061500,050.00,09.26,020.56,0,050.00
00124,000062000,050.50,09.27,000.00,0,050.00
00125,000062500,050.50,09.27,019.05,0,050.00
00126,000063000,050.50,09.27,019.04,0,050.00
00127,000063500,050.50,09.27,019.04,0,050.00
00128,000064000,050.50,09.27,019.03,0,050.00
00129,000064500,050.50,09.25,019.03,0,050.00
00130,000065000,050.50,09.25,019.02,0,050.00
00131,000065500,051.75,09.26,000.00,0,050.00
00132,000066000,051.75,09.26,015.24,0,050.00
00133,000066500,051.75,09.26,015.22,0,050.00
00134,000067000,052.00,09.23,004.45,0,050.00
00135,000067500,052.00,09.23,014.43,0,050.00
00136,000068000,051.75,09.21,025.16,0,050.00
00137,000068500,051.75,09.21,015.14,0,050.00
00138,000069000,051.75,09.21,015.13,0,050.00
00139,000069500,053.00,09.23,000.00,0,050.00
00140,000070000,053.00,09.23,011.32,0,050.00
00141,000070500,053.50,09.22,000.00,0,050.00
00142,000071000,053.50,09.22,009.75,0,050.00
00143,000071500,053.50,09.22,009.71,0,050.00
00144,000072000,053.75,09.24,000.00,0,050.00
00145,000072500,053.75,09.24,008.89,0,050.00
00146,000073000,054.25,09.23,000.00,0,050.00
00147,000073500,054.25,09.23,007.30,0,050.00
00148,000074000,054.50,09.23,000.00,0,050.00
00149,000074500,054.50,09.23,006.46,0,050.00
00150,000075000,054.50,09.23,006.42,0,050.00
00151,000075500,055.00,09.22,000.00,0,050.00
00152,000076000,055.00,09.22,004.82,0,050.00
00153,000076500,055.25,09.22,000.00,0,050.00
00154,000077000,055.25,09.22,003.96,0,050.00
00155,000077500,055.25,09.22,003.91,0,050.00
00156,000078000,055.75,09.22,000.00,0,050.00
00157,000078500,055.75,09.22,002.30,0,050.00
00158,000079000,056.25,09.21,000.00,0,050.00
00159,000079500,056.25,09.21,000.67,0,050.00
00160,000080000,056.50,09.21,000.00,0,050.00
00161,000080500,056.50,09.21,000.00,0,050.00
00162,000081000,056.50,09.21,000.00,0,050.00
00163,000081500,056.50,09.21,000.00,0,050.00
00164,000082000,056.50,09.21,000.00,0,050.00
00165,000082500,056.75,09.22,000.00,0,050.00
00166,000083000,056.75,09.22,000.00,0,050.00
00167,000083500,056.75,09.22,000.00,0,050.00
00168,000084000,056.25,09.20,020.08,0,050.00
00169,000084500,056.25,09.20,000.02,0,050.00
00170,000085000,057.00,09.20,000.00,0,050.00
00171,000085500,057.00,09.20,000.00,0,050.00
00172,000086000,057.00,09.20,000.00,0,050.00
00173,000086500,057.25,09.19,000.00,0,050.00
00174,000087000,057.25,09.19,000.00,0,050.00
00175,000087500,057.00,09.21,007.34,0,050.00
00176,000088000,057.00,09.21,000.00,0,050.00
00177,000088500,057.50,09.20,000.00,0,050.00
00178,000089000,057.50,09.20,000.00,0,050.00
00179,000089500,057.50,09.20,000.00,0,050.00
00180,000090000,057.25,09.21,006.23,0,050.00
00181,000090500,057.25,09.21,000.00,0,050.00
00182,000091000,057.50,09.20,000.00,0,050.00
00183,000091500,057.50,09.20,000.00,0,050.00
00184,000092000,057.50,09.20,000.00,0,050.00
00185,000092500,057.25,09.20,005.86,0,050.00
00186,000093000,057.25,09.20,000.00,0,050.00
00187,000093500,057.75,09.19,000.00,0,050.00
00188,000094000,057.75,09.19,000.00,0,050.00
00189,000094500,057.75,09.19,000.00,0,050.00
00190,000095000,057.75,09.19,000.00,0,050.00
00191,000095500,057.75,09.19,000.00,0,050.00
00192,000096000,057.75,09.16,000.00,0,050.00
00193,000096500,057.75,09.16,000.00,0,050.00
00194,000097000,057.75,09.17,000.00,0,050.00
00195,000097500,057.75,09.17,000.00,0,050.00
00196,000098000,057.75,09.17,000.00,0,050.00
00197,000098500,058.25,09.17,000.00,0,050.00
00198,000099000,058.25,09.17,000.00,0,050.00
00199,000099500,057.50,09.16,024.02,0,050.00
00200,000100000,057.50,09.16,000.00,0,050.00
00201,000100500,057.50,09.16,000.00,0,050.00
00202,000101000,058.00,09.17,000.00,0,050.00
00203,000101500,058.00,09.17,000.00,0,050.00
00204,000102000,058.00,09.16,000.00,0,050.00
00205,000102500,058.00,09.16,000.00,0,050.00
00206,000103000,057.75,09.16,002.72,0,050.00
00207,000103500,057.75,09.16,000.00,0,050.00
00208,000104000,057.75,09.16,000.00,0,050.00
00209,000104500,057.75,09.16,000.00,0,050.00
00210,000105000,057.75,09.16,000.00,0,050.00
00211,000105500,057.50,09.17,003.09,0,050.00
00212,000106000,057.50,09.17,000.00,0,050.00
00213,000106500,057.50,09.17,000.00,0,050.00
00214,000107000,057.50,09.17,000.00,0,050.00
00215,000107500,057.50,09.17,000.00,0,050.00
00216,000108000,057.50,09.17,000.00,0,050.00
00217,000108500,057.50,09.17,000.00,0,050.00
00218,000109000,057.50,09.17,000.00,0,050.00
00219,000109500,057.75,09.17,000.00,0,050.00
00220,000110000,057.75,09.17,000.00,0,050.00
00221,000110500,058.00,09.19,000.00,0,050.00
00222,000111000,058.00,09.19,000.00,0,050.00
00223,000111500,057.50,09.18,012.17,0,050.00
00224,000112000,057.50,09.18,000.00,0,050.00
00225,000112500,057.50,09.18,000.00,0,050.00
00226,000113000,057.25,09.19,002.70,0,050.00
00227,000113500,057.25,09.19,000.00,0,050.00
00228,000114000,057.75,09.19,000.00,0,050.00
00229,000114500,057.75,09.19,000.00,0,050.00
00230,000115000,057.75,09.19,000.00,0,050.00
00231,000115500,057.75,09.21,000.00,0,050.00
00232,000116000,057.75,09.21,000.00,0,050.00
00233,000116500,057.50,09.18,001.41,0,050.00
00234,000117000,057.50,09.18,000.00,0,050.00
00235,000117500,056.50,09.21,034.27,0,050.00
00236,000118000,056.50,09.21,000.00,0,050.00
00237,000118500,056.50,09.21,000.00,0,050.00
00238,000119000,057.50,09.20,000.00,0,050.00
00239,000119500,057.50,09.20,000.00,0,050.00
00240,000120000,056.75,09.18,023.18,0,050.00
00241,000120500,056.75,09.18,000.00,0,050.00
00242,000121000,056.75,09.18,000.00,0,050.00
00243,000121500,056.50,09.17,003.72,0,050.00
00244,000122000,056.50,09.17,000.00,0,050.00
00245,000122500,056.50,09.17,000.00,0,050.00
00246,000123000,056.50,09.17,000.00,0,050.00
00247,000123500,056.50,09.17,000.00,0,050.00
00248,000124000,057.00,09.19,000.00,0,050.00
00249,000124500,057.00,09.19,000.00,0,050.00
00250,000125000,056.50,09.19,013.26,0,050.00
00251,000125500,056.50,09.19,000.00,0,050.00
00252,000126000,056.25,09.19,003.88,0,050.00
00253,000126500,056.25,09.19,000.00,0,050.00
00254,000127000,056.25,09.19,000.00,0,050.00
00255,000127500,056.50,09.19,000.00,0,050.00
00256,000128000,056.50,09.19,000.00,0,050.00
00257,000128500,056.00,09.17,014.32,0,050.00
00258,000129000,056.00,09.17,000.00,0,050.00
00259,000129500,056.00,09.17,000.00,0,050.00
00260,000130000,056.00,09.17,000.00,0,050.00
00261,000130500,056.00,09.17,000.00,0,050.00
00262,000131000,056.00,09.16,000.00,0,050.00
00263,000131500,056.00,09.16,000.00,0,050.00
00264,000132000,056.00,09.16,000.00,0,050.00
00265,000132500,056.00,09.16,000.00,0,050.00
00266,000133000,056.00,09.16,000.00,0,050.00
00267,000133500,055.50,09.14,015.22,0,050.00
00268,000134000,055.50,09.14,000.00,0,050.00
00269,000134500,055.25,09.15,005.87,0,050.00
00270,000135000,055.25,09.15,000.00,0,050.00
00271,000135500,055.25,09.15,000.00,0,050.00
00272,000136000,055.50,09.14,000.00,0,050.00
00273,000136500,055.50,09.14,000.00,0,050.00
00274,000137000,055.25,09.14,005.60,0,050.00
00275,000137500,055.25,09.14,000.00,0,050.00
00276,000138000,055.25,09.14,000.00,0,050.00
00277,000138500,054.75,09.13,016.95,0,050.00
00278,000139000,054.75,09.13,000.00,0,050.00
00279,000139500,054.75,09.13,000.00,0,050.00
00280,000140000,054.75,09.13,000.00,0,050.00
00281,000140500,054.25,09.11,018.26,0,050.00
00282,000141000,054.25,09.11,000.00,0,050.00
00283,000141500,054.25,09.11,000.00,0,050.00
00284,000142000,054.75,09.11,000.00,0,050.00
00285,000142500,054.75,09.11,000.00,0,050.00
00286,000143000,054.50,09.12,007.29,0,050.00
00287,000143500,054.50,09.12,000.00,0,050.00
00288,000144000,054.50,09.12,000.00,0,050.00
00289,000144500,054.25,09.11,007.90,0,050.00
00290,000145000,054.25,09.11,000.00,0,050.00
00291,000145500,054.00,09.14,008.57,0,050.00
00292,000146000,054.00,09.14,000.00,0,050.00
00293,000146500,054.00,09.14,000.00,0,050.00
00294,000147000,054.00,09.12,000.00,0,050.00
00295,000147500,054.00,09.12,000.00,0,050.00
00296,000148000,053.50,09.09,019.88,0,050.00
00297,000148500,053.50,09.09,000.00,0,050.00
00298,000149000,053.75,09.10,000.00,0,050.00
00299,000149500,053.75,09.10,000.00,0,050.00
00300,000150000,053.75,09.10,000.00,0,050.00
00301,000150500,053.75,09.10,000.00,0,050.00
00302,000151000,053.75,09.10,000.00,0,050.00
00303,000151500,054.00,09.09,000.00,0,050.00
00304,000152000,054.00,09.09,000.00,0,050.00
00305,000152500,054.00,09.09,000.00,0,050.00
00306,000153000,053.50,09.07,019.50,0,050.00
00307,000153500,053.50,09.07,000.00,0,050.00
00308,000154000,053.50,09.07,000.00,0,050.00
00309,000154500,053.50,09.07,000.00,0,050.00
00310,000155000,053.50,09.07,000.00,0,050.00
00311,000155500,053.50,09.07,000.00,0,050.00
00312,000156000,053.50,09.07,000.00,0,050.00
00313,000156500,053.75,09.07,000.00,0,050.00
00314,000157000,053.75,09.07,000.00,0,050.00
00315,000157500,053.75,09.08,000.00,0,050.00
00316,000158000,053.75,09.08,000.00,0,050.00
00317,000158500,053.75,09.08,000.00,0,050.00
00318,000159000,054.00,09.09,000.00,0,050.00
00319,000159500,054.00,09.09,000.00,0,050.00
00320,000160000,053.50,09.10,018.98,0,050.00
00321,000160500,053.50,09.10,000.00,0,050.00
00322,000161000,053.50,09.10,000.00,0,050.00
00323,000161500,052.75,09.11,031.14,0,050.00
00324,000162000,052.75,09.11,001.11,0,050.00
00325,000162500,053.50,09.11,000.00,0,050.00
00326,000163000,053.50,09.11,000.00,0,050.00
00327,000163500,053.50,09.11,000.00,0,050.00
00328,000164000,053.50,09.11,000.00,0,050.00
00329,000164500,053.50,09.11,000.00,0,050.00
00330,000165000,053.75,09.12,000.00,0,050.00
00331,000165500,053.75,09.12,000.00,0,050.00
00332,000166000,054.00,09.13,000.00,0,050.00
00333,000166500,054.00,09.13,000.00,0,050.00
00334,000167000,054.00,09.13,000.00,0,050.00
00335,000167500,054.25,09.11,000.00,0,050.00
00336,000168000,054.25,09.11,000.00,0,050.00
00337,000168500,054.50,09.08,000.00,0,050.00
00338,000169000,054.50,09.08,000.00,0,050.00
00339,000169500,054.25,09.10,006.02,0,050.00
00340,000170000,054.25,09.10,000.00,0,050.00
00341,000170500,054.25,09.10,000.00,0,050.00
00342,000171000,054.00,09.09,006.65,0,050.00
00343,000171500,054.00,09.09,000.00,0,050.00
00344,000172000,054.50,09.11,000.00,0,050.00
00345,000172500,054.50,09.11,000.00,0,050.00
00346,000173000,054.50,09.11,000.00,0,050.00
00347,000173500,054.50,09.12,000.00,0,050.00
00348,000174000,054.50,09.12,000.00,0,050.00
00349,000174500,054.75,09.12,000.00,0,050.00
00350,000175000,054.75,09.12,000.00,0,050.00
00351,000175500,054.75,09.12,000.00,0,050.00
00352,000176000,054.50,09.13,004.70,0,050.00
00353,000176500,054.50,09.13,000.00,0,050.00
00354,000177000,054.75,09.14,000.00,0,050.00
00355,000177500,054.75,09.14,000.00,0,050.00
00356,000178000,054.50,09.11,004.51,0,050.00
00357,000178500,054.50,09.11,000.00,0,050.00
00358,000179000,054.50,09.11,000.00,0,050.00
00359,000179500,054.50,09.12,000.00,0,050.00
00360,000180000,054.50,09.12,000.00,0,050.00
00361,000180500,054.50,09.12,003.25,0,050.21
00362,000181000,054.50,09.12,003.83,0,050.42
00363,000181500,054.50,09.12,004.42,0,050.62
00364,000182000,055.25,09.14,000.00,0,050.83
00365,000182500,055.25,09.14,003.33,0,051.04
00366,000183000,055.25,09.14,003.91,0,051.25
00367,000183500,055.25,09.14,004.50,0,051.46
00368,000184000,054.50,09.13,037.35,0,051.67
00369,000184500,054.50,09.13,007.95,0,051.88
00370,000185000,054.50,09.13,008.55,0,052.08
00371,000185500,054.75,09.14,000.00,0,052.29
00372,000186000,054.75,09.14,009.00,0,052.50
00373,000186500,055.00,09.16,000.00,0,052.71
00374,000187000,055.00,09.16,009.46,0,052.92
00375,000187500,055.00,09.16,010.06,0,053.12
00376,000188000,054.75,09.14,021.42,0,053.33
00377,000188500,054.75,09.14,012.04,0,053.54
00378,000189000,054.50,09.14,023.40,0,053.75
00379,000189500,054.50,09.14,014.02,0,053.96
00380,000190000,054.50,09.14,014.65,0,054.17
00381,000190500,055.00,09.13,000.00,0,054.38
00382,000191000,055.00,09.13,014.39,0,054.58
00383,000191500,054.50,09.13,036.51,0,054.79
00384,000192000,054.50,09.13,017.14,0,055.00
00385,000192500,054.50,09.14,017.78,0,055.21
00386,000193000,054.50,09.14,018.41,0,055.42
00387,000193500,054.50,09.14,019.05,0,055.62
00388,000194000,054.25,09.14,030.44,0,055.83
00389,000194500,054.25,09.14,021.08,0,056.04
00390,000195000,053.75,09.13,043.23,0,056.25
00391,000195500,053.75,09.13,023.88,0,056.46
00392,000196000,053.75,09.13,024.54,0,056.67
00393,000196500,053.75,09.14,025.19,0,056.88
00394,000197000,053.75,09.14,025.85,0,057.08
00395,000197500,053.75,09.12,026.51,0,057.29
00396,000198000,053.75,09.12,027.17,0,057.50
00397,000198500,053.75,09.11,027.84,0,057.71
00398,000199000,053.75,09.11,028.50,0,057.92
00399,000199500,053.75,09.11,029.17,0,058.12
00400,000200000,054.00,09.13,019.09,0,058.33
00401,000200500,054.00,09.13,029.76,0,058.54
00402,000201000,054.00,09.12,030.43,0,058.75
00403,000201500,054.00,09.12,031.11,0,058.96
00404,000202000,054.00,09.12,031.79,0,059.17
00405,000202500,053.75,09.10,043.22,0,059.38
00406,000203000,053.75,09.10,033.90,0,059.58
00407,000203500,053.75,09.10,034.59,0,059.79
00408,000204000,053.75,09.10,035.27,0,060.00
00409,000204500,053.75,09.10,035.96,0,060.21
00410,000205000,053.50,09.07,047.41,0,060.42
00411,000205500,053.50,09.07,038.10,0,060.62
00412,000206000,054.00,09.05,017.30,0,060.83
00413,000206500,054.00,09.05,037.99,0,061.04
00414,000207000,053.75,09.06,049.44,0,061.25
00415,000207500,053.75,09.06,040.14,0,061.46
00416,000208000,053.75,09.06,040.85,0,061.67
00417,000208500,053.75,09.07,041.55,0,061.88
00418,000209000,053.75,09.07,042.26,0,062.08
00419,000209500,053.75,09.08,042.97,0,062.29
00420,000210000,053.75,09.08,043.69,0,062.50
00421,000210500,053.75,09.08,044.40,0,062.71
00422,000211000,053.25,09.08,066.62,0,062.92
00423,000211500,053.25,09.08,047.35,0,063.12
00424,000212000,053.25,09.07,048.07,0,063.33
00425,000212500,053.25,09.07,048.80,0,063.54
00426,000213000,053.25,09.07,049.53,0,063.75
00427,000213500,054.25,09.08,007.25,0,063.96
00428,000214000,054.25,09.08,047.98,0,064.17
00429,000214500,054.50,09.08,037.95,0,064.38
00430,000215000,054.50,09.08,048.68,0,064.58
00431,000215500,054.25,09.09,060.16,0,064.79
00432,000216000,054.25,09.09,050.89,0,065.00
00433,000216500,054.25,09.09,051.62,0,065.21
00434,000217000,054.25,09.10,052.36,0,065.42
00435,000217500,054.25,09.10,053.10,0,065.62
00436,000218000,054.50,09.09,043.09,0,065.83
00437,000218500,054.50,09.09,053.83,0,066.04
00438,000219000,054.50,09.09,054.57,0,066.25
00439,000219500,054.75,09.11,044.56,0,066.46
00440,000220000,054.75,09.11,055.31,0,066.67
00441,000220500,055.00,09.12,045.30,0,066.88
00442,000221000,055.00,09.12,056.05,0,067.08
00443,000221500,055.50,09.12,035.29,0,067.29
00444,000222000,055.50,09.12,056.03,0,067.50
00445,000222500,055.50,09.12,056.78,0,067.71
00446,000223000,056.00,09.12,036.02,0,067.92
00447,000223500,056.00,09.12,056.77,0,068.12
00448,000224000,056.25,09.12,046.77,0,068.33
00449,000224500,056.25,09.12,057.51,0,068.54
00450,000225000,056.25,09.12,058.26,0,068.75
00451,000225500,056.00,09.12,069.77,0,068.96
00452,000226000,056.00,09.12,060.53,0,069.17
00453,000226500,056.75,09.13,029.03,0,069.38
00454,000227000,056.75,09.13,059.78,0,069.58
00455,000227500,056.75,09.13,060.54,0,069.79
00456,000228000,057.00,09.12,050.54,0,070.00
00457,000228500,057.00,09.12,061.30,0,070.21
00458,000229000,057.00,09.13,062.06,0,070.42
00459,000229500,057.00,09.13,062.82,0,070.62
00460,000230000,058.00,09.16,020.57,0,070.83
00461,000230500,058.00,09.16,061.33,0,071.04
00462,000231000,058.00,09.16,062.08,0,071.25
00463,000231500,058.25,09.13,052.09,0,071.46
00464,000232000,058.25,09.13,062.85,0,071.67
00465,000232500,058.25,09.14,063.61,0,071.88
00466,000233000,058.25,09.14,064.38,0,072.08
00467,000233500,058.25,09.14,065.14,0,072.29
00468,000234000,059.00,09.14,033.65,0,072.50
00469,000234500,059.00,09.14,064.41,0,072.71
00470,000235000,058.75,09.12,075.93,0,072.92
00471,000235500,058.75,09.12,066.70,0,073.12
00472,000236000,059.75,09.12,024.46,0,073.33
00473,000236500,059.75,09.12,065.22,0,073.54
00474,000237000,059.75,09.12,065.99,0,073.75
00475,000237500,059.50,09.13,077.51,0,073.96
00476,000238000,059.50,09.13,068.28,0,074.17
00477,000238500,060.25,09.12,036.79,0,074.38
00478,000239000,060.25,09.12,067.56,0,074.58
00479,000239500,060.25,09.12,068.33,0,074.79
00480,000240000,060.50,09.13,058.35,0,075.00
00481,000240500,060.50,09.13,070.92,0,075.25
00482,000241000,061.50,09.12,028.81,0,075.50
00483,000241500,061.50,09.12,069.70,0,075.75
00484,000242000,061.50,09.12,070.59,0,076.00
00485,000242500,062.00,09.12,049.99,0,076.25
00486,000243000,062.00,09.12,070.88,0,076.50
00487,000243500,062.50,09.11,050.28,0,076.75
00488,000244000,062.50,09.11,071.17,0,077.00
00489,000244500,064.00,09.12,007.55,0,077.25
00490,000245000,064.00,09.12,068.44,0,077.50
00491,000245500,064.00,09.12,069.33,0,077.75
00492,000246000,064.00,09.13,070.22,0,078.00
00493,000246500,064.00,09.13,071.11,0,078.25
00494,000247000,064.50,09.13,050.50,0,078.50
00495,000247500,064.50,09.13,071.39,0,078.75
00496,000248000,064.50,09.13,072.28,0,079.00
00497,000248500,065.00,09.13,051.68,0,079.25
00498,000249000,065.00,09.13,072.57,0,079.50
00499,000249500,065.50,09.13,051.97,0,079.75
00500,000250000,065.50,09.13,072.86,0,080.00
00501,000250500,065.50,09.13,073.76,0,080.25
00502,000251000,065.50,09.13,074.66,0,080.50
00503,000251500,065.50,09.13,075.56,0,080.75
00504,000252000,066.75,09.13,022.70,0,081.00
00505,000252500,066.75,09.13,073.60,0,081.25
00506,000253000,067.50,09.13,042.24,0,081.50
00507,000253500,067.50,09.13,073.13,0,081.75
00508,000254000,067.50,09.13,074.03,0,082.00
00509,000254500,067.50,09.13,074.92,0,082.25
00510,000255000,067.50,09.13,075.82,0,082.50
00511,000255500,068.50,09.13,033.72,0,082.75
00512,000256000,068.50,09.13,074.61,0,083.00
00513,000256500,068.50,09.13,075.51,0,083.25
00514,000257000,069.00,09.13,054.90,0,083.50
00515,000257500,069.00,09.13,075.80,0,083.75
00516,000258000,070.00,09.14,033.69,0,084.00
00517,000258500,070.00,09.14,074.58,0,084.25
00518,000259000,070.50,09.12,053.97,0,084.50
00519,000259500,070.50,09.12,074.87,0,084.75
00520,000260000,070.50,09.12,075.76,0,085.00
00521,000260500,070.50,09.13,076.66,0,085.25
00522,000261000,070.50,09.13,077.56,0,085.50
00523,000261500,071.00,09.14,056.95,0,085.75
00524,000262000,071.00,09.14,077.86,0,086.00
00525,000262500,071.00,09.14,078.76,0,086.25
00526,000263000,071.75,09.16,047.41,0,086.50
00527,000263500,071.75,09.16,078.31,0,086.75
00528,000264000,072.75,09.17,036.20,0,087.00
00529,000264500,072.75,09.17,077.09,0,087.25
00530,000265000,072.75,09.17,077.99,0,087.50
00531,000265500,073.00,09.14,068.14,0,087.75
00532,000266000,073.00,09.14,079.04,0,088.00
00533,000266500,074.25,09.14,026.18,0,088.25
00534,000267000,074.25,09.14,077.07,0,088.50
00535,000267500,074.75,09.14,056.46,0,088.75
00536,000268000,074.75,09.14,077.35,0,089.00
00537,000268500,074.75,09.14,078.25,0,089.25
00538,000269000,075.75,09.16,036.14,0,089.50
00539,000269500,075.75,09.16,077.03,0,089.75
00540,000270000,076.75,09.14,034.91,0,090.00
00541,000270500,076.75,09.14,075.79,0,090.25
00542,000271000,076.75,09.14,076.68,0,090.50
00543,000271500,077.75,09.18,034.56,0,090.75
00544,000272000,077.75,09.18,075.44,0,091.00
00545,000272500,078.50,09.14,044.07,0,091.25
00546,000273000,078.50,09.14,074.95,0,091.50
00547,000273500,078.50,09.19,075.83,0,091.75
00548,000274000,078.50,09.19,076.72,0,092.00
00549,000274500,078.50,09.19,077.61,0,092.25
00550,000275000,079.75,09.17,024.73,0,092.50
00551,000275500,079.75,09.17,075.61,0,092.75
00552,000276000,080.50,09.18,044.24,0,093.00
00553,000276500,080.50,09.18,075.12,0,093.25
00554,000277000,080.50,09.18,076.00,0,093.50
00555,000277500,080.50,09.19,076.88,0,093.75
00556,000278000,080.50,09.19,077.76,0,094.00
00557,000278500,082.00,09.17,014.14,0,094.25
00558,000279000,082.00,09.17,075.01,0,094.50
00559,000279500,082.00,09.17,075.89,0,094.75
00560,000280000,081.50,09.19,098.27,0,095.00
00561,000280500,081.50,09.19,079.16,0,095.25
00562,000281000,082.75,09.19,026.29,0,095.50
00563,000281500,082.75,09.19,077.17,0,095.75
00564,000282000,083.00,09.19,067.30,0,096.00
00565,000282500,083.00,09.19,078.18,0,096.25
00566,000283000,083.00,09.19,079.06,0,096.50
00567,000283500,083.75,09.19,047.69,0,096.75
00568,000284000,083.75,09.19,078.58,0,097.00
00569,000284500,084.50,09.19,047.20,0,097.25
00570,000285000,084.50,09.19,078.09,0,097.50
00571,000285500,084.50,09.19,078.97,0,097.75
00572,000286000,085.25,09.20,047.59,0,098.00
00573,000286500,085.25,09.20,078.47,0,098.25
00574,000287000,086.50,09.21,025.59,0,098.50
00575,000287500,086.50,09.21,076.47,0,098.75
00576,000288000,086.75,09.20,066.59,0,099.00
00577,000288500,086.75,09.20,077.47,0,099.25
00578,000289000,086.75,09.20,078.34,0,099.50
00579,000289500,087.50,09.20,046.97,0,099.75
00580,000290000,087.50,09.20,077.84,0,100.00
00581,000290500,087.75,09.19,067.97,0,100.25
00582,000291000,087.75,09.19,078.84,0,100.50
00583,000291500,087.75,09.19,079.72,0,100.75
00584,000292000,089.00,09.20,026.84,0,101.00
00585,000292500,089.00,09.20,077.72,0,101.25
00586,000293000,089.75,09.20,046.33,0,101.50
00587,000293500,089.75,09.20,077.20,0,101.75
00588,000294000,089.75,09.20,078.08,0,102.00
00589,000294500,090.75,09.20,035.94,0,102.25
00590,000295000,090.75,09.20,076.81,0,102.50
00591,000295500,090.75,09.19,077.68,0,102.75
00592,000296000,090.75,09.19,078.55,0,103.00
00593,000296500,092.25,09.17,014.91,0,103.25
00594,000297000,092.25,09.17,075.77,0,103.50
00595,000297500,092.25,09.17,076.64,0,103.75
00596,000298000,092.75,09.14,056.00,0,104.00
00597,000298500,092.75,09.14,076.87,0,104.25
00598,000299000,093.25,09.16,056.23,0,104.50
00599,000299500,093.25,09.16,077.09,0,104.75
00600,000300000,093.25,09.16,077.96,0,105.00
00601,000300500,093.75,09.16,059.12,0,105.29
00602,000301000,093.75,09.16,080.11,0,105.58
00603,000301500,094.75,09.16,038.10,0,105.88
00604,000302000,094.75,09.16,079.09,0,106.17
00605,000302500,095.75,09.16,037.07,0,106.46
00606,000303000,095.75,09.16,078.05,0,106.75
00607,000303500,095.75,09.16,079.04,0,107.04
00608,000304000,096.75,09.18,037.02,0,107.33
00609,000304500,096.75,09.18,078.01,0,107.62
00610,000305000,097.75,09.18,035.98,0,107.92
00611,000305500,097.75,09.18,076.96,0,108.21
00612,000306000,097.75,09.18,077.94,0,108.50
00613,000306500,099.00,09.20,025.17,0,108.79
00614,000307000,099.00,09.20,076.14,0,109.08
00615,000307500,100.25,09.21,023.36,0,109.38
00616,000308000,100.25,09.21,074.33,0,109.67
00617,000308500,100.25,09.21,075.30,0,109.96
00618,000309000,101.25,09.21,033.27,0,110.25
00619,000309500,101.25,09.21,074.23,0,110.54
00620,000310000,102.00,09.20,042.95,0,110.83
00621,000310500,102.00,09.20,073.91,0,111.12
00622,000311000,103.75,09.21,000.00,0,111.42
00623,000311500,103.75,09.21,070.57,0,111.71
00624,000312000,103.75,09.21,071.53,0,112.00
00625,000312500,104.75,09.24,029.48,0,112.29
00626,000313000,104.75,09.24,070.43,0,112.58
00627,000313500,105.75,09.24,028.38,0,112.88
00628,000314000,105.75,09.24,069.33,0,113.17
00629,000314500,105.75,09.24,070.28,0,113.46
00630,000315000,106.75,09.26,028.22,0,113.75
00631,000315500,106.75,09.26,069.17,0,114.04
00632,000316000,107.50,09.25,037.86,0,114.33
00633,000316500,107.50,09.25,068.81,0,114.62
00634,000317000,108.25,09.27,037.50,0,114.92
00635,000317500,108.25,09.27,068.45,0,115.21
00636,000318000,108.25,09.27,069.39,0,115.50
00637,000318500,108.75,09.26,048.84,0,115.79
00638,000319000,108.75,09.26,069.79,0,116.08
00639,000319500,109.50,09.25,038.48,0,116.38
00640,000320000,109.50,09.25,069.43,0,116.67
00641,000320500,109.50,09.25,070.38,0,116.96
00642,000321000,110.25,09.23,039.07,0,117.25
00643,000321500,110.25,09.23,070.02,0,117.54
00644,000322000,110.75,09.25,049.47,0,117.83
00645,000322500,110.75,09.25,070.42,0,118.12
00646,000323000,110.75,09.25,071.37,0,118.42
00647,000323500,111.50,09.24,040.06,0,118.71
00648,000324000,111.50,09.24,071.01,0,119.00
00649,000324500,111.00,09.23,093.47,0,119.29
00650,000325000,111.00,09.23,074.43,0,119.58
00651,000325500,111.75,09.24,043.14,0,119.88
00652,000326000,111.75,09.24,074.10,0,120.17
00653,000326500,111.75,09.24,075.06,0,120.46
00654,000327000,111.75,09.25,076.03,0,120.75
00655,000327500,111.75,09.25,076.99,0,121.04
00656,000328000,112.25,09.25,056.46,0,121.33
00657,000328500,112.25,09.25,077.43,0,121.62
00658,000329000,112.25,09.25,078.40,0,121.92
00659,000329500,113.25,09.25,036.36,0,122.21
00660,000330000,113.25,09.25,077.33,0,122.50
00661,000330500,114.25,09.25,035.29,0,122.79
00662,000331000,114.25,09.25,076.26,0,123.08
00663,000331500,114.25,09.25,077.22,0,123.38
00664,000332000,114.50,09.26,067.44,0,123.67
00665,000332500,114.50,09.26,078.41,0,123.96
00666,000333000,115.00,09.24,057.88,0,124.25
00667,000333500,115.00,09.24,078.85,0,124.54
00668,000334000,115.00,09.24,079.82,0,124.83
00669,000334500,115.00,09.24,080.80,0,125.12
00670,000335000,115.00,09.24,081.77,0,125.42
00671,000335500,116.00,09.24,039.75,0,125.71
00672,000336000,116.00,09.24,080.72,0,126.00
00673,000336500,116.50,09.24,060.19,0,126.29
00674,000337000,116.50,09.24,081.17,0,126.58
00675,000337500,116.50,09.24,082.15,0,126.88
00676,000338000,117.50,09.25,040.12,0,127.17
00677,000338500,117.50,09.25,081.10,0,127.46
00678,000339000,118.00,09.24,060.57,0,127.75
00679,000339500,118.00,09.24,081.54,0,128.04
00680,000340000,118.00,09.23,082.52,0,128.33
00681,000340500,118.00,09.23,083.50,0,128.62
00682,000341000,118.00,09.23,084.49,0,128.92
00683,000341500,119.25,09.21,031.71,0,129.21
00684,000342000,119.25,09.21,082.69,0,129.50
00685,000342500,120.00,09.23,051.41,0,129.79
00686,000343000,120.00,09.23,082.39,0,130.08
00687,000343500,120.00,09.23,083.37,0,130.38
00688,000344000,120.75,09.24,052.09,0,130.67
00689,000344500,120.75,09.24,083.07,0,130.96
00690,000345000,121.50,09.23,051.79,0,131.25
00691,000345500,121.50,09.23,082.77,0,131.54
00692,000346000,121.50,09.23,083.74,0,131.83
00693,000346500,122.25,09.22,052.47,0,132.12
00694,000347000,122.25,09.22,083.44,0,132.42
00695,000347500,123.25,09.23,041.41,0,132.71
00696,000348000,123.25,09.23,082.39,0,133.00
00697,000348500,124.25,09.21,040.35,0,133.29
00698,000349000,124.25,09.21,081.32,0,133.58
00699,000349500,124.25,09.21,082.29,0,133.88
00700,000350000,124.75,09.19,061.76,0,134.17
00701,000350500,124.75,09.19,082.73,0,134.46
00702,000351000,124.50,09.21,094.46,0,134.75
00703,000351500,124.50,09.21,085.44,0,135.04
00704,000352000,124.50,09.21,086.42,0,135.33
00705,000352500,126.00,09.21,022.90,0,135.62
00706,000353000,126.00,09.21,083.87,0,135.92
00707,000353500,127.00,09.22,041.84,0,136.21
00708,000354000,127.00,09.22,082.81,0,136.50
00709,000354500,127.25,09.24,073.03,0,136.79
00710,000355000,127.25,09.24,084.00,0,137.08
00711,000355500,127.25,09.24,084.98,0,137.38
00712,000356000,127.75,09.22,064.45,0,137.67
00713,000356500,127.75,09.22,085.43,0,137.96
00714,000357000,128.75,09.23,043.40,0,138.25
00715,000357500,128.75,09.23,084.37,0,138.54
00716,000358000,128.75,09.23,085.35,0,138.83
00717,000358500,128.00,09.24,100.00,0,139.12
00718,000359000,128.00,09.24,089.57,0,139.42
00719,000359500,128.50,09.25,069.06,0,139.71
00720,000360000,128.50,09.25,090.05,0,140.00
00721,000360500,128.50,09.25,085.67,0,140.17
00722,000361000,129.25,09.24,054.03,0,140.33
00723,000361500,129.25,09.24,084.64,0,140.50
00724,000362000,129.00,09.25,096.01,0,140.67
00725,000362500,129.00,09.25,086.62,0,140.83
00726,000363000,129.25,09.26,076.49,0,141.00
00727,000363500,129.25,09.26,087.11,0,141.17
00728,000364000,129.25,09.26,087.73,0,141.33
00729,000364500,129.75,09.25,066.85,0,141.50
00730,000365000,129.75,09.25,087.47,0,141.67
00731,000365500,130.75,09.23,045.08,0,141.83
00732,000366000,130.75,09.23,085.69,0,142.00
00733,000366500,130.75,09.23,086.31,0,142.17
00734,000367000,130.75,09.24,086.92,0,142.33
00735,000367500,130.75,09.24,087.54,0,142.50
00736,000368000,131.25,09.26,066.65,0,142.67
00737,000368500,131.25,09.26,087.27,0,142.83
00738,000369000,131.50,09.28,077.13,0,143.00
00739,000369500,131.50,09.28,087.75,0,143.17
00740,000370000,131.50,09.28,088.37,0,143.33
00741,000370500,132.50,09.27,045.98,0,143.50
00742,000371000,132.50,09.27,086.59,0,143.67
00743,000371500,133.00,09.26,065.70,0,143.83
00744,000372000,133.00,09.26,086.31,0,144.00
00745,000372500,133.00,09.26,086.92,0,144.17
00746,000373000,134.00,09.28,044.52,0,144.33
00747,000373500,134.00,09.28,085.13,0,144.50
00748,000374000,134.50,09.28,064.23,0,144.67
00749,000374500,134.50,09.28,084.83,0,144.83
00750,000375000,134.50,09.28,085.44,0,145.00
00751,000375500,135.25,09.30,053.79,0,145.17
00752,000376000,135.25,09.30,084.39,0,145.33
00753,000376500,136.00,09.29,052.73,0,145.50
00754,000377000,136.00,09.29,083.33,0,145.67
00755,000377500,136.75,09.29,051.67,0,145.83
00756,000378000,136.75,09.29,082.26,0,146.00
00757,000378500,136.75,09.29,082.86,0,146.17
00758,000379000,137.75,09.30,040.44,0,146.33
00759,000379500,137.75,09.30,081.03,0,146.50
00760,000380000,137.50,09.31,092.37,0,146.67
00761,000380500,137.50,09.31,082.97,0,146.83
00762,000381000,137.50,09.31,083.56,0,147.00
00763,000381500,138.75,09.32,030.40,0,147.17
00764,000382000,138.75,09.32,080.98,0,147.33
00765,000382500,139.00,09.32,070.82,0,147.50
00766,000383000,139.00,09.32,081.40,0,147.67
00767,000383500,139.00,09.32,081.99,0,147.83
00768,000384000,138.75,09.32,093.33,0,148.00
00769,000384500,138.75,09.32,083.93,0,148.17
00770,000385000,139.75,09.32,041.51,0,148.33
00771,000385500,139.75,09.32,082.10,0,148.50
00772,000386000,140.00,09.35,071.94,0,148.67
00773,000386500,140.00,09.35,082.53,0,148.83
00774,000387000,140.00,09.35,083.12,0,149.00
00775,000387500,140.75,09.35,051.45,0,149.17
00776,000388000,140.75,09.35,082.04,0,149.33
00777,000388500,140.75,09.36,082.62,0,149.50
00778,000389000,140.75,09.36,083.21,0,149.67
00779,000389500,140.75,09.36,083.80,0,149.83
00780,000390000,142.25,09.37,019.88,0,150.00
00781,000390500,142.25,09.37,080.46,0,150.17
00782,000391000,142.75,09.36,059.54,0,150.33
00783,000391500,142.75,09.36,080.11,0,150.50
00784,000392000,143.25,09.36,059.19,0,150.67
00785,000392500,143.25,09.36,079.76,0,150.83
00786,000393000,143.25,09.36,080.34,0,151.00
00787,000393500,143.75,09.37,059.42,0,151.17
00788,000394000,143.75,09.37,079.99,0,151.33
00789,000394500,143.75,09.38,080.57,0,151.50
00790,000395000,143.75,09.38,081.15,0,151.67
00791,000395500,143.75,09.38,081.73,0,151.83
00792,000396000,145.00,09.37,028.55,0,152.00
00793,000396500,145.00,09.37,079.12,0,152.17
00794,000397000,145.75,09.39,047.44,0,152.33
00795,000397500,145.75,09.39,078.00,0,152.50
00796,000398000,145.75,09.39,078.57,0,152.67
00797,000398500,146.00,09.38,068.39,0,152.83
00798,000399000,146.00,09.38,078.96,0,153.00
00799,000399500,147.00,09.38,036.52,0,153.17
00800,000400000,147.00,09.38,077.09,0,153.33
00801,000400500,147.75,09.38,045.39,0,153.50
00802,000401000,147.75,09.38,075.95,0,153.67
00803,000401500,147.75,09.38,076.51,0,153.83
00804,000402000,148.50,09.40,044.82,0,154.00
00805,000402500,148.50,09.40,075.38,0,154.17
00806,000403000,148.75,09.39,065.18,0,154.33
00807,000403500,148.75,09.39,075.74,0,154.50
00808,000404000,148.75,09.39,076.30,0,154.67
00809,000404500,149.50,09.39,044.60,0,154.83
00810,000405000,149.50,09.39,075.16,0,155.00
00811,000405500,150.25,09.40,043.46,0,155.17
00812,000406000,150.25,09.40,074.01,0,155.33
00813,000406500,151.00,09.41,042.30,0,155.50
00814,000407000,151.00,09.41,072.85,0,155.67
00815,000407500,151.00,09.41,073.40,0,155.83
00816,000408000,152.00,09.42,030.94,0,156.00
00817,000408500,152.00,09.42,071.48,0,156.17
00818,000409000,152.50,09.43,050.52,0,156.33
00819,000409500,152.50,09.43,071.06,0,156.50
00820,000410000,152.50,09.43,071.60,0,156.67
00821,000410500,152.75,09.43,061.39,0,156.83
00822,000411000,152.75,09.43,071.93,0,157.00
00823,000411500,154.00,09.44,018.71,0,157.17
00824,000412000,154.00,09.44,069.25,0,157.33
00825,000412500,154.00,09.44,069.78,0,157.50
00826,000413000,153.50,09.43,091.82,0,157.67
00827,000413500,153.50,09.43,072.37,0,157.83
00828,000414000,154.00,09.44,051.41,0,158.00
00829,000414500,154.00,09.44,071.95,0,158.17
00830,000415000,154.50,09.43,050.99,0,158.33
00831,000415500,154.50,09.43,071.53,0,158.50
00832,000416000,154.50,09.43,072.07,0,158.67
00833,000416500,155.00,09.43,051.11,0,158.83
00834,000417000,155.00,09.43,071.65,0,159.00
00835,000417500,155.75,09.44,039.93,0,159.17
00836,000418000,155.75,09.44,070.47,0,159.33
00837,000418500,155.75,09.44,071.00,0,159.50
00838,000419000,155.75,09.43,071.54,0,159.67
00839,000419500,155.75,09.43,072.08,0,159.83
00840,000420000,156.25,09.42,051.12,0,160.00
00841,000420500,156.25,09.42,071.66,0,160.17
00842,000421000,156.00,09.44,082.95,0,160.33
00843,000421500,156.00,09.44,073.50,0,160.50
00844,000422000,156.00,09.44,074.05,0,160.67
00845,000422500,157.25,09.44,020.83,0,160.83
00846,000423000,157.25,09.44,071.37,0,161.00
00847,000423500,157.75,09.44,050.40,0,161.17
00848,000424000,157.75,09.44,070.94,0,161.33
00849,000424500,157.75,09.44,071.48,0,161.50
00850,000425000,158.25,09.44,050.51,0,161.67
00851,000425500,158.25,09.44,071.05,0,161.83
00852,000426000,158.25,09.44,071.58,0,162.00
00853,000426500,158.25,09.44,072.12,0,162.17
00854,000427000,158.25,09.44,072.66,0,162.33
00855,000427500,159.00,09.46,040.95,0,162.50
00856,000428000,159.00,09.46,071.49,0,162.67
00857,000428500,159.75,09.46,039.77,0,162.83
00858,000429000,159.75,09.46,070.30,0,163.00
00859,000429500,160.00,09.46,060.08,0,163.17
00860,000430000,160.00,09.46,070.61,0,163.33
00861,000430500,160.00,09.46,071.15,0,163.50
00862,000431000,160.25,09.46,060.93,0,163.67
00863,000431500,160.25,09.46,071.47,0,163.83
00864,000432000,161.00,09.47,039.75,0,164.00
00865,000432500,161.00,09.47,070.28,0,164.17
00866,000433000,161.00,09.47,070.81,0,164.33
00867,000433500,161.50,09.47,049.84,0,164.50
00868,000434000,161.50,09.47,070.38,0,164.67
00869,000434500,161.75,09.48,060.16,0,164.83
00870,000435000,161.75,09.48,070.69,0,165.00
00871,000435500,161.75,09.48,071.22,0,165.17
00872,000436000,162.75,09.50,028.75,0,165.33
00873,000436500,162.75,09.50,069.28,0,165.50
00874,000437000,163.00,09.52,059.05,0,165.67
00875,000437500,163.00,09.52,069.58,0,165.83
00876,000438000,163.75,09.53,037.85,0,166.00
00877,000438500,163.75,09.53,068.38,0,166.17
00878,000439000,163.75,09.53,068.90,0,166.33
00879,000439500,163.75,09.53,069.43,0,166.50
00880,000440000,163.75,09.53,069.96,0,166.67
00881,000440500,163.75,09.52,070.49,0,166.83
00882,000441000,163.75,09.52,071.02,0,167.00
00883,000441500,163.75,09.52,071.56,0,167.17
00884,000442000,164.50,09.54,039.84,0,167.33
00885,000442500,164.50,09.54,070.37,0,167.50
00886,000443000,164.00,09.56,092.40,0,167.67
00887,000443500,164.00,09.56,072.94,0,167.83
00888,000444000,164.00,09.56,073.48,0,168.00
00889,000444500,164.00,09.56,074.02,0,168.17
00890,000445000,164.00,09.56,074.57,0,168.33
00891,000445500,163.75,09.55,085.86,0,168.50
00892,000446000,163.75,09.55,076.41,0,168.67
00893,000446500,163.50,09.55,087.72,0,168.83
00894,000447000,163.50,09.55,078.27,0,169.00
00895,000447500,163.50,09.55,078.83,0,169.17
00896,000448000,163.75,09.56,068.63,0,169.33
00897,000448500,163.75,09.56,079.19,0,169.50
00898,000449000,163.75,09.56,079.75,0,169.67
00899,000449500,163.75,09.56,080.31,0,169.83
00900,000450000,163.75,09.56,080.87,0,170.00
00901,000450500,164.00,09.57,070.69,0,170.17
00902,000451000,164.00,09.57,081.25,0,170.33
00903,000451500,164.50,09.57,060.31,0,170.50
00904,000452000,164.50,09.57,080.87,0,170.67
00905,000452500,164.75,09.58,070.68,0,170.83
00906,000453000,164.75,09.58,081.24,0,171.00
00907,000453500,164.75,09.58,081.81,0,171.17
00908,000454000,165.25,09.56,060.87,0,171.33
00909,000454500,165.25,09.56,081.43,0,171.50
00910,000455000,166.00,09.58,049.74,0,171.67
00911,000455500,166.00,09.58,080.30,0,171.83
00912,000456000,166.00,09.58,080.86,0,172.00
00913,000456500,165.75,09.57,092.17,0,172.17
00914,000457000,165.75,09.57,082.74,0,172.33
00915,000457500,167.25,09.59,018.79,0,172.50
00916,000458000,167.25,09.59,079.34,0,172.67
00917,000458500,167.00,09.59,090.65,0,172.83
00918,000459000,167.00,09.59,081.21,0,173.00
00919,000459500,167.00,09.59,081.77,0,173.17
00920,000460000,167.75,09.59,050.08,0,173.33
00921,000460500,167.75,09.59,080.64,0,173.50
00922,000461000,168.00,09.57,070.44,0,173.67
00923,000461500,168.00,09.57,081.00,0,173.83
00924,000462000,168.00,09.57,081.56,0,174.00
00925,000462500,168.25,09.58,071.37,0,174.17
00926,000463000,168.25,09.58,081.93,0,174.33
00927,000463500,168.50,09.59,071.74,0,174.50
00928,000464000,168.50,09.59,082.30,0,174.67
00929,000464500,168.50,09.59,082.87,0,174.83
00930,000465000,168.25,09.56,094.18,0,175.00
00931,000465500,168.25,09.56,084.75,0,175.17
00932,000466000,168.75,09.55,063.82,0,175.33
00933,000466500,168.75,09.55,084.39,0,175.50
00934,000467000,169.00,09.55,074.20,0,175.67
00935,000467500,169.00,09.55,084.77,0,175.83
00936,000468000,169.00,09.55,085.34,0,176.00
00937,000468500,168.50,09.54,100.00,0,176.17
00938,000469000,168.50,09.54,088.00,0,176.33
00939,000469500,169.75,09.54,034.81,0,176.50
00940,000470000,169.75,09.54,085.38,0,176.67
00941,000470500,169.75,09.54,085.95,0,176.83
00942,000471000,170.00,09.52,075.77,0,177.00
00943,000471500,170.00,09.52,086.35,0,177.17
00944,000472000,170.50,09.51,065.41,0,177.33
00945,000472500,170.50,09.51,085.98,0,177.50
00946,000473000,170.75,09.50,075.80,0,177.67
00947,000473500,170.75,09.50,086.37,0,177.83
00948,000474000,170.75,09.50,086.95,0,178.00
00949,000474500,172.00,09.46,033.76,0,178.17
00950,000475000,172.00,09.46,084.32,0,178.33
00951,000475500,172.75,09.46,052.63,0,178.50
00952,000476000,172.75,09.46,083.19,0,178.67
00953,000476500,172.75,09.46,083.75,0,178.83
00954,000477000,173.75,09.45,041.30,0,179.00
00955,000477500,173.75,09.45,081.86,0,179.17
00956,000478000,174.00,09.45,071.66,0,179.33
00957,000478500,174.00,09.45,082.21,0,179.50
00958,000479000,174.00,09.45,082.77,0,179.67
00959,000479500,174.50,09.45,061.82,0,179.83
00960,000480000,174.50,09.45,082.38,0,180.00
00961,000480500,175.75,09.43,022.00,0,180.00
00962,000481000,175.75,09.43,072.05,0,180.00
00963,000481500,175.75,09.42,072.09,0,180.00
00964,000482000,175.75,09.42,072.13,0,180.00
00965,000482500,175.75,09.42,072.18,0,180.00
00966,000483000,176.25,09.42,050.71,0,180.00
00967,000483500,176.25,09.42,070.75,0,180.00
00968,000484000,176.75,09.41,049.28,0,180.00
00969,000484500,176.75,09.41,069.31,0,180.00
00970,000485000,176.75,09.41,069.35,0,180.00
00971,000485500,177.00,09.38,058.63,0,180.00
00972,000486000,177.00,09.38,068.66,0,180.00
00973,000486500,177.50,09.38,047.18,0,180.00
00974,000487000,177.50,09.38,067.21,0,180.00
00975,000487500,177.25,09.38,077.98,0,180.00
00976,000488000,177.25,09.38,068.01,0,180.00
00977,000488500,177.25,09.38,068.04,0,180.00
00978,000489000,178.25,09.36,025.06,0,180.00
00979,000489500,178.25,09.36,065.08,0,180.00
00980,000490000,178.75,09.34,043.59,0,180.00
00981,000490500,178.75,09.34,092.27,0,180.67
00982,000491000,178.75,09.34,094.30,0,181.33
00983,000491500,178.75,09.34,096.33,0,182.00
00984,000492000,178.75,09.34,098.37,0,182.67
00985,000492500,179.50,09.33,068.16,0,183.33
00986,000493000,179.50,09.33,100.00,0,184.00
00987,000493500,179.50,09.33,100.00,0,184.67
00988,000494000,179.75,09.31,093.56,0,185.33
00989,000494500,179.75,09.31,100.00,0,186.00
00990,000495000,180.00,09.31,096.94,0,186.67
00991,000495500,180.00,09.31,100.00,0,187.33
00992,000496000,179.50,09.30,100.00,0,188.00
00993,000496500,179.50,09.30,100.00,0,188.67
00994,000497000,179.50,09.30,100.00,0,189.33
00995,000497500,180.75,09.28,065.13,0,190.00
00996,000498000,180.75,09.28,100.00,0,190.67
00997,000498500,181.00,09.27,100.00,0,191.33
00998,000499000,181.00,09.27,100.00,0,192.00
00999,000499500,181.00,09.27,100.00,0,192.67
01000,000500000,181.50,09.26,100.00,0,193.33
01001,000500500,181.50,09.26,100.00,0,194.00
01002,000501000,182.25,09.25,095.43,0,194.67
01003,000501500,182.25,09.25,100.00,0,195.33
01004,000502000,182.25,09.25,100.00,0,196.00
01005,000502500,182.75,09.24,100.00,0,196.67
01006,000503000,182.75,09.24,100.00,0,197.33
01007,000503500,183.25,09.20,100.00,0,198.00
01008,000504000,183.25,09.20,100.00,0,198.67
01009,000504500,183.50,09.20,100.00,0,199.33
01010,000505000,183.50,09.20,100.00,0,200.00
01011,000505500,183.50,09.20,100.00,0,200.67
01012,000506000,184.00,09.20,100.00,0,201.33
01013,000506500,184.00,09.20,100.00,0,202.00
01014,000507000,185.00,09.21,100.00,0,202.67
01015,000507500,185.00,09.21,100.00,0,203.33
01016,000508000,185.00,09.21,100.00,0,204.00
01017,000508500,185.25,09.20,100.00,0,204.67
01018,000509000,185.25,09.20,100.00,0,205.33
01019,000509500,185.25,09.17,100.00,0,206.00
01020,000510000,185.25,09.17,100.00,0,206.67
01021,000510500,186.50,09.16,100.00,0,207.33
01022,000511000,186.50,09.16,100.00,0,208.00
01023,000511500,186.50,09.16,100.00,0,208.67
01024,000512000,186.50,09.16,100.00,0,209.33
01025,000512500,186.50,09.16,100.00,0,210.00
01026,000513000,187.75,09.14,100.00,0,210.67
01027,000513500,187.75,09.14,100.00,0,211.33
01028,000514000,187.75,09.14,100.00,0,212.00
01029,000514500,188.25,09.15,100.00,0,212.67
01030,000515000,188.25,09.15,100.00,0,213.33
01031,000515500,188.50,09.14,100.00,0,214.00
01032,000516000,188.50,09.14,100.00,0,214.67
01033,000516500,188.50,09.14,100.00,0,215.33
01034,000517000,189.50,09.14,100.00,0,216.00
01035,000517500,189.50,09.14,100.00,0,216.67
01036,000518000,190.25,09.11,100.00,0,217.33
01037,000518500,190.25,09.11,100.00,0,218.00
01038,000519000,191.00,09.08,100.00,0,218.67
01039,000519500,191.00,09.08,100.00,0,219.33
01040,000520000,191.00,09.08,100.00,0,220.00
01041,000520500,191.75,09.10,100.00,0,220.67
01042,000521000,191.75,09.10,100.00,0,221.33
01043,000521500,192.25,09.09,100.00,0,222.00
01044,000522000,192.25,09.09,100.00,0,222.67
01045,000522500,192.25,09.09,100.00,0,223.33
01046,000523000,192.75,09.08,100.00,0,224.00
01047,000523500,192.75,09.08,100.00,0,224.67
01048,000524000,194.25,09.08,100.00,0,225.33
01049,000524500,194.25,09.08,100.00,0,226.00
01050,000525000,195.00,09.08,100.00,0,226.67
01051,000525500,195.00,09.08,100.00,0,227.33
01052,000526000,195.00,09.08,100.00,0,228.00
01053,000526500,195.75,09.07,100.00,0,228.67
01054,000527000,195.75,09.07,100.00,0,229.33
01055,000527500,196.25,09.05,100.00,0,230.00
01056,000528000,196.25,09.05,100.00,0,230.67
01057,000528500,196.25,09.05,100.00,0,231.33
01058,000529000,197.50,09.09,100.00,0,232.00
01059,000529500,197.50,09.09,100.00,0,232.67
01060,000530000,198.75,09.06,100.00,0,233.33
01061,000530500,198.75,09.06,100.00,0,234.00
01062,000531000,198.75,09.06,100.00,0,234.67
01063,000531500,199.75,09.05,100.00,0,235.33
01064,000532000,199.75,09.05,100.00,0,236.00
01065,000532500,200.50,09.05,100.00,0,236.67
01066,000533000,200.50,09.05,100.00,0,237.33
01067,000533500,201.50,09.05,100.00,0,238.00
01068,000534000,201.50,09.05,100.00,0,238.67
01069,000534500,201.50,09.05,100.00,0,239.33
01070,000535000,202.25,09.03,100.00,0,240.00
01071,000535500,202.25,09.03,100.00,0,240.67
01072,000536000,203.75,09.03,100.00,0,241.33
01073,000536500,203.75,09.03,100.00,0,242.00
01074,000537000,203.75,09.03,100.00,0,242.67
01075,000537500,203.75,09.02,100.00,0,243.33
01076,000538000,203.75,09.02,100.00,0,244.00
01077,000538500,205.00,09.01,100.00,0,244.67
01078,000539000,205.00,09.01,100.00,0,245.33
01079,000539500,205.00,09.00,100.00,0,246.00
01080,000540000,205.00,09.00,100.00,0,246.67
01081,000540500,205.00,09.00,100.00,0,247.33
01082,000541000,206.75,08.98,100.00,0,248.00
01083,000541500,206.75,08.98,100.00,0,248.67
01084,000542000,207.25,08.99,100.00,0,249.33
01085,000542500,207.25,08.99,100.00,0,250.00
01086,000543000,207.25,08.99,100.00,0,250.67
01087,000543500,208.25,08.97,100.00,0,251.33
01088,000544000,208.25,08.97,100.00,0,252.00
01089,000544500,208.50,08.98,100.00,0,252.67
01090,000545000,208.50,08.98,100.00,0,253.33
01091,000545500,208.50,08.98,100.00,0,254.00
01092,000546000,209.50,08.97,100.00,0,254.67
01093,000546500,209.50,08.97,100.00,0,255.33
01094,000547000,210.25,08.96,100.00,0,256.00
01095,000547500,210.25,08.96,100.00,0,256.67
01096,000548000,210.75,08.96,100.00,0,257.33
01097,000548500,210.75,08.96,100.00,0,258.00
01098,000549000,210.75,08.96,100.00,0,258.67
01099,000549500,211.75,08.96,100.00,0,259.33
01100,000550000,211.75,08.96,100.00,0,260.00
01101,000550500,212.00,08.97,100.00,0,260.00
01102,000551000,212.00,08.97,100.00,0,260.00
01103,000551500,212.00,08.97,100.00,0,260.00
01104,000552000,212.75,08.96,100.00,0,260.00
01105,000552500,212.75,08.96,100.00,0,260.00
01106,000553000,213.25,08.97,100.00,0,260.00
01107,000553500,213.25,08.97,100.00,0,260.00
01108,000554000,213.25,08.97,100.00,0,260.00
01109,000554500,213.50,08.97,100.00,0,260.00
01110,000555000,213.50,08.97,100.00,0,260.00
01111,000555500,214.50,08.96,100.00,0,260.00
01112,000556000,214.50,08.96,100.00,0,260.00
01113,000556500,215.00,08.98,100.00,0,260.00
01114,000557000,215.00,08.98,100.00,0,260.00
01115,000557500,215.00,08.98,100.00,0,260.00
01116,000558000,215.50,08.99,100.00,0,260.00
01117,000558500,215.50,08.99,100.00,0,260.00
01118,000559000,216.00,08.98,100.00,0,260.00
01119,000559500,216.00,08.98,100.00,0,260.00
01120,000560000,216.00,08.98,100.00,0,260.00
01121,000560500,216.50,08.98,100.00,0,260.00
01122,000561000,216.50,08.98,100.00,0,260.00
01123,000561500,216.75,09.01,100.00,0,260.00
01124,000562000,216.75,09.01,100.00,0,260.00
01125,000562500,217.00,09.01,100.00,0,260.00
01126,000563000,217.00,09.01,100.00,0,260.00
01127,000563500,217.00,09.01,100.00,0,260.00
01128,000564000,217.75,09.03,100.00,0,260.00
01129,000564500,217.75,09.03,100.00,0,260.00
01130,000565000,218.75,09.03,100.00,0,260.00
01131,000565500,218.75,09.03,100.00,0,260.00
01132,000566000,218.75,09.03,100.00,0,260.00
01133,000566500,219.00,09.04,100.00,0,260.00
01134,000567000,219.00,09.04,100.00,0,260.00
01135,000567500,219.50,09.04,100.00,0,260.00
01136,000568000,219.50,09.04,100.00,0,260.00
01137,000568500,219.50,09.04,100.00,0,260.00
01138,000569000,220.25,09.06,100.00,0,260.00
01139,000569500,220.25,09.06,100.00,0,260.00
01140,000570000,221.25,09.07,100.00,0,260.00
01141,000570500,221.25,09.07,100.00,0,260.00
01142,000571000,222.00,09.08,100.00,0,260.00
01143,000571500,222.00,09.08,100.00,0,260.00
01144,000572000,222.00,09.08,100.00,0,260.00
01145,000572500,222.75,09.08,100.00,0,260.00
01146,000573000,222.75,09.08,100.00,0,260.00
01147,000573500,223.25,09.07,100.00,0,260.00
01148,000574000,223.25,09.07,100.00,0,260.00
01149,000574500,223.25,09.07,100.00,0,260.00
01150,000575000,224.25,09.07,100.00,0,260.00
01151,000575500,224.25,09.07,100.00,0,258.93
01152,000576000,224.75,09.06,100.00,0,257.85
01153,000576500,224.75,09.06,100.00,0,256.77
01154,000577000,225.50,09.07,100.00,0,255.70
01155,000577500,225.50,09.07,100.00,0,254.62
01156,000578000,225.50,09.07,100.00,0,253.55
01157,000578500,225.75,09.05,100.00,0,252.47
01158,000579000,225.75,09.05,100.00,0,251.40
01159,000579500,226.25,09.05,100.00,0,250.32
01160,000580000,226.25,09.05,100.00,0,249.25
01161,000580500,226.25,09.05,100.00,0,248.18
01162,000581000,226.50,09.06,100.00,0,247.10
01163,000581500,226.50,09.06,100.00,0,246.03
01164,000582000,227.00,09.07,100.00,0,244.95
01165,000582500,227.00,09.07,100.00,0,243.88
01166,000583000,227.00,09.07,100.00,0,242.80
01167,000583500,228.25,09.06,065.45,0,241.72
01168,000584000,228.25,09.06,100.00,0,240.65
01169,000584500,228.75,09.05,087.73,0,239.57
01170,000585000,228.75,09.05,100.00,0,238.50
01171,000585500,229.50,09.06,069.20,0,237.43
01172,000586000,229.50,09.06,096.05,0,236.35
01173,000586500,229.50,09.06,092.88,0,235.28
01174,000587000,228.50,09.05,100.00,0,234.20
01175,000587500,228.50,09.05,089.53,0,233.12
01176,000588000,229.75,09.04,032.58,0,232.05
01177,000588500,229.75,09.04,079.37,0,230.97
01178,000589000,229.75,09.04,076.15,0,229.90
01179,000589500,230.75,09.04,029.90,0,228.82
01180,000590000,230.75,09.04,066.65,0,227.75
01181,000590500,231.00,09.04,052.63,0,226.68
01182,000591000,231.00,09.04,059.35,0,225.60
01183,000591500,231.50,09.05,034.55,0,224.53
01184,000592000,231.50,09.05,051.25,0,223.45
01185,000592500,231.50,09.05,047.93,0,222.38
01186,000593000,232.25,09.06,012.35,0,221.30
01187,000593500,232.25,09.06,039.00,0,220.22
01188,000594000,232.50,09.06,024.89,0,219.15
01189,000594500,232.50,09.06,031.52,0,218.07
01190,000595000,232.50,09.06,028.15,0,217.00
01191,000595500,233.00,09.07,000.00,0,215.30
01192,000596000,233.00,09.07,000.00,0,213.60
01193,000596500,233.25,09.07,000.00,0,211.90
01194,000597000,233.25,09.07,000.00,0,210.20
01195,000597500,233.25,09.07,000.00,0,208.50
01196,000598000,233.25,09.05,000.00,0,206.80
01197,000598500,233.25,09.05,000.00,0,205.10
01198,000599000,233.00,09.07,000.00,0,203.40
01199,000599500,233.00,09.07,000.00,0,201.70
01200,000600000,232.75,09.09,000.00,0,200.00
01201,000600500,232.75,09.09,000.00,0,198.00
01202,000601000,232.75,09.09,000.00,0,196.00
01203,000601500,232.00,09.09,000.00,0,194.00
01204,000602000,232.00,09.09,000.00,0,192.00
01205,000602500,231.75,09.09,000.00,0,190.00
01206,000603000,231.75,09.09,000.00,0,188.00
01207,000603500,231.75,09.09,000.00,0,186.00
01208,000604000,231.25,09.09,000.00,0,184.00
01209,000604500,231.25,09.09,000.00,0,182.00
01210,000605000,231.00,09.09,000.00,0,180.00
01211,000605500,231.00,09.09,000.00,0,178.92
01212,000606000,230.25,09.09,000.00,0,177.83
01213,000606500,230.25,09.09,000.00,0,176.75
01214,000607000,230.25,09.09,000.00,0,175.67
01215,000607500,229.25,09.11,000.00,0,174.58
01216,000608000,229.25,09.11,000.00,0,173.50
01217,000608500,229.25,09.11,000.00,0,172.42
01218,000609000,229.25,09.11,000.00,0,171.33
01219,000609500,229.25,09.11,000.00,0,170.25
01220,000610000,228.00,09.12,000.00,0,169.17
01221,000610500,228.00,09.12,000.00,0,168.08
01222,000611000,227.25,09.13,000.00,0,167.00
01223,000611500,227.25,09.13,000.00,0,165.92
01224,000612000,227.25,09.13,000.00,0,164.83
01225,000612500,226.00,09.13,000.00,0,163.75
01226,000613000,226.00,09.13,000.00,0,162.67
01227,000613500,225.50,09.13,000.00,0,161.58
01228,000614000,225.50,09.13,000.00,0,160.50
01229,000614500,224.75,09.12,000.00,0,159.42
01230,000615000,224.75,09.12,000.00,0,158.33
01231,000615500,224.75,09.12,000.00,0,157.25
01232,000616000,224.00,09.13,000.00,0,156.17
01233,000616500,224.00,09.13,000.00,0,155.08
01234,000617000,1023.75,09.13,000.00,4,154.00
01235,000617500,1023.75,09.13,000.00,4,152.92
01236,000618000,1023.75,09.13,000.00,4,151.83
01237,000618500,1023.75,09.11,000.00,4,150.75
01238,000619000,1023.75,09.11,000.00,4,149.67
01239,000619500,1023.75,09.11,000.00,4,148.58
01240,000620000,1023.75,09.11,000.00,4,147.50
01241,000620500,1023.75,09.11,000.00,4,146.42
01242,000621000,1023.75,09.11,000.00,4,145.33
01243,000621500,1023.75,09.11,000.00,4,144.25
01244,000622000,1023.75,09.09,000.00,4,143.17
01245,000622500,1023.75,09.09,000.00,4,142.08
01246,000623000,1023.75,09.10,000.00,4,141.00
01247,000623500,1023.75,09.10,000.00,4,139.92
01248,000624000,1023.75,09.10,000.00,4,138.83
01249,000624500,1023.75,09.08,000.00,4,137.75
01250,000625000,1023.75,09.08,000.00,4,136.67
01251,000625500,1023.75,09.09,000.00,0,135.58
01252,000626000,1023.75,09.09,000.00,0,134.50
01253,000626500,1023.75,09.09,000.00,0,133.42
01254,000627000,1023.75,09.10,000.00,4,132.33
01255,000627500,1023.75,09.10,000.00,4,131.25
01256,000628000,1023.75,09.11,000.00,4,130.17
01257,000628500,1023.75,09.11,000.00,4,129.08
01258,000629000,1023.75,09.11,000.00,4,128.00
01259,000629500,1023.75,09.11,000.00,4,126.92
01260,000630000,1023.75,09.11,000.00,4,125.83
01261,000630500,1023.75,09.11,000.00,4,124.75
01262,000631000,1023.75,09.11,000.00,4,123.67
01263,000631500,1023.75,09.12,000.00,4,122.58
01264,000632000,1023.75,09.12,000.00,4,121.50
01265,000632500,1023.75,09.12,000.00,4,120.42
01266,000633000,1023.75,09.12,000.00,4,119.33
01267,000633500,1023.75,09.12,000.00,4,118.25
01268,000634000,1023.75,09.11,000.00,4,117.17
01269,000634500,1023.75,09.11,000.00,4,116.08
01270,000635000,1023.75,09.11,000.00,4,115.00
01271,000635500,1023.75,09.13,000.00,4,113.92
01272,000636000,1023.75,09.13,000.00,4,112.83
01273,000636500,1023.75,09.13,000.00,4,111.75
01274,000637000,1023.75,09.13,000.00,4,110.67
01275,000637500,1023.75,09.14,000.00,4,109.58
01276,000638000,1023.75,09.14,000.00,4,108.50
01277,000638500,1023.75,09.14,000.00,4,107.42
01278,000639000,1023.75,09.14,000.00,4,106.33
01279,000639500,1023.75,09.14,000.00,4,105.25
01280,000640000,1023.75,09.18,000.00,4,104.17
01281,000640500,1023.75,09.18,000.00,4,103.08
01282,000641000,1023.75,09.18,000.00,4,102.00
01283,000641500,1023.75,09.19,000.00,4,100.92
01284,000642000,1023.75,09.19,000.00,4,099.83
01285,000642500,1023.75,09.21,000.00,4,098.75
01286,000643000,1023.75,09.21,000.00,4,097.67
01287,000643500,1023.75,09.21,000.00,4,096.58
01288,000644000,1023.75,09.21,000.00,4,095.50
01289,000644500,1023.75,09.21,000.00,4,094.42
01290,000645000,1023.75,09.24,000.00,4,093.33
01291,000645500,1023.75,09.24,000.00,4,092.25
01292,000646000,1023.75,09.25,000.00,4,091.17
01293,000646500,1023.75,09.25,000.00,4,090.08
01294,000647000,1023.75,09.25,000.00,4,089.00
01295,000647500,1023.75,09.27,000.00,0,087.92
01296,000648000,1023.75,09.27,000.00,0,086.83
01297,000648500,1023.75,09.29,000.00,4,085.75
01298,000649000,1023.75,09.29,000.00,4,084.67
01299,000649500,1023.75,09.29,000.00,4,083.58
01300,000650000,1023.75,09.31,000.00,4,082.50
01301,000650500,1023.75,09.31,000.00,4,081.42
01302,000651000,1023.75,09.32,000.00,4,080.33
01303,000651500,1023.75,09.32,000.00,4,079.25
01304,000652000,1023.75,09.33,000.00,4,078.17
01305,000652500,1023.75,09.33,000.00,4,077.08
01306,000653000,1023.75,09.33,000.00,4,076.00
01307,000653500,1023.75,09.35,000.00,4,074.92
01308,000654000,1023.75,09.35,000.00,4,073.83
01309,000654500,1023.75,09.37,000.00,4,072.75
01310,000655000,1023.75,09.37,000.00,4,071.67
01311,000655500,1023.75,09.37,000.00,4,070.58
01312,000656000,1023.75,09.37,000.00,4,069.50
01313,000656500,1023.75,09.37,000.00,4,068.42
01314,000657000,1023.75,09.37,000.00,4,067.33
01315,000657500,1023.75,09.37,000.00,4,066.25
01316,000658000,1023.75,09.39,000.00,4,065.17
01317,000658500,1023.75,09.39,000.00,4,064.08
01318,000659000,1023.75,09.39,000.00,4,063.00
01319,000659500,1023.75,09.40,000.00,4,061.92
01320,000660000,1023.75,09.40,000.00,4,060.83
01321,000660500,1023.75,09.42,000.00,4,059.75
01322,000661000,1023.75,09.42,000.00,4,058.67
01323,000661500,1023.75,09.42,000.00,4,057.58
01324,000662000,1023.75,09.42,000.00,4,056.50
01325,000662500,1023.75,09.42,000.00,4,055.42
01326,000663000,1023.75,09.43,000.00,4,054.33
01327,000663500,1023.75,09.43,000.00,4,053.25
01328,000664000,1023.75,09.43,000.00,4,052.17
01329,000664500,1023.75,09.45,000.00,4,051.08
01330,000665000,1023.75,09.45,000.00,4,050.00
01331,000665500,1023.75,09.46,000.00,4,050.00
01332,000666000,1023.75,09.46,000.00,4,050.00
01333,000666500,1023.75,09.46,000.00,0,050.00
01334,000667000,1023.75,09.46,000.00,0,050.00
01335,000667500,1023.75,09.46,000.00,0,050.00
01336,000668000,1023.75,09.47,000.00,4,050.00
01337,000668500,1023.75,09.47,000.00,4,050.00
01338,000669000,1023.75,09.51,000.00,4,050.00
01339,000669500,1023.75,09.51,000.00,4,050.00
01340,000670000,1023.75,09.51,000.00,4,050.00
01341,000670500,1023.75,09.54,000.00,4,050.00
01342,000671000,1023.75,09.54,000.00,4,050.00
01343,000671500,1023.75,09.55,000.00,4,050.00
01344,000672000,1023.75,09.55,000.00,4,050.00
01345,000672500,1023.75,09.55,000.00,4,050.00
01346,000673000,1023.75,09.57,000.00,4,050.00
01347,000673500,1023.75,09.57,000.00,4,050.00
01348,000674000,1023.75,09.58,000.00,4,050.00
01349,000674500,1023.75,09.58,000.00,4,050.00
01350,000675000,925.50,09.60,100.00,0,050.00
01351,000675500,925.50,09.60,000.00,0,050.00
01352,000676000,925.50,09.60,000.00,0,050.00
01353,000676500,311.00,09.62,100.00,0,050.00
01354,000677000,311.00,09.62,000.00,0,050.00
01355,000677500,1023.75,09.64,000.00,4,050.00
01356,000678000,1023.75,09.64,000.00,4,050.00
01357,000678500,1023.75,09.64,000.00,4,050.00
01358,000679000,129.75,09.65,100.00,0,050.00
01359,000679500,129.75,09.65,000.00,0,050.00
01360,000680000,129.50,09.66,000.00,0,050.00
01361,000680500,129.50,09.66,000.00,0,050.00
01362,000681000,126.75,09.67,000.00,0,050.00
01363,000681500,126.75,09.67,000.00,0,050.00
01364,000682000,126.75,09.67,000.00,0,050.00
01365,000682500,126.25,09.68,000.00,0,050.00
01366,000683000,126.25,09.68,000.00,0,050.00
01367,000683500,125.25,09.70,000.00,0,050.00
01368,000684000,125.25,09.70,000.00,0,050.00
01369,000684500,125.25,09.70,000.00,0,050.00
01370,000685000,125.00,09.72,000.00,0,050.00
01371,000685500,125.00,09.72,000.00,0,050.00
01372,000686000,124.50,09.72,000.00,0,050.00
01373,000686500,124.50,09.72,000.00,0,050.00
01374,000687000,124.50,09.72,000.00,0,050.00
01375,000687500,124.00,09.73,000.00,0,050.00
01376,000688000,124.00,09.73,000.00,0,050.00
01377,000688500,123.50,09.76,000.00,0,050.00
01378,000689000,123.50,09.76,000.00,0,050.00
01379,000689500,122.75,09.75,000.00,0,050.00
01380,000690000,122.75,09.75,000.00,0,050.00
01381,000690500,122.75,09.75,000.00,0,050.00
01382,000691000,121.50,09.76,000.00,0,050.00
01383,000691500,121.50,09.76,000.00,0,050.00
01384,000692000,120.75,09.76,000.00,0,050.00
01385,000692500,120.75,09.76,000.00,0,050.00
01386,000693000,120.75,09.76,000.00,0,050.00
01387,000693500,120.25,09.77,000.00,0,050.00
01388,000694000,120.25,09.77,000.00,0,050.00
01389,000694500,119.75,09.77,000.00,0,050.00
01390,000695000,119.75,09.77,000.00,0,050.00
01391,000695500,118.75,09.76,000.00,0,050.00
01392,000696000,118.75,09.76,000.00,0,050.00
01393,000696500,118.75,09.76,000.00,0,050.00
01394,000697000,117.50,09.76,000.00,0,050.00
01395,000697500,117.50,09.76,000.00,0,050.00
01396,000698000,117.00,09.77,000.00,0,050.00
01397,000698500,117.00,09.77,000.00,0,050.00
01398,000699000,117.00,09.77,000.00,0,050.00
01399,000699500,116.00,09.79,000.00,0,050.00
01400,000700000,116.00,09.79,000.00,0,050.00
01401,000700500,115.00,09.77,000.00,0,050.00
01402,000701000,115.00,09.77,000.00,0,050.00
01403,000701500,115.00,09.77,000.00,0,050.00
01404,000702000,115.00,09.78,000.00,0,050.00
01405,000702500,115.00,09.78,000.00,0,050.00
01406,000703000,114.75,09.77,000.00,0,050.00
01407,000703500,114.75,09.77,000.00,0,050.00
01408,000704000,113.50,09.78,000.00,0,050.00
01409,000704500,113.50,09.78,000.00,0,050.00
01410,000705000,113.50,09.78,000.00,0,050.00
01411,000705500,113.50,09.76,000.00,0,050.00
01412,000706000,113.50,09.76,000.00,0,050.00
01413,000706500,112.50,09.77,000.00,0,050.00
01414,000707000,112.50,09.77,000.00,0,050.00
01415,000707500,112.50,09.77,000.00,0,050.00
01416,000708000,112.50,09.78,000.00,0,050.00
01417,000708500,112.50,09.78,000.00,0,050.00
01418,000709000,112.25,09.78,000.00,0,050.00
01419,000709500,112.25,09.78,000.00,0,050.00
01420,000710000,111.75,09.78,000.00,0,050.00
01421,000710500,111.75,09.78,000.00,0,050.00
01422,000711000,111.75,09.78,000.00,0,050.00
01423,000711500,111.75,09.79,000.00,0,050.00
01424,000712000,111.75,09.79,000.00,0,050.00
01425,000712500,111.25,09.80,000.00,0,050.00
01426,000713000,111.25,09.80,000.00,0,050.00
01427,000713500,111.25,09.80,000.00,0,050.00
01428,000714000,110.25,09.79,000.00,0,050.00
01429,000714500,110.25,09.79,000.00,0,050.00
01430,000715000,110.00,09.80,000.00,0,050.00
01431,000715500,110.00,09.80,000.00,0,050.00
01432,000716000,110.00,09.80,000.00,0,050.00
01433,000716500,109.50,09.79,000.00,0,050.00
01434,000717000,109.50,09.79,000.00,0,050.00
01435,000717500,109.50,09.79,000.00,0,050.00
01436,000718000,109.50,09.79,000.00,0,050.00
01437,000718500,108.50,09.80,000.00,0,050.00
01438,000719000,108.50,09.80,000.00,0,050.00
01439,000719500,108.50,09.80,000.00,0,050.00
01440,000720000,108.50,09.80,000.00,0,050.00
