Sample time (ms): 500
Maximum runtime (s): 720
Index,Time (ms),Oven temperature (C),Ambient temperature (C),PWM controller (percent),Thermocouple open
00000,000000001,022.25,21.20,000.00,0
00001,000000500,022.25,21.20,000.00,0
00002,000001000,022.50,21.21,000.00,0
00003,000001500,022.50,21.21,000.00,0
00004,000002000,022.50,21.21,000.00,0
00005,000002500,022.50,21.20,000.00,0
00006,000003000,022.50,21.20,000.00,0
00007,000003500,022.75,21.22,000.00,0
00008,000004000,022.50,21.21,000.00,0
00009,000004500,022.25,21.21,000.00,0
00010,000005000,022.25,21.21,000.00,0
00011,000005500,022.75,21.21,000.00,0
00012,000006000,022.50,21.22,000.00,0
00013,000006500,022.00,21.21,000.00,0
00014,000007000,022.00,21.21,000.00,0
00015,000007500,022.00,21.22,000.00,0
00016,000008000,023.00,21.21,000.00,0
00017,000008500,022.25,21.20,000.00,0
00018,000009000,022.25,21.20,000.00,0
00019,000009500,022.25,21.21,000.00,0
00020,000010000,022.75,21.21,000.00,0
00021,000010500,022.75,21.21,000.00,0
00022,000011000,022.75,21.21,000.00,0
00023,000011500,022.50,21.21,000.00,0
00024,000012000,022.25,21.21,000.00,0
00025,000012500,022.50,21.21,000.00,0
00026,000013000,022.50,21.21,000.00,0
00027,000013500,022.50,21.21,000.00,0
00028,000014000,022.25,21.22,000.00,0
00029,000014500,022.50,21.21,000.00,0
00030,000015000,022.50,21.21,000.00,0
00031,000015500,022.50,21.20,000.00,0
00032,000016000,022.50,21.21,000.00,0
00033,000016500,022.50,21.21,000.00,0
00034,000017000,022.50,21.21,000.00,0
00035,000017500,022.50,21.21,000.00,0
00036,000018000,022.50,21.22,000.00,0
00037,000018500,022.25,21.21,000.00,0
00038,000019000,022.25,21.21,000.00,0
00039,000019500,022.50,21.21,000.00,0
00040,000020000,022.25,21.22,000.00,0
00041,000020500,022.25,21.22,000.00,0
00042,000021000,022.50,21.21,000.00,0
00043,000021500,022.50,21.21,000.00,0
00044,000022000,022.50,21.21,000.00,0
00045,000022500,022.50,21.21,000.00,0
00046,000023000,022.50,21.21,000.00,0
00047,000023500,022.50,21.21,000.00,0
00048,000024000,022.50,21.21,000.00,0
00049,000024500,022.50,21.21,000.00,0
00050,000025000,022.00,21.21,000.00,0
00051,000025500,022.75,21.20,000.00,0
00052,000026000,022.50,21.21,000.00,0
00053,000026500,022.50,21.21,000.00,0
00054,000027000,022.50,21.21,000.00,0
00055,000027500,022.75,21.20,000.00,0
00056,000028000,022.25,21.21,000.00,0
00057,000028500,022.25,21.21,000.00,0
00058,000029000,022.50,21.21,000.00,0
00059,000029500,022.50,21.19,000.00,0
00060,000030000,022.50,21.21,100.00,0
00061,000030500,022.50,21.21,100.00,0
00062,000031000,022.50,21.20,100.00,0
00063,000031500,022.75,21.20,100.00,0
00064,000032000,022.50,21.21,100.00,0
00065,000032500,022.50,21.21,100.00,0
00066,000033000,022.50,21.21,100.00,0
00067,000033500,022.00,21.20,100.00,0
00068,000034000,022.00,21.21,100.00,0
00069,000034500,022.00,21.21,100.00,0
00070,000035000,022.25,21.21,100.00,0
00071,000035500,022.25,21.20,100.00,0
00072,000036000,022.25,21.20,100.00,0
00073,000036500,022.25,21.20,100.00,0
00074,000037000,022.25,21.20,100.00,0
00075,000037500,022.25,21.20,100.00,0
00076,000038000,022.25,21.20,100.00,0
00077,000038500,022.25,21.19,100.00,0
00078,000039000,022.00,21.19,100.00,0
00079,000039500,022.00,21.21,100.00,0
00080,000040000,022.00,21.21,100.00,0
00081,000040500,021.75,21.20,100.00,0
00082,000041000,022.50,21.20,100.00,0
00083,000041500,022.25,21.19,100.00,0
00084,000042000,022.25,21.19,100.00,0
00085,000042500,022.00,21.19,100.00,0
00086,000043000,022.25,21.20,100.00,0
00087,000043500,022.50,21.19,100.00,0
00088,000044000,022.50,21.19,100.00,0
00089,000044500,022.75,21.20,100.00,0
00090,000045000,022.75,21.19,100.00,0
00091,000045500,022.50,21.18,100.00,0
00092,000046000,022.50,21.18,100.00,0
00093,000046500,022.75,21.19,100.00,0
00094,000047000,023.00,21.19,100.00,0
00095,000047500,023.25,21.19,100.00,0
00096,000048000,023.25,21.19,100.00,0
00097,000048500,023.00,21.19,100.00,0
00098,000049000,023.75,21.18,100.00,0
00099,000049500,023.50,21.19,100.00,0
00100,000050000,023.50,21.19,100.00,0
00101,000050500,023.50,21.18,100.00,0
00102,000051000,023.50,21.18,100.00,0
00103,000051500,023.50,21.18,100.00,0
00104,000052000,023.75,21.19,100.00,0
00105,000052500,024.00,21.18,100.00,0
00106,000053000,023.75,21.18,100.00,0
00107,000053500,023.75,21.18,100.00,0
00108,000054000,024.50,21.18,100.00,0
00109,000054500,024.25,21.18,100.00,0
00110,000055000,025.00,21.17,100.00,0
00111,000055500,025.00,21.17,100.00,0
00112,000056000,025.00,21.18,100.00,0
00113,000056500,025.25,21.19,100.00,0
00114,000057000,025.50,21.17,100.00,0
00115,000057500,025.50,21.17,100.00,0
00116,000058000,025.50,21.17,100.00,0
00117,000058500,026.00,21.17,100.00,0
00118,000059000,026.00,21.17,100.00,0
00119,000059500,026.00,21.17,100.00,0
00120,000060000,026.25,21.18,100.00,0
00121,000060500,026.50,21.17,100.00,0
00122,000061000,026.75,21.17,100.00,0
00123,000061500,026.75,21.17,100.00,0
00124,000062000,027.50,21.18,100.00,0
00125,000062500,027.75,21.17,100.00,0
00126,000063000,028.25,21.17,100.00,0
00127,000063500,028.25,21.17,100.00,0
00128,000064000,028.50,21.17,100.00,0
00129,000064500,028.75,21.17,100.00,0
00130,000065000,029.00,21.16,100.00,0
00131,000065500,029.00,21.16,100.00,0
00132,000066000,029.25,21.17,100.00,0
00133,000066500,029.25,21.17,100.00,0
00134,000067000,030.25,21.17,100.00,0
00135,000067500,030.25,21.17,100.00,0
00136,000068000,030.50,21.16,100.00,0
00137,000068500,030.50,21.17,100.00,0
00138,000069000,030.50,21.17,100.00,0
00139,000069500,031.00,21.17,100.00,0
00140,000070000,031.25,21.15,100.00,0
00141,000070500,031.75,21.17,100.00,0
00142,000071000,031.75,21.17,100.00,0
00143,000071500,032.00,21.16,100.00,0
00144,000072000,032.50,21.16,100.00,0
00145,000072500,032.75,21.16,100.00,0
00146,000073000,032.75,21.16,100.00,0
00147,000073500,033.25,21.17,100.00,0
00148,000074000,033.75,21.17,100.00,0
00149,000074500,034.00,21.17,100.00,0
00150,000075000,034.00,21.17,100.00,0
00151,000075500,034.50,21.17,100.00,0
00152,000076000,035.25,21.17,100.00,0
00153,000076500,035.00,21.16,100.00,0
00154,000077000,035.00,21.16,100.00,0
00155,000077500,036.00,21.16,100.00,0
00156,000078000,036.25,21.17,100.00,0
00157,000078500,037.00,21.17,100.00,0
00158,000079000,037.00,21.17,100.00,0
00159,000079500,037.50,21.16,100.00,0
00160,000080000,038.50,21.17,100.00,0
00161,000080500,038.75,21.17,100.00,0
00162,000081000,038.75,21.17,100.00,0
00163,000081500,038.50,21.17,100.00,0
00164,000082000,039.50,21.17,100.00,0
00165,000082500,040.25,21.17,100.00,0
00166,000083000,040.25,21.17,100.00,0
00167,000083500,041.00,21.17,100.00,0
00168,000084000,041.50,21.17,100.00,0
00169,000084500,041.50,21.17,100.00,0
00170,000085000,041.50,21.16,100.00,0
00171,000085500,042.75,21.17,100.00,0
00172,000086000,043.00,21.17,100.00,0
00173,000086500,043.00,21.17,100.00,0
00174,000087000,043.75,21.17,100.00,0
00175,000087500,044.25,21.17,100.00,0
00176,000088000,045.00,21.17,100.00,0
00177,000088500,045.00,21.17,100.00,0
00178,000089000,045.75,21.17,100.00,0
00179,000089500,046.00,21.17,100.00,0
00180,000090000,046.50,21.17,100.00,0
00181,000090500,046.50,21.17,100.00,0
00182,000091000,047.50,21.17,100.00,0
00183,000091500,048.00,21.17,100.00,0
00184,000092000,048.75,21.17,100.00,0
00185,000092500,048.75,21.17,100.00,0
00186,000093000,049.50,21.17,100.00,0
00187,000093500,049.75,21.17,100.00,0
00188,000094000,050.75,21.18,100.00,0
00189,000094500,050.75,21.18,100.00,0
00190,000095000,051.50,21.17,100.00,0
00191,000095500,052.50,25.93,100.00,0
00192,000096000,052.50,25.93,100.00,0
00193,000096500,052.50,25.93,100.00,0
00194,000097000,053.50,25.93,100.00,0
00195,000097500,054.50,25.93,100.00,0
00196,000098000,055.50,25.93,100.00,0
00197,000098500,055.50,25.93,100.00,0
00198,000099000,055.75,21.18,100.00,0
00199,000099500,056.75,21.17,100.00,0
00200,000100000,057.75,21.19,100.00,0
00201,000100500,057.75,21.19,100.00,0
00202,000101000,058.50,21.18,100.00,0
00203,000101500,059.00,21.18,100.00,0
00204,000102000,059.00,21.18,100.00,0
00205,000102500,060.00,21.17,100.00,0
00206,000103000,060.75,21.18,100.00,0
00207,000103500,061.25,21.18,100.00,0
00208,000104000,061.25,21.18,100.00,0
00209,000104500,062.50,21.18,100.00,0
00210,000105000,062.50,21.18,100.00,0
00211,000105500,064.00,21.18,100.00,0
00212,000106000,064.00,21.18,100.00,0
00213,000106500,065.00,21.18,100.00,0
00214,000107000,065.50,21.18,100.00,0
00215,000107500,066.25,21.18,100.00,0
00216,000108000,066.25,21.18,100.00,0
00217,000108500,067.25,21.18,100.00,0
00218,000109000,068.50,21.18,100.00,0
00219,000109500,069.00,21.17,100.00,0
00220,000110000,069.00,21.17,100.00,0
00221,000110500,070.00,21.18,100.00,0
00222,000111000,071.00,21.19,100.00,0
00223,000111500,071.50,21.18,100.00,0
00224,000112000,071.50,21.18,100.00,0
00225,000112500,072.50,21.18,100.00,0
00226,000113000,074.00,21.18,100.00,0
00227,000113500,075.00,21.19,100.00,0
00228,000114000,075.00,21.19,100.00,0
00229,000114500,075.50,21.19,100.00,0
00230,000115000,076.25,21.19,100.00,0
00231,000115500,077.25,21.20,100.00,0
00232,000116000,077.25,21.20,100.00,0
00233,000116500,078.25,21.20,100.00,0
00234,000117000,079.50,21.20,100.00,0
00235,000117500,079.50,21.20,100.00,0
00236,000118000,080.25,21.20,100.00,0
00237,000118500,080.75,21.20,100.00,0
00238,000119000,082.25,21.19,100.00,0
00239,000119500,082.25,21.19,100.00,0
00240,000120000,083.00,21.19,100.00,0
00241,000120500,084.00,21.19,100.00,0
00242,000121000,085.00,21.19,100.00,0
00243,000121500,085.00,21.19,100.00,0
00244,000122000,086.00,21.19,100.00,0
00245,000122500,087.00,21.20,100.00,0
00246,000123000,087.50,21.19,100.00,0
00247,000123500,087.50,21.19,100.00,0
00248,000124000,088.75,21.20,100.00,0
00249,000124500,090.00,21.21,100.00,0
00250,000125000,091.00,21.20,100.00,0
00251,000125500,091.00,21.20,100.00,0
00252,000126000,092.00,21.21,100.00,0
00253,000126500,093.25,21.20,100.00,0
00254,000127000,094.00,21.20,100.00,0
00255,000127500,094.00,21.20,100.00,0
00256,000128000,095.25,21.21,100.00,0
00257,000128500,096.25,21.20,100.00,0
00258,000129000,097.00,21.21,100.00,0
00259,000129500,097.00,21.21,100.00,0
00260,000130000,098.25,21.21,100.00,0
00261,000130500,099.25,21.22,100.00,0
00262,000131000,099.75,21.23,100.00,0
00263,000131500,099.75,21.23,100.00,0
00264,000132000,101.50,21.23,000.00,0
00265,000132500,102.00,21.24,000.00,0
00266,000133000,102.00,21.24,000.00,0
00267,000133500,103.25,21.23,000.00,0
00268,000134000,104.25,21.23,000.00,0
00269,000134500,105.50,21.24,000.00,0
00270,000135000,105.50,21.24,000.00,0
00271,000135500,106.50,21.23,000.00,0
00272,000136000,107.25,21.24,000.00,0
00273,000136500,108.50,21.24,000.00,0
00274,000137000,108.50,21.24,000.00,0
00275,000137500,109.00,21.24,000.00,0
00276,000138000,110.25,21.24,000.00,0
00277,000138500,111.25,21.24,000.00,0
00278,000139000,111.25,21.24,000.00,0
00279,000139500,111.75,21.25,000.00,0
00280,000140000,113.00,21.25,000.00,0
00281,000140500,113.75,21.25,000.00,0
00282,000141000,113.75,21.25,000.00,0
00283,000141500,114.25,21.24,000.00,0
00284,000142000,115.25,21.24,000.00,0
00285,000142500,116.00,21.24,000.00,0
00286,000143000,116.00,21.24,000.00,0
00287,000143500,116.50,21.26,000.00,0
00288,000144000,117.50,21.25,000.00,0
00289,000144500,118.25,21.26,000.00,0
00290,000145000,118.25,21.26,000.00,0
00291,000145500,118.75,21.25,000.00,0
00292,000146000,119.50,21.26,000.00,0
00293,000146500,119.50,21.25,000.00,0
00294,000147000,119.50,21.25,000.00,0
00295,000147500,120.00,21.25,000.00,0
00296,000148000,121.00,21.25,000.00,0
00297,000148500,121.50,21.26,000.00,0
00298,000149000,121.50,21.26,000.00,0
00299,000149500,122.00,21.25,000.00,0
00300,000150000,122.25,21.25,000.00,0
00301,000150500,122.25,21.25,000.00,0
00302,000151000,122.75,21.25,000.00,0
00303,000151500,122.50,21.24,000.00,0
00304,000152000,123.25,21.25,000.00,0
00305,000152500,123.25,21.25,000.00,0
00306,000153000,124.00,21.25,000.00,0
00307,000153500,124.50,21.25,000.00,0
00308,000154000,124.25,21.25,000.00,0
00309,000154500,124.25,21.25,000.00,0
00310,000155000,124.75,21.25,000.00,0
00311,000155500,124.75,21.25,000.00,0
00312,000156000,125.25,21.26,000.00,0
00313,000156500,125.25,21.26,000.00,0
00314,000157000,125.25,21.25,000.00,0
00315,000157500,126.00,21.26,000.00,0
00316,000158000,126.00,21.25,000.00,0
00317,000158500,126.00,21.25,000.00,0
00318,000159000,126.00,21.24,000.00,0
00319,000159500,126.50,21.25,000.00,0
00320,000160000,126.50,21.24,000.00,0
00321,000160500,126.50,21.24,000.00,0
00322,000161000,127.00,21.25,000.00,0
00323,000161500,127.25,21.25,000.00,0
00324,000162000,127.00,21.25,000.00,0
00325,000162500,127.00,21.25,000.00,0
00326,000163000,128.00,21.25,000.00,0
00327,000163500,127.75,21.25,000.00,0
00328,000164000,127.75,21.25,000.00,0
00329,000164500,127.75,21.25,000.00,0
00330,000165000,128.50,21.25,000.00,0
00331,000165500,128.25,21.25,000.00,0
00332,000166000,128.25,21.25,000.00,0
00333,000166500,129.00,21.26,000.00,0
00334,000167000,129.00,21.26,000.00,0
00335,000167500,128.75,21.26,000.00,0
00336,000168000,128.75,21.26,000.00,0
00337,000168500,128.75,21.25,000.00,0
00338,000169000,129.25,21.25,000.00,0
00339,000169500,129.25,21.24,000.00,0
00340,000170000,129.25,21.24,000.00,0
00341,000170500,129.75,21.25,000.00,0
00342,000171000,129.50,21.25,000.00,0
00343,000171500,129.50,21.25,000.00,0
00344,000172000,129.50,21.25,000.00,0
00345,000172500,129.75,21.25,000.00,0
00346,000173000,129.75,21.25,000.00,0
00347,000173500,130.25,21.24,000.00,0
00348,000174000,130.25,21.24,000.00,0
00349,000174500,130.50,21.24,000.00,0
00350,000175000,130.25,21.25,000.00,0
00351,000175500,131.00,21.24,000.00,0
00352,000176000,131.00,21.24,000.00,0
00353,000176500,130.50,21.25,000.00,0
00354,000177000,131.00,21.25,000.00,0
00355,000177500,131.00,21.25,000.00,0
00356,000178000,131.00,21.25,000.00,0
00357,000178500,131.25,21.25,000.00,0
00358,000179000,131.50,21.24,000.00,0
00359,000179500,131.50,21.25,000.00,0
00360,000180000,131.50,21.25,000.00,0
00361,000180500,131.25,21.26,000.00,0
00362,000181000,131.25,21.24,000.00,0
00363,000181500,131.25,21.24,000.00,0
00364,000182000,131.50,21.24,000.00,0
00365,000182500,131.50,21.24,000.00,0
00366,000183000,131.00,21.24,000.00,0
00367,000183500,131.00,21.24,000.00,0
00368,000184000,131.50,21.24,000.00,0
00369,000184500,131.50,21.25,000.00,0
00370,000185000,131.25,21.24,000.00,0
00371,000185500,131.25,21.24,000.00,0
00372,000186000,132.00,21.25,000.00,0
00373,000186500,132.25,21.25,000.00,0
00374,000187000,132.00,21.24,000.00,0
00375,000187500,132.00,21.24,000.00,0
00376,000188000,132.25,21.24,000.00,0
00377,000188500,132.25,21.24,000.00,0
00378,000189000,132.25,21.24,000.00,0
00379,000189500,132.25,21.24,000.00,0
00380,000190000,132.00,21.24,000.00,0
00381,000190500,132.25,21.24,000.00,0
00382,000191000,132.50,21.24,000.00,0
00383,000191500,132.50,21.24,000.00,0
00384,000192000,132.50,21.24,000.00,0
00385,000192500,132.75,21.25,000.00,0
00386,000193000,132.50,21.24,000.00,0
00387,000193500,132.50,21.24,000.00,0
00388,000194000,133.00,21.24,000.00,0
00389,000194500,133.25,21.23,000.00,0
00390,000195000,132.75,21.23,000.00,0
00391,000195500,132.75,21.23,000.00,0
00392,000196000,132.75,21.24,000.00,0
00393,000196500,133.25,21.24,000.00,0
00394,000197000,133.00,21.23,000.00,0
00395,000197500,133.00,21.23,000.00,0
00396,000198000,133.00,21.24,000.00,0
00397,000198500,133.50,21.24,000.00,0
00398,000199000,133.50,21.24,000.00,0
00399,000199500,132.50,21.23,000.00,0
00400,000200000,132.75,21.23,000.00,0
00401,000200500,133.25,21.24,000.00,0
00402,000201000,133.25,21.24,000.00,0
00403,000201500,133.00,21.23,000.00,0
00404,000202000,133.00,21.23,000.00,0
00405,000202500,133.25,21.24,000.00,0
00406,000203000,133.25,21.24,000.00,0
00407,000203500,133.00,21.24,000.00,0
00408,000204000,133.00,21.24,000.00,0
00409,000204500,133.00,21.24,000.00,0
00410,000205000,133.00,21.24,000.00,0
00411,000205500,133.00,21.23,000.00,0
00412,000206000,132.50,21.24,000.00,0
00413,000206500,133.00,21.23,000.00,0
00414,000207000,133.00,21.23,000.00,0
00415,000207500,132.75,21.23,000.00,0
00416,000208000,132.50,21.23,000.00,0
00417,000208500,132.75,21.24,000.00,0
00418,000209000,132.75,21.24,000.00,0
00419,000209500,132.75,21.24,000.00,0
00420,000210000,132.50,21.24,000.00,0
00421,000210500,133.25,21.23,000.00,0
00422,000211000,133.25,21.23,000.00,0
00423,000211500,133.25,21.23,000.00,0
00424,000212000,132.75,21.23,000.00,0
00425,000212500,132.75,21.23,000.00,0
00426,000213000,132.75,21.23,000.00,0
00427,000213500,132.75,21.23,000.00,0
00428,000214000,132.50,21.23,000.00,0
00429,000214500,132.50,21.23,000.00,0
00430,000215000,132.00,21.23,000.00,0
00431,000215500,132.50,21.23,000.00,0
00432,000216000,132.50,21.23,000.00,0
00433,000216500,132.50,21.23,000.00,0
00434,000217000,132.25,21.23,000.00,0
00435,000217500,132.00,21.23,000.00,0
00436,000218000,132.25,21.23,000.00,0
00437,000218500,132.25,21.23,000.00,0
00438,000219000,132.50,21.23,000.00,0
00439,000219500,132.25,21.22,000.00,0
00440,000220000,132.25,21.22,000.00,0
00441,000220500,132.25,21.22,000.00,0
00442,000221000,132.00,21.23,000.00,0
00443,000221500,132.00,21.23,000.00,0
00444,000222000,132.50,21.23,000.00,0
00445,000222500,132.50,21.23,000.00,0
00446,000223000,132.75,21.22,000.00,0
00447,000223500,132.50,21.23,000.00,0
00448,000224000,132.00,21.22,000.00,0
00449,000224500,132.00,21.22,000.00,0
00450,000225000,132.25,21.23,000.00,0
00451,000225500,131.75,21.22,000.00,0
00452,000226000,132.25,21.23,000.00,0
00453,000226500,132.25,21.23,000.00,0
00454,000227000,132.00,21.22,000.00,0
00455,000227500,132.25,21.22,000.00,0
00456,000228000,132.50,21.22,000.00,0
00457,000228500,132.50,21.22,000.00,0
00458,000229000,131.75,21.22,000.00,0
00459,000229500,132.00,21.23,000.00,0
00460,000230000,132.00,21.23,000.00,0
00461,000230500,131.75,21.22,000.00,0
00462,000231000,132.25,21.22,000.00,0
00463,000231500,132.00,21.22,000.00,0
00464,000232000,132.00,21.22,000.00,0
00465,000232500,132.00,21.22,000.00,0
00466,000233000,131.75,21.22,000.00,0
00467,000233500,131.50,21.23,000.00,0
00468,000234000,131.50,21.23,000.00,0
00469,000234500,132.00,21.22,000.00,0
00470,000235000,131.50,21.22,000.00,0
00471,000235500,131.25,21.22,000.00,0
00472,000236000,131.25,21.22,000.00,0
00473,000236500,131.50,21.22,000.00,0
00474,000237000,130.75,21.22,000.00,0
00475,000237500,131.00,21.21,000.00,0
00476,000238000,131.00,21.21,000.00,0
00477,000238500,131.00,21.22,000.00,0
00478,000239000,131.00,21.21,000.00,0
00479,000239500,131.00,21.22,000.00,0
00480,000240000,131.00,21.22,000.00,0
00481,000240500,131.00,21.21,000.00,0
00482,000241000,131.00,21.22,000.00,0
00483,000241500,130.75,21.21,000.00,0
00484,000242000,130.75,21.21,000.00,0
00485,000242500,130.50,21.21,000.00,0
00486,000243000,130.75,21.21,000.00,0
00487,000243500,130.50,21.21,000.00,0
00488,000244000,130.50,21.21,000.00,0
00489,000244500,130.75,21.21,000.00,0
00490,000245000,130.50,21.21,000.00,0
00491,000245500,130.50,21.21,000.00,0
00492,000246000,130.50,21.21,000.00,0
00493,000246500,130.00,21.20,000.00,0
00494,000247000,130.25,21.21,000.00,0
00495,000247500,130.25,21.21,000.00,0
00496,000248000,130.00,21.20,000.00,0
00497,000248500,130.25,21.21,000.00,0
00498,000249000,129.50,21.21,000.00,0
00499,000249500,129.50,21.21,000.00,0
00500,000250000,129.50,21.21,000.00,0
00501,000250500,129.25,21.22,000.00,0
00502,000251000,128.75,21.20,000.00,0
00503,000251500,128.75,21.20,000.00,0
00504,000252000,128.75,21.21,000.00,0
00505,000252500,128.75,21.20,000.00,0
00506,000253000,128.75,21.21,000.00,0
00507,000253500,128.75,21.21,000.00,0
00508,000254000,129.00,21.21,000.00,0
00509,000254500,129.00,21.21,000.00,0
00510,000255000,128.50,21.21,000.00,0
00511,000255500,128.50,21.21,000.00,0
00512,000256000,128.75,21.20,000.00,0
00513,000256500,128.75,21.20,000.00,0
00514,000257000,128.25,21.20,000.00,0
00515,000257500,128.25,21.20,000.00,0
00516,000258000,128.25,21.20,000.00,0
00517,000258500,128.25,21.21,000.00,0
00518,000259000,128.25,21.20,000.00,0
00519,000259500,128.25,21.20,000.00,0
00520,000260000,128.00,21.20,000.00,0
00521,000260500,128.00,21.21,000.00,0
00522,000261000,128.00,21.20,000.00,0
00523,000261500,128.00,21.20,000.00,0
00524,000262000,127.50,21.20,000.00,0
00525,000262500,127.50,21.20,000.00,0
00526,000263000,127.50,21.20,000.00,0
00527,000263500,127.25,21.20,000.00,0
00528,000264000,126.75,21.21,000.00,0
00529,000264500,126.75,21.20,000.00,0
00530,000265000,126.75,21.20,000.00,0
00531,000265500,127.50,21.20,000.00,0
00532,000266000,127.00,21.19,000.00,0
00533,000266500,127.00,21.20,000.00,0
00534,000267000,127.00,21.20,000.00,0
00535,000267500,126.50,21.21,000.00,0
00536,000268000,126.75,21.20,000.00,0
00537,000268500,126.50,21.20,000.00,0
00538,000269000,126.50,21.20,000.00,0
00539,000269500,126.50,21.19,000.00,0
00540,000270000,126.75,21.20,000.00,0
00541,000270500,126.75,21.20,000.00,0
00542,000271000,126.75,21.20,000.00,0
00543,000271500,126.50,21.20,000.00,0
00544,000272000,126.00,21.20,000.00,0
00545,000272500,126.00,21.20,000.00,0
00546,000273000,126.00,21.20,000.00,0
00547,000273500,126.25,21.20,000.00,0
00548,000274000,125.25,21.20,000.00,0
00549,000274500,125.75,21.19,000.00,0
00550,000275000,125.75,21.19,000.00,0
00551,000275500,125.75,21.20,000.00,0
00552,000276000,125.50,21.19,000.00,0
00553,000276500,125.00,21.19,000.00,0
00554,000277000,125.00,21.19,000.00,0
00555,000277500,125.25,21.20,000.00,0
00556,000278000,125.25,21.20,000.00,0
00557,000278500,125.25,21.20,000.00,0
00558,000279000,125.00,21.20,000.00,0
00559,000279500,124.75,21.20,000.00,0
00560,000280000,125.00,21.20,000.00,0
00561,000280500,125.00,21.20,000.00,0
00562,000281000,124.25,21.20,000.00,0
00563,000281500,124.00,21.19,000.00,0
00564,000282000,124.50,21.19,000.00,0
00565,000282500,124.50,21.19,000.00,0
00566,000283000,124.00,21.20,000.00,0
00567,000283500,124.25,21.20,000.00,0
00568,000284000,124.00,21.19,000.00,0
00569,000284500,124.00,21.19,000.00,0
00570,000285000,123.75,21.19,000.00,0
00571,000285500,124.00,21.20,000.00,0
00572,000286000,123.50,21.19,000.00,0
00573,000286500,123.50,21.19,000.00,0
00574,000287000,123.50,21.19,000.00,0
00575,000287500,123.75,21.19,000.00,0
00576,000288000,123.25,21.19,000.00,0
00577,000288500,123.25,21.19,000.00,0
00578,000289000,123.50,21.20,000.00,0
00579,000289500,122.75,21.20,000.00,0
00580,000290000,122.75,21.19,000.00,0
00581,000290500,122.75,21.19,000.00,0
00582,000291000,122.50,21.19,000.00,0
00583,000291500,122.00,21.20,000.00,0
00584,000292000,122.75,21.19,000.00,0
00585,000292500,122.75,21.19,000.00,0
00586,000293000,122.50,21.19,000.00,0
00587,000293500,122.00,21.19,000.00,0
00588,000294000,121.75,21.19,000.00,0
00589,000294500,121.75,21.19,000.00,0
00590,000295000,121.50,21.19,000.00,0
00591,000295500,121.75,21.19,000.00,0
00592,000296000,121.75,21.19,000.00,0
00593,000296500,121.25,21.19,000.00,0
00594,000297000,121.50,21.19,000.00,0
00595,000297500,120.75,21.19,000.00,0
00596,000298000,120.75,21.19,000.00,0
00597,000298500,120.75,21.19,000.00,0
00598,000299000,121.00,21.19,000.00,0
00599,000299500,121.00,21.19,000.00,0
00600,000300000,121.00,21.19,000.00,0
00601,000300500,121.00,21.19,000.00,0
00602,000301000,120.75,21.20,000.00,0
00603,000301500,121.00,21.19,000.00,0
00604,000302000,121.00,21.19,000.00,0
00605,000302500,120.75,21.19,000.00,0
00606,000303000,120.00,21.19,000.00,0
00607,000303500,120.25,21.19,000.00,0
00608,000304000,120.25,21.19,000.00,0
00609,000304500,120.00,21.20,000.00,0
00610,000305000,119.75,21.19,000.00,0
00611,000305500,119.50,21.19,000.00,0
00612,000306000,119.50,21.19,000.00,0
00613,000306500,119.00,21.20,000.00,0
00614,000307000,118.50,21.19,000.00,0
00615,000307500,119.00,21.20,000.00,0
00616,000308000,119.00,21.20,000.00,0
00617,000308500,119.50,21.19,000.00,0
00618,000309000,118.75,21.19,000.00,0
00619,000309500,118.25,21.20,000.00,0
00620,000310000,118.25,21.20,000.00,0
00621,000310500,118.75,21.20,000.00,0
00622,000311000,118.00,21.18,000.00,0
00623,000311500,118.00,21.18,000.00,0
00624,000312000,118.25,21.18,000.00,0
00625,000312500,118.50,21.20,000.00,0
00626,000313000,117.75,21.19,000.00,0
00627,000313500,117.75,21.19,000.00,0
00628,000314000,118.25,21.19,000.00,0
00629,000314500,118.25,21.18,000.00,0
00630,000315000,117.50,21.18,000.00,0
00631,000315500,117.50,21.18,000.00,0
00632,000316000,118.00,21.19,000.00,0
00633,000316500,117.25,21.19,000.00,0
00634,000317000,117.50,21.19,000.00,0
00635,000317500,117.50,21.19,000.00,0
00636,000318000,117.50,21.19,000.00,0
00637,000318500,117.50,21.19,000.00,0
00638,000319000,117.50,21.19,000.00,0
00639,000319500,117.50,21.19,000.00,0
00640,000320000,117.00,21.18,000.00,0
00641,000320500,117.00,21.18,000.00,0
00642,000321000,117.25,21.19,000.00,0
00643,000321500,117.25,21.19,000.00,0
00644,000322000,116.75,21.19,000.00,0
00645,000322500,117.00,21.19,000.00,0
00646,000323000,117.00,21.19,000.00,0
00647,000323500,117.00,21.19,000.00,0
00648,000324000,116.75,21.19,000.00,0
00649,000324500,116.75,21.19,000.00,0
00650,000325000,116.25,21.19,000.00,0
00651,000325500,116.25,21.19,000.00,0
00652,000326000,116.25,21.19,000.00,0
00653,000326500,116.25,21.19,000.00,0
00654,000327000,116.25,21.19,000.00,0
00655,000327500,115.25,21.19,000.00,0
00656,000328000,116.00,21.19,000.00,0
00657,000328500,115.25,21.19,000.00,0
00658,000329000,115.25,21.19,000.00,0
00659,000329500,116.00,21.19,000.00,0
00660,000330000,115.50,21.19,000.00,0
00661,000330500,115.50,21.19,000.00,0
00662,000331000,115.50,21.19,000.00,0
00663,000331500,115.50,21.19,000.00,0
00664,000332000,115.25,21.19,000.00,0
00665,000332500,115.50,21.18,000.00,0
00666,000333000,115.50,21.18,000.00,0
00667,000333500,115.00,21.19,000.00,0
00668,000334000,114.75,21.19,000.00,0
00669,000334500,114.75,21.20,000.00,0
00670,000335000,114.75,21.20,000.00,0
00671,000335500,114.50,21.19,000.00,0
00672,000336000,114.25,21.19,000.00,0
00673,000336500,114.50,21.18,000.00,0
00674,000337000,114.50,21.18,000.00,0
00675,000337500,114.00,21.19,000.00,0
00676,000338000,114.00,21.19,000.00,0
00677,000338500,113.75,21.20,000.00,0
00678,000339000,113.75,21.20,000.00,0
00679,000339500,113.50,21.19,000.00,0
00680,000340000,113.50,21.19,000.00,0
00681,000340500,113.50,21.19,000.00,0
00682,000341000,113.50,21.19,000.00,0
00683,000341500,113.50,21.20,000.00,0
00684,000342000,113.25,21.19,000.00,0
00685,000342500,113.00,21.19,000.00,0
00686,000343000,113.00,21.19,000.00,0
00687,000343500,113.00,21.19,000.00,0
00688,000344000,113.00,21.19,000.00,0
00689,000344500,113.00,21.19,000.00,0
00690,000345000,112.25,21.19,000.00,0
00691,000345500,112.50,21.20,000.00,0
00692,000346000,112.25,21.19,000.00,0
00693,000346500,112.25,21.19,000.00,0
00694,000347000,111.75,21.20,000.00,0
00695,000347500,111.75,21.18,000.00,0
00696,000348000,112.25,21.19,000.00,0
00697,000348500,112.25,21.19,000.00,0
00698,000349000,112.00,21.20,000.00,0
00699,000349500,111.75,21.19,000.00,0
00700,000350000,111.50,21.20,000.00,0
00701,000350500,111.50,21.20,000.00,0
00702,000351000,111.25,21.19,000.00,0
00703,000351500,111.75,21.20,000.00,0
00704,000352000,111.50,21.20,000.00,0
00705,000352500,111.50,21.20,000.00,0
00706,000353000,111.00,21.20,000.00,0
00707,000353500,111.00,21.19,000.00,0
00708,000354000,111.00,21.20,000.00,0
00709,000354500,111.00,21.20,000.00,0
00710,000355000,110.50,21.20,000.00,0
00711,000355500,110.25,21.21,000.00,0
00712,000356000,110.50,21.19,000.00,0
00713,000356500,110.50,21.19,000.00,0
00714,000357000,110.25,21.20,000.00,0
00715,000357500,110.25,21.20,000.00,0
00716,000358000,110.25,21.20,000.00,0
00717,000358500,110.25,21.20,000.00,0
00718,000359000,110.50,21.20,000.00,0
00719,000359500,109.75,21.20,000.00,0
00720,000360000,109.75,21.20,000.00,0
00721,000360500,110.25,21.20,000.00,0
00722,000361000,110.00,21.20,000.00,0
00723,000361500,110.00,21.20,000.00,0
00724,000362000,110.00,21.20,000.00,0
00725,000362500,109.75,21.20,000.00,0
00726,000363000,109.25,21.20,000.00,0
00727,000363500,109.50,21.21,000.00,0
00728,000364000,109.50,21.21,000.00,0
00729,000364500,109.50,21.21,000.00,0
00730,000365000,109.00,21.20,000.00,0
00731,000365500,108.75,21.20,000.00,0
00732,000366000,108.75,21.20,000.00,0
00733,000366500,108.75,21.20,000.00,0
00734,000367000,109.25,21.21,000.00,0
00735,000367500,108.75,21.20,000.00,0
00736,000368000,108.75,21.20,000.00,0
00737,000368500,108.75,21.20,000.00,0
00738,000369000,108.00,21.20,000.00,0
00739,000369500,108.50,21.20,000.00,0
00740,000370000,108.50,21.20,000.00,0
00741,000370500,108.50,21.20,000.00,0
00742,000371000,107.75,21.20,000.00,0
00743,000371500,107.75,21.20,000.00,0
00744,000372000,107.75,21.20,000.00,0
00745,000372500,108.00,21.19,000.00,0
00746,000373000,107.75,21.20,000.00,0
00747,000373500,107.75,21.20,000.00,0
00748,000374000,107.75,21.20,000.00,0
00749,000374500,107.75,21.20,000.00,0
00750,000375000,107.50,21.21,000.00,0
00751,000375500,107.50,21.21,000.00,0
00752,000376000,107.25,21.20,000.00,0
00753,000376500,107.25,21.20,000.00,0
00754,000377000,107.50,21.20,000.00,0
00755,000377500,107.50,21.20,000.00,0
00756,000378000,107.00,21.20,000.00,0
00757,000378500,106.75,21.20,000.00,0
00758,000379000,107.00,21.21,000.00,0
00759,000379500,107.00,21.21,000.00,0
00760,000380000,106.50,21.21,000.00,0
00761,000380500,106.25,21.20,000.00,0
00762,000381000,106.00,21.20,000.00,0
00763,000381500,106.00,21.20,000.00,0
00764,000382000,106.50,21.20,000.00,0
00765,000382500,106.00,21.20,000.00,0
00766,000383000,105.75,21.19,000.00,0
00767,000383500,105.75,21.19,000.00,0
00768,000384000,105.50,21.20,000.00,0
00769,000384500,105.50,21.20,000.00,0
00770,000385000,104.75,21.20,000.00,0
00771,000385500,104.75,21.20,000.00,0
00772,000386000,105.50,21.20,000.00,0
00773,000386500,105.00,21.19,000.00,0
00774,000387000,105.00,21.20,000.00,0
00775,000387500,105.00,21.20,000.00,0
00776,000388000,105.25,21.20,000.00,0
00777,000388500,105.00,21.21,000.00,0
00778,000389000,104.25,21.19,000.00,0
00779,000389500,104.25,21.19,000.00,0
00780,000390000,104.75,21.20,000.00,0
00781,000390500,105.00,21.20,000.00,0
00782,000391000,104.25,21.20,000.00,0
00783,000391500,104.25,21.20,000.00,0
00784,000392000,104.00,21.21,000.00,0
00785,000392500,103.75,21.20,000.00,0
00786,000393000,103.75,21.20,000.00,0
00787,000393500,104.00,21.21,000.00,0
00788,000394000,104.00,21.20,000.00,0
00789,000394500,104.00,21.20,000.00,0
00790,000395000,104.00,21.20,000.00,0
00791,000395500,103.75,21.20,000.00,0
00792,000396000,103.50,21.21,000.00,0
00793,000396500,103.50,21.20,000.00,0
00794,000397000,103.50,21.20,000.00,0
00795,000397500,103.00,21.20,000.00,0
00796,000398000,103.50,21.20,000.00,0
00797,000398500,102.75,21.20,000.00,0
00798,000399000,102.75,21.20,000.00,0
00799,000399500,103.25,21.20,000.00,0
00800,000400000,102.75,21.20,000.00,0
00801,000400500,102.50,21.20,000.00,0
00802,000401000,102.50,21.20,000.00,0
00803,000401500,102.25,21.20,000.00,0
00804,000402000,102.75,21.20,000.00,0
00805,000402500,102.75,21.20,000.00,0
00806,000403000,102.75,21.20,000.00,0
00807,000403500,102.00,21.19,000.00,0
00808,000404000,102.25,21.20,000.00,0
00809,000404500,102.25,21.19,000.00,0
00810,000405000,102.25,21.19,000.00,0
00811,000405500,101.25,21.20,000.00,0
00812,000406000,101.50,21.20,000.00,0
00813,000406500,102.00,21.19,000.00,0
00814,000407000,102.00,21.19,000.00,0
00815,000407500,101.00,21.20,000.00,0
00816,000408000,101.50,21.20,000.00,0
00817,000408500,101.50,21.20,000.00,0
00818,000409000,101.00,21.20,000.00,0
00819,000409500,100.75,21.20,000.00,0
00820,000410000,101.00,21.20,000.00,0
00821,000410500,101.00,21.20,000.00,0
00822,000411000,100.50,21.20,000.00,0
00823,000411500,100.75,21.20,000.00,0
00824,000412000,100.75,21.20,000.00,0
00825,000412500,100.75,21.20,000.00,0
00826,000413000,100.00,21.21,000.00,0
00827,000413500,100.25,21.20,000.00,0
00828,000414000,100.50,21.20,000.00,0
00829,000414500,100.50,21.20,000.00,0
00830,000415000,100.25,21.20,000.00,0
00831,000415500,100.25,21.20,000.00,0
00832,000416000,100.00,21.21,000.00,0
00833,000416500,100.00,21.21,000.00,0
00834,000417000,099.75,21.20,000.00,0
00835,000417500,100.00,21.21,000.00,0
00836,000418000,100.25,21.20,000.00,0
00837,000418500,100.25,21.20,000.00,0
00838,000419000,099.75,21.20,000.00,0
00839,000419500,099.00,21.20,000.00,0
00840,000420000,099.25,21.21,000.00,0
00841,000420500,099.25,21.21,000.00,0
00842,000421000,099.00,21.20,000.00,0
00843,000421500,098.50,21.20,000.00,0
00844,000422000,099.00,21.20,000.00,0
00845,000422500,099.00,21.20,000.00,0
00846,000423000,099.00,21.21,000.00,0
00847,000423500,098.50,21.20,000.00,0
00848,000424000,098.50,21.20,000.00,0
00849,000424500,098.25,21.21,000.00,0
00850,000425000,098.25,21.20,000.00,0
00851,000425500,098.50,21.20,000.00,0
00852,000426000,098.50,21.20,000.00,0
00853,000426500,098.25,21.21,000.00,0
00854,000427000,098.50,21.20,000.00,0
00855,000427500,098.25,21.21,000.00,0
00856,000428000,098.25,21.21,000.00,0
00857,000428500,097.75,21.21,000.00,0
00858,000429000,098.25,21.20,000.00,0
00859,000429500,098.00,21.20,000.00,0
00860,000430000,098.00,21.20,000.00,0
00861,000430500,098.00,21.20,000.00,0
00862,000431000,098.00,21.20,000.00,0
00863,000431500,097.50,21.20,000.00,0
00864,000432000,097.50,21.20,000.00,0
00865,000432500,097.50,21.21,000.00,0
00866,000433000,097.50,21.20,000.00,0
00867,000433500,097.50,21.21,000.00,0
00868,000434000,097.50,21.21,000.00,0
00869,000434500,097.25,21.21,000.00,0
00870,000435000,096.75,21.21,000.00,0
00871,000435500,097.00,21.20,000.00,0
00872,000436000,097.00,21.20,000.00,0
00873,000436500,097.00,21.21,000.00,0
00874,000437000,096.75,21.21,000.00,0
00875,000437500,097.00,21.21,000.00,0
00876,000438000,097.00,21.21,000.00,0
00877,000438500,096.25,21.20,000.00,0
00878,000439000,096.75,21.20,000.00,0
00879,000439500,096.50,21.21,000.00,0
00880,000440000,096.50,21.21,000.00,0
00881,000440500,096.25,21.21,000.00,0
00882,000441000,096.50,21.21,000.00,0
00883,000441500,096.50,21.21,000.00,0
00884,000442000,096.25,21.21,000.00,0
00885,000442500,096.00,21.21,000.00,0
00886,000443000,096.25,21.21,000.00,0
00887,000443500,096.25,21.21,000.00,0
00888,000444000,096.00,21.21,000.00,0
00889,000444500,095.75,21.21,000.00,0
00890,000445000,095.75,21.21,000.00,0
00891,000445500,095.75,21.21,000.00,0
00892,000446000,095.25,21.20,000.00,0
00893,000446500,096.00,21.21,000.00,0
00894,000447000,095.50,21.21,000.00,0
00895,000447500,095.50,21.21,000.00,0
00896,000448000,095.75,21.21,000.00,0
00897,000448500,095.50,21.22,000.00,0
00898,000449000,095.00,21.21,000.00,0
00899,000449500,095.00,21.21,000.00,0
00900,000450000,095.25,21.21,000.00,0
00901,000450500,094.75,21.22,000.00,0
00902,000451000,094.50,21.21,000.00,0
00903,000451500,094.50,21.21,000.00,0
00904,000452000,095.00,21.21,000.00,0
00905,000452500,095.00,21.22,000.00,0
00906,000453000,094.25,21.22,000.00,0
00907,000453500,094.25,21.22,000.00,0
00908,000454000,094.75,21.21,000.00,0
00909,000454500,094.75,21.22,000.00,0
00910,000455000,094.50,21.22,000.00,0
00911,000455500,094.50,21.22,000.00,0
00912,000456000,093.75,21.22,000.00,0
00913,000456500,093.75,21.23,000.00,0
00914,000457000,093.75,21.23,000.00,0
00915,000457500,094.00,21.22,000.00,0
00916,000458000,093.75,21.22,000.00,0
00917,000458500,094.25,21.22,000.00,0
00918,000459000,094.25,21.22,000.00,0
00919,000459500,094.00,21.22,000.00,0
00920,000460000,094.00,21.22,000.00,0
00921,000460500,093.75,21.21,000.00,0
00922,000461000,093.75,21.21,000.00,0
00923,000461500,093.25,21.22,000.00,0
00924,000462000,093.00,21.21,000.00,0
00925,000462500,093.25,21.23,000.00,0
00926,000463000,093.25,21.23,000.00,0
00927,000463500,093.25,21.22,000.00,0
00928,000464000,093.25,21.22,000.00,0
00929,000464500,093.00,21.21,000.00,0
00930,000465000,093.00,21.21,000.00,0
00931,000465500,093.25,21.22,000.00,0
00932,000466000,092.25,21.22,000.00,0
00933,000466500,092.75,21.22,000.00,0
00934,000467000,092.75,21.22,000.00,0
00935,000467500,092.75,21.22,000.00,0
00936,000468000,092.75,21.22,000.00,0
00937,000468500,092.75,21.22,000.00,0
00938,000469000,092.75,21.22,000.00,0
00939,000469500,092.50,21.22,000.00,0
00940,000470000,092.00,21.23,000.00,0
00941,000470500,091.75,21.23,000.00,0
00942,000471000,091.75,21.23,000.00,0
00943,000471500,092.25,21.23,000.00,0
00944,000472000,091.50,21.23,000.00,0
00945,000472500,091.50,21.23,000.00,0
00946,000473000,092.00,21.23,000.00,0
00947,000473500,091.50,21.22,000.00,0
00948,000474000,092.25,21.22,000.00,0
00949,000474500,092.25,21.22,000.00,0
00950,000475000,091.75,21.23,000.00,0
00951,000475500,091.00,21.23,000.00,0
00952,000476000,091.75,21.23,000.00,0
00953,000476500,091.75,21.23,000.00,0
00954,000477000,091.50,21.22,000.00,0
00955,000477500,091.50,21.23,000.00,0
00956,000478000,091.00,21.22,000.00,0
00957,000478500,091.00,21.22,000.00,0
00958,000479000,091.25,21.23,000.00,0
00959,000479500,091.00,21.23,000.00,0
00960,000480000,091.00,21.23,000.00,0
00961,000480500,091.00,21.23,000.00,0
00962,000481000,090.75,21.23,000.00,0
00963,000481500,091.25,21.24,000.00,0
00964,000482000,090.50,21.22,000.00,0
00965,000482500,090.50,21.22,000.00,0
00966,000483000,090.50,21.24,000.00,0
00967,000483500,090.25,21.23,000.00,0
00968,000484000,090.00,21.23,000.00,0
00969,000484500,090.00,21.23,000.00,0
00970,000485000,090.50,21.23,000.00,0
00971,000485500,090.25,21.23,000.00,0
00972,000486000,090.50,21.22,000.00,0
00973,000486500,090.50,21.22,000.00,0
00974,000487000,090.50,21.23,000.00,0
00975,000487500,090.00,21.23,000.00,0
00976,000488000,090.00,21.24,000.00,0
00977,000488500,090.00,21.24,000.00,0
00978,000489000,089.75,21.23,000.00,0
00979,000489500,090.25,21.23,000.00,0
00980,000490000,090.25,21.23,000.00,0
00981,000490500,089.50,21.23,000.00,0
00982,000491000,090.00,21.23,000.00,0
00983,000491500,089.50,21.23,000.00,0
00984,000492000,089.50,21.23,000.00,0
00985,000492500,089.25,21.23,000.00,0
00986,000493000,089.50,21.22,000.00,0
00987,000493500,089.00,21.23,000.00,0
00988,000494000,089.00,21.23,000.00,0
00989,000494500,089.25,21.23,000.00,0
00990,000495000,089.00,21.23,000.00,0
00991,000495500,088.25,21.23,000.00,0
00992,000496000,088.25,21.23,000.00,0
00993,000496500,089.00,21.23,000.00,0
00994,000497000,088.75,21.23,000.00,0
00995,000497500,088.50,21.23,000.00,0
00996,000498000,088.50,21.23,000.00,0
00997,000498500,089.00,21.23,000.00,0
00998,000499000,088.50,21.23,000.00,0
00999,000499500,088.00,21.23,000.00,0
01000,000500000,088.00,21.23,000.00,0
01001,000500500,087.75,21.23,000.00,0
01002,000501000,088.50,21.23,000.00,0
01003,000501500,088.00,21.23,000.00,0
01004,000502000,088.00,21.23,000.00,0
01005,000502500,088.25,21.24,000.00,0
01006,000503000,087.75,21.24,000.00,0
01007,000503500,088.00,21.23,000.00,0
01008,000504000,088.00,21.23,000.00,0
01009,000504500,088.00,21.24,000.00,0
01010,000505000,087.75,21.24,000.00,0
01011,000505500,087.75,21.24,000.00,0
01012,000506000,088.00,21.24,000.00,0
01013,000506500,087.50,21.24,000.00,0
01014,000507000,087.75,21.24,000.00,0
01015,000507500,087.75,21.24,000.00,0
01016,000508000,087.50,21.24,000.00,0
01017,000508500,087.75,21.24,000.00,0
01018,000509000,087.75,21.24,000.00,0
01019,000509500,087.75,21.24,000.00,0
01020,000510000,087.50,21.25,000.00,0
01021,000510500,087.25,21.25,000.00,0
01022,000511000,087.00,21.25,000.00,0
01023,000511500,087.00,21.25,000.00,0
01024,000512000,087.25,21.25,000.00,0
01025,000512500,086.75,21.26,000.00,0
01026,000513000,087.25,21.26,000.00,0
01027,000513500,087.25,21.26,000.00,0
01028,000514000,087.00,21.26,000.00,0
01029,000514500,086.75,21.27,000.00,0
01030,000515000,086.50,21.27,000.00,0
01031,000515500,086.50,21.27,000.00,0
01032,000516000,086.50,21.27,000.00,0
01033,000516500,086.25,21.27,000.00,0
01034,000517000,086.50,21.27,000.00,0
01035,000517500,086.50,21.27,000.00,0
01036,000518000,086.00,21.27,000.00,0
01037,000518500,085.25,21.28,000.00,0
01038,000519000,086.00,21.27,000.00,0
01039,000519500,086.00,21.27,000.00,0
01040,000520000,085.75,21.27,000.00,0
01041,000520500,085.50,21.28,000.00,0
01042,000521000,085.50,21.28,000.00,0
01043,000521500,085.50,21.28,000.00,0
01044,000522000,085.75,21.29,000.00,0
01045,000522500,085.75,21.27,000.00,0
01046,000523000,085.75,21.27,000.00,0
01047,000523500,085.25,21.29,000.00,0
01048,000524000,085.50,21.30,000.00,0
01049,000524500,085.25,21.29,000.00,0
01050,000525000,085.25,21.29,000.00,0
01051,000525500,084.25,21.29,000.00,0
01052,000526000,085.00,21.30,000.00,0
01053,000526500,085.00,21.29,000.00,0
01054,000527000,085.00,21.29,000.00,0
01055,000527500,085.00,21.28,000.00,0
01056,000528000,084.75,21.29,000.00,0
01057,000528500,084.75,21.29,000.00,0
01058,000529000,084.75,21.29,000.00,0
01059,000529500,084.75,21.30,000.00,0
01060,000530000,084.25,21.29,000.00,0
01061,000530500,084.50,21.29,000.00,0
01062,000531000,084.50,21.29,000.00,0
01063,000531500,084.00,21.29,000.00,0
01064,000532000,084.50,21.30,000.00,0
01065,000532500,083.75,21.29,000.00,0
01066,000533000,083.75,21.29,000.00,0
01067,000533500,084.00,21.30,000.00,0
01068,000534000,084.25,21.30,000.00,0
01069,000534500,084.00,21.30,000.00,0
01070,000535000,084.00,21.30,000.00,0
01071,000535500,083.50,21.29,000.00,0
01072,000536000,083.00,21.30,000.00,0
01073,000536500,083.00,21.30,000.00,0
01074,000537000,083.75,21.29,000.00,0
01075,000537500,083.00,21.30,000.00,0
01076,000538000,083.25,21.30,000.00,0
01077,000538500,083.25,21.30,000.00,0
01078,000539000,083.50,21.30,000.00,0
01079,000539500,083.50,21.30,000.00,0
01080,000540000,083.00,21.30,000.00,0
01081,000540500,083.00,21.30,000.00,0
01082,000541000,083.00,21.30,000.00,0
01083,000541500,082.75,21.30,000.00,0
01084,000542000,083.00,21.30,000.00,0
01085,000542500,083.00,21.30,000.00,0
01086,000543000,082.75,21.30,000.00,0
01087,000543500,082.25,21.29,000.00,0
01088,000544000,082.50,21.30,000.00,0
01089,000544500,082.50,21.30,000.00,0
01090,000545000,082.50,21.30,000.00,0
01091,000545500,082.25,21.30,000.00,0
01092,000546000,082.25,21.31,000.00,0
01093,000546500,082.25,21.31,000.00,0
01094,000547000,082.00,21.30,000.00,0
01095,000547500,081.75,21.31,000.00,0
01096,000548000,082.25,21.30,000.00,0
01097,000548500,082.25,21.30,000.00,0
01098,000549000,082.00,21.30,000.00,0
01099,000549500,081.75,21.30,000.00,0
01100,000550000,081.50,21.30,000.00,0
01101,000550500,081.50,21.30,000.00,0
01102,000551000,081.75,21.31,000.00,0
01103,000551500,081.75,21.31,000.00,0
01104,000552000,081.75,21.30,000.00,0
01105,000552500,081.75,21.30,000.00,0
01106,000553000,081.00,21.31,000.00,0
01107,000553500,081.50,21.31,000.00,0
01108,000554000,081.50,21.31,000.00,0
01109,000554500,081.25,21.31,000.00,0
01110,000555000,081.25,21.31,000.00,0
01111,000555500,081.25,21.31,000.00,0
01112,000556000,081.25,21.31,000.00,0
01113,000556500,081.00,21.31,000.00,0
01114,000557000,080.50,21.31,000.00,0
01115,000557500,080.75,21.32,000.00,0
01116,000558000,080.75,21.32,000.00,0
01117,000558500,080.50,21.32,000.00,0
01118,000559000,080.75,21.31,000.00,0
01119,000559500,080.00,21.31,000.00,0
01120,000560000,080.00,21.31,000.00,0
01121,000560500,080.50,21.30,000.00,0
01122,000561000,080.25,21.32,000.00,0
01123,000561500,080.50,21.31,000.00,0
01124,000562000,080.50,21.31,000.00,0
01125,000562500,080.00,21.32,000.00,0
01126,000563000,080.00,21.31,000.00,0
01127,000563500,080.00,21.31,000.00,0
01128,000564000,080.00,21.31,000.00,0
01129,000564500,079.75,21.31,000.00,0
01130,000565000,080.00,21.31,000.00,0
01131,000565500,079.75,21.30,000.00,0
01132,000566000,079.75,21.30,000.00,0
01133,000566500,079.75,21.32,000.00,0
01134,000567000,079.75,21.30,000.00,0
01135,000567500,079.50,21.31,000.00,0
01136,000568000,079.50,21.31,000.00,0
01137,000568500,079.00,21.31,000.00,0
01138,000569000,079.25,21.31,000.00,0
01139,000569500,079.25,21.31,000.00,0
01140,000570000,079.25,21.32,000.00,0
01141,000570500,079.25,21.32,000.00,0
01142,000571000,079.25,21.31,000.00,0
01143,000571500,079.25,21.31,000.00,0
01144,000572000,079.00,21.32,000.00,0
01145,000572500,078.50,21.32,000.00,0
01146,000573000,079.00,21.31,000.00,0
01147,000573500,079.00,21.31,000.00,0
01148,000574000,078.25,21.31,000.00,0
01149,000574500,078.50,21.31,000.00,0
01150,000575000,078.50,21.32,000.00,0
01151,000575500,078.50,21.32,000.00,0
01152,000576000,078.50,21.32,000.00,0
01153,000576500,078.00,21.31,000.00,0
01154,000577000,078.25,21.31,000.00,0
01155,000577500,078.25,21.31,000.00,0
01156,000578000,078.25,21.31,000.00,0
01157,000578500,078.00,21.32,000.00,0
01158,000579000,078.25,21.32,000.00,0
01159,000579500,078.25,21.32,000.00,0
01160,000580000,078.00,21.31,000.00,0
01161,000580500,078.00,21.31,000.00,0
01162,000581000,077.75,21.31,000.00,0
01163,000581500,077.75,21.31,000.00,0
01164,000582000,077.75,21.32,000.00,0
01165,000582500,077.25,21.31,000.00,0
01166,000583000,078.00,21.31,000.00,0
01167,000583500,078.00,21.31,000.00,0
01168,000584000,077.25,21.32,000.00,0
01169,000584500,077.75,21.31,000.00,0
01170,000585000,077.75,21.31,000.00,0
01171,000585500,077.50,21.32,000.00,0
01172,000586000,077.25,21.31,000.00,0
01173,000586500,077.25,21.32,000.00,0
01174,000587000,077.25,21.32,000.00,0
01175,000587500,076.75,21.32,000.00,0
01176,000588000,076.75,21.31,000.00,0
01177,000588500,077.25,21.32,000.00,0
01178,000589000,077.25,21.32,000.00,0
01179,000589500,076.75,21.33,000.00,0
01180,000590000,077.00,21.31,000.00,0
01181,000590500,077.00,21.32,000.00,0
01182,000591000,077.00,21.32,000.00,0
01183,000591500,076.75,21.32,000.00,0
01184,000592000,076.50,21.32,000.00,0
01185,000592500,076.75,21.31,000.00,0
01186,000593000,076.75,21.31,000.00,0
01187,000593500,076.25,21.31,000.00,0
01188,000594000,076.75,21.32,000.00,0
01189,000594500,076.50,21.32,000.00,0
01190,000595000,076.50,21.32,000.00,0
01191,000595500,076.50,21.32,000.00,0
01192,000596000,076.25,21.32,000.00,0
01193,000596500,076.00,21.32,000.00,0
01194,000597000,076.00,21.32,000.00,0
01195,000597500,076.25,21.31,000.00,0
01196,000598000,076.50,21.33,000.00,0
01197,000598500,076.00,21.32,000.00,0
01198,000599000,076.00,21.32,000.00,0
01199,000599500,076.00,21.32,000.00,0
01200,000600000,076.25,21.32,000.00,0
01201,000600500,075.75,21.33,000.00,0
01202,000601000,075.75,21.33,000.00,0
01203,000601500,075.00,21.31,000.00,0
01204,000602000,075.75,21.33,000.00,0
01205,000602500,075.75,21.33,000.00,0
01206,000603000,075.75,21.31,000.00,0
01207,000603500,075.75,21.33,000.00,0
01208,000604000,075.75,21.33,000.00,0
01209,000604500,075.75,21.33,000.00,0
01210,000605000,075.50,21.32,000.00,0
01211,000605500,075.75,21.32,000.00,0
01212,000606000,075.50,21.31,000.00,0
01213,000606500,075.50,21.31,000.00,0
01214,000607000,074.75,21.31,000.00,0
01215,000607500,075.25,21.33,000.00,0
01216,000608000,075.25,21.32,000.00,0
01217,000608500,075.25,21.32,000.00,0
01218,000609000,074.75,21.32,000.00,0
01219,000609500,075.00,21.33,000.00,0
01220,000610000,075.25,21.33,000.00,0
01221,000610500,075.25,21.33,000.00,0
01222,000611000,075.00,21.33,000.00,0
01223,000611500,074.50,21.33,000.00,0
01224,000612000,074.75,21.33,000.00,0
01225,000612500,074.75,21.33,000.00,0
01226,000613000,074.50,21.33,000.00,0
01227,000613500,074.25,21.33,000.00,0
01228,000614000,074.00,21.33,000.00,0
01229,000614500,074.00,21.33,000.00,0
01230,000615000,074.50,21.33,000.00,0
01231,000615500,074.75,21.34,000.00,0
01232,000616000,074.50,21.33,000.00,0
01233,000616500,074.50,21.33,000.00,0
01234,000617000,074.25,21.33,000.00,0
01235,000617500,073.75,21.34,000.00,0
01236,000618000,073.75,21.34,000.00,0
01237,000618500,074.25,21.33,000.00,0
01238,000619000,074.25,21.34,000.00,0
01239,000619500,073.75,21.33,000.00,0
01240,000620000,073.75,21.33,000.00,0
01241,000620500,074.00,21.33,000.00,0
01242,000621000,074.00,21.35,000.00,0
01243,000621500,074.00,21.34,000.00,0
01244,000622000,074.00,21.34,000.00,0
01245,000622500,074.00,21.33,000.00,0
01246,000623000,073.50,21.33,000.00,0
01247,000623500,074.00,21.34,000.00,0
01248,000624000,074.00,21.34,000.00,0
01249,000624500,073.25,21.35,000.00,0
01250,000625000,073.75,21.35,000.00,0
01251,000625500,073.50,21.34,000.00,0
01252,000626000,073.50,21.34,000.00,0
01253,000626500,073.50,21.34,000.00,0
01254,000627000,072.75,21.34,000.00,0
01255,000627500,073.75,21.36,000.00,0
01256,000628000,073.75,21.36,000.00,0
01257,000628500,073.00,21.35,000.00,0
01258,000629000,073.00,21.35,000.00,0
01259,000629500,073.00,21.34,000.00,0
01260,000630000,073.00,21.34,000.00,0
01261,000630500,072.50,21.34,000.00,0
01262,000631000,072.25,21.35,000.00,0
01263,000631500,073.00,21.34,000.00,0
01264,000632000,073.00,21.34,000.00,0
01265,000632500,073.00,21.34,000.00,0
01266,000633000,073.00,21.33,000.00,0
01267,000633500,073.00,21.33,000.00,0
01268,000634000,073.00,21.35,000.00,0
01269,000634500,073.00,21.35,000.00,0
01270,000635000,072.50,21.34,000.00,0
01271,000635500,072.50,21.34,000.00,0
01272,000636000,073.00,21.34,000.00,0
01273,000636500,072.75,21.33,000.00,0
01274,000637000,072.75,21.35,000.00,0
01275,000637500,072.75,21.35,000.00,0
01276,000638000,072.75,21.33,000.00,0
01277,000638500,072.75,21.33,000.00,0
01278,000639000,072.50,21.33,000.00,0
01279,000639500,072.50,21.33,000.00,0
01280,000640000,072.75,21.34,000.00,0
01281,000640500,072.50,21.33,000.00,0
01282,000641000,072.25,21.35,000.00,0
01283,000641500,072.25,21.35,000.00,0
01284,000642000,072.50,21.33,000.00,0
01285,000642500,072.50,21.33,000.00,0
01286,000643000,072.25,21.33,000.00,0
01287,000643500,072.25,21.33,000.00,0
01288,000644000,072.25,21.34,000.00,0
01289,000644500,071.75,21.33,000.00,0
01290,000645000,072.00,21.33,000.00,0
01291,000645500,072.00,21.33,000.00,0
01292,000646000,072.00,21.34,000.00,0
01293,000646500,072.00,21.33,000.00,0
01294,000647000,071.25,21.33,000.00,0
01295,000647500,071.25,21.33,000.00,0
01296,000648000,071.75,21.33,000.00,0
01297,000648500,071.00,21.35,000.00,0
01298,000649000,071.25,21.33,000.00,0
01299,000649500,071.25,21.33,000.00,0
01300,000650000,071.50,21.33,000.00,0
01301,000650500,071.25,21.33,000.00,0
01302,000651000,071.25,21.33,000.00,0
01303,000651500,071.50,21.33,000.00,0
01304,000652000,071.25,21.34,000.00,0
01305,000652500,071.25,21.34,000.00,0
01306,000653000,071.25,21.34,000.00,0
01307,000653500,071.00,21.34,000.00,0
01308,000654000,071.00,21.33,000.00,0
01309,000654500,071.00,21.33,000.00,0
01310,000655000,071.00,21.33,000.00,0
01311,000655500,070.75,21.34,000.00,0
01312,000656000,071.00,21.33,000.00,0
01313,000656500,071.00,21.35,000.00,0
01314,000657000,071.00,21.35,000.00,0
01315,000657500,070.75,21.34,000.00,0
01316,000658000,071.00,21.35,000.00,0
01317,000658500,070.75,21.36,000.00,0
01318,000659000,070.75,21.36,000.00,0
01319,000659500,071.00,21.36,000.00,0
01320,000660000,070.00,21.35,000.00,0
01321,000660500,070.50,21.35,000.00,0
01322,000661000,070.50,21.35,000.00,0
01323,000661500,070.50,21.35,000.00,0
01324,000662000,070.50,21.36,000.00,0
01325,000662500,070.50,21.36,000.00,0
01326,000663000,070.50,21.36,000.00,0
01327,000663500,070.50,21.34,000.00,0
01328,000664000,070.50,21.35,000.00,0
01329,000664500,070.25,21.36,000.00,0
01330,000665000,070.25,21.36,000.00,0
01331,000665500,070.25,21.34,000.00,0
01332,000666000,070.25,21.36,000.00,0
01333,000666500,070.25,21.36,000.00,0
01334,000667000,070.00,21.35,000.00,0
01335,000667500,070.00,21.36,000.00,0
01336,000668000,070.25,21.35,000.00,0
01337,000668500,070.25,21.35,000.00,0
01338,000669000,070.00,21.35,000.00,0
01339,000669500,069.75,21.35,000.00,0
01340,000670000,070.25,21.36,000.00,0
01341,000670500,070.25,21.36,000.00,0
01342,000671000,069.75,21.35,000.00,0
01343,000671500,069.75,21.36,000.00,0
01344,000672000,069.75,21.35,000.00,0
01345,000672500,069.75,21.35,000.00,0
01346,000673000,069.50,21.35,000.00,0
01347,000673500,069.50,21.36,000.00,0
01348,000674000,069.50,21.36,000.00,0
01349,000674500,069.50,21.36,000.00,0
01350,000675000,069.25,21.36,000.00,0
01351,000675500,069.00,21.36,000.00,0
01352,000676000,069.00,21.36,000.00,0
01353,000676500,069.00,21.36,000.00,0
01354,000677000,069.25,21.35,000.00,0
01355,000677500,069.25,21.36,000.00,0
01356,000678000,069.00,21.35,000.00,0
01357,000678500,069.00,21.35,000.00,0
01358,000679000,069.00,21.36,000.00,0
01359,000679500,069.00,21.36,000.00,0
01360,000680000,068.50,21.35,000.00,0
01361,000680500,068.50,21.35,000.00,0
01362,000681000,068.75,21.34,000.00,0
01363,000681500,068.75,21.34,000.00,0
01364,000682000,068.75,21.34,000.00,0
01365,000682500,069.25,21.34,000.00,0
01366,000683000,068.25,21.36,000.00,0
01367,000683500,068.75,21.34,000.00,0
01368,000684000,068.75,21.34,000.00,0
01369,000684500,068.75,21.35,000.00,0
01370,000685000,068.25,21.35,000.00,0
01371,000685500,068.50,21.35,000.00,0
01372,000686000,068.50,21.35,000.00,0
01373,000686500,067.75,21.34,000.00,0
01374,000687000,068.25,21.33,000.00,0
01375,000687500,068.00,21.35,000.00,0
01376,000688000,068.00,21.35,000.00,0
01377,000688500,068.25,21.35,000.00,0
01378,000689000,068.00,21.34,000.00,0
01379,000689500,067.75,21.35,000.00,0
01380,000690000,067.75,21.35,000.00,0
01381,000690500,067.50,21.34,000.00,0
01382,000691000,067.75,21.36,000.00,0
01383,000691500,068.00,21.35,000.00,0
01384,000692000,068.00,21.35,000.00,0
01385,000692500,067.75,21.33,000.00,0
01386,000693000,067.50,21.33,000.00,0
01387,000693500,067.50,21.33,000.00,0
01388,000694000,067.50,21.33,000.00,0
01389,000694500,067.75,21.34,000.00,0
01390,000695000,067.75,21.33,000.00,0
01391,000695500,066.50,21.33,000.00,0
01392,000696000,066.50,21.33,000.00,0
01393,000696500,067.50,21.33,000.00,0
01394,000697000,067.50,21.33,000.00,0
01395,000697500,067.50,21.34,000.00,0
01396,000698000,067.50,21.34,000.00,0
01397,000698500,067.50,21.35,000.00,0
01398,000699000,066.50,21.34,000.00,0
01399,000699500,066.50,21.34,000.00,0
01400,000700000,067.50,21.33,000.00,0
01401,000700500,067.25,21.34,000.00,0
01402,000701000,067.25,21.33,000.00,0
01403,000701500,067.25,21.33,000.00,0
01404,000702000,067.25,21.33,000.00,0
01405,000702500,067.00,21.33,000.00,0
01406,000703000,066.75,21.33,000.00,0
01407,000703500,066.75,21.33,000.00,0
01408,000704000,067.00,21.34,000.00,0
01409,000704500,066.75,21.33,000.00,0
01410,000705000,067.00,21.33,000.00,0
01411,000705500,067.00,21.33,000.00,0
01412,000706000,066.75,21.33,000.00,0
01413,000706500,066.75,21.33,000.00,0
01414,000707000,066.75,21.35,000.00,0
01415,000707500,066.75,21.35,000.00,0
01416,000708000,066.50,21.33,000.00,0
01417,000708500,066.75,21.33,000.00,0
01418,000709000,066.50,21.33,000.00,0
01419,000709500,066.50,21.33,000.00,0
01420,000710000,066.50,21.33,000.00,0
01421,000710500,066.25,21.33,000.00,0
01422,000711000,066.25,21.32,000.00,0
01423,000711500,066.25,21.32,000.00,0
01424,000712000,066.25,21.33,000.00,0
01425,000712500,066.25,21.33,000.00,0
01426,000713000,066.50,21.33,000.00,0
01427,000713500,066.50,21.33,000.00,0
01428,000714000,066.25,21.33,000.00,0
01429,000714500,065.75,21.33,000.00,0
01430,000715000,065.75,21.33,000.00,0
01431,000715500,065.75,21.33,000.00,0
01432,000716000,066.00,21.33,000.00,0
01433,000716500,065.75,21.32,000.00,0
01434,000717000,065.75,21.32,000.00,0
01435,000717500,066.00,21.33,000.00,0
01436,000718000,065.75,21.33,000.00,0
01437,000718500,066.00,21.32,000.00,0
01438,000719000,066.00,21.32,000.00,0
01439,000719500,065.75,21.32,000.00,0
01440,000720000,066.00,21.32,000.00,0
