Sample time (ms): 500
Maximum runtime (s): 720
Index,Time (ms),Oven temperature (C),Ambient temperature (C),PWM controller (percent),Thermocouple open
00000,000000001,025.25,21.34,000.00,0
00001,000000500,025.25,21.34,000.00,0
00002,000001000,025.50,21.36,000.00,0
00003,000001500,025.50,21.36,000.00,0
00004,000002000,025.25,21.36,000.00,0
00005,000002500,025.75,21.36,000.00,0
00006,000003000,025.75,21.35,000.00,0
00007,000003500,025.75,21.35,000.00,0
00008,000004000,025.50,21.36,000.00,0
00009,000004500,025.25,21.35,000.00,0
00010,000005000,025.50,21.35,000.00,0
00011,000005500,025.50,21.35,000.00,0
00012,000006000,025.50,21.35,000.00,0
00013,000006500,025.50,21.35,000.00,0
00014,000007000,025.50,21.35,000.00,0
00015,000007500,025.50,21.35,000.00,0
00016,000008000,025.50,21.34,000.00,0
00017,000008500,025.50,21.35,000.00,0
00018,000009000,025.50,21.35,000.00,0
00019,000009500,025.50,21.36,000.00,0
00020,000010000,025.50,21.36,000.00,0
00021,000010500,025.50,21.36,000.00,0
00022,000011000,025.50,21.36,000.00,0
00023,000011500,025.50,21.35,000.00,0
00024,000012000,025.50,21.35,000.00,0
00025,000012500,025.25,21.35,000.00,0
00026,000013000,025.25,21.35,000.00,0
00027,000013500,025.50,21.35,000.00,0
00028,000014000,025.50,21.36,000.00,0
00029,000014500,025.00,21.36,000.00,0
00030,000015000,025.00,21.36,000.00,0
00031,000015500,025.00,21.35,000.00,0
00032,000016000,025.50,21.36,000.00,0
00033,000016500,025.50,21.35,000.00,0
00034,000017000,025.50,21.35,000.00,0
00035,000017500,024.75,21.35,000.00,0
00036,000018000,025.25,21.35,000.00,0
00037,000018500,025.00,21.35,000.00,0
00038,000019000,025.00,21.35,000.00,0
00039,000019500,025.00,21.36,000.00,0
00040,000020000,025.25,21.36,100.00,0
00041,000020500,025.25,21.35,100.00,0
00042,000021000,025.25,21.35,100.00,0
00043,000021500,025.00,21.36,100.00,0
00044,000022000,025.25,21.36,100.00,0
00045,000022500,025.25,21.35,100.00,0
00046,000023000,025.25,21.35,100.00,0
00047,000023500,025.75,21.36,100.00,0
00048,000024000,025.50,21.35,100.00,0
00049,000024500,025.50,21.35,100.00,0
00050,000025000,025.00,21.36,100.00,0
00051,000025500,025.50,21.35,100.00,0
00052,000026000,025.75,21.36,100.00,0
00053,000026500,025.75,21.36,100.00,0
00054,000027000,025.50,21.36,100.00,0
00055,000027500,025.50,21.36,100.00,0
00056,000028000,025.25,21.36,100.00,0
00057,000028500,025.25,21.36,100.00,0
00058,000029000,025.50,21.36,100.00,0
00059,000029500,025.75,21.35,100.00,0
00060,000030000,025.25,21.36,100.00,0
00061,000030500,025.25,21.36,100.00,0
00062,000031000,026.00,21.35,100.00,0
00063,000031500,026.00,21.36,100.00,0
00064,000032000,025.75,21.35,100.00,0
00065,000032500,025.75,21.35,100.00,0
00066,000033000,025.25,21.35,100.00,0
00067,000033500,025.25,21.36,100.00,0
00068,000034000,026.00,21.35,100.00,0
00069,000034500,026.00,21.35,100.00,0
00070,000035000,026.00,21.36,100.00,0
00071,000035500,025.50,21.35,100.00,0
00072,000036000,026.25,21.36,100.00,0
00073,000036500,026.25,21.36,100.00,0
00074,000037000,026.25,21.36,100.00,0
00075,000037500,026.50,21.35,100.00,0
00076,000038000,026.25,21.36,100.00,0
00077,000038500,026.25,21.36,100.00,0
00078,000039000,026.75,21.35,100.00,0
00079,000039500,026.00,21.35,100.00,0
00080,000040000,026.00,21.35,100.00,0
00081,000040500,027.00,21.35,100.00,0
00082,000041000,027.00,21.35,100.00,0
00083,000041500,027.25,21.35,100.00,0
00084,000042000,027.25,21.35,100.00,0
00085,000042500,026.75,21.35,100.00,0
00086,000043000,027.50,21.34,100.00,0
00087,000043500,027.50,21.34,100.00,0
00088,000044000,027.50,21.34,100.00,0
00089,000044500,027.50,21.34,100.00,0
00090,000045000,028.00,21.34,100.00,0
00091,000045500,027.75,21.35,100.00,0
00092,000046000,027.75,21.35,100.00,0
00093,000046500,028.25,21.36,100.00,0
00094,000047000,028.25,21.35,100.00,0
00095,000047500,028.75,21.33,100.00,0
00096,000048000,028.75,21.33,100.00,0
00097,000048500,029.00,21.35,100.00,0
00098,000049000,029.50,21.36,100.00,0
00099,000049500,029.75,21.35,100.00,0
00100,000050000,029.75,21.35,100.00,0
00101,000050500,029.75,21.35,100.00,0
00102,000051000,030.25,21.35,100.00,0
00103,000051500,030.50,21.34,100.00,0
00104,000052000,030.50,21.34,100.00,0
00105,000052500,030.25,21.35,100.00,0
00106,000053000,031.00,21.34,100.00,0
00107,000053500,031.25,21.35,100.00,0
00108,000054000,031.25,21.35,100.00,0
00109,000054500,031.50,21.36,100.00,0
00110,000055000,031.75,21.34,100.00,0
00111,000055500,031.75,21.34,100.00,0
00112,000056000,032.25,21.35,100.00,0
00113,000056500,032.50,21.35,100.00,0
00114,000057000,032.75,21.34,100.00,0
00115,000057500,032.75,21.34,100.00,0
00116,000058000,033.00,21.35,100.00,0
00117,000058500,033.75,21.34,100.00,0
00118,000059000,034.25,21.34,100.00,0
00119,000059500,034.25,21.34,100.00,0
00120,000060000,034.25,21.33,100.00,0
00121,000060500,034.50,21.35,100.00,0
00122,000061000,035.00,21.33,100.00,0
00123,000061500,035.00,21.33,100.00,0
00124,000062000,035.75,21.33,100.00,0
00125,000062500,036.25,21.34,100.00,0
00126,000063000,036.75,21.34,100.00,0
00127,000063500,036.75,21.34,100.00,0
00128,000064000,037.00,21.33,100.00,0
00129,000064500,037.50,21.33,100.00,0
00130,000065000,038.00,21.34,100.00,0
00131,000065500,038.00,21.34,100.00,0
00132,000066000,038.25,21.33,100.00,0
00133,000066500,039.25,21.34,100.00,0
00134,000067000,039.25,21.35,100.00,0
00135,000067500,039.25,21.35,100.00,0
00136,000068000,039.50,21.33,100.00,0
00137,000068500,040.75,21.34,100.00,0
00138,000069000,041.00,21.35,100.00,0
00139,000069500,041.00,21.35,100.00,0
00140,000070000,041.75,21.35,100.00,0
00141,000070500,041.50,21.33,100.00,0
00142,000071000,042.50,21.33,100.00,0
00143,000071500,042.50,21.33,100.00,0
00144,000072000,043.25,21.33,100.00,0
00145,000072500,044.00,21.33,100.00,0
00146,000073000,044.00,21.33,100.00,0
00147,000073500,044.50,21.33,100.00,0
00148,000074000,045.25,21.33,100.00,0
00149,000074500,045.50,21.35,100.00,0
00150,000075000,045.50,21.35,100.00,0
00151,000075500,045.75,21.34,100.00,0
00152,000076000,047.25,21.34,100.00,0
00153,000076500,048.00,21.34,100.00,0
00154,000077000,048.00,21.34,100.00,0
00155,000077500,048.75,21.33,100.00,0
00156,000078000,049.00,21.33,100.00,0
00157,000078500,049.50,21.33,100.00,0
00158,000079000,049.50,21.33,100.00,0
00159,000079500,050.50,21.33,100.00,0
00160,000080000,050.75,21.34,100.00,0
00161,000080500,051.75,21.34,100.00,0
00162,000081000,051.75,21.34,100.00,0
00163,000081500,052.50,21.33,100.00,0
00164,000082000,053.00,21.33,100.00,0
00165,000082500,053.50,21.33,100.00,0
00166,000083000,053.50,21.33,100.00,0
00167,000083500,053.75,21.33,100.00,0
00168,000084000,055.00,21.33,100.00,0
00169,000084500,055.25,21.34,100.00,0
00170,000085000,055.25,21.34,100.00,0
00171,000085500,056.50,21.33,100.00,0
00172,000086000,057.25,21.33,100.00,0
00173,000086500,058.00,21.33,100.00,0
00174,000087000,058.00,21.33,100.00,0
00175,000087500,058.75,21.35,100.00,0
00176,000088000,059.50,21.33,100.00,0
00177,000088500,059.50,21.33,100.00,0
00178,000089000,059.75,21.34,100.00,0
00179,000089500,061.25,21.33,100.00,0
00180,000090000,062.00,21.35,100.00,0
00181,000090500,062.00,21.35,100.00,0
00182,000091000,063.00,21.33,100.00,0
00183,000091500,063.75,21.34,100.00,0
00184,000092000,064.25,21.33,100.00,0
00185,000092500,064.25,21.33,100.00,0
00186,000093000,065.75,21.33,100.00,0
00187,000093500,066.50,21.34,100.00,0
00188,000094000,067.25,21.34,100.00,0
00189,000094500,067.25,21.34,100.00,0
00190,000095000,068.25,21.34,100.00,0
00191,000095500,069.00,21.35,100.00,0
00192,000096000,070.00,21.35,100.00,0
00193,000096500,070.00,21.35,100.00,0
00194,000097000,070.25,21.34,100.00,0
00195,000097500,071.50,21.34,100.00,0
00196,000098000,072.75,21.33,100.00,0
00197,000098500,072.75,21.33,100.00,0
00198,000099000,073.50,21.34,100.00,0
00199,000099500,074.25,21.33,100.00,0
00200,000100000,075.25,21.33,100.00,0
00201,000100500,075.25,21.33,100.00,0
00202,000101000,075.50,21.33,100.00,0
00203,000101500,077.25,21.33,100.00,0
00204,000102000,078.00,21.34,100.00,0
00205,000102500,078.00,21.34,100.00,0
00206,000103000,078.50,21.33,100.00,0
00207,000103500,079.75,21.33,100.00,0
00208,000104000,079.75,21.33,100.00,0
00209,000104500,080.75,21.33,100.00,0
00210,000105000,082.00,21.33,100.00,0
00211,000105500,082.50,21.33,100.00,0
00212,000106000,082.50,21.33,100.00,0
00213,000106500,083.75,21.33,100.00,0
00214,000107000,084.75,21.33,100.00,0
00215,000107500,085.75,21.34,100.00,0
00216,000108000,085.75,21.34,100.00,0
00217,000108500,086.75,21.33,100.00,0
00218,000109000,087.50,21.33,100.00,0
00219,000109500,088.00,21.33,100.00,0
00220,000110000,088.00,21.33,100.00,0
00221,000110500,088.75,21.33,100.00,0
00222,000111000,090.00,21.33,100.00,0
00223,000111500,091.50,21.34,100.00,0
00224,000112000,091.50,21.34,100.00,0
00225,000112500,092.00,21.34,100.00,0
00226,000113000,093.75,21.35,100.00,0
00227,000113500,094.00,21.34,100.00,0
00228,000114000,094.00,21.34,100.00,0
00229,000114500,095.00,21.34,100.00,0
00230,000115000,096.50,21.34,100.00,0
00231,000115500,097.50,21.33,100.00,0
00232,000116000,097.50,21.33,100.00,0
00233,000116500,098.50,21.33,100.00,0
00234,000117000,099.25,21.33,100.00,0
00235,000117500,100.75,21.33,100.00,0
00236,000118000,100.75,21.33,100.00,0
00237,000118500,101.75,21.33,100.00,0
00238,000119000,103.00,21.35,100.00,0
00239,000119500,103.75,21.33,100.00,0
00240,000120000,103.75,21.33,100.00,0
00241,000120500,105.25,21.35,100.00,0
00242,000121000,106.00,21.35,100.00,0
00243,000121500,106.00,21.35,100.00,0
00244,000122000,107.00,21.33,100.00,0
00245,000122500,108.50,21.33,100.00,0
00246,000123000,109.75,21.34,100.00,0
00247,000123500,109.75,21.34,100.00,0
00248,000124000,111.00,21.33,100.00,0
00249,000124500,111.50,21.35,100.00,0
00250,000125000,113.25,21.33,100.00,0
00251,000125500,113.25,21.33,100.00,0
00252,000126000,113.75,21.33,100.00,0
00253,000126500,115.50,21.34,100.00,0
00254,000127000,116.25,21.33,100.00,0
00255,000127500,116.25,21.33,100.00,0
00256,000128000,117.50,21.34,100.00,0
00257,000128500,118.50,21.35,100.00,0
00258,000129000,119.75,21.35,100.00,0
00259,000129500,119.75,21.35,100.00,0
00260,000130000,120.75,21.35,100.00,0
00261,000130500,122.00,21.35,100.00,0
00262,000131000,123.00,21.34,100.00,0
00263,000131500,123.00,21.34,100.00,0
00264,000132000,124.50,21.33,100.00,0
00265,000132500,124.75,21.33,100.00,0
00266,000133000,126.25,21.34,100.00,0
00267,000133500,126.25,21.34,100.00,0
00268,000134000,127.50,21.34,100.00,0
00269,000134500,128.25,21.33,100.00,0
00270,000135000,129.25,21.35,100.00,0
00271,000135500,129.25,21.35,100.00,0
00272,000136000,130.75,21.33,100.00,0
00273,000136500,131.75,21.33,100.00,0
00274,000137000,131.75,21.33,100.00,0
00275,000137500,132.50,21.33,100.00,0
00276,000138000,134.00,21.33,100.00,0
00277,000138500,135.00,21.33,100.00,0
00278,000139000,135.00,21.33,100.00,0
00279,000139500,136.00,21.33,100.00,0
00280,000140000,137.00,21.34,100.00,0
00281,000140500,138.50,21.33,100.00,0
00282,000141000,138.50,21.33,100.00,0
00283,000141500,139.50,21.33,100.00,0
00284,000142000,140.25,21.33,100.00,0
00285,000142500,141.25,21.34,100.00,0
00286,000143000,141.25,21.34,100.00,0
00287,000143500,142.25,21.34,100.00,0
00288,000144000,144.00,21.33,100.00,0
00289,000144500,145.00,21.33,100.00,0
00290,000145000,145.00,21.33,100.00,0
00291,000145500,145.50,21.33,100.00,0
00292,000146000,147.00,21.33,100.00,0
00293,000146500,147.75,21.33,100.00,0
00294,000147000,147.75,21.33,100.00,0
00295,000147500,148.75,21.34,100.00,0
00296,000148000,149.50,21.33,100.00,0
00297,000148500,150.75,21.33,100.00,0
00298,000149000,150.75,21.33,100.00,0
00299,000149500,151.50,21.35,100.00,0
00300,000150000,152.00,21.33,100.00,0
00301,000150500,153.25,21.33,100.00,0
00302,000151000,153.25,21.33,100.00,0
00303,000151500,153.75,21.33,100.00,0
00304,000152000,154.50,21.34,100.00,0
00305,000152500,154.50,21.34,100.00,0
00306,000153000,155.75,21.33,100.00,0
00307,000153500,156.75,21.33,100.00,0
00308,000154000,157.50,21.33,100.00,0
00309,000154500,157.50,21.33,100.00,0
00310,000155000,158.00,21.33,100.00,0
00311,000155500,159.00,21.33,100.00,0
00312,000156000,159.50,21.34,100.00,0
00313,000156500,159.50,21.34,100.00,0
00314,000157000,160.50,21.33,100.00,0
00315,000157500,161.75,21.33,100.00,0
00316,000158000,162.75,21.33,100.00,0
00317,000158500,162.75,21.33,100.00,0
00318,000159000,163.50,21.33,100.00,0
00319,000159500,164.25,21.33,100.00,0
00320,000160000,165.25,21.33,100.00,0
00321,000160500,165.25,21.33,100.00,0
00322,000161000,166.25,21.33,100.00,0
00323,000161500,166.75,21.33,100.00,0
00324,000162000,167.50,21.34,100.00,0
00325,000162500,167.50,21.34,100.00,0
00326,000163000,168.25,21.33,100.00,0
00327,000163500,169.25,21.34,100.00,0
00328,000164000,170.25,21.33,100.00,0
00329,000164500,170.25,21.33,100.00,0
00330,000165000,171.00,21.34,100.00,0
00331,000165500,171.75,21.33,100.00,0
00332,000166000,172.75,21.33,100.00,0
00333,000166500,172.75,21.33,100.00,0
00334,000167000,173.50,21.33,100.00,0
00335,000167500,174.25,21.33,100.00,0
00336,000168000,175.25,21.34,100.00,0
00337,000168500,175.25,21.34,100.00,0
00338,000169000,176.00,21.33,100.00,0
00339,000169500,176.50,21.34,100.00,0
00340,000170000,176.50,21.34,100.00,0
00341,000170500,177.75,21.33,100.00,0
00342,000171000,178.50,21.33,100.00,0
00343,000171500,179.25,21.34,100.00,0
00344,000172000,179.25,21.34,100.00,0
00345,000172500,179.75,21.35,100.00,0
00346,000173000,181.00,21.33,100.00,0
00347,000173500,181.25,21.33,100.00,0
00348,000174000,181.25,21.33,100.00,0
00349,000174500,182.50,21.34,100.00,0
00350,000175000,182.75,21.33,100.00,0
00351,000175500,184.00,21.34,100.00,0
00352,000176000,184.00,21.34,100.00,0
00353,000176500,184.75,21.34,100.00,0
00354,000177000,186.25,21.34,100.00,0
00355,000177500,186.75,21.34,100.00,0
00356,000178000,186.75,21.34,100.00,0
00357,000178500,187.25,21.36,100.00,0
00358,000179000,188.00,21.33,100.00,0
00359,000179500,188.75,21.33,100.00,0
00360,000180000,188.75,21.33,100.00,0
00361,000180500,190.00,21.33,100.00,0
00362,000181000,190.75,21.35,100.00,0
00363,000181500,191.75,21.35,100.00,0
00364,000182000,191.75,21.35,100.00,0
00365,000182500,193.00,21.34,100.00,0
00366,000183000,193.50,21.34,100.00,0
00367,000183500,194.00,21.33,100.00,0
00368,000184000,194.00,21.33,100.00,0
00369,000184500,194.75,21.35,100.00,0
00370,000185000,196.00,21.33,100.00,0
00371,000185500,196.00,21.33,100.00,0
00372,000186000,196.50,21.35,100.00,0
00373,000186500,197.50,21.34,100.00,0
00374,000187000,198.50,21.35,100.00,0
00375,000187500,198.50,21.35,100.00,0
00376,000188000,199.50,21.35,100.00,0
00377,000188500,200.00,21.35,100.00,0
00378,000189000,200.25,21.35,000.00,0
00379,000189500,200.25,21.35,000.00,0
00380,000190000,201.50,21.35,000.00,0
00381,000190500,201.50,21.34,000.00,0
00382,000191000,203.50,21.35,000.00,0
00383,000191500,203.50,21.35,000.00,0
00384,000192000,203.50,21.34,000.00,0
00385,000192500,204.75,21.35,000.00,0
00386,000193000,205.00,21.35,000.00,0
00387,000193500,205.00,21.35,000.00,0
00388,000194000,205.50,21.36,000.00,0
00389,000194500,206.75,21.35,000.00,0
00390,000195000,207.25,21.36,000.00,0
00391,000195500,207.25,21.36,000.00,0
00392,000196000,207.75,21.36,000.00,0
00393,000196500,207.75,21.35,000.00,0
00394,000197000,208.50,21.35,000.00,0
00395,000197500,208.50,21.35,000.00,0
00396,000198000,208.75,21.36,000.00,0
00397,000198500,209.25,21.35,000.00,0
00398,000199000,210.00,21.35,000.00,0
00399,000199500,210.00,21.35,000.00,0
00400,000200000,210.25,21.35,000.00,0
00401,000200500,210.25,21.34,000.00,0
00402,000201000,210.25,21.34,000.00,0
00403,000201500,211.00,21.35,000.00,0
00404,000202000,211.25,21.35,000.00,0
00405,000202500,211.25,21.35,000.00,0
00406,000203000,211.25,21.35,000.00,0
00407,000203500,211.50,21.36,000.00,0
00408,000204000,212.00,21.35,000.00,0
00409,000204500,212.50,21.36,000.00,0
00410,000205000,212.50,21.36,000.00,0
00411,000205500,212.25,21.35,000.00,0
00412,000206000,213.00,21.35,000.00,0
00413,000206500,213.00,21.35,000.00,0
00414,000207000,213.00,21.35,000.00,0
00415,000207500,212.75,21.36,000.00,0
00416,000208000,213.25,21.36,000.00,0
00417,000208500,213.25,21.35,000.00,0
00418,000209000,213.25,21.35,000.00,0
00419,000209500,213.50,21.35,000.00,0
00420,000210000,213.50,21.36,000.00,0
00421,000210500,213.25,21.35,000.00,0
00422,000211000,213.25,21.35,000.00,0
00423,000211500,213.00,21.35,000.00,0
00424,000212000,214.00,21.35,000.00,0
00425,000212500,213.50,21.34,000.00,0
00426,000213000,213.50,21.34,000.00,0
00427,000213500,213.75,21.35,000.00,0
00428,000214000,213.75,21.36,000.00,0
00429,000214500,214.00,21.36,000.00,0
00430,000215000,214.00,21.36,000.00,0
00431,000215500,214.00,21.36,000.00,0
00432,000216000,213.75,21.36,000.00,0
00433,000216500,213.75,21.37,000.00,0
00434,000217000,213.75,21.37,000.00,0
00435,000217500,213.75,21.36,000.00,0
00436,000218000,213.75,21.36,000.00,0
00437,000218500,213.75,21.36,000.00,0
00438,000219000,213.50,21.37,000.00,0
00439,000219500,213.50,21.36,000.00,0
00440,000220000,213.50,21.37,000.00,0
00441,000220500,213.50,21.37,000.00,0
00442,000221000,213.50,21.36,000.00,0
00443,000221500,213.50,21.36,000.00,0
00444,000222000,212.75,21.36,000.00,0
00445,000222500,212.75,21.36,000.00,0
00446,000223000,212.75,21.35,000.00,0
00447,000223500,212.50,21.37,000.00,0
00448,000224000,212.75,21.36,000.00,0
00449,000224500,212.75,21.36,000.00,0
00450,000225000,212.75,21.36,000.00,0
00451,000225500,212.25,21.36,000.00,0
00452,000226000,212.75,21.36,000.00,0
00453,000226500,212.75,21.36,000.00,0
00454,000227000,211.50,21.36,000.00,0
00455,000227500,211.75,21.37,000.00,0
00456,000228000,211.75,21.37,000.00,0
00457,000228500,211.75,21.37,000.00,0
00458,000229000,211.00,21.37,000.00,0
00459,000229500,211.00,21.37,000.00,0
00460,000230000,210.75,21.36,000.00,0
00461,000230500,210.75,21.36,000.00,0
00462,000231000,210.75,21.37,000.00,0
00463,000231500,210.75,21.37,000.00,0
00464,000232000,210.75,21.36,000.00,0
00465,000232500,210.75,21.36,000.00,0
00466,000233000,210.50,21.36,000.00,0
00467,000233500,210.75,21.38,000.00,0
00468,000234000,210.75,21.38,000.00,0
00469,000234500,210.50,21.37,000.00,0
00470,000235000,210.50,21.37,000.00,0
00471,000235500,210.00,21.37,000.00,0
00472,000236000,210.00,21.37,000.00,0
00473,000236500,210.00,21.37,000.00,0
00474,000237000,210.00,21.38,000.00,0
00475,000237500,209.75,21.37,000.00,0
00476,000238000,209.75,21.37,000.00,0
00477,000238500,209.50,21.37,000.00,0
00478,000239000,209.50,21.37,000.00,0
00479,000239500,209.00,21.37,000.00,0
00480,000240000,209.00,21.37,000.00,0
00481,000240500,209.00,21.38,000.00,0
00482,000241000,209.00,21.37,000.00,0
00483,000241500,208.50,21.37,000.00,0
00484,000242000,208.50,21.37,000.00,0
00485,000242500,207.75,21.38,000.00,0
00486,000243000,207.75,21.37,000.00,0
00487,000243500,207.75,21.38,000.00,0
00488,000244000,207.75,21.38,000.00,0
00489,000244500,207.25,21.38,000.00,0
00490,000245000,207.00,21.37,000.00,0
00491,000245500,206.50,21.38,000.00,0
00492,000246000,206.50,21.38,000.00,0
00493,000246500,206.50,21.38,000.00,0
00494,000247000,206.25,21.37,000.00,0
00495,000247500,206.25,21.38,000.00,0
00496,000248000,206.25,21.38,000.00,0
00497,000248500,206.25,21.38,000.00,0
00498,000249000,205.75,21.38,000.00,0
00499,000249500,205.75,21.38,000.00,0
00500,000250000,205.75,21.39,000.00,0
00501,000250500,205.75,21.38,000.00,0
00502,000251000,205.00,21.38,000.00,0
00503,000251500,205.00,21.38,000.00,0
00504,000252000,204.75,21.38,000.00,0
00505,000252500,205.00,21.38,000.00,0
00506,000253000,204.50,21.39,000.00,0
00507,000253500,204.50,21.39,000.00,0
00508,000254000,204.75,21.38,000.00,0
00509,000254500,204.50,21.38,000.00,0
00510,000255000,204.00,21.38,000.00,0
00511,000255500,204.00,21.38,000.00,0
00512,000256000,203.50,21.38,000.00,0
00513,000256500,203.50,21.38,000.00,0
00514,000257000,203.50,21.39,000.00,0
00515,000257500,203.50,21.39,000.00,0
00516,000258000,203.25,21.38,000.00,0
00517,000258500,203.25,21.38,000.00,0
00518,000259000,203.00,21.39,000.00,0
00519,000259500,203.00,21.39,000.00,0
00520,000260000,202.50,21.39,000.00,0
00521,000260500,202.00,21.39,000.00,0
00522,000261000,201.00,21.38,000.00,0
00523,000261500,201.00,21.38,000.00,0
00524,000262000,201.25,21.38,000.00,0
00525,000262500,201.00,21.39,000.00,0
00526,000263000,200.75,21.39,000.00,0
00527,000263500,200.75,21.39,000.00,0
00528,000264000,200.50,21.38,000.00,0
00529,000264500,200.50,21.39,000.00,0
00530,000265000,200.50,21.39,000.00,0
00531,000265500,200.50,21.39,000.00,0
00532,000266000,200.50,21.38,000.00,0
00533,000266500,200.00,21.39,000.00,0
00534,000267000,200.00,21.39,000.00,0
00535,000267500,199.75,21.39,000.00,0
00536,000268000,199.50,21.39,000.00,0
00537,000268500,198.75,21.39,000.00,0
00538,000269000,198.75,21.39,000.00,0
00539,000269500,198.75,21.40,000.00,0
00540,000270000,198.75,21.40,000.00,0
00541,000270500,198.25,21.39,000.00,0
00542,000271000,198.25,21.39,000.00,0
00543,000271500,198.25,21.39,000.00,0
00544,000272000,197.75,21.40,000.00,0
00545,000272500,197.75,21.40,000.00,0
00546,000273000,197.75,21.40,000.00,0
00547,000273500,197.25,21.40,000.00,0
00548,000274000,196.75,21.39,000.00,0
00549,000274500,196.75,21.39,000.00,0
00550,000275000,196.75,21.39,000.00,0
00551,000275500,196.25,21.39,000.00,0
00552,000276000,196.25,21.40,000.00,0
00553,000276500,195.75,21.40,000.00,0
00554,000277000,195.75,21.40,000.00,0
00555,000277500,195.25,21.40,000.00,0
00556,000278000,195.50,21.40,000.00,0
00557,000278500,195.25,21.41,000.00,0
00558,000279000,195.25,21.41,000.00,0
00559,000279500,194.75,21.40,000.00,0
00560,000280000,194.25,21.40,000.00,0
00561,000280500,194.25,21.40,000.00,0
00562,000281000,194.25,21.40,000.00,0
00563,000281500,194.25,21.40,000.00,0
00564,000282000,193.75,21.39,000.00,0
00565,000282500,193.75,21.39,000.00,0
00566,000283000,193.00,21.39,000.00,0
00567,000283500,193.25,21.39,000.00,0
00568,000284000,193.25,21.41,000.00,0
00569,000284500,193.25,21.41,000.00,0
00570,000285000,193.00,21.40,000.00,0
00571,000285500,192.50,21.41,000.00,0
00572,000286000,192.75,21.40,000.00,0
00573,000286500,192.75,21.40,000.00,0
00574,000287000,192.25,21.41,000.00,0
00575,000287500,192.00,21.41,000.00,0
00576,000288000,192.00,21.41,000.00,0
00577,000288500,192.00,21.41,000.00,0
00578,000289000,191.50,21.40,000.00,0
00579,000289500,191.25,21.41,000.00,0
00580,000290000,191.00,21.41,000.00,0
00581,000290500,191.00,21.41,000.00,0
00582,000291000,190.75,21.41,000.00,0
00583,000291500,190.00,21.42,000.00,0
00584,000292000,189.25,21.41,000.00,0
00585,000292500,189.25,21.41,000.00,0
00586,000293000,188.50,21.42,000.00,0
00587,000293500,188.50,21.41,000.00,0
00588,000294000,188.75,21.41,000.00,0
00589,000294500,188.75,21.41,000.00,0
00590,000295000,188.25,21.40,000.00,0
00591,000295500,188.25,21.42,000.00,0
00592,000296000,187.75,21.41,000.00,0
00593,000296500,187.75,21.41,000.00,0
00594,000297000,187.50,21.41,000.00,0
00595,000297500,187.25,21.41,000.00,0
00596,000298000,187.25,21.41,000.00,0
00597,000298500,187.00,21.41,000.00,0
00598,000299000,186.75,21.41,000.00,0
00599,000299500,187.00,21.42,000.00,0
00600,000300000,187.00,21.42,000.00,0
00601,000300500,186.50,21.41,000.00,0
00602,000301000,186.00,21.42,000.00,0
00603,000301500,185.50,21.41,000.00,0
00604,000302000,185.50,21.41,000.00,0
00605,000302500,185.00,21.42,000.00,0
00606,000303000,184.75,21.42,000.00,0
00607,000303500,184.75,21.41,000.00,0
00608,000304000,184.75,21.41,000.00,0
00609,000304500,184.25,21.42,000.00,0
00610,000305000,184.25,21.42,000.00,0
00611,000305500,184.00,21.42,000.00,0
00612,000306000,184.00,21.42,000.00,0
00613,000306500,183.75,21.42,000.00,0
00614,000307000,183.50,21.41,000.00,0
00615,000307500,183.50,21.42,000.00,0
00616,000308000,183.50,21.42,000.00,0
00617,000308500,183.25,21.42,000.00,0
00618,000309000,182.50,21.41,000.00,0
00619,000309500,182.25,21.41,000.00,0
00620,000310000,182.25,21.41,000.00,0
00621,000310500,182.25,21.43,000.00,0
00622,000311000,181.75,21.42,000.00,0
00623,000311500,181.00,21.42,000.00,0
00624,000312000,181.00,21.42,000.00,0
00625,000312500,181.50,21.42,000.00,0
00626,000313000,180.75,21.42,000.00,0
00627,000313500,180.25,21.43,000.00,0
00628,000314000,180.25,21.43,000.00,0
00629,000314500,180.50,21.42,000.00,0
00630,000315000,180.25,21.42,000.00,0
00631,000315500,180.25,21.42,000.00,0
00632,000316000,180.25,21.42,000.00,0
00633,000316500,180.00,21.42,000.00,0
00634,000317000,180.00,21.43,000.00,0
00635,000317500,180.00,21.43,000.00,0
00636,000318000,179.25,21.42,000.00,0
00637,000318500,179.50,21.42,000.00,0
00638,000319000,179.50,21.42,000.00,0
00639,000319500,179.50,21.42,000.00,0
00640,000320000,179.50,21.42,000.00,0
00641,000320500,178.25,21.43,000.00,0
00642,000321000,179.00,21.42,000.00,0
00643,000321500,179.00,21.42,000.00,0
00644,000322000,178.75,21.43,000.00,0
00645,000322500,178.00,21.43,000.00,0
00646,000323000,177.00,21.42,000.00,0
00647,000323500,177.00,21.42,000.00,0
00648,000324000,177.00,21.43,000.00,0
00649,000324500,177.00,21.42,000.00,0
00650,000325000,176.50,21.42,000.00,0
00651,000325500,176.50,21.42,000.00,0
00652,000326000,176.25,21.42,000.00,0
00653,000326500,176.00,21.42,000.00,0
00654,000327000,176.00,21.42,000.00,0
00655,000327500,176.00,21.42,000.00,0
00656,000328000,176.25,21.43,000.00,0
00657,000328500,175.75,21.43,000.00,0
00658,000329000,175.75,21.43,000.00,0
00659,000329500,175.75,21.43,000.00,0
00660,000330000,175.00,21.43,000.00,0
00661,000330500,174.00,21.42,000.00,0
00662,000331000,174.00,21.42,000.00,0
00663,000331500,173.25,21.43,000.00,0
00664,000332000,173.75,21.42,000.00,0
00665,000332500,174.00,21.43,000.00,0
00666,000333000,174.00,21.43,000.00,0
00667,000333500,173.25,21.43,000.00,0
00668,000334000,173.50,21.43,000.00,0
00669,000334500,173.00,21.43,000.00,0
00670,000335000,173.00,21.43,000.00,0
00671,000335500,172.75,21.43,000.00,0
00672,000336000,172.50,21.43,000.00,0
00673,000336500,172.00,21.43,000.00,0
00674,000337000,172.00,21.43,000.00,0
00675,000337500,171.25,21.43,000.00,0
00676,000338000,171.25,21.43,000.00,0
00677,000338500,171.25,21.43,000.00,0
00678,000339000,171.25,21.43,000.00,0
00679,000339500,171.25,21.44,000.00,0
00680,000340000,170.75,21.43,000.00,0
00681,000340500,170.75,21.44,000.00,0
00682,000341000,170.75,21.44,000.00,0
00683,000341500,170.75,21.43,000.00,0
00684,000342000,170.50,21.44,000.00,0
00685,000342500,170.25,21.45,000.00,0
00686,000343000,170.25,21.45,000.00,0
00687,000343500,170.00,21.44,000.00,0
00688,000344000,169.75,21.44,000.00,0
00689,000344500,169.75,21.44,000.00,0
00690,000345000,169.75,21.44,000.00,0
00691,000345500,168.75,21.44,000.00,0
00692,000346000,168.75,21.44,000.00,0
00693,000346500,168.75,21.44,000.00,0
00694,000347000,168.75,21.43,000.00,0
00695,000347500,168.25,21.44,000.00,0
00696,000348000,168.00,21.44,000.00,0
00697,000348500,168.00,21.44,000.00,0
00698,000349000,168.25,21.44,000.00,0
00699,000349500,167.50,21.45,000.00,0
00700,000350000,167.75,21.44,000.00,0
00701,000350500,167.75,21.44,000.00,0
00702,000351000,167.25,21.45,000.00,0
00703,000351500,167.00,21.45,000.00,0
00704,000352000,166.50,21.44,000.00,0
00705,000352500,166.50,21.44,000.00,0
00706,000353000,166.25,21.46,000.00,0
00707,000353500,165.75,21.44,000.00,0
00708,000354000,165.75,21.44,000.00,0
00709,000354500,165.75,21.44,000.00,0
00710,000355000,165.75,21.45,000.00,0
00711,000355500,165.75,21.45,000.00,0
00712,000356000,166.00,21.45,000.00,0
00713,000356500,166.00,21.45,000.00,0
00714,000357000,165.25,21.46,000.00,0
00715,000357500,165.00,21.46,000.00,0
00716,000358000,165.00,21.46,000.00,0
00717,000358500,165.00,21.46,000.00,0
00718,000359000,165.00,21.46,000.00,0
00719,000359500,164.25,21.46,000.00,0
00720,000360000,164.50,21.46,000.00,0
00721,000360500,164.50,21.46,000.00,0
00722,000361000,164.25,21.45,000.00,0
00723,000361500,164.00,21.46,000.00,0
00724,000362000,163.50,21.47,000.00,0
00725,000362500,163.50,21.47,000.00,0
00726,000363000,163.75,21.45,000.00,0
00727,000363500,163.75,21.46,000.00,0
00728,000364000,163.75,21.46,000.00,0
00729,000364500,163.25,21.46,000.00,0
00730,000365000,163.00,21.46,000.00,0
00731,000365500,162.75,21.45,000.00,0
00732,000366000,162.75,21.45,000.00,0
00733,000366500,162.75,21.45,000.00,0
00734,000367000,162.50,21.45,000.00,0
00735,000367500,162.00,21.46,000.00,0
00736,000368000,162.00,21.46,000.00,0
00737,000368500,161.75,21.46,000.00,0
00738,000369000,161.00,21.46,000.00,0
00739,000369500,161.50,21.47,000.00,0
00740,000370000,161.50,21.47,000.00,0
00741,000370500,161.00,21.47,000.00,0
00742,000371000,160.75,21.47,000.00,0
00743,000371500,160.75,21.48,000.00,0
00744,000372000,160.75,21.48,000.00,0
00745,000372500,159.75,21.47,000.00,0
00746,000373000,159.75,21.47,000.00,0
00747,000373500,159.25,21.46,000.00,0
00748,000374000,159.25,21.46,000.00,0
00749,000374500,159.50,21.46,000.00,0
00750,000375000,159.50,21.46,000.00,0
00751,000375500,159.00,21.46,000.00,0
00752,000376000,159.00,21.46,000.00,0
00753,000376500,158.75,21.46,000.00,0
00754,000377000,159.00,21.46,000.00,0
00755,000377500,158.50,21.46,000.00,0
00756,000378000,158.50,21.46,000.00,0
00757,000378500,158.50,21.46,000.00,0
00758,000379000,158.00,21.46,000.00,0
00759,000379500,158.00,21.46,000.00,0
00760,000380000,158.25,21.46,000.00,0
00761,000380500,157.75,21.47,000.00,0
00762,000381000,157.50,21.46,000.00,0
00763,000381500,157.50,21.46,000.00,0
00764,000382000,157.50,21.46,000.00,0
00765,000382500,157.25,21.46,000.00,0
00766,000383000,157.00,21.47,000.00,0
00767,000383500,157.00,21.47,000.00,0
00768,000384000,156.25,21.46,000.00,0
00769,000384500,156.25,21.47,000.00,0
00770,000385000,156.25,21.48,000.00,0
00771,000385500,156.25,21.48,000.00,0
00772,000386000,155.75,21.47,000.00,0
00773,000386500,155.50,21.46,000.00,0
00774,000387000,155.00,21.46,000.00,0
00775,000387500,155.00,21.46,000.00,0
00776,000388000,155.50,21.47,000.00,0
00777,000388500,155.00,21.47,000.00,0
00778,000389000,155.00,21.47,000.00,0
00779,000389500,155.00,21.47,000.00,0
00780,000390000,155.25,21.48,000.00,0
00781,000390500,154.75,21.47,000.00,0
00782,000391000,154.50,21.48,000.00,0
00783,000391500,154.50,21.48,000.00,0
00784,000392000,154.25,21.48,000.00,0
00785,000392500,153.75,21.48,000.00,0
00786,000393000,153.25,21.47,000.00,0
00787,000393500,153.25,21.47,000.00,0
00788,000394000,153.25,21.47,000.00,0
00789,000394500,153.25,21.48,000.00,0
00790,000395000,153.25,21.48,000.00,0
00791,000395500,152.75,21.48,000.00,0
00792,000396000,152.50,21.48,000.00,0
00793,000396500,152.75,21.48,000.00,0
00794,000397000,152.75,21.48,000.00,0
00795,000397500,152.25,21.47,000.00,0
00796,000398000,152.25,21.48,000.00,0
00797,000398500,152.00,21.49,000.00,0
00798,000399000,152.00,21.49,000.00,0
00799,000399500,151.50,21.48,000.00,0
00800,000400000,151.50,21.48,000.00,0
00801,000400500,151.75,21.49,000.00,0
00802,000401000,151.75,21.49,000.00,0
00803,000401500,151.50,21.49,000.00,0
00804,000402000,151.00,21.49,000.00,0
00805,000402500,150.75,21.49,000.00,0
00806,000403000,150.75,21.49,000.00,0
00807,000403500,150.75,21.48,000.00,0
00808,000404000,150.75,21.48,000.00,0
00809,000404500,149.75,21.49,000.00,0
00810,000405000,149.75,21.49,000.00,0
00811,000405500,150.00,21.47,000.00,0
00812,000406000,149.75,21.49,000.00,0
00813,000406500,149.50,21.48,000.00,0
00814,000407000,149.50,21.48,000.00,0
00815,000407500,150.00,21.48,000.00,0
00816,000408000,150.00,21.49,000.00,0
00817,000408500,149.50,21.49,000.00,0
00818,000409000,149.50,21.49,000.00,0
00819,000409500,149.50,21.48,000.00,0
00820,000410000,149.00,21.48,000.00,0
00821,000410500,149.00,21.49,000.00,0
00822,000411000,149.00,21.49,000.00,0
00823,000411500,148.75,21.49,000.00,0
00824,000412000,148.00,21.49,000.00,0
00825,000412500,148.00,21.49,000.00,0
00826,000413000,148.00,21.49,000.00,0
00827,000413500,148.25,21.49,000.00,0
00828,000414000,148.00,21.48,000.00,0
00829,000414500,148.00,21.48,000.00,0
00830,000415000,148.00,21.48,000.00,0
00831,000415500,147.50,21.49,000.00,0
00832,000416000,146.75,21.49,000.00,0
00833,000416500,146.75,21.49,000.00,0
00834,000417000,146.50,21.49,000.00,0
00835,000417500,146.75,21.49,000.00,0
00836,000418000,147.00,21.49,000.00,0
00837,000418500,147.00,21.49,000.00,0
00838,000419000,146.25,21.49,000.00,0
00839,000419500,146.00,21.49,000.00,0
00840,000420000,146.00,21.49,000.00,0
00841,000420500,146.00,21.49,000.00,0
00842,000421000,146.00,21.49,000.00,0
00843,000421500,145.50,21.49,000.00,0
00844,000422000,146.00,21.49,000.00,0
00845,000422500,146.00,21.49,000.00,0
00846,000423000,145.50,21.49,000.00,0
00847,000423500,145.25,21.49,000.00,0
00848,000424000,145.75,21.49,000.00,0
00849,000424500,145.75,21.49,000.00,0
00850,000425000,145.50,21.49,000.00,0
00851,000425500,145.00,21.49,000.00,0
00852,000426000,145.25,21.49,000.00,0
00853,000426500,145.25,21.49,000.00,0
00854,000427000,144.75,21.49,000.00,0
00855,000427500,144.25,21.49,000.00,0
00856,000428000,144.25,21.49,000.00,0
00857,000428500,144.00,21.50,000.00,0
00858,000429000,144.00,21.49,000.00,0
00859,000429500,143.75,21.49,000.00,0
00860,000430000,143.75,21.49,000.00,0
00861,000430500,143.50,21.49,000.00,0
00862,000431000,143.50,21.49,000.00,0
00863,000431500,143.25,21.50,000.00,0
00864,000432000,143.25,21.50,000.00,0
00865,000432500,143.00,21.49,000.00,0
00866,000433000,142.75,21.49,000.00,0
00867,000433500,143.00,21.49,000.00,0
00868,000434000,143.00,21.49,000.00,0
00869,000434500,142.75,21.49,000.00,0
00870,000435000,142.25,21.49,000.00,0
00871,000435500,142.00,21.49,000.00,0
00872,000436000,142.00,21.49,000.00,0
00873,000436500,142.25,21.49,000.00,0
00874,000437000,141.75,21.49,000.00,0
00875,000437500,141.50,21.50,000.00,0
00876,000438000,141.50,21.50,000.00,0
00877,000438500,141.00,21.50,000.00,0
00878,000439000,141.00,21.50,000.00,0
00879,000439500,140.50,21.49,000.00,0
00880,000440000,140.50,21.49,000.00,0
00881,000440500,140.25,21.49,000.00,0
00882,000441000,140.25,21.49,000.00,0
00883,000441500,140.00,21.49,000.00,0
00884,000442000,140.00,21.49,000.00,0
00885,000442500,139.50,21.50,000.00,0
00886,000443000,139.00,21.49,000.00,0
00887,000443500,139.00,21.49,000.00,0
00888,000444000,139.25,21.49,000.00,0
00889,000444500,139.00,21.49,000.00,0
00890,000445000,139.00,21.50,000.00,0
00891,000445500,139.00,21.50,000.00,0
00892,000446000,138.25,21.50,000.00,0
00893,000446500,138.00,21.49,000.00,0
00894,000447000,137.25,21.49,000.00,0
00895,000447500,137.25,21.49,000.00,0
00896,000448000,137.00,21.50,000.00,0
00897,000448500,136.75,21.50,000.00,0
00898,000449000,136.00,21.50,000.00,0
00899,000449500,136.00,21.50,000.00,0
00900,000450000,136.00,21.50,000.00,0
00901,000450500,135.75,21.50,000.00,0
00902,000451000,135.50,21.50,000.00,0
00903,000451500,135.50,21.50,000.00,0
00904,000452000,135.50,21.50,000.00,0
00905,000452500,135.25,21.51,000.00,0
00906,000453000,135.75,21.50,000.00,0
00907,000453500,135.75,21.50,000.00,0
00908,000454000,135.25,21.50,000.00,0
00909,000454500,134.75,21.50,000.00,0
00910,000455000,134.50,21.50,000.00,0
00911,000455500,134.50,21.50,000.00,0
00912,000456000,134.25,21.50,000.00,0
00913,000456500,133.50,21.50,000.00,0
00914,000457000,133.50,21.50,000.00,0
00915,000457500,133.50,21.50,000.00,0
00916,000458000,133.50,21.50,000.00,0
00917,000458500,133.25,21.50,000.00,0
00918,000459000,132.25,21.50,000.00,0
00919,000459500,132.25,21.50,000.00,0
00920,000460000,131.75,21.50,000.00,0
00921,000460500,131.75,21.50,000.00,0
00922,000461000,131.75,21.50,000.00,0
00923,000461500,132.00,21.50,000.00,0
00924,000462000,131.50,21.49,000.00,0
00925,000462500,131.75,21.50,000.00,0
00926,000463000,131.75,21.50,000.00,0
00927,000463500,131.25,21.50,000.00,0
00928,000464000,131.00,21.50,000.00,0
00929,000464500,131.25,21.51,000.00,0
00930,000465000,131.25,21.51,000.00,0
00931,000465500,130.50,21.50,000.00,0
00932,000466000,130.50,21.49,000.00,0
00933,000466500,130.75,21.50,000.00,0
00934,000467000,130.75,21.50,000.00,0
00935,000467500,130.75,21.50,000.00,0
00936,000468000,130.75,21.50,000.00,0
00937,000468500,130.50,21.51,000.00,0
00938,000469000,130.50,21.51,000.00,0
00939,000469500,130.50,21.51,000.00,0
00940,000470000,129.75,21.51,000.00,0
00941,000470500,129.75,21.50,000.00,0
00942,000471000,129.75,21.50,000.00,0
00943,000471500,129.75,21.51,000.00,0
00944,000472000,129.25,21.51,000.00,0
00945,000472500,129.50,21.50,000.00,0
00946,000473000,129.50,21.50,000.00,0
00947,000473500,129.00,21.50,000.00,0
00948,000474000,129.00,21.50,000.00,0
00949,000474500,128.25,21.51,000.00,0
00950,000475000,128.25,21.51,000.00,0
00951,000475500,128.50,21.51,000.00,0
00952,000476000,128.25,21.50,000.00,0
00953,000476500,128.25,21.50,000.00,0
00954,000477000,128.25,21.50,000.00,0
00955,000477500,128.00,21.50,000.00,0
00956,000478000,127.75,21.50,000.00,0
00957,000478500,127.75,21.50,000.00,0
00958,000479000,127.75,21.50,000.00,0
00959,000479500,127.00,21.50,000.00,0
00960,000480000,127.25,21.51,000.00,0
00961,000480500,127.25,21.51,000.00,0
00962,000481000,127.00,21.51,000.00,0
00963,000481500,126.75,21.50,000.00,0
00964,000482000,126.50,21.50,000.00,0
00965,000482500,126.50,21.50,000.00,0
00966,000483000,126.50,21.50,000.00,0
00967,000483500,126.00,21.50,000.00,0
00968,000484000,126.25,21.51,000.00,0
00969,000484500,126.25,21.51,000.00,0
00970,000485000,126.25,21.51,000.00,0
00971,000485500,125.50,21.50,000.00,0
00972,000486000,126.25,21.51,000.00,0
00973,000486500,126.25,21.51,000.00,0
00974,000487000,126.50,21.51,000.00,0
00975,000487500,126.25,21.51,000.00,0
00976,000488000,125.75,21.50,000.00,0
00977,000488500,125.75,21.50,000.00,0
00978,000489000,126.00,21.49,000.00,0
00979,000489500,126.00,21.50,000.00,0
00980,000490000,125.50,21.51,000.00,0
00981,000490500,125.50,21.51,000.00,0
00982,000491000,125.50,21.51,000.00,0
00983,000491500,125.50,21.50,000.00,0
00984,000492000,125.50,21.50,000.00,0
00985,000492500,124.50,21.51,000.00,0
00986,000493000,125.00,21.50,000.00,0
00987,000493500,125.00,21.50,000.00,0
00988,000494000,125.00,21.50,000.00,0
00989,000494500,124.25,21.50,000.00,0
00990,000495000,124.50,21.51,000.00,0
00991,000495500,124.25,21.51,000.00,0
00992,000496000,124.25,21.51,000.00,0
00993,000496500,124.25,21.51,000.00,0
00994,000497000,124.00,21.51,000.00,0
00995,000497500,123.25,21.51,000.00,0
00996,000498000,123.25,21.51,000.00,0
00997,000498500,123.75,21.51,000.00,0
00998,000499000,123.50,21.51,000.00,0
00999,000499500,123.50,21.50,000.00,0
01000,000500000,123.50,21.50,000.00,0
01001,000500500,122.25,21.51,000.00,0
01002,000501000,122.50,21.51,000.00,0
01003,000501500,122.00,21.50,000.00,0
01004,000502000,122.00,21.50,000.00,0
01005,000502500,122.50,21.51,000.00,0
01006,000503000,121.75,21.51,000.00,0
01007,000503500,122.00,21.50,000.00,0
01008,000504000,122.00,21.50,000.00,0
01009,000504500,122.00,21.50,000.00,0
01010,000505000,121.50,21.51,000.00,0
01011,000505500,121.75,21.50,000.00,0
01012,000506000,121.75,21.50,000.00,0
01013,000506500,121.50,21.51,000.00,0
01014,000507000,121.50,21.51,000.00,0
01015,000507500,121.75,21.50,000.00,0
01016,000508000,121.75,21.50,000.00,0
01017,000508500,121.75,21.51,000.00,0
01018,000509000,121.50,21.51,000.00,0
01019,000509500,121.50,21.51,000.00,0
01020,000510000,121.50,21.51,000.00,0
01021,000510500,121.25,21.51,000.00,0
01022,000511000,120.75,21.51,000.00,0
01023,000511500,120.75,21.51,000.00,0
01024,000512000,121.00,21.51,000.00,0
01025,000512500,121.00,21.51,000.00,0
01026,000513000,120.75,21.51,000.00,0
01027,000513500,120.75,21.51,000.00,0
01028,000514000,120.75,21.51,000.00,0
01029,000514500,120.75,21.51,000.00,0
01030,000515000,120.50,21.51,000.00,0
01031,000515500,120.50,21.51,000.00,0
01032,000516000,120.75,21.51,000.00,0
01033,000516500,120.75,21.51,000.00,0
01034,000517000,120.25,21.51,000.00,0
01035,000517500,120.25,21.51,000.00,0
01036,000518000,119.75,21.51,000.00,0
01037,000518500,120.00,21.50,000.00,0
01038,000519000,120.25,21.50,000.00,0
01039,000519500,120.25,21.50,000.00,0
01040,000520000,120.00,21.51,000.00,0
01041,000520500,119.75,21.51,000.00,0
01042,000521000,119.50,21.51,000.00,0
01043,000521500,119.50,21.51,000.00,0
01044,000522000,119.75,21.51,000.00,0
01045,000522500,118.75,21.51,000.00,0
01046,000523000,118.75,21.50,000.00,0
01047,000523500,118.75,21.50,000.00,0
01048,000524000,118.75,21.51,000.00,0
01049,000524500,119.00,21.52,000.00,0
01050,000525000,119.00,21.52,000.00,0
01051,000525500,118.75,21.51,000.00,0
01052,000526000,119.00,21.51,000.00,0
01053,000526500,119.00,21.52,000.00,0
01054,000527000,119.00,21.52,000.00,0
01055,000527500,118.75,21.52,000.00,0
01056,000528000,118.50,21.51,000.00,0
01057,000528500,118.25,21.50,000.00,0
01058,000529000,118.25,21.50,000.00,0
01059,000529500,117.75,21.52,000.00,0
01060,000530000,117.75,21.51,000.00,0
01061,000530500,117.75,21.51,000.00,0
01062,000531000,117.75,21.51,000.00,0
01063,000531500,117.50,21.52,000.00,0
01064,000532000,117.50,21.51,000.00,0
01065,000532500,117.25,21.51,000.00,0
01066,000533000,117.25,21.51,000.00,0
01067,000533500,117.00,21.52,000.00,0
01068,000534000,116.75,21.51,000.00,0
01069,000534500,116.75,21.52,000.00,0
01070,000535000,116.75,21.52,000.00,0
01071,000535500,117.00,21.52,000.00,0
01072,000536000,117.00,21.51,000.00,0
01073,000536500,117.25,21.51,000.00,0
01074,000537000,117.25,21.51,000.00,0
01075,000537500,116.50,21.52,000.00,0
01076,000538000,116.50,21.51,000.00,0
01077,000538500,116.25,21.51,000.00,0
01078,000539000,116.25,21.51,000.00,0
01079,000539500,115.75,21.51,000.00,0
01080,000540000,115.75,21.51,000.00,0
01081,000540500,115.75,21.51,000.00,0
01082,000541000,115.75,21.52,000.00,0
01083,000541500,115.25,21.51,000.00,0
01084,000542000,115.00,21.52,000.00,0
01085,000542500,115.00,21.52,000.00,0
01086,000543000,115.50,21.52,000.00,0
01087,000543500,115.25,21.51,000.00,0
01088,000544000,114.75,21.52,000.00,0
01089,000544500,114.75,21.52,000.00,0
01090,000545000,115.25,21.51,000.00,0
01091,000545500,115.00,21.51,000.00,0
01092,000546000,115.00,21.52,000.00,0
01093,000546500,115.00,21.52,000.00,0
01094,000547000,115.00,21.51,000.00,0
01095,000547500,114.50,21.51,000.00,0
01096,000548000,114.75,21.52,000.00,0
01097,000548500,114.75,21.52,000.00,0
01098,000549000,114.00,21.51,000.00,0
01099,000549500,114.50,21.51,000.00,0
01100,000550000,114.25,21.52,000.00,0
01101,000550500,114.25,21.52,000.00,0
01102,000551000,114.00,21.52,000.00,0
01103,000551500,114.25,21.51,000.00,0
01104,000552000,113.75,21.51,000.00,0
01105,000552500,113.75,21.51,000.00,0
01106,000553000,113.75,21.52,000.00,0
01107,000553500,113.50,21.51,000.00,0
01108,000554000,113.50,21.52,000.00,0
01109,000554500,113.50,21.52,000.00,0
01110,000555000,113.00,21.51,000.00,0
01111,000555500,113.00,21.51,000.00,0
01112,000556000,113.00,21.51,000.00,0
01113,000556500,113.00,21.51,000.00,0
01114,000557000,113.00,21.52,000.00,0
01115,000557500,112.75,21.52,000.00,0
01116,000558000,112.75,21.52,000.00,0
01117,000558500,112.25,21.51,000.00,0
01118,000559000,112.50,21.52,000.00,0
01119,000559500,112.00,21.51,000.00,0
01120,000560000,112.00,21.51,000.00,0
01121,000560500,111.50,21.52,000.00,0
01122,000561000,111.25,21.52,000.00,0
01123,000561500,111.75,21.52,000.00,0
01124,000562000,111.75,21.52,000.00,0
01125,000562500,111.25,21.52,000.00,0
01126,000563000,111.25,21.52,000.00,0
01127,000563500,111.25,21.52,000.00,0
01128,000564000,111.25,21.52,000.00,0
01129,000564500,111.25,21.53,000.00,0
01130,000565000,111.25,21.52,000.00,0
01131,000565500,111.25,21.52,000.00,0
01132,000566000,111.25,21.52,000.00,0
01133,000566500,110.75,21.52,000.00,0
01134,000567000,110.75,21.52,000.00,0
01135,000567500,110.25,21.51,000.00,0
01136,000568000,110.25,21.51,000.00,0
01137,000568500,110.25,21.52,000.00,0
01138,000569000,110.75,21.52,000.00,0
01139,000569500,110.50,21.51,000.00,0
01140,000570000,110.50,21.51,000.00,0
01141,000570500,110.50,21.52,000.00,0
01142,000571000,110.50,21.52,000.00,0
01143,000571500,110.25,21.52,000.00,0
01144,000572000,110.25,21.52,000.00,0
01145,000572500,109.50,21.52,000.00,0
01146,000573000,109.25,21.52,000.00,0
01147,000573500,109.25,21.52,000.00,0
01148,000574000,109.25,21.52,000.00,0
01149,000574500,109.25,21.51,000.00,0
01150,000575000,108.50,21.52,000.00,0
01151,000575500,108.50,21.52,000.00,0
01152,000576000,109.75,21.52,000.00,0
01153,000576500,108.75,21.52,000.00,0
01154,000577000,109.00,21.51,000.00,0
01155,000577500,109.00,21.51,000.00,0
01156,000578000,108.50,21.52,000.00,0
01157,000578500,108.75,21.52,000.00,0
01158,000579000,108.75,21.52,000.00,0
01159,000579500,108.75,21.52,000.00,0
01160,000580000,108.75,21.51,000.00,0
01161,000580500,108.50,21.52,000.00,0
01162,000581000,108.50,21.51,000.00,0
01163,000581500,108.50,21.51,000.00,0
01164,000582000,108.75,21.51,000.00,0
01165,000582500,108.00,21.53,000.00,0
01166,000583000,108.50,21.52,000.00,0
01167,000583500,108.50,21.52,000.00,0
01168,000584000,108.25,21.52,000.00,0
01169,000584500,108.25,21.52,000.00,0
01170,000585000,108.00,21.53,000.00,0
01171,000585500,108.00,21.53,000.00,0
01172,000586000,107.50,21.52,000.00,0
01173,000586500,107.75,21.52,000.00,0
01174,000587000,107.50,21.52,000.00,0
01175,000587500,107.50,21.52,000.00,0
01176,000588000,107.25,21.52,000.00,0
01177,000588500,107.25,21.51,000.00,0
01178,000589000,107.25,21.51,000.00,0
01179,000589500,107.25,21.51,000.00,0
01180,000590000,107.00,21.51,000.00,0
01181,000590500,107.00,21.51,000.00,0
01182,000591000,107.00,21.51,000.00,0
01183,000591500,106.75,21.52,000.00,0
01184,000592000,106.75,21.51,000.00,0
01185,000592500,106.75,21.52,000.00,0
01186,000593000,106.75,21.52,000.00,0
01187,000593500,106.50,21.52,000.00,0
01188,000594000,106.50,21.52,000.00,0
01189,000594500,106.00,21.52,000.00,0
01190,000595000,106.00,21.52,000.00,0
01191,000595500,106.00,21.52,000.00,0
01192,000596000,105.75,21.53,000.00,0
01193,000596500,105.75,21.52,000.00,0
01194,000597000,105.75,21.52,000.00,0
01195,000597500,105.50,21.52,000.00,0
01196,000598000,105.50,21.52,000.00,0
01197,000598500,105.25,21.51,000.00,0
01198,000599000,105.25,21.51,000.00,0
01199,000599500,104.50,21.52,000.00,0
01200,000600000,105.00,21.53,000.00,0
01201,000600500,104.75,21.52,000.00,0
01202,000601000,104.75,21.52,000.00,0
01203,000601500,104.50,21.52,000.00,0
01204,000602000,104.50,21.52,000.00,0
01205,000602500,104.50,21.53,000.00,0
01206,000603000,104.50,21.53,000.00,0
01207,000603500,104.00,21.53,000.00,0
01208,000604000,104.00,21.53,000.00,0
01209,000604500,104.00,21.53,000.00,0
01210,000605000,103.75,21.53,000.00,0
01211,000605500,103.75,21.54,000.00,0
01212,000606000,103.25,21.52,000.00,0
01213,000606500,103.25,21.52,000.00,0
01214,000607000,102.75,21.52,000.00,0
01215,000607500,103.25,21.52,000.00,0
01216,000608000,103.25,21.52,000.00,0
01217,000608500,103.25,21.52,000.00,0
01218,000609000,103.00,21.52,000.00,0
01219,000609500,103.00,21.52,000.00,0
01220,000610000,102.25,21.52,000.00,0
01221,000610500,102.25,21.52,000.00,0
01222,000611000,102.75,21.52,000.00,0
01223,000611500,102.75,21.52,000.00,0
01224,000612000,102.75,21.52,000.00,0
01225,000612500,102.75,21.52,000.00,0
01226,000613000,102.75,21.52,000.00,0
01227,000613500,102.50,21.53,000.00,0
01228,000614000,102.50,21.52,000.00,0
01229,000614500,102.50,21.52,000.00,0
01230,000615000,102.50,21.52,000.00,0
01231,000615500,102.00,21.52,000.00,0
01232,000616000,102.50,21.52,000.00,0
01233,000616500,102.50,21.52,000.00,0
01234,000617000,102.50,21.52,000.00,0
01235,000617500,102.25,21.52,000.00,0
01236,000618000,102.25,21.52,000.00,0
01237,000618500,102.25,21.52,000.00,0
01238,000619000,102.25,21.53,000.00,0
01239,000619500,102.00,21.51,000.00,0
01240,000620000,102.00,21.52,000.00,0
01241,000620500,102.00,21.52,000.00,0
01242,000621000,101.75,21.52,000.00,0
01243,000621500,101.50,21.52,000.00,0
01244,000622000,101.50,21.52,000.00,0
01245,000622500,101.00,21.52,000.00,0
01246,000623000,101.25,21.53,000.00,0
01247,000623500,101.00,21.52,000.00,0
01248,000624000,101.00,21.52,000.00,0
01249,000624500,100.75,21.52,000.00,0
01250,000625000,100.50,21.52,000.00,0
01251,000625500,101.00,21.52,000.00,0
01252,000626000,101.00,21.52,000.00,0
01253,000626500,100.50,21.52,000.00,0
01254,000627000,100.50,21.52,000.00,0
01255,000627500,100.00,21.52,000.00,0
01256,000628000,100.00,21.52,000.00,0
01257,000628500,100.25,21.52,000.00,0
01258,000629000,100.25,21.52,000.00,0
01259,000629500,100.25,21.52,000.00,0
01260,000630000,100.25,21.52,000.00,0
01261,000630500,100.00,21.52,000.00,0
01262,000631000,100.25,21.52,000.00,0
01263,000631500,099.75,21.52,000.00,0
01264,000632000,099.75,21.52,000.00,0
01265,000632500,099.75,21.52,000.00,0
01266,000633000,099.25,21.51,000.00,0
01267,000633500,099.75,21.52,000.00,0
01268,000634000,099.75,21.52,000.00,0
01269,000634500,100.00,21.52,000.00,0
01270,000635000,099.25,21.52,000.00,0
01271,000635500,099.75,21.52,000.00,0
01272,000636000,099.75,21.52,000.00,0
01273,000636500,099.00,21.52,000.00,0
01274,000637000,099.25,21.52,000.00,0
01275,000637500,099.25,21.52,000.00,0
01276,000638000,099.25,21.52,000.00,0
01277,000638500,098.75,21.52,000.00,0
01278,000639000,098.75,21.52,000.00,0
01279,000639500,098.75,21.52,000.00,0
01280,000640000,098.50,21.52,000.00,0
01281,000640500,098.25,21.52,000.00,0
01282,000641000,098.00,21.52,000.00,0
01283,000641500,098.00,21.52,000.00,0
01284,000642000,098.25,21.53,000.00,0
01285,000642500,098.25,21.50,000.00,0
01286,000643000,097.50,21.52,000.00,0
01287,000643500,097.50,21.52,000.00,0
01288,000644000,097.75,21.52,000.00,0
01289,000644500,098.00,21.51,000.00,0
01290,000645000,097.75,21.52,000.00,0
01291,000645500,097.75,21.52,000.00,0
01292,000646000,097.50,21.51,000.00,0
01293,000646500,097.25,21.52,000.00,0
01294,000647000,097.50,21.51,000.00,0
01295,000647500,097.50,21.51,000.00,0
01296,000648000,097.50,21.51,000.00,0
01297,000648500,097.50,21.51,000.00,0
01298,000649000,097.25,21.51,000.00,0
01299,000649500,097.25,21.51,000.00,0
01300,000650000,097.25,21.51,000.00,0
01301,000650500,096.75,21.52,000.00,0
01302,000651000,097.00,21.51,000.00,0
01303,000651500,097.00,21.51,000.00,0
01304,000652000,096.75,21.52,000.00,0
01305,000652500,096.50,21.51,000.00,0
01306,000653000,096.50,21.51,000.00,0
01307,000653500,096.50,21.52,000.00,0
01308,000654000,096.75,21.52,000.00,0
01309,000654500,096.00,21.52,000.00,0
01310,000655000,096.00,21.52,000.00,0
01311,000655500,096.25,21.51,000.00,0
01312,000656000,096.25,21.52,000.00,0
01313,000656500,096.25,21.51,000.00,0
01314,000657000,096.25,21.51,000.00,0
01315,000657500,095.75,21.50,000.00,0
01316,000658000,096.00,21.51,000.00,0
01317,000658500,095.75,21.51,000.00,0
01318,000659000,095.75,21.51,000.00,0
01319,000659500,096.00,21.51,000.00,0
01320,000660000,095.25,21.52,000.00,0
01321,000660500,095.50,21.51,000.00,0
01322,000661000,095.50,21.51,000.00,0
01323,000661500,095.25,21.51,000.00,0
01324,000662000,095.50,21.51,000.00,0
01325,000662500,095.00,21.51,000.00,0
01326,000663000,095.00,21.51,000.00,0
01327,000663500,095.00,21.53,000.00,0
01328,000664000,095.00,21.52,000.00,0
01329,000664500,094.75,21.52,000.00,0
01330,000665000,094.75,21.52,000.00,0
01331,000665500,094.75,21.52,000.00,0
01332,000666000,094.50,21.51,000.00,0
01333,000666500,094.50,21.53,000.00,0
01334,000667000,094.50,21.53,000.00,0
01335,000667500,094.25,21.52,000.00,0
01336,000668000,094.75,21.52,000.00,0
01337,000668500,094.25,21.52,000.00,0
01338,000669000,094.25,21.52,000.00,0
01339,000669500,094.00,21.53,000.00,0
01340,000670000,093.75,21.53,000.00,0
01341,000670500,093.75,21.53,000.00,0
01342,000671000,093.75,21.52,000.00,0
01343,000671500,093.75,21.52,000.00,0
01344,000672000,093.50,21.52,000.00,0
01345,000672500,093.50,21.52,000.00,0
01346,000673000,093.75,21.52,000.00,0
01347,000673500,093.50,21.52,000.00,0
01348,000674000,093.25,21.52,000.00,0
01349,000674500,093.25,21.52,000.00,0
01350,000675000,093.50,21.53,000.00,0
01351,000675500,093.50,21.52,000.00,0
01352,000676000,093.00,21.52,000.00,0
01353,000676500,093.00,21.52,000.00,0
01354,000677000,092.50,21.52,000.00,0
01355,000677500,093.25,21.52,000.00,0
01356,000678000,093.50,21.53,000.00,0
01357,000678500,093.50,21.53,000.00,0
01358,000679000,093.25,21.53,000.00,0
01359,000679500,093.00,21.53,000.00,0
01360,000680000,092.75,21.52,000.00,0
01361,000680500,092.75,21.52,000.00,0
01362,000681000,092.75,21.53,000.00,0
01363,000681500,092.75,21.52,000.00,0
01364,000682000,092.75,21.53,000.00,0
01365,000682500,092.75,21.53,000.00,0
01366,000683000,092.50,21.52,000.00,0
01367,000683500,092.25,21.53,000.00,0
01368,000684000,092.00,21.53,000.00,0
01369,000684500,092.00,21.53,000.00,0
01370,000685000,092.00,21.52,000.00,0
01371,000685500,092.00,21.51,000.00,0
01372,000686000,092.00,21.51,000.00,0
01373,000686500,091.50,21.52,000.00,0
01374,000687000,092.25,21.53,000.00,0
01375,000687500,091.75,21.52,000.00,0
01376,000688000,091.75,21.52,000.00,0
01377,000688500,091.50,21.53,000.00,0
01378,000689000,091.50,21.52,000.00,0
01379,000689500,091.25,21.53,000.00,0
01380,000690000,091.25,21.53,000.00,0
01381,000690500,091.50,21.52,000.00,0
01382,000691000,091.25,21.53,000.00,0
01383,000691500,091.25,21.52,000.00,0
01384,000692000,091.25,21.52,000.00,0
01385,000692500,091.00,21.52,000.00,0
01386,000693000,091.25,21.52,000.00,0
01387,000693500,091.00,21.52,000.00,0
01388,000694000,091.00,21.52,000.00,0
01389,000694500,091.00,21.52,000.00,0
01390,000695000,091.25,21.53,000.00,0
01391,000695500,091.00,21.53,000.00,0
01392,000696000,091.00,21.53,000.00,0
01393,000696500,090.50,21.52,000.00,0
01394,000697000,090.50,21.52,000.00,0
01395,000697500,090.75,21.52,000.00,0
01396,000698000,090.75,21.52,000.00,0
01397,000698500,090.00,21.52,000.00,0
01398,000699000,090.75,21.53,000.00,0
01399,000699500,090.25,21.53,000.00,0
01400,000700000,090.25,21.53,000.00,0
01401,000700500,090.75,21.53,000.00,0
01402,000701000,090.00,21.53,000.00,0
01403,000701500,090.00,21.53,000.00,0
01404,000702000,089.75,21.52,000.00,0
01405,000702500,090.00,21.53,000.00,0
01406,000703000,090.00,21.53,000.00,0
01407,000703500,090.00,21.53,000.00,0
01408,000704000,090.25,21.53,000.00,0
01409,000704500,089.75,21.52,000.00,0
01410,000705000,089.75,21.53,000.00,0
01411,000705500,089.75,21.53,000.00,0
01412,000706000,090.00,21.52,000.00,0
01413,000706500,089.50,21.53,000.00,0
01414,000707000,089.50,21.52,000.00,0
01415,000707500,089.50,21.52,000.00,0
01416,000708000,089.25,21.52,000.00,0
01417,000708500,089.00,21.52,000.00,0
01418,000709000,088.50,21.51,000.00,0
01419,000709500,088.50,21.51,000.00,0
01420,000710000,088.75,21.53,000.00,0
01421,000710500,088.75,21.53,000.00,0
01422,000711000,089.00,21.52,000.00,0
01423,000711500,089.00,21.52,000.00,0
01424,000712000,088.00,21.52,000.00,0
01425,000712500,088.50,21.53,000.00,0
01426,000713000,088.50,21.52,000.00,0
01427,000713500,088.50,21.52,000.00,0
01428,000714000,088.25,21.52,000.00,0
01429,000714500,088.25,21.52,000.00,0
01430,000715000,088.00,21.52,000.00,0
01431,000715500,088.00,21.52,000.00,0
01432,000716000,088.00,21.52,000.00,0
01433,000716500,087.75,21.53,000.00,0
01434,000717000,087.75,21.52,000.00,0
01435,000717500,087.75,21.52,000.00,0
01436,000718000,088.00,21.52,000.00,0
01437,000718500,087.75,21.51,000.00,0
01438,000719000,087.75,21.51,000.00,0
01439,000719500,087.50,21.52,000.00,0
01440,000720000,087.75,21.52,000.00,0
