Sample time (ms): 500
Maximum runtime (s): 720
Index,Time (ms),Oven temperature (C),Ambient temperature (C),PWM controller (percent),Thermocouple open,Reference temperature (C)
00000,000000001,012.25,08.08,100.00,0,050.00
00001,000000500,012.25,08.08,100.00,0,050.00
00002,000001000,012.50,08.08,100.00,0,050.00
00003,000001500,012.75,08.08,100.00,0,050.00
00004,000002000,012.75,08.08,100.00,0,050.00
00005,000002500,012.50,08.07,100.00,0,050.00
00006,000003000,012.25,08.07,100.00,0,050.00
00007,000003500,012.75,08.07,094.71,0,050.00
00008,000004000,012.75,08.07,100.00,0,050.00
00009,000004500,013.00,08.06,100.00,0,050.00
00010,000005000,013.00,08.06,100.00,0,050.00
00011,000005500,013.00,08.06,100.00,0,050.00
00012,000006000,012.50,08.06,100.00,0,050.00
00013,000006500,013.00,08.05,096.19,0,050.00
00014,000007000,013.00,08.04,100.00,0,050.00
00015,000007500,013.00,08.04,100.00,0,050.00
00016,000008000,012.50,08.04,100.00,0,050.00
00017,000008500,013.25,08.03,086.92,0,050.00
00018,000009000,013.50,08.04,100.00,0,050.00
00019,000009500,013.50,08.04,100.00,0,050.00
00020,000010000,013.00,08.02,100.00,0,050.00
00021,000010500,013.75,08.02,086.89,0,050.00
00022,000011000,014.00,08.03,100.00,0,050.00
00023,000011500,014.00,08.03,100.00,0,050.00
00024,000012000,014.00,08.01,100.00,0,050.00
00025,000012500,013.50,08.01,100.00,0,050.00
00026,000013000,014.50,08.01,076.44,0,050.00
00027,000013500,014.50,08.01,100.00,0,050.00
00028,000014000,014.25,08.01,100.00,0,050.00
00029,000014500,015.00,07.99,086.00,0,050.00
00030,000015000,015.00,08.00,100.00,0,050.00
00031,000015500,015.00,08.00,100.00,0,050.00
00032,000016000,015.50,07.99,095.54,0,050.00
00033,000016500,015.25,07.99,100.00,0,050.00
00034,000017000,015.50,07.98,100.00,0,050.00
00035,000017500,015.50,07.98,100.00,0,050.00
00036,000018000,015.25,07.98,100.00,0,050.00
00037,000018500,016.00,07.98,085.77,0,050.00
00038,000019000,016.25,07.96,100.00,0,050.00
00039,000019500,016.25,07.96,100.00,0,050.00
00040,000020000,017.00,07.97,083.77,0,050.00
00041,000020500,017.50,07.96,092.60,0,050.00
00042,000021000,017.00,07.96,100.00,0,050.00
00043,000021500,017.00,07.96,100.00,0,050.00
00044,000022000,017.75,07.97,082.83,0,050.00
00045,000022500,017.75,07.94,100.00,0,050.00
00046,000023000,017.75,07.94,100.00,0,050.00
00047,000023500,019.00,07.96,060.03,0,050.00
00048,000024000,019.25,07.96,099.59,0,050.00
00049,000024500,019.75,07.97,088.39,0,050.00
00050,000025000,019.75,07.97,100.00,0,050.00
00051,000025500,020.25,07.96,087.50,0,050.00
00052,000026000,020.75,07.96,086.29,0,050.00
00053,000026500,021.25,07.94,085.08,0,050.00
00054,000027000,021.25,07.94,100.00,0,050.00
00055,000027500,021.75,07.93,084.14,0,050.00
00056,000028000,022.00,07.93,093.67,0,050.00
00057,000028500,022.25,07.92,093.20,0,050.00
00058,000029000,022.25,07.92,100.00,0,050.00
00059,000029500,023.00,07.92,071.50,0,050.00
00060,000030000,024.00,07.93,058.76,0,050.00
00061,000030500,000.00,07.91,100.00,0,050.00
00062,000031000,000.00,07.91,100.00,0,050.00
00063,000031500,025.25,07.90,000.00,0,050.00
00064,000032000,025.75,07.89,075.00,0,050.00
00065,000032500,026.50,07.90,062.98,0,050.00
00066,000033000,026.50,07.90,093.22,0,050.00
00067,000033500,027.00,07.90,071.95,0,050.00
00068,000034000,027.75,07.89,059.92,0,050.00
00069,000034500,028.00,07.89,079.39,0,050.00
00070,000035000,028.00,07.89,089.61,0,050.00
00071,000035500,028.75,07.89,057.58,0,050.00
00072,000036000,029.25,07.90,066.28,0,050.00
00073,000036500,030.00,07.89,054.23,0,050.00
00074,000037000,030.00,07.89,084.43,0,050.00
00075,000037500,030.75,07.88,052.38,0,050.00
00076,000038000,1888.00,07.89,000.00,0,050.00
00077,000038500,1888.00,07.89,000.00,0,050.00
00078,000039000,032.25,07.89,100.00,0,050.00
00079,000039500,033.00,07.88,009.21,0,050.00
00080,000040000,033.50,07.88,017.88,0,050.00
00081,000040500,033.50,07.88,038.04,0,050.00
00082,000041000,034.25,07.88,005.95,0,050.00
00083,000041500,034.50,07.87,025.36,0,050.00
00084,000042000,000.00,07.88,100.00,0,050.00
00085,000042500,000.00,07.88,100.00,0,050.00
00086,000043000,036.25,07.88,000.00,0,050.00
00087,000043500,036.50,07.88,020.63,0,050.00
00088,000044000,037.50,07.87,000.00,0,050.00
00089,000044500,037.50,07.87,027.88,0,050.00
00090,000045000,038.25,07.86,000.00,0,050.00
00091,000045500,039.00,07.86,000.00,0,050.00
00092,000046000,039.50,07.86,002.21,0,050.00
00093,000046500,039.50,07.86,022.31,0,050.00
00094,000047000,040.25,07.86,000.00,0,050.00
00095,000047500,040.25,07.87,020.26,0,050.00
00096,000048000,041.50,07.87,000.00,0,050.00
00097,000048500,041.50,07.87,016.68,0,050.00
00098,000049000,042.00,07.87,000.00,0,050.00
00099,000049500,042.75,07.88,000.00,0,050.00
00100,000050000,043.25,07.88,000.00,0,050.00
00101,000050500,043.25,07.88,011.72,0,050.00
00102,000051000,044.00,07.86,000.00,0,050.00
00103,000051500,044.00,07.87,009.59,0,050.00
00104,000052000,044.75,07.87,000.00,0,050.00
00105,000052500,044.75,07.87,007.44,0,050.00
00106,000053000,045.25,07.86,000.00,0,050.00
00107,000053500,045.75,07.85,000.00,0,050.00
00108,000054000,045.75,07.85,004.57,0,050.00
00109,000054500,046.25,07.85,000.00,0,050.00
00110,000055000,046.75,07.86,000.00,0,050.00
00111,000055500,047.00,07.85,000.00,0,050.00
00112,000056000,047.00,07.85,000.96,0,050.00
00113,000056500,048.00,07.86,000.00,0,050.00
00114,000057000,047.75,07.87,008.75,0,050.00
00115,000057500,048.75,07.88,000.00,0,050.00
00116,000058000,048.75,07.88,000.00,0,050.00
00117,000058500,048.50,07.88,006.54,0,050.00
00118,000059000,049.00,07.87,000.00,0,050.00
00119,000059500,049.25,07.86,000.00,0,050.00
00120,000060000,049.25,07.86,000.00,0,050.00
00121,000060500,049.75,07.87,000.00,0,050.00
00122,000061000,050.75,07.88,000.00,0,050.00
00123,000061500,051.00,07.87,000.00,0,050.00
00124,000062000,051.00,07.87,000.00,0,050.00
00125,000062500,051.00,07.87,000.00,0,050.00
00126,000063000,051.25,07.88,000.00,0,050.00
00127,000063500,051.75,07.88,000.00,0,050.00
00128,000064000,051.75,07.88,000.00,0,050.00
00129,000064500,051.75,07.88,000.00,0,050.00
00130,000065000,052.25,07.88,000.00,0,050.00
00131,000065500,052.25,07.87,000.00,0,050.00
00132,000066000,052.25,07.87,000.00,0,050.00
00133,000066500,052.50,07.87,000.00,0,050.00
00134,000067000,053.25,07.87,000.00,0,050.00
00135,000067500,053.00,07.87,000.00,0,050.00
00136,000068000,053.00,07.87,000.00,0,050.00
00137,000068500,053.25,07.87,000.00,0,050.00
00138,000069000,053.25,07.86,000.00,0,050.00
00139,000069500,053.00,07.87,000.00,0,050.00
00140,000070000,053.00,07.87,000.00,0,050.00
00141,000070500,053.75,07.87,000.00,0,050.00
00142,000071000,054.25,07.86,000.00,0,050.00
00143,000071500,054.25,07.86,000.00,0,050.00
00144,000072000,054.50,07.86,000.00,0,050.00
00145,000072500,054.25,07.87,000.00,0,050.00
00146,000073000,054.75,07.88,000.00,0,050.00
00147,000073500,054.75,07.88,000.00,0,050.00
00148,000074000,054.75,07.87,000.00,0,050.00
00149,000074500,054.75,07.86,000.00,0,050.00
00150,000075000,055.25,07.86,000.00,0,050.00
00151,000075500,055.25,07.86,000.00,0,050.00
00152,000076000,054.75,07.87,000.00,0,050.00
00153,000076500,055.00,07.87,000.00,0,050.00
00154,000077000,055.25,07.86,000.00,0,050.00
00155,000077500,055.25,07.86,000.00,0,050.00
00156,000078000,055.50,07.88,000.00,0,050.00
00157,000078500,055.50,07.88,000.00,0,050.00
00158,000079000,055.25,07.86,000.00,0,050.00
00159,000079500,055.25,07.86,000.00,0,050.00
00160,000080000,056.00,07.86,000.00,0,050.00
00161,000080500,056.00,07.87,000.00,0,050.00
00162,000081000,056.50,07.87,000.00,0,050.00
00163,000081500,056.50,07.87,000.00,0,050.00
00164,000082000,056.00,07.87,000.00,0,050.00
00165,000082500,056.50,07.88,000.00,0,050.00
00166,000083000,056.75,07.88,000.00,0,050.00
00167,000083500,056.75,07.88,000.00,0,050.00
00168,000084000,056.50,07.86,000.00,0,050.00
00169,000084500,056.75,07.86,000.00,0,050.00
00170,000085000,056.75,07.86,000.00,0,050.00
00171,000085500,056.75,07.86,000.00,0,050.00
00172,000086000,056.75,07.87,000.00,0,050.00
00173,000086500,057.00,07.86,000.00,0,050.00
00174,000087000,057.00,07.86,000.00,0,050.00
00175,000087500,057.25,07.87,000.00,0,050.00
00176,000088000,057.25,07.85,000.00,0,050.00
00177,000088500,057.25,07.86,000.00,0,050.00
00178,000089000,057.25,07.86,000.00,0,050.00
00179,000089500,057.25,07.87,000.00,0,050.00
00180,000090000,056.75,07.86,000.00,0,050.00
00181,000090500,056.75,07.86,000.00,0,050.00
00182,000091000,056.75,07.86,000.00,0,050.00
00183,000091500,057.50,07.87,000.00,0,050.00
00184,000092000,057.25,07.85,000.00,0,050.00
00185,000092500,056.50,07.85,000.00,0,050.00
00186,000093000,056.50,07.85,000.00,0,050.00
00187,000093500,057.25,07.85,000.00,0,050.00
00188,000094000,057.50,07.86,000.00,0,050.00
00189,000094500,057.75,07.86,000.00,0,050.00
00190,000095000,057.75,07.86,000.00,0,050.00
00191,000095500,057.75,07.86,000.00,0,050.00
00192,000096000,057.75,07.86,000.00,0,050.00
00193,000096500,057.50,07.85,000.00,0,050.00
00194,000097000,057.50,07.85,000.00,0,050.00
00195,000097500,057.50,07.85,000.00,0,050.00
00196,000098000,057.00,07.85,000.00,0,050.00
00197,000098500,057.50,07.86,000.00,0,050.00
00198,000099000,057.50,07.86,000.00,0,050.00
00199,000099500,057.75,07.86,000.00,0,050.00
00200,000100000,057.00,07.87,000.00,0,050.00
00201,000100500,057.50,07.86,000.00,0,050.00
00202,000101000,057.50,07.86,000.00,0,050.00
00203,000101500,057.50,07.87,000.00,0,050.00
00204,000102000,057.00,07.87,000.00,0,050.00
00205,000102500,057.00,07.87,000.00,0,050.00
00206,000103000,057.25,07.86,000.00,0,050.00
00207,000103500,057.25,07.85,000.00,0,050.00
00208,000104000,057.00,07.86,000.00,0,050.00
00209,000104500,057.00,07.86,000.00,0,050.00
00210,000105000,057.00,07.87,000.00,0,050.00
00211,000105500,057.00,07.87,000.00,0,050.00
00212,000106000,057.25,07.86,000.00,0,050.00
00213,000106500,057.25,07.86,000.00,0,050.00
00214,000107000,057.00,07.87,000.00,0,050.00
00215,000107500,057.25,07.86,000.00,0,050.00
00216,000108000,057.00,07.87,000.00,0,050.00
00217,000108500,057.00,07.87,000.00,0,050.00
00218,000109000,057.00,07.85,000.00,0,050.00
00219,000109500,056.75,07.87,000.00,0,050.00
00220,000110000,057.00,07.87,000.00,0,050.00
00221,000110500,057.00,07.87,000.00,0,050.00
00222,000111000,056.75,07.88,000.00,0,050.00
00223,000111500,056.75,07.88,000.00,0,050.00
00224,000112000,057.00,07.87,000.00,0,050.00
00225,000112500,057.00,07.87,000.00,0,050.00
00226,000113000,056.50,07.87,000.00,0,050.00
00227,000113500,056.75,07.87,000.00,0,050.00
00228,000114000,056.00,07.87,000.00,0,050.00
00229,000114500,056.00,07.87,000.00,0,050.00
00230,000115000,056.75,07.86,000.00,0,050.00
00231,000115500,056.50,07.87,000.00,0,050.00
00232,000116000,056.50,07.87,000.00,0,050.00
00233,000116500,056.50,07.87,000.00,0,050.00
00234,000117000,056.00,07.87,000.00,0,050.00
00235,000117500,056.25,07.87,000.00,0,050.00
00236,000118000,056.25,07.87,000.00,0,050.00
00237,000118500,056.25,07.87,000.00,0,050.00
00238,000119000,055.50,07.87,000.00,0,050.00
00239,000119500,055.75,07.87,000.00,0,050.00
00240,000120000,055.75,07.87,000.00,0,050.00
00241,000120500,055.75,07.87,000.00,0,050.00
00242,000121000,055.75,07.88,000.00,0,050.00
00243,000121500,055.75,07.87,000.00,0,050.00
00244,000122000,055.75,07.87,000.00,0,050.00
00245,000122500,056.00,07.87,000.00,0,050.00
00246,000123000,055.75,07.87,000.00,0,050.00
00247,000123500,056.00,07.86,000.00,0,050.00
00248,000124000,056.00,07.86,000.00,0,050.00
00249,000124500,055.50,07.87,000.00,0,050.00
00250,000125000,056.00,07.88,000.00,0,050.00
00251,000125500,055.75,07.89,000.00,0,050.00
00252,000126000,055.75,07.89,000.00,0,050.00
00253,000126500,055.75,07.88,000.00,0,050.00
00254,000127000,056.00,07.88,000.00,0,050.00
00255,000127500,055.75,07.88,000.00,0,050.00
00256,000128000,055.75,07.88,000.00,0,050.00
00257,000128500,055.00,07.88,000.00,0,050.00
00258,000129000,054.75,07.88,000.00,0,050.00
00259,000129500,055.25,07.89,000.00,0,050.00
00260,000130000,055.25,07.89,000.00,0,050.00
00261,000130500,055.25,07.89,000.00,0,050.00
00262,000131000,055.00,07.88,000.00,0,050.00
00263,000131500,055.00,07.90,000.00,0,050.00
00264,000132000,055.00,07.90,000.00,0,050.00
00265,000132500,055.00,07.90,000.00,0,050.00
00266,000133000,055.00,07.89,000.00,0,050.00
00267,000133500,054.75,07.88,000.00,0,050.00
00268,000134000,054.75,07.88,000.00,0,050.00
00269,000134500,054.50,07.89,000.00,0,050.00
00270,000135000,054.75,07.88,000.00,0,050.00
00271,000135500,054.75,07.88,000.00,0,050.00
00272,000136000,054.75,07.89,000.00,0,050.00
00273,000136500,054.50,07.90,000.00,0,050.00
00274,000137000,055.00,07.90,000.00,0,050.00
00275,000137500,055.00,07.90,000.00,0,050.00
00276,000138000,054.25,07.91,000.50,0,050.00
00277,000138500,054.25,07.89,000.00,0,050.00
00278,000139000,054.25,07.89,000.00,0,050.00
00279,000139500,054.25,07.89,000.00,0,050.00
00280,000140000,054.75,07.92,000.00,0,050.00
00281,000140500,054.75,07.89,000.00,0,050.00
00282,000141000,054.50,07.89,000.00,0,050.00
00283,000141500,054.50,07.89,000.00,0,050.00
00284,000142000,054.00,07.89,000.00,0,050.00
00285,000142500,054.25,07.89,000.00,0,050.00
00286,000143000,054.25,07.90,000.00,0,050.00
00287,000143500,054.25,07.90,000.00,0,050.00
00288,000144000,054.25,07.89,000.00,0,050.00
00289,000144500,054.25,07.89,000.00,0,050.00
00290,000145000,054.00,07.90,000.00,0,050.00
00291,000145500,054.00,07.90,000.00,0,050.00
00292,000146000,053.50,07.90,000.00,0,050.00
00293,000146500,054.00,07.90,000.00,0,050.00
00294,000147000,053.75,07.91,000.00,0,050.00
00295,000147500,053.75,07.91,000.00,0,050.00
00296,000148000,053.25,07.92,000.00,0,050.00
00297,000148500,053.50,07.92,000.00,0,050.00
00298,000149000,053.25,07.92,000.00,0,050.00
00299,000149500,053.25,07.92,000.00,0,050.00
00300,000150000,053.25,07.92,000.00,0,050.00
00301,000150500,053.75,07.92,000.00,0,050.00
00302,000151000,053.75,07.92,000.00,0,050.00
00303,000151500,053.50,07.94,000.00,0,050.00
00304,000152000,052.75,07.92,003.90,0,050.00
00305,000152500,052.75,07.92,000.00,0,050.00
00306,000153000,052.75,07.92,000.00,0,050.00
00307,000153500,053.25,07.92,000.00,0,050.00
00308,000154000,053.25,07.92,000.00,0,050.00
00309,000154500,052.75,07.92,000.00,0,050.00
00310,000155000,052.75,07.92,000.00,0,050.00
00311,000155500,052.50,07.92,000.00,0,050.00
00312,000156000,053.00,07.92,000.00,0,050.00
00313,000156500,052.75,07.92,000.00,0,050.00
00314,000157000,052.75,07.92,000.00,0,050.00
00315,000157500,052.75,07.92,000.00,0,050.00
00316,000158000,052.00,07.90,005.82,0,050.00
00317,000158500,052.75,07.90,000.00,0,050.00
00318,000159000,052.75,07.90,000.00,0,050.00
00319,000159500,052.25,07.90,000.00,0,050.00
00320,000160000,052.75,07.89,000.00,0,050.00
00321,000160500,052.25,07.88,000.00,0,050.00
00322,000161000,052.25,07.88,000.00,0,050.00
00323,000161500,052.00,07.88,000.00,0,050.00
00324,000162000,052.75,07.88,000.00,0,050.00
00325,000162500,052.50,07.88,000.00,0,050.00
00326,000163000,052.50,07.88,000.00,0,050.00
00327,000163500,052.00,07.89,000.00,0,050.00
00328,000164000,052.00,07.89,000.00,0,050.00
00329,000164500,052.00,07.89,000.00,0,050.00
00330,000165000,052.00,07.89,000.00,0,050.00
00331,000165500,051.75,07.89,000.00,0,050.00
00332,000166000,051.50,07.89,000.00,0,050.00
00333,000166500,052.00,07.88,000.00,0,050.00
00334,000167000,052.00,07.88,000.00,0,050.00
00335,000167500,051.75,07.88,000.00,0,050.00
00336,000168000,051.75,07.89,000.00,0,050.00
00337,000168500,051.75,07.89,000.00,0,050.00
00338,000169000,051.75,07.88,000.00,0,050.00
00339,000169500,051.25,07.88,000.00,0,050.00
00340,000170000,051.75,07.88,000.00,0,050.00
00341,000170500,051.75,07.88,000.00,0,050.00
00342,000171000,052.00,07.87,000.00,0,050.00
00343,000171500,051.50,07.87,000.00,0,050.00
00344,000172000,052.00,07.87,000.00,0,050.00
00345,000172500,052.00,07.87,000.00,0,050.00
00346,000173000,051.25,07.87,007.46,0,050.00
00347,000173500,051.25,07.87,000.00,0,050.00
00348,000174000,051.50,07.87,000.00,0,050.00
00349,000174500,051.50,07.87,000.00,0,050.00
00350,000175000,051.25,07.88,000.00,0,050.00
00351,000175500,051.50,07.87,000.00,0,050.00
00352,000176000,050.75,07.87,008.88,0,050.00
00353,000176500,050.75,07.87,000.00,0,050.00
00354,000177000,051.00,07.88,000.00,0,050.00
00355,000177500,051.50,07.88,000.00,0,050.00
00356,000178000,051.25,07.88,000.00,0,050.00
00357,000178500,051.25,07.88,000.00,0,050.00
00358,000179000,051.00,07.88,000.00,0,050.00
00359,000179500,050.75,07.88,000.00,0,050.00
00360,000180000,050.75,07.90,000.00,0,050.00
00361,000180500,050.75,07.90,000.00,0,050.21
00362,000181000,051.00,07.88,000.00,0,050.42
00363,000181500,050.00,07.88,031.25,0,050.62
00364,000182000,050.25,07.89,000.00,0,050.83
00365,000182500,050.25,07.89,000.00,0,051.04
00366,000183000,050.50,07.88,000.00,0,051.25
00367,000183500,050.50,07.89,000.00,0,051.46
00368,000184000,050.50,07.89,000.00,0,051.67
00369,000184500,050.00,07.88,015.06,0,051.88
00370,000185000,049.75,07.89,006.46,0,052.08
00371,000185500,050.00,07.89,000.00,0,052.29
00372,000186000,050.00,07.89,000.00,0,052.50
00373,000186500,050.00,07.90,000.00,0,052.71
00374,000187000,049.50,07.90,019.82,0,052.92
00375,000187500,049.75,07.89,000.00,0,053.12
00376,000188000,049.75,07.89,000.39,0,053.33
00377,000188500,049.75,07.89,001.05,0,053.54
00378,000189000,050.00,07.89,000.00,0,053.75
00379,000189500,049.50,07.90,023.14,0,053.96
00380,000190000,049.50,07.90,003.81,0,054.17
00381,000190500,050.00,07.89,000.00,0,054.38
00382,000191000,049.00,07.92,046.66,0,054.58
00383,000191500,049.50,07.92,000.00,0,054.79
00384,000192000,049.50,07.92,006.52,0,055.00
00385,000192500,049.75,07.93,000.00,0,055.21
00386,000193000,049.75,07.93,007.13,0,055.42
00387,000193500,049.50,07.92,018.56,0,055.62
00388,000194000,049.50,07.92,009.25,0,055.83
00389,000194500,049.25,07.92,020.69,0,056.04
00390,000195000,049.25,07.91,011.39,0,056.25
00391,000195500,049.50,07.92,001.33,0,056.46
00392,000196000,049.50,07.92,012.03,0,056.67
00393,000196500,049.00,07.92,034.23,0,056.88
00394,000197000,049.25,07.93,004.19,0,057.08
00395,000197500,049.00,07.93,025.65,0,057.29
00396,000198000,049.00,07.93,016.36,0,057.50
00397,000198500,049.25,07.92,006.32,0,057.71
00398,000199000,048.75,07.91,038.53,0,057.92
00399,000199500,048.75,07.91,019.25,0,058.12
00400,000200000,048.50,07.93,030.72,0,058.33
00401,000200500,049.25,07.89,000.00,0,058.54
00402,000201000,048.75,07.92,041.42,0,058.75
00403,000201500,048.75,07.92,022.14,0,058.96
00404,000202000,048.75,07.92,022.87,0,059.17
00405,000202500,048.50,07.92,034.36,0,059.38
00406,000203000,048.50,07.93,025.09,0,059.58
00407,000203500,048.50,07.93,025.83,0,059.79
00408,000204000,048.75,07.92,015.82,0,060.00
00409,000204500,048.75,07.90,026.56,0,060.21
00410,000205000,049.00,07.92,016.55,0,060.42
00411,000205500,049.00,07.92,027.29,0,060.62
00412,000206000,049.00,07.91,028.03,0,060.83
00413,000206500,048.50,07.90,050.28,0,061.04
00414,000207000,049.00,07.90,009.53,0,061.25
00415,000207500,049.00,07.90,030.28,0,061.46
00416,000208000,048.50,07.92,052.54,0,061.67
00417,000208500,049.25,07.92,001.04,0,061.88
00418,000209000,048.75,07.91,053.30,0,062.08
00419,000209500,048.75,07.91,034.06,0,062.29
00420,000210000,048.75,07.92,034.82,0,062.50
00421,000210500,048.75,07.90,035.58,0,062.71
00422,000211000,048.50,07.89,047.10,0,062.92
00423,000211500,048.50,07.89,037.87,0,063.12
00424,000212000,049.00,07.90,017.14,0,063.33
00425,000212500,049.00,07.90,037.91,0,063.54
00426,000213000,048.75,07.90,049.44,0,063.75
00427,000213500,048.75,07.90,040.21,0,063.96
00428,000214000,049.25,07.92,019.49,0,064.17
00429,000214500,048.75,07.91,061.77,0,064.38
00430,000215000,049.00,07.90,031.80,0,064.58
00431,000215500,049.00,07.90,042.58,0,064.79
00432,000216000,049.50,07.88,021.86,0,065.00
00433,000216500,049.00,07.88,064.15,0,065.21
00434,000217000,049.00,07.88,044.94,0,065.42
00435,000217500,049.25,07.88,034.98,0,065.62
00436,000218000,049.50,07.88,035.02,0,065.83
00437,000218500,049.00,07.88,067.31,0,066.04
00438,000219000,049.00,07.88,048.11,0,066.25
00439,000219500,049.00,07.88,048.91,0,066.46
00440,000220000,050.00,07.88,006.70,0,066.67
00441,000220500,049.50,07.89,069.00,0,066.88
00442,000221000,049.50,07.89,049.80,0,067.08
00443,000221500,050.00,07.89,029.10,0,067.29
00444,000222000,049.75,07.88,060.65,0,067.50
00445,000222500,050.25,07.88,029.95,0,067.71
00446,000223000,050.25,07.88,050.75,0,067.92
00447,000223500,050.50,07.88,040.80,0,068.12
00448,000224000,050.25,07.88,062.36,0,068.33
00449,000224500,050.75,07.89,031.66,0,068.54
00450,000225000,050.75,07.89,052.47,0,068.75
00451,000225500,050.75,07.89,053.27,0,068.96
00452,000226000,050.50,07.87,064.84,0,069.17
00453,000226500,050.50,07.88,055.65,0,069.38
00454,000227000,050.50,07.88,056.47,0,069.58
00455,000227500,051.50,07.88,014.27,0,069.79
00456,000228000,051.25,07.89,065.84,0,070.00
00457,000228500,051.00,07.87,067.40,0,070.21
00458,000229000,051.00,07.87,058.22,0,070.42
00459,000229500,051.00,07.88,059.04,0,070.62
00460,000230000,052.00,07.88,016.86,0,070.83
00461,000230500,052.00,07.88,057.67,0,071.04
00462,000231000,052.00,07.88,058.49,0,071.25
00463,000231500,052.00,07.90,059.31,0,071.46
00464,000232000,052.25,07.88,049.38,0,071.67
00465,000232500,052.25,07.88,060.20,0,071.88
00466,000233000,052.75,07.88,039.52,0,072.08
00467,000233500,052.50,07.87,071.09,0,072.29
00468,000234000,053.00,07.88,040.41,0,072.50
00469,000234500,053.00,07.88,061.23,0,072.71
00470,000235000,053.50,07.88,040.55,0,072.92
00471,000235500,054.00,07.88,039.87,0,073.12
00472,000236000,053.50,07.87,082.19,0,073.33
00473,000236500,053.50,07.87,063.02,0,073.54
00474,000237000,054.25,07.87,031.59,0,073.75
00475,000237500,054.50,07.88,051.66,0,073.96
00476,000238000,055.00,07.88,040.97,0,074.17
00477,000238500,055.00,07.88,061.79,0,074.38
00478,000239000,055.25,07.87,051.86,0,074.58
00479,000239500,055.50,07.87,051.93,0,074.79
00480,000240000,055.25,07.88,073.50,0,075.00
00481,000240500,055.25,07.88,066.12,0,075.25
00482,000241000,055.25,07.88,067.07,0,075.50
00483,000241500,056.00,07.90,035.77,0,075.75
00484,000242000,056.25,07.90,055.97,0,076.00
00485,000242500,056.25,07.90,066.91,0,076.25
00486,000243000,056.50,07.92,057.12,0,076.50
00487,000243500,000.00,07.92,100.00,0,076.75
00488,000244000,057.25,07.93,000.00,0,077.00
00489,000244500,057.25,07.93,068.28,0,077.25
00490,000245000,057.75,07.90,047.73,0,077.50
00491,000245500,058.25,07.91,047.17,0,077.75
00492,000246000,058.00,07.90,078.87,0,078.00
00493,000246500,058.00,07.90,069.83,0,078.25
00494,000247000,058.50,07.90,049.27,0,078.50
00495,000247500,058.75,07.89,059.48,0,078.75
00496,000248000,058.75,07.89,070.43,0,079.00
00497,000248500,059.25,07.92,049.88,0,079.25
00498,000249000,059.50,07.94,060.08,0,079.50
00499,000249500,060.00,07.95,049.52,0,079.75
00500,000250000,060.00,07.95,070.47,0,080.00
00501,000250500,060.50,07.93,049.92,0,080.25
00502,000251000,060.50,07.93,070.87,0,080.50
00503,000251500,061.00,07.93,050.32,0,080.75
00504,000252000,061.00,07.93,071.27,0,081.00
00505,000252500,061.25,07.93,061.47,0,081.25
00506,000253000,061.50,07.94,061.67,0,081.50
00507,000253500,061.75,07.93,061.87,0,081.75
00508,000254000,061.75,07.93,072.82,0,082.00
00509,000254500,062.50,07.93,041.52,0,082.25
00510,000255000,063.00,07.92,050.97,0,082.50
00511,000255500,063.75,07.93,039.66,0,082.75
00512,000256000,063.75,07.93,070.60,0,083.00
00513,000256500,063.50,07.93,082.30,0,083.25
00514,000257000,064.00,07.92,051.74,0,083.50
00515,000257500,064.50,07.90,051.18,0,083.75
00516,000258000,064.50,07.90,072.13,0,084.00
00517,000258500,065.00,07.93,051.57,0,084.25
00518,000259000,000.00,07.92,100.00,0,084.50
00519,000259500,066.00,07.91,000.00,0,084.75
00520,000260000,066.00,07.91,072.04,0,085.00
00521,000260500,066.00,07.91,072.98,0,085.25
00522,000261000,066.50,07.91,052.42,0,085.50
00523,000261500,067.25,07.92,041.11,0,085.75
00524,000262000,067.25,07.92,072.05,0,086.00
00525,000262500,067.50,07.92,062.23,0,086.25
00526,000263000,000.00,07.90,100.00,0,086.50
00527,000263500,068.75,07.92,000.00,0,086.75
00528,000264000,068.75,07.92,071.96,0,087.00
00529,000264500,1536.00,07.92,000.00,0,087.25
00530,000265000,070.00,07.89,100.00,0,087.50
00531,000265500,070.00,07.89,056.33,0,087.75
00532,000266000,069.50,07.90,078.76,0,088.00
00533,000266500,070.75,07.89,005.94,0,088.25
00534,000267000,070.75,07.89,056.87,0,088.50
00535,000267500,070.75,07.89,057.80,0,088.75
00536,000268000,071.50,07.88,026.47,0,089.00
00537,000268500,071.50,07.90,057.40,0,089.25
00538,000269000,072.25,07.92,026.07,0,089.50
00539,000269500,072.25,07.92,056.99,0,089.75
00540,000270000,073.00,07.91,025.66,0,090.00
00541,000270500,073.50,07.93,035.08,0,090.25
00542,000271000,073.25,07.90,066.75,0,090.50
00543,000271500,073.25,07.90,057.68,0,090.75
00544,000272000,074.25,07.88,015.60,0,091.00
00545,000272500,074.00,07.90,067.27,0,091.25
00546,000273000,512.00,07.91,000.00,0,091.50
00547,000273500,512.00,07.91,000.00,0,091.75
00548,000274000,075.25,07.92,100.00,0,092.00
00549,000274500,075.75,07.92,026.95,0,092.25
00550,000275000,075.75,07.92,047.86,0,092.50
00551,000275500,075.75,07.92,048.78,0,092.75
00552,000276000,076.75,07.94,006.70,0,093.00
00553,000276500,077.00,07.93,036.86,0,093.25
00554,000277000,1024.00,07.93,000.00,0,093.50
00555,000277500,1024.00,07.93,000.00,0,093.75
00556,000278000,078.00,07.92,100.00,0,094.00
00557,000278500,077.75,07.93,039.33,0,094.25
00558,000279000,078.75,07.94,000.00,0,094.50
00559,000279500,078.75,07.94,028.14,0,094.75
00560,000280000,079.25,07.93,007.55,0,095.00
00561,000280500,078.75,07.94,049.97,0,095.25
00562,000281000,078.75,07.94,030.88,0,095.50
00563,000281500,079.75,07.93,000.00,0,095.75
00564,000282000,079.75,07.92,029.70,0,096.00
00565,000282500,080.50,07.93,000.00,0,096.25
00566,000283000,080.50,07.93,029.27,0,096.50
00567,000283500,081.25,07.92,000.00,0,096.75
00568,000284000,081.50,07.92,018.08,0,097.00
00569,000284500,082.00,07.92,007.48,0,097.25
00570,000285000,082.00,07.92,028.39,0,097.50
00571,000285500,082.25,07.91,018.54,0,097.75
00572,000286000,082.25,07.93,029.45,0,098.00
00573,000286500,083.25,07.92,000.00,0,098.25
00574,000287000,083.25,07.92,028.25,0,098.50
00575,000287500,083.00,07.94,039.91,0,098.75
00576,000288000,083.75,07.93,000.00,0,099.00
00577,000288500,084.00,07.92,018.72,0,099.25
00578,000289000,084.00,07.92,029.62,0,099.50
00579,000289500,084.25,07.92,019.78,0,099.75
00580,000290000,084.75,07.93,009.18,0,100.00
00581,000290500,084.50,07.93,040.84,0,100.25
00582,000291000,084.50,07.93,031.75,0,100.50
00583,000291500,085.00,07.94,011.16,0,100.75
00584,000292000,085.50,07.95,010.56,0,101.00
00585,000292500,085.75,07.94,020.71,0,101.25
00586,000293000,085.75,07.94,031.62,0,101.50
00587,000293500,086.00,07.93,021.78,0,101.75
00588,000294000,086.25,07.94,021.94,0,102.00
00589,000294500,086.50,07.96,022.09,0,102.25
00590,000295000,086.50,07.96,033.00,0,102.50
00591,000295500,086.75,07.96,023.16,0,102.75
00592,000296000,087.00,07.95,023.32,0,103.00
00593,000296500,087.00,07.95,034.24,0,103.25
00594,000297000,1024.00,07.94,000.00,0,103.50
00595,000297500,087.00,07.94,100.00,0,103.75
00596,000298000,088.00,07.93,000.00,0,104.00
00597,000298500,088.00,07.93,025.52,0,104.25
00598,000299000,088.00,07.93,026.44,0,104.50
00599,000299500,088.00,07.94,027.35,0,104.75
00600,000300000,088.50,07.95,006.77,0,105.00
00601,000300500,088.50,07.95,029.48,0,105.29
00602,000301000,088.50,07.96,030.53,0,105.58
00603,000301500,088.75,07.95,020.82,0,105.88
00604,000302000,088.50,07.96,042.62,0,106.17
00605,000302500,088.50,07.96,033.68,0,106.46
00606,000303000,088.50,07.95,034.74,0,106.75
00607,000303500,089.75,07.94,000.00,0,107.04
00608,000304000,089.50,07.94,043.84,0,107.33
00609,000304500,089.50,07.94,034.89,0,107.62
00610,000305000,089.50,07.94,035.95,0,107.92
00611,000305500,090.25,07.95,004.76,0,108.21
00612,000306000,090.50,07.95,025.06,0,108.50
00613,000306500,090.50,07.95,036.12,0,108.79
00614,000307000,090.50,07.95,037.18,0,109.08
00615,000307500,090.75,07.94,027.49,0,109.38
00616,000308000,090.50,07.95,049.31,0,109.67
00617,000308500,090.50,07.95,040.38,0,109.96
00618,000309000,512.00,07.95,000.00,0,110.25
00619,000309500,091.75,07.94,100.00,0,110.54
00620,000310000,1792.00,07.95,000.00,0,110.83
00621,000310500,1792.00,07.95,000.00,0,111.12
00622,000311000,091.25,07.94,100.00,0,111.42
00623,000311500,092.00,07.94,000.00,0,111.71
00624,000312000,091.50,07.95,026.66,0,112.00
00625,000312500,091.50,07.95,007.74,0,112.29
00626,000313000,092.00,07.94,000.00,0,112.58
00627,000313500,092.75,07.94,000.00,0,112.88
00628,000314000,092.75,07.94,007.23,0,113.17
00629,000314500,092.50,07.95,019.06,0,113.46
00630,000315000,093.25,07.95,000.00,0,113.75
00631,000315500,093.00,07.95,019.73,0,114.04
00632,000316000,093.00,07.95,010.81,0,114.33
00633,000316500,092.75,07.95,022.66,0,114.62
00634,000317000,093.75,07.93,000.00,0,114.92
00635,000317500,093.25,07.93,033.34,0,115.21
00636,000318000,093.25,07.93,014.44,0,115.50
00637,000318500,093.75,07.93,000.00,0,115.79
00638,000319000,094.00,07.93,004.38,0,116.08
00639,000319500,094.50,07.92,000.00,0,116.38
00640,000320000,094.50,07.92,015.07,0,116.67
00641,000320500,094.50,07.91,016.17,0,116.96
00642,000321000,094.50,07.93,017.27,0,117.25
00643,000321500,095.00,07.92,000.00,0,117.54
00644,000322000,095.00,07.92,017.97,0,117.83
00645,000322500,095.00,07.92,019.08,0,118.12
00646,000323000,094.50,07.93,041.69,0,118.42
00647,000323500,095.25,07.94,000.00,0,118.71
00648,000324000,095.25,07.94,021.67,0,119.00
00649,000324500,094.75,07.94,044.29,0,119.29
00650,000325000,095.25,07.93,003.91,0,119.58
00651,000325500,095.50,07.92,014.27,0,119.88
00652,000326000,095.50,07.92,025.40,0,120.17
00653,000326500,000.00,07.93,100.00,0,120.46
00654,000327000,095.75,07.92,000.00,0,120.75
00655,000327500,095.25,07.90,050.48,0,121.04
00656,000328000,095.25,07.90,031.62,0,121.33
00657,000328500,095.25,07.92,032.76,0,121.62
00658,000329000,095.25,07.92,033.90,0,121.92
00659,000329500,095.25,07.92,035.04,0,122.21
00660,000330000,096.00,07.91,003.93,0,122.50
00661,000330500,096.00,07.90,035.08,0,122.79
00662,000331000,096.00,07.90,036.22,0,123.08
00663,000331500,096.00,07.90,037.37,0,123.38
00664,000332000,096.00,07.93,038.52,0,123.67
00665,000332500,096.00,07.92,039.68,0,123.96
00666,000333000,096.50,07.92,019.33,0,124.25
00667,000333500,096.50,07.92,040.49,0,124.54
00668,000334000,096.50,07.90,041.64,0,124.83
00669,000334500,096.00,07.89,064.31,0,125.12
00670,000335000,096.25,07.90,034.73,0,125.42
00671,000335500,096.25,07.90,045.90,0,125.71
00672,000336000,096.25,07.89,047.07,0,126.00
00673,000336500,097.00,07.88,015.99,0,126.29
00674,000337000,097.00,07.89,047.16,0,126.58
00675,000337500,097.00,07.89,048.33,0,126.88
00676,000338000,096.75,07.88,060.26,0,127.17
00677,000338500,097.25,07.89,029.94,0,127.46
00678,000339000,097.50,07.88,040.37,0,127.75
00679,000339500,097.50,07.88,051.55,0,128.04
00680,000340000,097.50,07.88,052.73,0,128.33
00681,000340500,097.25,07.88,064.67,0,128.62
00682,000341000,098.00,07.87,023.60,0,128.92
00683,000341500,098.00,07.87,054.79,0,129.21
00684,000342000,000.00,07.87,100.00,0,129.50
00685,000342500,098.00,07.87,000.00,0,129.79
00686,000343000,097.75,07.88,070.10,0,130.08
00687,000343500,097.75,07.88,061.30,0,130.38
00688,000344000,000.00,07.85,100.00,0,130.67
00689,000344500,099.00,07.86,000.00,0,130.96
00690,000345000,099.00,07.86,062.13,0,131.25
00691,000345500,098.50,07.86,084.83,0,131.54
00692,000346000,099.50,07.86,023.03,0,131.83
00693,000346500,099.25,07.87,074.98,0,132.12
00694,000347000,099.25,07.87,066.19,0,132.42
00695,000347500,099.75,07.86,045.89,0,132.71
00696,000348000,099.75,07.88,067.10,0,133.00
00697,000348500,100.00,07.86,057.56,0,133.29
00698,000349000,100.00,07.86,068.77,0,133.58
00699,000349500,100.50,07.87,048.48,0,133.88
00700,000350000,100.75,07.86,058.94,0,134.17
00701,000350500,101.00,07.88,059.40,0,134.46
00702,000351000,101.00,07.88,070.61,0,134.75
00703,000351500,101.25,07.88,061.07,0,135.04
00704,000352000,101.00,07.90,083.04,0,135.33
00705,000352500,101.75,07.88,042.01,0,135.62
00706,000353000,101.75,07.88,073.22,0,135.92
00707,000353500,102.25,07.88,052.94,0,136.21
00708,000354000,102.50,07.88,063.40,0,136.50
00709,000354500,102.50,07.87,074.62,0,136.79
00710,000355000,102.50,07.87,075.84,0,137.08
00711,000355500,103.00,07.88,055.56,0,137.38
00712,000356000,102.75,07.88,087.53,0,137.67
00713,000356500,103.75,07.88,035.75,0,137.96
00714,000357000,103.75,07.88,076.97,0,138.25
00715,000357500,103.50,07.87,088.95,0,138.54
00716,000358000,104.25,07.88,047.92,0,138.83
00717,000358500,104.00,07.88,089.89,0,139.12
00718,000359000,104.00,07.88,081.12,0,139.42
00719,000359500,105.00,07.88,039.34,0,139.71
00720,000360000,105.50,07.87,059.06,0,140.00
00721,000360500,105.75,07.86,064.16,0,140.17
00722,000361000,105.75,07.86,075.00,0,140.33
00723,000361500,106.00,07.86,065.10,0,140.50
00724,000362000,106.25,07.86,065.19,0,140.67
00725,000362500,106.25,07.86,076.04,0,140.83
00726,000363000,106.50,07.84,066.13,0,141.00
00727,000363500,107.25,07.86,044.72,0,141.17
00728,000364000,107.25,07.86,075.56,0,141.33
00729,000364500,107.25,07.86,076.41,0,141.50
00730,000365000,107.75,07.84,055.75,0,141.67
00731,000365500,107.50,07.85,087.34,0,141.83
00732,000366000,108.25,07.87,045.93,0,142.00
00733,000366500,108.25,07.87,076.77,0,142.17
00734,000367000,108.75,07.86,056.10,0,142.33
00735,000367500,109.00,07.85,066.19,0,142.50
00736,000368000,109.50,07.86,055.52,0,142.67
00737,000368500,109.50,07.86,076.35,0,142.83
00738,000369000,110.50,07.86,034.18,0,143.00
00739,000369500,110.75,07.85,064.25,0,143.17
00740,000370000,111.00,07.84,064.32,0,143.33
00741,000370500,111.00,07.84,075.15,0,143.50
00742,000371000,111.25,07.85,065.22,0,143.67
00743,000371500,112.25,07.85,033.04,0,143.83
00744,000372000,112.75,07.84,052.35,0,144.00
00745,000372500,112.75,07.84,073.17,0,144.17
00746,000373000,113.00,07.85,063.23,0,144.33
00747,000373500,113.50,07.85,052.54,0,144.50
00748,000374000,114.00,07.85,051.85,0,144.67
00749,000374500,114.00,07.85,072.65,0,144.83
00750,000375000,114.50,07.83,051.96,0,145.00
00751,000375500,114.50,07.82,072.77,0,145.17
00752,000376000,115.25,07.84,041.32,0,145.33
00753,000376500,115.25,07.84,072.12,0,145.50
00754,000377000,115.25,07.84,072.92,0,145.67
00755,000377500,116.00,07.84,041.47,0,145.83
00756,000378000,116.00,07.84,072.27,0,146.00
00757,000378500,116.75,07.84,040.82,0,146.17
00758,000379000,116.75,07.83,071.61,0,146.33
00759,000379500,117.75,07.83,029.40,0,146.50
00760,000380000,117.75,07.83,070.19,0,146.67
00761,000380500,118.50,07.83,038.72,0,146.83
00762,000381000,118.25,07.82,080.26,0,147.00
00763,000381500,119.00,07.81,038.79,0,147.17
00764,000382000,119.00,07.81,069.57,0,147.33
00765,000382500,119.25,07.82,059.61,0,147.50
00766,000383000,119.75,07.81,048.89,0,147.67
00767,000383500,119.75,07.81,069.67,0,147.83
00768,000384000,119.75,07.81,070.45,0,148.00
00769,000384500,120.50,07.82,038.98,0,148.17
00770,000385000,121.25,07.81,037.50,0,148.33
00771,000385500,121.50,07.81,057.52,0,148.50
00772,000386000,121.50,07.81,068.29,0,148.67
00773,000386500,122.00,07.83,047.56,0,148.83
00774,000387000,122.00,07.83,068.33,0,149.00
00775,000387500,122.75,07.81,036.84,0,149.17
00776,000388000,122.75,07.81,067.61,0,149.33
00777,000388500,123.25,07.81,046.87,0,149.50
00778,000389000,123.25,07.80,067.63,0,149.67
00779,000389500,123.50,07.81,057.65,0,149.83
00780,000390000,123.50,07.81,068.41,0,150.00
00781,000390500,124.50,07.80,026.17,0,150.17
00782,000391000,124.75,07.79,056.17,0,150.33
00783,000391500,125.00,07.80,056.18,0,150.50
00784,000392000,125.00,07.80,066.94,0,150.67
00785,000392500,125.75,07.81,035.44,0,150.83
00786,000393000,126.75,07.81,023.18,0,151.00
00787,000393500,126.75,07.81,063.92,0,151.17
00788,000394000,126.75,07.81,064.67,0,151.33
00789,000394500,127.50,07.81,033.16,0,151.50
00790,000395000,128.00,07.82,042.40,0,151.67
00791,000395500,128.00,07.82,063.13,0,151.83
00792,000396000,128.00,07.81,063.87,0,152.00
00793,000396500,129.00,07.83,021.61,0,152.17
00794,000397000,129.25,07.82,051.59,0,152.33
00795,000397500,129.25,07.82,062.32,0,152.50
00796,000398000,129.50,07.82,052.30,0,152.67
00797,000398500,130.00,07.83,041.53,0,152.83
00798,000399000,130.75,07.82,030.00,0,153.00
00799,000399500,130.75,07.82,060.73,0,153.17
00800,000400000,130.75,07.80,061.45,0,153.33
00801,000400500,131.25,07.80,040.67,0,153.50
00802,000401000,131.50,07.81,050.65,0,153.67
00803,000401500,131.50,07.81,061.37,0,153.83
00804,000402000,132.00,07.81,040.59,0,154.00
00805,000402500,132.50,07.81,039.81,0,154.17
00806,000403000,133.00,07.82,039.02,0,154.33
00807,000403500,133.00,07.82,059.73,0,154.50
00808,000404000,133.50,07.82,038.95,0,154.67
00809,000404500,133.75,07.81,048.91,0,154.83
00810,000405000,133.75,07.80,059.62,0,155.00
00811,000405500,133.75,07.80,060.33,0,155.17
00812,000406000,134.75,07.80,018.04,0,155.33
00813,000406500,135.00,07.81,047.99,0,155.50
00814,000407000,135.50,07.81,037.20,0,155.67
00815,000407500,135.50,07.81,057.90,0,155.83
00816,000408000,135.25,07.81,069.36,0,156.00
00817,000408500,136.00,07.81,027.81,0,156.17
00818,000409000,136.75,07.80,026.25,0,156.33
00819,000409500,136.75,07.80,056.95,0,156.50
00820,000410000,137.25,07.81,036.15,0,156.67
00821,000410500,137.50,07.81,046.09,0,156.83
00822,000411000,137.50,07.81,056.78,0,157.00
00823,000411500,137.75,07.82,046.73,0,157.17
00824,000412000,137.50,07.81,068.18,0,157.33
00825,000412500,137.50,07.80,058.88,0,157.50
00826,000413000,137.50,07.80,059.58,0,157.67
00827,000413500,138.25,07.80,028.02,0,157.83
00828,000414000,138.75,07.79,037.22,0,158.00
00829,000414500,138.75,07.80,057.91,0,158.17
00830,000415000,138.75,07.80,058.61,0,158.33
00831,000415500,139.00,07.80,048.55,0,158.50
00832,000416000,139.25,07.79,048.50,0,158.67
00833,000416500,139.75,07.79,037.69,0,158.83
00834,000417000,139.75,07.79,058.38,0,159.00
00835,000417500,140.25,07.80,037.57,0,159.17
00836,000418000,140.25,07.81,058.26,0,159.33
00837,000418500,140.75,07.83,037.45,0,159.50
00838,000419000,140.75,07.83,058.14,0,159.67
00839,000419500,141.00,07.81,048.07,0,159.83
00840,000420000,141.00,07.81,058.76,0,160.00
00841,000420500,141.00,07.83,059.46,0,160.17
00842,000421000,141.00,07.83,060.15,0,160.33
00843,000421500,141.25,07.81,050.09,0,160.50
00844,000422000,142.25,07.80,017.78,0,160.67
00845,000422500,142.00,07.80,069.21,0,160.83
00846,000423000,142.00,07.80,059.90,0,161.00
00847,000423500,142.00,07.79,060.60,0,161.17
00848,000424000,143.00,07.79,018.28,0,161.33
00849,000424500,142.75,07.79,069.72,0,161.50
00850,000425000,142.75,07.79,060.41,0,161.67
00851,000425500,142.75,07.79,061.10,0,161.83
00852,000426000,143.25,07.79,040.28,0,162.00
00853,000426500,143.25,07.79,060.97,0,162.17
00854,000427000,143.75,07.81,040.16,0,162.33
00855,000427500,144.00,07.80,050.09,0,162.50
00856,000428000,144.00,07.79,060.78,0,162.67
00857,000428500,144.00,07.79,061.47,0,162.83
00858,000429000,143.50,07.79,083.66,0,163.00
00859,000429500,144.00,07.80,042.86,0,163.17
00860,000430000,144.75,07.81,031.29,0,163.33
00861,000430500,144.75,07.81,061.98,0,163.50
00862,000431000,144.50,07.80,073.42,0,163.67
00863,000431500,145.25,07.80,031.86,0,163.83
00864,000432000,145.50,07.81,051.79,0,164.00
00865,000432500,145.50,07.81,062.48,0,164.17
00866,000433000,145.75,07.80,052.41,0,164.33
00867,000433500,146.50,07.78,030.84,0,164.50
00868,000434000,146.00,07.78,083.03,0,164.67
00869,000434500,146.00,07.78,063.72,0,164.83
00870,000435000,147.00,07.79,021.40,0,165.00
00871,000435500,146.75,07.79,072.83,0,165.17
00872,000436000,147.25,07.78,042.01,0,165.33
00873,000436500,147.25,07.78,062.70,0,165.50
00874,000437000,148.00,07.79,031.12,0,165.67
00875,000437500,148.25,07.78,051.05,0,165.83
00876,000438000,148.75,07.79,040.22,0,166.00
00877,000438500,148.75,07.79,060.90,0,166.17
00878,000439000,149.25,07.78,040.07,0,166.33
00879,000439500,149.25,07.77,060.74,0,166.50
00880,000440000,149.75,07.79,039.91,0,166.67
00881,000440500,149.75,07.79,060.58,0,166.83
00882,000441000,150.50,07.80,028.99,0,167.00
00883,000441500,151.00,07.78,038.16,0,167.17
00884,000442000,151.00,07.78,058.82,0,167.33
00885,000442500,151.50,07.80,037.98,0,167.50
00886,000443000,151.50,07.79,058.64,0,167.67
00887,000443500,152.00,07.77,037.80,0,167.83
00888,000444000,152.00,07.77,058.46,0,168.00
00889,000444500,151.75,07.79,069.87,0,168.17
00890,000445000,152.75,07.78,017.53,0,168.33
00891,000445500,153.00,07.80,047.43,0,168.50
00892,000446000,153.00,07.80,058.09,0,168.67
00893,000446500,153.25,07.80,048.00,0,168.83
00894,000447000,153.25,07.79,058.65,0,169.00
00895,000447500,153.00,07.79,070.07,0,169.17
00896,000448000,153.00,07.79,060.73,0,169.33
00897,000448500,153.50,07.79,039.89,0,169.50
00898,000449000,153.50,07.78,060.55,0,169.67
00899,000449500,153.25,07.77,071.97,0,169.83
00900,000450000,153.25,07.77,062.63,0,170.00
00901,000450500,153.50,07.78,052.55,0,170.17
00902,000451000,153.25,07.77,073.97,0,170.33
00903,000451500,153.25,07.77,064.64,0,170.50
00904,000452000,153.25,07.77,065.32,0,170.67
00905,000452500,153.25,07.76,065.99,0,170.83
00906,000453000,153.50,07.76,055.92,0,171.00
00907,000453500,154.00,07.77,045.09,0,171.17
00908,000454000,154.00,07.77,065.76,0,171.33
00909,000454500,154.25,07.77,055.69,0,171.50
00910,000455000,153.50,07.75,098.62,0,171.67
00911,000455500,154.00,07.76,047.80,0,171.83
00912,000456000,154.00,07.76,068.48,0,172.00
00913,000456500,154.50,07.76,047.65,0,172.17
00914,000457000,155.00,07.76,046.83,0,172.33
00915,000457500,154.75,07.77,078.25,0,172.50
00916,000458000,154.75,07.77,068.93,0,172.67
00917,000458500,155.50,07.76,037.36,0,172.83
00918,000459000,155.25,07.76,078.78,0,173.00
00919,000459500,155.25,07.76,069.46,0,173.17
00920,000460000,156.25,07.76,027.13,0,173.33
00921,000460500,156.50,07.78,057.05,0,173.50
00922,000461000,156.75,07.77,056.97,0,173.67
00923,000461500,156.75,07.77,067.64,0,173.83
00924,000462000,156.75,07.77,068.32,0,174.00
00925,000462500,156.75,07.75,068.99,0,174.17
00926,000463000,157.00,07.75,058.91,0,174.33
00927,000463500,157.00,07.75,069.59,0,174.50
00928,000464000,157.00,07.76,070.27,0,174.67
00929,000464500,157.25,07.75,060.19,0,174.83
00930,000465000,157.75,07.76,049.36,0,175.00
00931,000465500,157.75,07.76,070.04,0,175.17
00932,000466000,158.00,07.76,059.96,0,175.33
00933,000466500,158.25,07.75,059.88,0,175.50
00934,000467000,158.25,07.76,070.56,0,175.67
00935,000467500,158.25,07.76,071.23,0,175.83
00936,000468000,158.50,07.75,061.16,0,176.00
00937,000468500,158.75,07.75,061.08,0,176.17
00938,000469000,159.00,07.75,061.01,0,176.33
00939,000469500,159.00,07.75,071.68,0,176.50
00940,000470000,159.00,07.74,072.36,0,176.67
00941,000470500,159.25,07.75,062.28,0,176.83
00942,000471000,159.75,07.75,051.46,0,177.00
00943,000471500,159.75,07.75,072.13,0,177.17
00944,000472000,160.25,07.76,051.30,0,177.33
00945,000472500,160.25,07.75,071.97,0,177.50
00946,000473000,160.75,07.75,051.14,0,177.67
00947,000473500,160.75,07.75,071.81,0,177.83
00948,000474000,161.00,07.75,061.73,0,178.00
00949,000474500,161.25,07.75,061.65,0,178.17
00950,000475000,161.25,07.75,072.32,0,178.33
00951,000475500,161.25,07.76,073.00,0,178.50
00952,000476000,162.00,07.75,041.41,0,178.67
00953,000476500,161.50,07.73,093.59,0,178.83
00954,000477000,161.50,07.73,074.26,0,179.00
00955,000477500,161.75,07.74,064.19,0,179.17
00956,000478000,162.25,07.75,053.36,0,179.33
00957,000478500,162.25,07.75,074.03,0,179.50
00958,000479000,162.25,07.75,074.70,0,179.67
00959,000479500,162.75,07.74,053.87,0,179.83
00960,000480000,163.00,07.76,063.79,0,180.00
00961,000480500,163.25,07.75,056.55,0,180.00
00962,000481000,163.25,07.75,066.71,0,180.00
00963,000481500,163.50,07.75,056.13,0,180.00
00964,000482000,164.00,07.75,044.79,0,180.00
00965,000482500,164.50,07.76,043.44,0,180.00
00966,000483000,164.50,07.76,063.60,0,180.00
00967,000483500,165.00,07.76,042.25,0,180.00
00968,000484000,165.00,07.76,062.40,0,180.00
00969,000484500,165.50,07.75,041.04,0,180.00
00970,000485000,165.50,07.75,061.19,0,180.00
00971,000485500,165.50,07.76,061.33,0,180.00
00972,000486000,166.25,07.76,029.22,0,180.00
00973,000486500,166.50,07.77,048.60,0,180.00
00974,000487000,166.50,07.77,058.74,0,180.00
00975,000487500,166.50,07.77,058.88,0,180.00
00976,000488000,167.25,07.77,026.75,0,180.00
00977,000488500,167.50,07.76,046.13,0,180.00
00978,000489000,167.50,07.76,056.25,0,180.00
00979,000489500,167.50,07.77,056.38,0,180.00
00980,000490000,167.75,07.77,045.75,0,180.00
00981,000490500,167.75,07.77,084.55,0,180.67
00982,000491000,167.50,07.77,097.43,0,181.33
00983,000491500,168.50,07.77,046.57,0,182.00
00984,000492000,168.50,07.75,088.71,0,182.67
00985,000492500,168.50,07.75,090.86,0,183.33
00986,000493000,168.50,07.77,093.01,0,184.00
00987,000493500,169.00,07.76,073.67,0,184.67
00988,000494000,168.75,07.76,100.00,0,185.33
00989,000494500,168.75,07.76,098.76,0,186.00
00990,000495000,169.00,07.75,090.19,0,186.67
00991,000495500,169.50,07.74,080.86,0,187.33
00992,000496000,169.75,07.77,092.30,0,188.00
00993,000496500,169.75,07.77,100.00,0,188.67
00994,000497000,169.75,07.76,100.00,0,189.33
00995,000497500,170.25,07.75,087.38,0,190.00
00996,000498000,170.50,07.76,098.83,0,190.67
00997,000498500,170.50,07.76,100.00,0,191.33
00998,000499000,171.00,07.76,091.75,0,192.00
00999,000499500,171.50,07.76,092.46,0,192.67
01000,000500000,171.50,07.75,100.00,0,193.33
01001,000500500,171.50,07.75,100.00,0,194.00
01002,000501000,171.50,07.73,100.00,0,194.67
01003,000501500,172.25,07.75,089.12,0,195.33
01004,000502000,172.25,07.75,100.00,0,196.00
01005,000502500,172.25,07.75,100.00,0,196.67
01006,000503000,173.00,07.75,093.59,0,197.33
01007,000503500,173.25,07.74,100.00,0,198.00
01008,000504000,173.25,07.76,100.00,0,198.67
01009,000504500,173.25,07.76,100.00,0,199.33
01010,000505000,174.75,07.76,067.36,0,200.00
01011,000505500,175.00,07.77,100.00,0,200.67
01012,000506000,175.25,07.76,100.00,0,201.33
01013,000506500,175.25,07.76,100.00,0,202.00
01014,000507000,176.25,07.75,091.91,0,202.67
01015,000507500,176.00,07.76,100.00,0,203.33
01016,000508000,176.00,07.76,100.00,0,204.00
01017,000508500,177.00,07.77,096.49,0,204.67
01018,000509000,177.50,07.75,100.00,0,205.33
01019,000509500,178.50,07.76,096.54,0,206.00
01020,000510000,178.50,07.76,100.00,0,206.67
01021,000510500,178.50,07.77,100.00,0,207.33
01022,000511000,179.25,07.76,100.00,0,208.00
01023,000511500,180.00,07.78,100.00,0,208.67
01024,000512000,180.00,07.78,100.00,0,209.33
01025,000512500,179.75,07.77,100.00,0,210.00
01026,000513000,180.75,07.77,100.00,0,210.67
01027,000513500,181.50,07.76,100.00,0,211.33
01028,000514000,181.50,07.76,100.00,0,212.00
01029,000514500,181.75,07.77,100.00,0,212.67
01030,000515000,182.00,07.77,100.00,0,213.33
01031,000515500,182.75,07.78,100.00,0,214.00
01032,000516000,182.75,07.78,100.00,0,214.67
01033,000516500,183.50,07.78,100.00,0,215.33
01034,000517000,183.75,07.77,100.00,0,216.00
01035,000517500,185.00,07.77,100.00,0,216.67
01036,000518000,185.00,07.77,100.00,0,217.33
01037,000518500,185.50,07.76,100.00,0,218.00
01038,000519000,186.00,07.76,100.00,0,218.67
01039,000519500,187.00,07.77,100.00,0,219.33
01040,000520000,187.00,07.77,100.00,0,220.00
01041,000520500,187.25,07.78,100.00,0,220.67
01042,000521000,187.25,07.80,100.00,0,221.33
01043,000521500,188.25,07.79,100.00,0,222.00
01044,000522000,188.25,07.79,100.00,0,222.67
01045,000522500,189.00,07.77,100.00,0,223.33
01046,000523000,190.00,07.76,100.00,0,224.00
01047,000523500,190.00,07.76,100.00,0,224.67
01048,000524000,189.75,07.78,100.00,0,225.33
01049,000524500,190.50,07.79,100.00,0,226.00
01050,000525000,191.00,07.78,100.00,0,226.67
01051,000525500,191.00,07.78,100.00,0,227.33
01052,000526000,191.25,07.78,100.00,0,228.00
01053,000526500,192.25,07.78,100.00,0,228.67
01054,000527000,193.00,07.78,100.00,0,229.33
01055,000527500,193.00,07.78,100.00,0,230.00
01056,000528000,193.75,07.79,100.00,0,230.67
01057,000528500,194.50,07.77,100.00,0,231.33
01058,000529000,195.00,07.78,100.00,0,232.00
01059,000529500,195.00,07.78,100.00,0,232.67
01060,000530000,195.50,07.78,100.00,0,233.33
01061,000530500,196.25,07.77,100.00,0,234.00
01062,000531000,197.00,07.78,100.00,0,234.67
01063,000531500,197.00,07.78,100.00,0,235.33
01064,000532000,197.50,07.77,100.00,0,236.00
01065,000532500,198.50,07.76,100.00,0,236.67
01066,000533000,198.50,07.77,100.00,0,237.33
01067,000533500,198.50,07.77,100.00,0,238.00
01068,000534000,200.00,07.77,100.00,0,238.67
01069,000534500,200.25,07.76,100.00,0,239.33
01070,000535000,201.25,07.79,100.00,0,240.00
01071,000535500,201.25,07.79,100.00,0,240.67
01072,000536000,202.00,07.77,100.00,0,241.33
01073,000536500,203.25,07.76,100.00,0,242.00
01074,000537000,204.25,07.77,100.00,0,242.67
01075,000537500,204.25,07.77,100.00,0,243.33
01076,000538000,204.75,07.77,100.00,0,244.00
01077,000538500,205.00,07.78,100.00,0,244.67
01078,000539000,205.00,07.78,100.00,0,245.33
01079,000539500,206.25,07.77,100.00,0,246.00
01080,000540000,206.50,07.77,100.00,0,246.67
01081,000540500,207.00,07.76,100.00,0,247.33
01082,000541000,207.00,07.76,100.00,0,248.00
01083,000541500,208.00,07.78,100.00,0,248.67
01084,000542000,208.25,07.77,100.00,0,249.33
01085,000542500,209.50,07.77,100.00,0,250.00
01086,000543000,209.50,07.77,100.00,0,250.67
01087,000543500,210.50,07.77,100.00,0,251.33
01088,000544000,210.50,07.77,100.00,0,252.00
01089,000544500,211.50,07.77,100.00,0,252.67
01090,000545000,211.50,07.77,100.00,0,253.33
01091,000545500,211.75,07.76,100.00,0,254.00
01092,000546000,212.50,07.76,100.00,0,254.67
01093,000546500,211.50,07.75,100.00,0,255.33
01094,000547000,211.50,07.75,100.00,0,256.00
01095,000547500,211.75,07.76,100.00,0,256.67
01096,000548000,212.75,07.76,100.00,0,257.33
01097,000548500,212.50,07.77,100.00,0,258.00
01098,000549000,212.50,07.77,100.00,0,258.67
01099,000549500,212.50,07.77,100.00,0,259.33
01100,000550000,212.25,07.78,100.00,0,260.00
01101,000550500,213.00,07.79,100.00,0,260.00
01102,000551000,213.00,07.79,100.00,0,260.00
01103,000551500,213.50,07.77,100.00,0,260.00
01104,000552000,213.75,07.77,100.00,0,260.00
01105,000552500,213.75,07.76,100.00,0,260.00
01106,000553000,213.75,07.76,100.00,0,260.00
01107,000553500,214.50,07.77,100.00,0,260.00
01108,000554000,214.75,07.77,100.00,0,260.00
01109,000554500,215.25,07.77,100.00,0,260.00
01110,000555000,215.25,07.77,100.00,0,260.00
01111,000555500,215.75,07.78,100.00,0,260.00
01112,000556000,216.25,07.77,100.00,0,260.00
01113,000556500,216.25,07.77,100.00,0,260.00
01114,000557000,216.50,07.77,100.00,0,260.00
01115,000557500,216.25,07.76,100.00,0,260.00
01116,000558000,216.75,07.78,100.00,0,260.00
01117,000558500,216.75,07.78,100.00,0,260.00
01118,000559000,217.75,07.78,100.00,0,260.00
01119,000559500,218.75,07.78,100.00,0,260.00
01120,000560000,219.25,07.77,100.00,0,260.00
01121,000560500,219.25,07.77,100.00,0,258.93
01122,000561000,219.50,07.78,100.00,0,257.85
01123,000561500,220.00,07.78,100.00,0,256.77
01124,000562000,219.75,07.76,100.00,0,255.70
01125,000562500,219.75,07.76,100.00,0,254.62
01126,000563000,220.50,07.77,094.61,0,253.55
01127,000563500,221.00,07.77,100.00,0,252.47
01128,000564000,221.75,07.76,085.02,0,251.40
01129,000564500,221.75,07.76,100.00,0,250.32
01130,000565000,222.00,07.75,098.38,0,249.25
01131,000565500,222.50,07.76,083.91,0,248.18
01132,000566000,223.25,07.75,068.67,0,247.10
01133,000566500,223.25,07.75,095.68,0,246.03
01134,000567000,223.00,07.76,100.00,0,244.95
01135,000567500,224.25,07.75,036.64,0,243.88
01136,000568000,224.75,07.75,062.10,0,242.80
01137,000568500,224.75,07.75,079.04,0,241.72
01138,000569000,225.75,07.75,032.97,0,240.65
01139,000569500,226.00,07.76,059.13,0,239.57
01140,000570000,226.00,07.74,066.03,0,238.50
01141,000570500,226.00,07.74,062.92,0,237.43
01142,000571000,226.50,07.74,038.29,0,236.35
01143,000571500,227.25,07.77,022.90,0,235.28
01144,000572000,227.25,07.77,049.74,0,234.20
01145,000572500,227.50,07.76,035.82,0,233.12
01146,000573000,227.25,07.76,053.39,0,232.05
01147,000573500,228.00,07.76,007.95,0,230.97
01148,000574000,228.00,07.76,034.74,0,229.90
01149,000574500,229.00,07.75,000.00,0,228.82
01150,000575000,228.25,07.77,057.54,0,227.75
01151,000575500,229.75,07.76,000.00,0,226.68
01152,000576000,229.75,07.76,016.51,0,225.60
01153,000576500,229.75,07.75,013.24,0,224.53
01154,000577000,229.75,07.75,009.95,0,223.45
01155,000577500,230.25,07.75,000.00,0,222.38
01156,000578000,230.25,07.75,001.83,0,221.30
01157,000578500,229.75,07.75,020.01,0,220.22
01158,000579000,230.25,07.75,000.00,0,219.15
01159,000579500,229.75,07.75,013.33,0,218.07
01160,000580000,229.75,07.75,000.00,0,217.00
01161,000580500,229.50,07.75,000.00,0,215.30
01162,000581000,229.50,07.77,000.00,0,213.60
01163,000581500,229.25,07.76,000.00,0,211.90
01164,000582000,229.25,07.76,000.00,0,210.20
01165,000582500,229.25,07.76,000.00,0,208.50
01166,000583000,229.00,07.77,000.00,0,206.80
01167,000583500,228.75,07.76,000.00,0,205.10
01168,000584000,228.75,07.76,000.00,0,203.40
01169,000584500,228.75,07.76,000.00,0,201.70
01170,000585000,228.75,07.77,000.00,0,200.00
01171,000585500,228.25,07.76,000.00,0,198.00
01172,000586000,228.25,07.76,000.00,0,196.00
01173,000586500,228.50,07.77,000.00,0,194.00
01174,000587000,228.50,07.76,000.00,0,192.00
01175,000587500,228.50,07.76,000.00,0,190.00
01176,000588000,228.00,07.77,000.00,0,188.00
01177,000588500,227.25,07.78,000.00,0,186.00
01178,000589000,227.75,07.79,000.00,0,184.00
01179,000589500,227.75,07.79,000.00,0,182.00
01180,000590000,226.50,07.79,000.00,0,180.00
01181,000590500,225.75,07.78,000.00,0,178.92
01182,000591000,226.25,07.78,000.00,0,177.83
01183,000591500,226.25,07.78,000.00,0,176.75
01184,000592000,225.75,07.77,000.00,0,175.67
01185,000592500,225.25,07.79,000.00,0,174.58
01186,000593000,224.50,07.78,000.00,0,173.50
01187,000593500,224.50,07.78,000.00,0,172.42
01188,000594000,224.25,07.78,000.00,0,171.33
01189,000594500,223.50,07.77,000.00,0,170.25
01190,000595000,222.75,07.80,000.00,0,169.17
01191,000595500,222.75,07.80,000.00,0,168.08
01192,000596000,222.00,07.81,000.00,0,167.00
01193,000596500,222.00,07.83,000.00,0,165.92
01194,000597000,221.50,07.85,000.00,0,164.83
01195,000597500,221.50,07.85,000.00,0,163.75
01196,000598000,222.50,07.86,000.00,0,162.67
01197,000598500,222.50,07.87,000.00,0,161.58
01198,000599000,220.75,07.88,000.00,0,160.50
01199,000599500,220.75,07.88,000.00,0,159.42
01200,000600000,218.50,07.88,000.00,0,158.33
01201,000600500,216.50,07.88,000.00,0,157.25
01202,000601000,213.50,07.86,000.00,0,156.17
01203,000601500,213.50,07.86,000.00,0,155.08
01204,000602000,211.75,07.86,000.00,0,154.00
01205,000602500,208.00,07.88,000.00,0,152.92
01206,000603000,205.00,07.86,000.00,0,151.83
01207,000603500,205.00,07.86,000.00,0,150.75
01208,000604000,201.75,07.87,000.00,0,149.67
01209,000604500,199.50,07.87,000.00,0,148.58
01210,000605000,199.50,07.87,000.00,0,147.50
01211,000605500,196.75,07.88,000.00,0,146.42
01212,000606000,194.75,07.88,000.00,0,145.33
01213,000606500,193.25,07.89,000.00,0,144.25
01214,000607000,193.25,07.89,000.00,0,143.17
01215,000607500,192.00,07.89,000.00,0,142.08
01216,000608000,190.25,07.89,000.00,0,141.00
01217,000608500,188.50,07.90,000.00,0,139.92
01218,000609000,188.50,07.90,000.00,0,138.83
01219,000609500,186.75,07.91,000.00,0,137.75
01220,000610000,184.25,07.92,000.00,0,136.67
01221,000610500,181.50,07.93,000.00,0,135.58
01222,000611000,181.50,07.93,000.00,0,134.50
01223,000611500,179.50,07.92,000.00,0,133.42
01224,000612000,178.50,07.92,000.00,0,132.33
01225,000612500,177.00,07.91,000.00,0,131.25
01226,000613000,177.00,07.91,000.00,0,130.17
01227,000613500,176.00,07.92,000.00,0,129.08
01228,000614000,175.00,07.92,000.00,0,128.00
01229,000614500,172.75,07.92,000.00,0,126.92
01230,000615000,172.75,07.92,000.00,0,125.83
01231,000615500,171.25,07.93,000.00,0,124.75
01232,000616000,169.75,07.93,000.00,0,123.67
01233,000616500,168.00,07.93,000.00,0,122.58
01234,000617000,168.00,07.93,000.00,0,121.50
01235,000617500,166.25,07.95,000.00,0,120.42
01236,000618000,165.25,07.96,000.00,0,119.33
01237,000618500,163.75,07.96,000.00,0,118.25
01238,000619000,163.75,07.96,000.00,0,117.17
01239,000619500,162.50,07.96,000.00,0,116.08
01240,000620000,161.25,07.96,000.00,0,115.00
01241,000620500,161.25,07.96,000.00,0,113.92
01242,000621000,159.50,07.96,000.00,0,112.83
01243,000621500,159.25,07.96,000.00,0,111.75
01244,000622000,159.25,07.97,000.00,0,110.67
01245,000622500,159.25,07.97,000.00,0,109.58
01246,000623000,158.25,07.97,000.00,0,108.50
01247,000623500,157.00,07.99,000.00,0,107.42
01248,000624000,156.25,07.98,000.00,0,106.33
01249,000624500,156.25,07.98,000.00,0,105.25
01250,000625000,154.50,07.98,000.00,0,104.17
01251,000625500,153.25,07.98,000.00,0,103.08
01252,000626000,152.00,07.98,000.00,0,102.00
01253,000626500,152.00,07.98,000.00,0,100.92
01254,000627000,150.75,08.00,000.00,0,099.83
01255,000627500,150.25,08.00,000.00,0,098.75
01256,000628000,149.00,08.00,000.00,0,097.67
01257,000628500,149.00,08.00,000.00,0,096.58
01258,000629000,148.25,08.01,000.00,0,095.50
01259,000629500,147.75,08.00,000.00,0,094.42
01260,000630000,146.75,08.00,000.00,0,093.33
01261,000630500,146.75,08.00,000.00,0,092.25
01262,000631000,145.50,08.00,000.00,0,091.17
01263,000631500,145.00,07.99,000.00,0,090.08
01264,000632000,144.00,08.00,000.00,0,089.00
01265,000632500,144.00,08.00,000.00,0,087.92
01266,000633000,143.25,08.01,000.00,0,086.83
01267,000633500,142.50,08.00,000.00,0,085.75
01268,000634000,141.75,08.00,000.00,0,084.67
01269,000634500,141.75,08.00,000.00,0,083.58
01270,000635000,141.00,07.99,000.00,0,082.50
01271,000635500,139.75,07.99,000.00,0,081.42
01272,000636000,139.75,07.99,000.00,0,080.33
01273,000636500,139.25,08.00,000.00,0,079.25
01274,000637000,138.75,07.99,000.00,0,078.17
01275,000637500,137.75,08.01,000.00,0,077.08
01276,000638000,137.75,08.01,000.00,0,076.00
01277,000638500,136.50,08.00,000.00,0,074.92
01278,000639000,135.75,08.00,000.00,0,073.83
01279,000639500,134.75,08.00,000.00,0,072.75
01280,000640000,134.75,08.00,000.00,0,071.67
01281,000640500,134.25,08.02,000.00,0,070.58
01282,000641000,133.50,08.01,000.00,0,069.50
01283,000641500,132.25,08.00,000.00,0,068.42
01284,000642000,132.25,08.00,000.00,0,067.33
01285,000642500,131.50,08.00,000.00,0,066.25
01286,000643000,130.50,07.99,000.00,0,065.17
01287,000643500,130.25,08.01,000.00,0,064.08
01288,000644000,130.25,08.01,000.00,0,063.00
01289,000644500,129.50,08.02,000.00,0,061.92
01290,000645000,129.25,08.02,000.00,0,060.83
01291,000645500,128.75,08.02,000.00,0,059.75
01292,000646000,128.75,08.02,000.00,0,058.67
01293,000646500,128.50,08.04,000.00,0,057.58
01294,000647000,127.25,08.04,000.00,0,056.50
01295,000647500,127.00,08.03,000.00,0,055.42
01296,000648000,127.00,08.03,000.00,0,054.33
01297,000648500,126.00,08.05,000.00,0,053.25
01298,000649000,125.75,08.06,000.00,0,052.17
01299,000649500,125.00,08.05,000.00,0,051.08
01300,000650000,125.00,08.05,000.00,0,050.00
01301,000650500,124.00,08.05,000.00,0,050.00
01302,000651000,123.00,08.04,000.00,0,050.00
01303,000651500,122.75,08.04,000.00,0,050.00
01304,000652000,122.75,08.04,000.00,0,050.00
01305,000652500,122.50,08.04,000.00,0,050.00
01306,000653000,122.25,08.02,000.00,0,050.00
01307,000653500,122.25,08.02,000.00,0,050.00
01308,000654000,121.25,08.04,000.00,0,050.00
01309,000654500,120.00,08.04,000.00,0,050.00
01310,000655000,119.00,08.02,000.00,0,050.00
01311,000655500,119.00,08.02,000.00,0,050.00
01312,000656000,118.25,08.03,000.00,0,050.00
01313,000656500,117.75,08.03,000.00,0,050.00
01314,000657000,116.75,08.04,000.00,0,050.00
01315,000657500,116.75,08.04,000.00,0,050.00
01316,000658000,116.75,08.03,000.00,0,050.00
01317,000658500,116.00,08.04,000.00,0,050.00
01318,000659000,115.00,08.04,000.00,0,050.00
01319,000659500,115.00,08.04,000.00,0,050.00
01320,000660000,114.00,08.03,000.00,0,050.00
01321,000660500,113.25,08.05,000.00,0,050.00
01322,000661000,112.25,08.03,000.00,0,050.00
01323,000661500,112.25,08.03,000.00,0,050.00
01324,000662000,112.25,08.03,000.00,0,050.00
01325,000662500,111.50,08.02,000.00,0,050.00
01326,000663000,111.25,08.02,000.00,0,050.00
01327,000663500,111.25,08.02,000.00,0,050.00
01328,000664000,110.50,08.03,000.00,0,050.00
01329,000664500,109.25,08.04,000.00,0,050.00
01330,000665000,108.50,08.04,000.00,0,050.00
01331,000665500,108.50,08.04,000.00,0,050.00
01332,000666000,108.25,08.03,000.00,0,050.00
01333,000666500,106.75,08.02,000.00,0,050.00
01334,000667000,107.00,08.01,000.00,0,050.00
01335,000667500,107.00,08.01,000.00,0,050.00
01336,000668000,106.75,08.01,000.00,0,050.00
01337,000668500,106.25,08.02,000.00,0,050.00
01338,000669000,106.25,08.02,000.00,0,050.00
01339,000669500,105.75,08.02,000.00,0,050.00
01340,000670000,105.00,08.04,000.00,0,050.00
01341,000670500,104.25,08.04,000.00,0,050.00
01342,000671000,104.25,08.04,000.00,0,050.00
01343,000671500,103.50,08.04,000.00,0,050.00
01344,000672000,103.75,08.04,000.00,0,050.00
01345,000672500,103.50,08.02,000.00,0,050.00
01346,000673000,103.50,08.02,000.00,0,050.00
01347,000673500,103.50,08.02,000.00,0,050.00
01348,000674000,103.50,08.02,000.00,0,050.00
01349,000674500,102.75,08.03,000.00,0,050.00
01350,000675000,102.75,08.03,000.00,0,050.00
01351,000675500,103.00,08.02,000.00,0,050.00
01352,000676000,103.00,08.03,000.00,0,050.00
01353,000676500,102.00,08.03,000.00,0,050.00
01354,000677000,102.00,08.03,000.00,0,050.00
01355,000677500,102.00,08.01,000.00,0,050.00
01356,000678000,101.00,08.01,000.00,0,050.00
01357,000678500,100.75,08.01,000.00,0,050.00
01358,000679000,100.75,08.01,000.00,0,050.00
01359,000679500,101.00,08.00,000.00,0,050.00
01360,000680000,100.75,08.00,000.00,0,050.00
01361,000680500,100.00,08.00,000.00,0,050.00
01362,000681000,100.00,08.00,000.00,0,050.00
01363,000681500,100.00,08.00,000.00,0,050.00
01364,000682000,099.00,08.01,000.00,0,050.00
01365,000682500,099.50,08.00,000.00,0,050.00
01366,000683000,099.50,08.00,000.00,0,050.00
01367,000683500,098.50,08.01,000.00,0,050.00
01368,000684000,098.25,08.00,000.00,0,050.00
01369,000684500,098.25,08.00,000.00,0,050.00
01370,000685000,097.75,08.01,000.00,0,050.00
01371,000685500,097.00,08.00,000.00,0,050.00
01372,000686000,097.50,08.01,000.00,0,050.00
01373,000686500,097.50,08.01,000.00,0,050.00
01374,000687000,096.50,08.00,000.00,0,050.00
01375,000687500,095.25,08.00,000.00,0,050.00
01376,000688000,094.75,07.99,000.00,0,050.00
01377,000688500,094.75,07.99,000.00,0,050.00
01378,000689000,094.50,08.00,000.00,0,050.00
01379,000689500,093.75,08.01,000.00,0,050.00
01380,000690000,092.75,08.00,000.00,0,050.00
01381,000690500,092.75,08.00,000.00,0,050.00
01382,000691000,092.50,08.00,000.00,0,050.00
01383,000691500,091.25,08.00,000.00,0,050.00
01384,000692000,090.75,08.01,000.00,0,050.00
01385,000692500,090.75,08.01,000.00,0,050.00
01386,000693000,089.50,08.00,000.00,0,050.00
01387,000693500,089.75,08.00,000.00,0,050.00
01388,000694000,088.50,08.00,000.00,0,050.00
01389,000694500,088.50,08.00,000.00,0,050.00
01390,000695000,088.25,08.00,000.00,0,050.00
01391,000695500,088.00,08.00,000.00,0,050.00
01392,000696000,087.25,08.00,000.00,0,050.00
01393,000696500,087.25,08.00,000.00,0,050.00
01394,000697000,087.50,08.00,000.00,0,050.00
01395,000697500,087.25,08.00,000.00,0,050.00
01396,000698000,087.75,08.01,000.00,0,050.00
01397,000698500,087.75,08.01,000.00,0,050.00
01398,000699000,087.75,07.99,000.00,0,050.00
01399,000699500,087.75,08.00,000.00,0,050.00
01400,000700000,087.00,08.00,000.00,0,050.00
01401,000700500,087.00,08.00,000.00,0,050.00
01402,000701000,087.50,07.99,000.00,0,050.00
01403,000701500,087.00,07.97,000.00,0,050.00
01404,000702000,087.00,07.97,000.00,0,050.00
01405,000702500,087.25,07.97,000.00,0,050.00
01406,000703000,087.25,07.99,000.00,0,050.00
01407,000703500,086.75,07.98,000.00,0,050.00
01408,000704000,086.75,07.98,000.00,0,050.00
01409,000704500,087.00,07.99,000.00,0,050.00
01410,000705000,086.25,07.98,000.00,0,050.00
01411,000705500,087.00,07.98,000.00,0,050.00
01412,000706000,087.00,07.98,000.00,0,050.00
01413,000706500,086.75,07.98,000.00,0,050.00
01414,000707000,086.75,07.98,000.00,0,050.00
01415,000707500,085.25,07.97,000.00,0,050.00
01416,000708000,085.25,07.97,000.00,0,050.00
01417,000708500,085.25,07.98,000.00,0,050.00
01418,000709000,084.75,07.97,000.00,0,050.00
01419,000709500,084.50,07.98,000.00,0,050.00
01420,000710000,084.50,07.98,000.00,0,050.00
01421,000710500,084.50,07.98,000.00,0,050.00
01422,000711000,084.00,07.98,000.00,0,050.00
01423,000711500,084.75,07.98,000.00,0,050.00
01424,000712000,084.75,07.98,000.00,0,050.00
01425,000712500,084.75,07.99,000.00,0,050.00
01426,000713000,084.50,07.99,000.00,0,050.00
01427,000713500,083.75,07.99,000.00,0,050.00
01428,000714000,083.75,07.99,000.00,0,050.00
01429,000714500,084.25,08.00,000.00,0,050.00
01430,000715000,083.75,07.99,000.00,0,050.00
01431,000715500,083.50,08.01,000.00,0,050.00
01432,000716000,083.50,08.01,000.00,0,050.00
01433,000716500,083.75,08.00,000.00,0,050.00
01434,000717000,083.50,08.00,000.00,0,050.00
01435,000717500,083.50,08.00,000.00,0,050.00
01436,000718000,084.00,08.00,000.00,0,050.00
01437,000718500,083.75,07.99,000.00,0,050.00
01438,000719000,083.50,08.00,000.00,0,050.00
01439,000719500,083.50,08.00,000.00,0,050.00
01440,000720000,084.00,08.00,000.00,0,050.00
