Sample time (ms): 500
Maximum runtime (s): 720
Index,Time (ms),Oven temperature (C),Ambient temperature (C),PWM controller (percent),Thermocouple open,Reference temperature (C)
00000,000000001,008.00,08.67,100.00,0,050.00
00001,000000500,008.00,08.67,100.00,0,050.00
00002,000001000,007.50,08.65,100.00,0,050.00
00003,000001500,007.50,08.65,100.00,0,050.00
00004,000002000,007.50,08.64,100.00,0,050.00
00005,000002500,008.00,08.63,100.00,0,050.00
00006,000003000,008.00,08.63,100.00,0,050.00
00007,000003500,008.00,08.63,100.00,0,050.00
00008,000004000,008.25,08.63,100.00,0,050.00
00009,000004500,007.75,08.61,100.00,0,050.00
00010,000005000,007.75,08.62,100.00,0,050.00
00011,000005500,007.75,08.62,100.00,0,050.00
00012,000006000,007.75,08.64,100.00,0,050.00
00013,000006500,008.25,08.66,100.00,0,050.00
00014,000007000,008.50,08.66,100.00,0,050.00
00015,000007500,008.50,08.66,100.00,0,050.00
00016,000008000,008.25,08.65,100.00,0,050.00
00017,000008500,008.75,08.66,100.00,0,050.00
00018,000009000,008.25,08.66,100.00,0,050.00
00019,000009500,008.25,08.66,100.00,0,050.00
00020,000010000,008.50,08.67,100.00,0,050.00
00021,000010500,008.25,08.68,100.00,0,050.00
00022,000011000,009.00,08.67,100.00,0,050.00
00023,000011500,009.00,08.67,100.00,0,050.00
00024,000012000,009.00,08.67,100.00,0,050.00
00025,000012500,009.25,08.64,100.00,0,050.00
00026,000013000,009.25,08.64,100.00,0,050.00
00027,000013500,009.25,08.63,100.00,0,050.00
00028,000014000,008.75,08.64,100.00,0,050.00
00029,000014500,009.75,08.64,093.21,0,050.00
00030,000015000,009.75,08.64,100.00,0,050.00
00031,000015500,009.50,08.66,100.00,0,050.00
00032,000016000,009.75,08.67,100.00,0,050.00
00033,000016500,010.25,08.67,100.00,0,050.00
00034,000017000,010.25,08.67,100.00,0,050.00
00035,000017500,010.25,08.65,100.00,0,050.00
00036,000018000,010.75,08.66,100.00,0,050.00
00037,000018500,011.50,08.64,100.00,0,050.00
00038,000019000,011.50,08.64,100.00,0,050.00
00039,000019500,011.75,08.64,100.00,0,050.00
00040,000020000,012.00,08.66,100.00,0,050.00
00041,000020500,012.75,08.66,098.91,0,050.00
00042,000021000,012.75,08.66,100.00,0,050.00
00043,000021500,013.25,08.67,100.00,0,050.00
00044,000022000,014.00,08.67,096.26,0,050.00
00045,000022500,014.00,08.67,100.00,0,050.00
00046,000023000,014.00,08.67,100.00,0,050.00
00047,000023500,015.00,08.67,084.33,0,050.00
00048,000024000,015.25,08.69,100.00,0,050.00
00049,000024500,016.25,08.69,081.26,0,050.00
00050,000025000,016.25,08.69,100.00,0,050.00
00051,000025500,016.75,08.69,100.00,0,050.00
00052,000026000,016.50,08.69,100.00,0,050.00
00053,000026500,018.00,08.69,057.34,0,050.00
00054,000027000,018.00,08.69,100.00,0,050.00
00055,000027500,018.25,08.67,100.00,0,050.00
00056,000028000,018.50,08.67,100.00,0,050.00
00057,000028500,018.50,08.67,100.00,0,050.00
00058,000029000,020.00,08.68,052.91,0,050.00
00059,000029500,020.50,08.67,091.70,0,050.00
00060,000030000,021.00,08.67,090.49,0,050.00
00061,000030500,021.00,08.67,100.00,0,050.00
00062,000031000,021.50,08.67,089.56,0,050.00
00063,000031500,021.75,08.66,099.10,0,050.00
00064,000032000,022.75,08.66,066.37,0,050.00
00065,000032500,022.75,08.66,100.00,0,050.00
00066,000033000,023.00,08.67,096.16,0,050.00
00067,000033500,023.50,08.66,084.93,0,050.00
00068,000034000,024.00,08.66,083.69,0,050.00
00069,000034500,024.00,08.66,100.00,0,050.00
00070,000035000,023.50,08.67,100.00,0,050.00
00071,000035500,024.75,08.65,052.22,0,050.00
00072,000036000,025.50,08.65,070.21,0,050.00
00073,000036500,025.50,08.65,100.00,0,050.00
00074,000037000,026.00,08.66,079.19,0,050.00
00075,000037500,026.25,08.64,088.68,0,050.00
00076,000038000,026.75,08.63,077.41,0,050.00
00077,000038500,026.75,08.63,097.65,0,050.00
00078,000039000,026.75,08.62,097.88,0,050.00
00079,000039500,028.00,08.62,044.35,0,050.00
00080,000040000,028.50,08.64,073.06,0,050.00
00081,000040500,028.50,08.64,093.28,0,050.00
00082,000041000,029.00,08.64,071.99,0,050.00
00083,000041500,029.50,08.62,070.69,0,050.00
00084,000042000,000.00,08.61,100.00,0,050.00
00085,000042500,000.00,08.61,100.00,0,050.00
00086,000043000,030.75,08.60,000.00,0,050.00
00087,000043500,030.75,08.59,088.33,0,050.00
00088,000044000,030.75,08.59,088.52,0,050.00
00089,000044500,032.00,08.61,034.95,0,050.00
00090,000045000,032.50,08.61,063.63,0,050.00
00091,000045500,033.25,08.59,051.55,0,050.00
00092,000046000,033.25,08.59,081.71,0,050.00
00093,000046500,033.50,08.59,071.13,0,050.00
00094,000047000,034.25,08.60,049.03,0,050.00
00095,000047500,034.25,08.61,079.19,0,050.00
00096,000048000,034.25,08.61,079.35,0,050.00
00097,000048500,256.00,08.61,000.00,0,050.00
00098,000049000,035.75,08.61,100.00,0,050.00
00099,000049500,036.25,08.61,051.57,0,050.00
00100,000050000,036.25,08.61,071.71,0,050.00
00101,000050500,037.00,08.60,039.59,0,050.00
00102,000051000,038.00,08.59,026.71,0,050.00
00103,000051500,038.50,08.59,045.32,0,050.00
00104,000052000,038.50,08.59,065.44,0,050.00
00105,000052500,038.75,08.59,054.80,0,050.00
00106,000053000,040.00,08.57,011.15,0,050.00
00107,000053500,040.75,08.59,028.99,0,050.00
00108,000054000,040.75,08.59,059.09,0,050.00
00109,000054500,041.50,08.59,026.92,0,050.00
00110,000055000,042.25,08.59,024.75,0,050.00
00111,000055500,043.00,08.59,022.57,0,050.00
00112,000056000,043.00,08.59,052.64,0,050.00
00113,000056500,043.50,08.60,031.20,0,050.00
00114,000057000,044.50,08.59,008.26,0,050.00
00115,000057500,000.00,08.58,100.00,0,050.00
00116,000058000,000.00,08.58,100.00,0,050.00
00117,000058500,045.50,08.58,000.00,0,050.00
00118,000059000,045.75,08.57,035.59,0,050.00
00119,000059500,046.25,08.58,024.13,0,050.00
00120,000060000,046.25,08.58,044.17,0,050.00
00121,000060500,047.00,08.59,011.95,0,050.00
00122,000061000,047.75,08.60,009.72,0,050.00
00123,000061500,047.75,08.60,039.74,0,050.00
00124,000062000,048.00,08.60,029.02,0,050.00
00125,000062500,048.75,08.61,006.78,0,050.00
00126,000063000,049.25,08.62,015.29,0,050.00
00127,000063500,049.25,08.62,035.29,0,050.00
00128,000064000,050.00,08.61,003.04,0,050.00
00129,000064500,049.75,08.61,043.80,0,050.00
00130,000065000,050.25,08.60,012.29,0,050.00
00131,000065500,050.25,08.60,032.29,0,050.00
00132,000066000,051.00,08.62,000.03,0,050.00
00133,000066500,051.25,08.61,019.27,0,050.00
00134,000067000,052.00,08.60,000.00,0,050.00
00135,000067500,052.00,08.60,026.98,0,050.00
00136,000068000,052.25,08.62,016.20,0,050.00
00137,000068500,053.00,08.61,000.00,0,050.00
00138,000069000,053.75,08.60,000.00,0,050.00
00139,000069500,053.75,08.60,021.60,0,050.00
00140,000070000,1536.00,08.63,000.00,0,050.00
00141,000070500,054.50,08.60,100.00,0,050.00
00142,000071000,054.75,08.61,000.00,0,050.00
00143,000071500,054.75,08.61,003.60,0,050.00
00144,000072000,055.00,08.61,000.00,0,050.00
00145,000072500,055.00,08.60,002.75,0,050.00
00146,000073000,056.00,08.60,000.00,0,050.00
00147,000073500,056.00,08.60,000.00,0,050.00
00148,000074000,056.00,08.61,000.00,0,050.00
00149,000074500,056.50,08.59,000.00,0,050.00
00150,000075000,056.00,08.60,019.45,0,050.00
00151,000075500,056.00,08.60,000.00,0,050.00
00152,000076000,056.25,08.61,000.00,0,050.00
00153,000076500,056.25,08.61,000.00,0,050.00
00154,000077000,056.25,08.61,000.00,0,050.00
00155,000077500,056.50,08.58,000.00,0,050.00
00156,000078000,056.50,08.59,000.00,0,050.00
00157,000078500,057.25,08.59,000.00,0,050.00
00158,000079000,057.25,08.59,000.00,0,050.00
00159,000079500,057.00,08.60,005.85,0,050.00
00160,000080000,057.25,08.58,000.00,0,050.00
00161,000080500,057.75,08.59,000.00,0,050.00
00162,000081000,057.75,08.59,000.00,0,050.00
00163,000081500,000.00,08.58,100.00,0,050.00
00164,000082000,057.75,08.57,000.00,0,050.00
00165,000082500,058.00,08.57,000.00,0,050.00
00166,000083000,058.00,08.57,000.00,0,050.00
00167,000083500,057.75,08.59,003.56,0,050.00
00168,000084000,058.25,08.58,000.00,0,050.00
00169,000084500,058.00,08.57,002.65,0,050.00
00170,000085000,058.00,08.57,000.00,0,050.00
00171,000085500,058.50,08.59,000.00,0,050.00
00172,000086000,058.50,08.58,000.00,0,050.00
00173,000086500,058.75,08.57,000.00,0,050.00
00174,000087000,058.75,08.57,000.00,0,050.00
00175,000087500,059.50,08.58,000.00,0,050.00
00176,000088000,059.25,08.58,000.00,0,050.00
00177,000088500,060.00,08.61,000.00,0,050.00
00178,000089000,060.00,08.61,000.00,0,050.00
00179,000089500,059.50,08.61,007.24,0,050.00
00180,000090000,059.75,08.60,000.00,0,050.00
00181,000090500,060.50,08.59,000.00,0,050.00
00182,000091000,060.50,08.59,000.00,0,050.00
00183,000091500,059.75,08.60,016.09,0,050.00
00184,000092000,060.50,08.61,000.00,0,050.00
00185,000092500,060.50,08.61,000.00,0,050.00
00186,000093000,060.25,08.63,000.00,0,050.00
00187,000093500,060.75,08.62,000.00,0,050.00
00188,000094000,061.50,08.61,000.00,0,050.00
00189,000094500,061.50,08.61,000.00,0,050.00
00190,000095000,061.50,08.61,000.00,0,050.00
00191,000095500,061.75,08.63,000.00,0,050.00
00192,000096000,062.00,08.62,000.00,0,050.00
00193,000096500,062.00,08.62,000.00,0,050.00
00194,000097000,061.75,08.64,000.00,0,050.00
00195,000097500,061.75,08.64,000.00,0,050.00
00196,000098000,062.25,08.62,000.00,0,050.00
00197,000098500,062.25,08.62,000.00,0,050.00
00198,000099000,062.50,08.64,000.00,0,050.00
00199,000099500,062.00,08.64,000.00,0,050.00
00200,000100000,062.00,08.61,000.00,0,050.00
00201,000100500,062.00,08.61,000.00,0,050.00
00202,000101000,062.00,08.61,000.00,0,050.00
00203,000101500,062.75,08.60,000.00,0,050.00
00204,000102000,062.50,08.63,000.00,0,050.00
00205,000102500,062.50,08.63,000.00,0,050.00
00206,000103000,062.00,08.64,000.00,0,050.00
00207,000103500,062.50,08.64,000.00,0,050.00
00208,000104000,062.75,08.63,000.00,0,050.00
00209,000104500,062.75,08.63,000.00,0,050.00
00210,000105000,062.75,08.62,000.00,0,050.00
00211,000105500,063.00,08.64,000.00,0,050.00
00212,000106000,063.00,08.63,000.00,0,050.00
00213,000106500,063.00,08.63,000.00,0,050.00
00214,000107000,063.00,08.63,000.00,0,050.00
00215,000107500,063.00,08.64,000.00,0,050.00
00216,000108000,063.00,08.64,000.00,0,050.00
00217,000108500,062.50,08.66,000.00,0,050.00
00218,000109000,063.00,08.68,000.00,0,050.00
00219,000109500,063.00,08.66,000.00,0,050.00
00220,000110000,063.00,08.66,000.00,0,050.00
00221,000110500,063.00,08.66,000.00,0,050.00
00222,000111000,062.75,08.64,000.00,0,050.00
00223,000111500,063.25,08.63,000.00,0,050.00
00224,000112000,063.25,08.63,000.00,0,050.00
00225,000112500,063.00,08.64,000.00,0,050.00
00226,000113000,063.00,08.64,000.00,0,050.00
00227,000113500,063.25,08.67,000.00,0,050.00
00228,000114000,063.25,08.67,000.00,0,050.00
00229,000114500,063.25,08.66,000.00,0,050.00
00230,000115000,063.50,08.67,000.00,0,050.00
00231,000115500,063.50,08.67,000.00,0,050.00
00232,000116000,063.50,08.67,000.00,0,050.00
00233,000116500,063.25,08.64,000.00,0,050.00
00234,000117000,063.25,08.63,000.00,0,050.00
00235,000117500,063.50,08.65,000.00,0,050.00
00236,000118000,063.50,08.65,000.00,0,050.00
00237,000118500,064.00,08.64,000.00,0,050.00
00238,000119000,063.75,08.63,000.00,0,050.00
00239,000119500,063.25,08.61,000.00,0,050.00
00240,000120000,063.25,08.61,000.00,0,050.00
00241,000120500,063.25,08.63,000.00,0,050.00
00242,000121000,063.75,08.62,000.00,0,050.00
00243,000121500,063.50,08.61,000.00,0,050.00
00244,000122000,063.50,08.61,000.00,0,050.00
00245,000122500,063.50,08.62,000.00,0,050.00
00246,000123000,063.50,08.61,000.00,0,050.00
00247,000123500,063.25,08.63,000.00,0,050.00
00248,000124000,063.25,08.63,000.00,0,050.00
00249,000124500,063.25,08.64,000.00,0,050.00
00250,000125000,063.50,08.64,000.00,0,050.00
00251,000125500,063.50,08.64,000.00,0,050.00
00252,000126000,063.50,08.63,000.00,0,050.00
00253,000126500,063.50,08.62,000.00,0,050.00
00254,000127000,063.75,08.64,000.00,0,050.00
00255,000127500,063.75,08.64,000.00,0,050.00
00256,000128000,063.25,08.64,000.00,0,050.00
00257,000128500,063.50,08.64,000.00,0,050.00
00258,000129000,063.50,08.66,000.00,0,050.00
00259,000129500,063.50,08.66,000.00,0,050.00
00260,000130000,063.25,08.64,000.00,0,050.00
00261,000130500,062.75,08.64,000.00,0,050.00
00262,000131000,063.50,08.65,000.00,0,050.00
00263,000131500,063.50,08.65,000.00,0,050.00
00264,000132000,063.25,08.65,000.00,0,050.00
00265,000132500,063.25,08.65,000.00,0,050.00
00266,000133000,063.75,08.63,000.00,0,050.00
00267,000133500,063.75,08.63,000.00,0,050.00
00268,000134000,063.00,08.64,000.00,0,050.00
00269,000134500,064.00,08.62,000.00,0,050.00
00270,000135000,063.50,08.64,000.00,0,050.00
00271,000135500,063.50,08.64,000.00,0,050.00
00272,000136000,063.50,08.62,000.00,0,050.00
00273,000136500,063.00,08.63,000.00,0,050.00
00274,000137000,063.25,08.61,000.00,0,050.00
00275,000137500,063.25,08.61,000.00,0,050.00
00276,000138000,062.75,08.61,000.00,0,050.00
00277,000138500,063.00,08.62,000.00,0,050.00
00278,000139000,063.25,08.62,000.00,0,050.00
00279,000139500,063.25,08.62,000.00,0,050.00
00280,000140000,063.25,08.61,000.00,0,050.00
00281,000140500,063.50,08.63,000.00,0,050.00
00282,000141000,063.50,08.63,000.00,0,050.00
00283,000141500,063.00,08.61,000.00,0,050.00
00284,000142000,063.25,08.60,000.00,0,050.00
00285,000142500,063.50,08.60,000.00,0,050.00
00286,000143000,063.50,08.60,000.00,0,050.00
00287,000143500,063.25,08.60,000.00,0,050.00
00288,000144000,063.25,08.60,000.00,0,050.00
00289,000144500,063.25,08.62,000.00,0,050.00
00290,000145000,063.25,08.62,000.00,0,050.00
00291,000145500,063.50,08.61,000.00,0,050.00
00292,000146000,063.75,08.62,000.00,0,050.00
00293,000146500,063.00,08.62,000.00,0,050.00
00294,000147000,063.00,08.62,000.00,0,050.00
00295,000147500,063.00,08.61,000.00,0,050.00
00296,000148000,063.25,08.62,000.00,0,050.00
00297,000148500,062.75,08.63,000.00,0,050.00
00298,000149000,062.75,08.63,000.00,0,050.00
00299,000149500,062.75,08.63,000.00,0,050.00
00300,000150000,063.00,08.62,000.00,0,050.00
00301,000150500,063.00,08.61,000.00,0,050.00
00302,000151000,063.00,08.61,000.00,0,050.00
00303,000151500,063.00,08.62,000.00,0,050.00
00304,000152000,063.00,08.61,000.00,0,050.00
00305,000152500,063.00,08.60,000.00,0,050.00
00306,000153000,063.00,08.60,000.00,0,050.00
00307,000153500,062.75,08.60,000.00,0,050.00
00308,000154000,062.75,08.62,000.00,0,050.00
00309,000154500,062.75,08.62,000.00,0,050.00
00310,000155000,062.75,08.62,000.00,0,050.00
00311,000155500,063.25,08.62,000.00,0,050.00
00312,000156000,062.50,08.61,000.00,0,050.00
00313,000156500,062.50,08.61,000.00,0,050.00
00314,000157000,062.50,08.61,000.00,0,050.00
00315,000157500,062.75,08.62,000.00,0,050.00
00316,000158000,062.75,08.63,000.00,0,050.00
00317,000158500,062.75,08.63,000.00,0,050.00
00318,000159000,062.75,08.63,000.00,0,050.00
00319,000159500,062.75,08.63,000.00,0,050.00
00320,000160000,062.50,08.63,000.00,0,050.00
00321,000160500,062.50,08.63,000.00,0,050.00
00322,000161000,062.50,08.63,000.00,0,050.00
00323,000161500,062.50,08.63,000.00,0,050.00
00324,000162000,062.25,08.63,000.00,0,050.00
00325,000162500,062.25,08.63,000.00,0,050.00
00326,000163000,062.25,08.63,000.00,0,050.00
00327,000163500,062.50,08.63,000.00,0,050.00
00328,000164000,062.25,08.63,000.00,0,050.00
00329,000164500,062.25,08.63,000.00,0,050.00
00330,000165000,061.75,08.62,000.00,0,050.00
00331,000165500,062.25,08.64,000.00,0,050.00
00332,000166000,062.25,08.63,000.00,0,050.00
00333,000166500,062.25,08.63,000.00,0,050.00
00334,000167000,061.25,08.62,002.15,0,050.00
00335,000167500,061.75,08.60,000.00,0,050.00
00336,000168000,062.25,08.61,000.00,0,050.00
00337,000168500,062.25,08.61,000.00,0,050.00
00338,000169000,062.00,08.60,000.00,0,050.00
00339,000169500,062.00,08.63,000.00,0,050.00
00340,000170000,062.00,08.65,000.00,0,050.00
00341,000170500,062.00,08.65,000.00,0,050.00
00342,000171000,061.25,08.62,000.00,0,050.00
00343,000171500,061.50,08.62,000.00,0,050.00
00344,000172000,061.75,08.63,000.00,0,050.00
00345,000172500,061.75,08.63,000.00,0,050.00
00346,000173000,061.25,08.63,000.00,0,050.00
00347,000173500,061.50,08.62,000.00,0,050.00
00348,000174000,061.50,08.62,000.00,0,050.00
00349,000174500,061.50,08.62,000.00,0,050.00
00350,000175000,061.25,08.62,000.00,0,050.00
00351,000175500,061.50,08.62,000.00,0,050.00
00352,000176000,061.50,08.62,000.00,0,050.00
00353,000176500,061.25,08.61,000.00,0,050.00
00354,000177000,061.50,08.61,000.00,0,050.00
00355,000177500,061.50,08.61,000.00,0,050.00
00356,000178000,061.50,08.61,000.00,0,050.00
00357,000178500,061.50,08.60,000.00,0,050.00
00358,000179000,060.50,08.59,001.62,0,050.00
00359,000179500,061.00,08.60,000.00,0,050.00
00360,000180000,061.00,08.60,000.00,0,050.00
00361,000180500,060.75,08.60,000.00,0,050.21
00362,000181000,060.75,08.59,000.00,0,050.42
00363,000181500,061.00,08.58,000.00,0,050.62
00364,000182000,061.00,08.58,000.00,0,050.83
00365,000182500,061.50,08.58,000.00,0,051.04
00366,000183000,061.25,08.59,000.00,0,051.25
00367,000183500,060.75,08.59,000.00,0,051.46
00368,000184000,060.75,08.59,000.00,0,051.67
00369,000184500,061.25,08.60,000.00,0,051.88
00370,000185000,061.00,08.59,000.00,0,052.08
00371,000185500,060.75,08.59,000.00,0,052.29
00372,000186000,060.75,08.59,000.00,0,052.50
00373,000186500,060.50,08.59,000.00,0,052.71
00374,000187000,061.00,08.59,000.00,0,052.92
00375,000187500,060.75,08.60,000.00,0,053.12
00376,000188000,060.75,08.60,000.00,0,053.33
00377,000188500,061.00,08.59,000.00,0,053.54
00378,000189000,060.25,08.61,010.13,0,053.75
00379,000189500,060.25,08.61,000.00,0,053.96
00380,000190000,060.75,08.59,000.00,0,054.17
00381,000190500,060.75,08.60,000.00,0,054.38
00382,000191000,060.50,08.60,000.00,0,054.58
00383,000191500,060.50,08.60,000.00,0,054.79
00384,000192000,060.25,08.60,000.00,0,055.00
00385,000192500,060.25,08.58,000.00,0,055.21
00386,000193000,060.75,08.58,000.00,0,055.42
00387,000193500,060.75,08.58,000.00,0,055.62
00388,000194000,060.50,08.58,000.00,0,055.83
00389,000194500,060.00,08.55,007.15,0,056.04
00390,000195000,060.00,08.55,000.00,0,056.25
00391,000195500,060.00,08.55,000.00,0,056.46
00392,000196000,060.00,08.54,000.00,0,056.67
00393,000196500,060.50,08.55,000.00,0,056.88
00394,000197000,060.25,08.54,000.00,0,057.08
00395,000197500,060.25,08.54,000.00,0,057.29
00396,000198000,059.50,08.52,022.80,0,057.50
00397,000198500,059.75,08.54,000.00,0,057.71
00398,000199000,060.00,08.54,000.00,0,057.92
00399,000199500,060.00,08.54,000.00,0,058.12
00400,000200000,060.00,08.54,000.00,0,058.33
00401,000200500,060.00,08.52,000.00,0,058.54
00402,000201000,059.50,08.54,016.45,0,058.75
00403,000201500,059.50,08.54,000.00,0,058.96
00404,000202000,059.25,08.54,008.45,0,059.17
00405,000202500,059.75,08.51,000.00,0,059.38
00406,000203000,059.25,08.52,019.70,0,059.58
00407,000203500,059.25,08.52,000.33,0,059.79
00408,000204000,059.25,08.51,000.96,0,060.00
00409,000204500,059.25,08.52,001.60,0,060.21
00410,000205000,059.25,08.52,002.23,0,060.42
00411,000205500,059.50,08.54,000.00,0,060.62
00412,000206000,059.00,08.55,024.26,0,060.83
00413,000206500,059.00,08.55,004.91,0,061.04
00414,000207000,059.00,08.55,005.55,0,061.25
00415,000207500,059.25,08.55,000.00,0,061.46
00416,000208000,059.25,08.53,006.10,0,061.67
00417,000208500,059.25,08.52,006.75,0,061.88
00418,000209000,059.25,08.52,007.41,0,062.08
00419,000209500,058.75,08.51,029.57,0,062.29
00420,000210000,058.75,08.52,010.23,0,062.50
00421,000210500,059.00,08.54,000.14,0,062.71
00422,000211000,059.00,08.54,010.80,0,062.92
00423,000211500,059.00,08.52,011.47,0,063.12
00424,000212000,059.25,08.54,001.39,0,063.33
00425,000212500,058.75,08.54,033.56,0,063.54
00426,000213000,058.75,08.54,014.23,0,063.75
00427,000213500,059.25,08.54,000.00,0,063.96
00428,000214000,058.75,08.54,035.59,0,064.17
00429,000214500,058.75,08.56,016.27,0,064.38
00430,000215000,058.75,08.56,016.95,0,064.58
00431,000215500,058.25,08.54,039.14,0,064.79
00432,000216000,058.50,08.55,009.08,0,065.00
00433,000216500,058.75,08.55,009.02,0,065.21
00434,000217000,058.75,08.55,019.71,0,065.42
00435,000217500,058.50,08.55,031.16,0,065.62
00436,000218000,058.75,08.55,011.10,0,065.83
00437,000218500,058.75,08.56,021.80,0,066.04
00438,000219000,058.75,08.56,022.50,0,066.25
00439,000219500,058.75,08.55,023.20,0,066.46
00440,000220000,059.00,08.56,013.16,0,066.67
00441,000220500,058.75,08.54,034.61,0,066.88
00442,000221000,058.75,08.54,025.32,0,067.08
00443,000221500,059.00,08.54,015.28,0,067.29
00444,000222000,058.50,08.54,047.49,0,067.50
00445,000222500,058.50,08.54,028.21,0,067.71
00446,000223000,058.75,08.54,018.18,0,067.92
00447,000223500,058.50,08.52,039.65,0,068.12
00448,000224000,058.50,08.54,030.37,0,068.33
00449,000224500,058.50,08.54,031.10,0,068.54
00450,000225000,058.25,08.55,042.58,0,068.75
00451,000225500,058.50,08.55,022.56,0,068.96
00452,000226000,059.00,08.54,011.78,0,069.17
00453,000226500,059.00,08.54,032.51,0,069.38
00454,000227000,058.25,08.54,065.50,0,069.58
00455,000227500,058.75,08.52,014.74,0,069.79
00456,000228000,058.50,08.55,046.23,0,070.00
00457,000228500,058.50,08.55,036.97,0,070.21
00458,000229000,058.75,08.54,026.96,0,070.42
00459,000229500,059.00,08.51,026.95,0,070.62
00460,000230000,058.75,08.51,048.45,0,070.83
00461,000230500,058.75,08.51,039.19,0,071.04
00462,000231000,058.50,08.51,050.70,0,071.25
00463,000231500,059.00,08.51,019.95,0,071.46
00464,000232000,059.00,08.51,040.70,0,071.67
00465,000232500,059.00,08.51,041.45,0,071.88
00466,000233000,058.75,08.51,052.96,0,072.08
00467,000233500,059.00,08.51,032.97,0,072.29
00468,000234000,059.25,08.50,032.98,0,072.50
00469,000234500,059.25,08.50,043.74,0,072.71
00470,000235000,059.00,08.51,055.25,0,072.92
00471,000235500,059.00,08.52,046.02,0,073.12
00472,000236000,059.00,08.54,046.78,0,073.33
00473,000236500,059.00,08.54,047.55,0,073.54
00474,000237000,059.00,08.55,048.33,0,073.75
00475,000237500,059.75,08.51,016.84,0,073.96
00476,000238000,059.75,08.51,047.61,0,074.17
00477,000238500,059.00,08.50,080.64,0,074.38
00478,000239000,059.50,08.48,029.92,0,074.58
00479,000239500,059.50,08.50,050.70,0,074.79
00480,000240000,059.50,08.50,051.48,0,075.00
00481,000240500,059.50,08.49,054.05,0,075.25
00482,000241000,060.00,08.48,033.45,0,075.50
00483,000241500,060.00,08.51,054.36,0,075.75
00484,000242000,060.00,08.51,055.27,0,076.00
00485,000242500,060.00,08.49,056.19,0,076.25
00486,000243000,060.25,08.48,046.35,0,076.50
00487,000243500,060.00,08.51,068.02,0,076.75
00488,000244000,060.00,08.51,058.94,0,077.00
00489,000244500,060.75,08.49,027.60,0,077.25
00490,000245000,060.50,08.49,069.27,0,077.50
00491,000245500,060.50,08.49,060.19,0,077.75
00492,000246000,060.50,08.49,061.12,0,078.00
00493,000246500,061.00,08.49,040.54,0,078.25
00494,000247000,1024.00,08.50,000.00,0,078.50
00495,000247500,061.50,08.51,100.00,0,078.75
00496,000248000,061.50,08.51,052.18,0,079.00
00497,000248500,061.25,08.50,063.86,0,079.25
00498,000249000,061.25,08.51,054.80,0,079.50
00499,000249500,062.25,08.50,012.72,0,079.75
00500,000250000,062.25,08.50,053.65,0,080.00
00501,000250500,061.50,08.50,086.84,0,080.25
00502,000251000,062.25,08.50,025.52,0,080.50
00503,000251500,061.75,08.48,077.96,0,080.75
00504,000252000,061.75,08.48,058.90,0,081.00
00505,000252500,061.75,08.49,059.84,0,081.25
00506,000253000,062.75,08.48,017.78,0,081.50
00507,000253500,062.75,08.48,058.72,0,081.75
00508,000254000,062.75,08.48,059.66,0,082.00
00509,000254500,062.25,08.48,082.12,0,082.25
00510,000255000,062.75,08.50,041.56,0,082.50
00511,000255500,062.75,08.50,062.51,0,082.75
00512,000256000,063.25,08.51,041.96,0,083.00
00513,000256500,063.50,08.49,052.16,0,083.25
00514,000257000,063.25,08.49,073.86,0,083.50
00515,000257500,063.25,08.49,064.81,0,083.75
00516,000258000,064.25,08.51,022.76,0,084.00
00517,000258500,064.00,08.49,074.47,0,084.25
00518,000259000,064.25,08.49,054.67,0,084.50
00519,000259500,064.25,08.49,065.62,0,084.75
00520,000260000,064.50,08.49,055.83,0,085.00
00521,000260500,065.00,08.51,045.28,0,085.25
00522,000261000,065.00,08.50,066.23,0,085.50
00523,000261500,065.00,08.50,067.19,0,085.75
00524,000262000,065.25,08.50,057.40,0,086.00
00525,000262500,065.25,08.49,068.36,0,086.25
00526,000263000,065.50,08.48,058.57,0,086.50
00527,000263500,065.50,08.48,069.53,0,086.75
00528,000264000,066.50,08.49,027.49,0,087.00
00529,000264500,066.75,08.50,057.69,0,087.25
00530,000265000,066.50,08.51,079.40,0,087.50
00531,000265500,066.50,08.51,070.37,0,087.75
00532,000266000,067.00,08.49,049.83,0,088.00
00533,000266500,066.75,08.48,081.54,0,088.25
00534,000267000,067.75,08.49,029.50,0,088.50
00535,000267500,067.75,08.49,070.46,0,088.75
00536,000268000,1024.00,08.51,000.00,0,089.00
00537,000268500,068.50,08.51,100.00,0,089.25
00538,000269000,068.75,08.49,050.77,0,089.50
00539,000269500,068.75,08.49,061.73,0,089.75
00540,000270000,068.75,08.49,062.70,0,090.00
00541,000270500,069.50,08.49,031.40,0,090.25
00542,000271000,069.50,08.49,062.36,0,090.50
00543,000271500,070.00,08.49,041.82,0,090.75
00544,000272000,070.00,08.48,062.78,0,091.00
00545,000272500,000.00,08.48,100.00,0,091.25
00546,000273000,000.00,08.48,100.00,0,091.50
00547,000273500,070.75,08.48,000.00,0,091.75
00548,000274000,071.00,08.48,055.03,0,092.00
00549,000274500,071.50,08.48,044.48,0,092.25
00550,000275000,071.50,08.48,065.44,0,092.50
00551,000275500,072.00,08.48,044.90,0,092.75
00552,000276000,071.75,08.47,076.62,0,093.00
00553,000276500,072.25,08.46,046.08,0,093.25
00554,000277000,072.25,08.46,067.04,0,093.50
00555,000277500,072.25,08.46,068.00,0,093.75
00556,000278000,073.25,08.46,025.96,0,094.00
00557,000278500,073.00,08.45,077.67,0,094.25
00558,000279000,073.00,08.45,068.64,0,094.50
00559,000279500,073.75,08.44,037.35,0,094.75
00560,000280000,073.75,08.45,068.31,0,095.00
00561,000280500,074.75,08.45,026.27,0,095.25
00562,000281000,074.75,08.45,067.22,0,095.50
00563,000281500,074.25,08.46,089.69,0,095.75
00564,000282000,075.00,08.45,038.40,0,096.00
00565,000282500,075.25,08.46,058.61,0,096.25
00566,000283000,075.25,08.46,069.57,0,096.50
00567,000283500,076.00,08.44,038.28,0,096.75
00568,000284000,076.75,08.42,036.98,0,097.00
00569,000284500,076.75,08.43,067.94,0,097.25
00570,000285000,076.75,08.43,068.89,0,097.50
00571,000285500,077.00,08.43,059.10,0,097.75
00572,000286000,077.75,08.44,037.80,0,098.00
00573,000286500,077.75,08.44,068.76,0,098.25
00574,000287000,078.25,08.44,048.21,0,098.50
00575,000287500,078.25,08.44,069.16,0,098.75
00576,000288000,078.50,08.44,059.37,0,099.00
00577,000288500,078.50,08.44,070.33,0,099.25
00578,000289000,079.50,08.44,028.28,0,099.50
00579,000289500,079.75,08.45,058.48,0,099.75
00580,000290000,080.25,08.45,047.92,0,100.00
00581,000290500,080.25,08.45,068.88,0,100.25
00582,000291000,080.50,08.43,059.08,0,100.50
00583,000291500,256.00,08.43,000.00,0,100.75
00584,000292000,081.50,08.44,100.00,0,101.00
00585,000292500,081.50,08.44,067.16,0,101.25
00586,000293000,081.50,08.44,068.12,0,101.50
00587,000293500,082.00,08.43,047.56,0,101.75
00588,000294000,082.75,08.43,036.26,0,102.00
00589,000294500,082.75,08.43,067.20,0,102.25
00590,000295000,082.75,08.44,068.15,0,102.50
00591,000295500,083.25,08.43,047.59,0,102.75
00592,000296000,083.50,08.43,057.79,0,103.00
00593,000296500,083.50,08.43,068.73,0,103.25
00594,000297000,084.00,08.43,048.18,0,103.50
00595,000297500,084.50,08.44,047.62,0,103.75
00596,000298000,085.25,08.43,036.31,0,104.00
00597,000298500,085.25,08.43,067.25,0,104.25
00598,000299000,085.50,08.43,057.44,0,104.50
00599,000299500,086.00,08.42,046.88,0,104.75
00600,000300000,086.25,08.42,057.06,0,105.00
00601,000300500,086.25,08.42,069.80,0,105.29
00602,000301000,087.00,08.43,038.61,0,105.58
00603,000301500,087.25,08.41,058.92,0,105.88
00604,000302000,087.25,08.41,069.98,0,106.17
00605,000302500,087.75,08.42,049.55,0,106.46
00606,000303000,087.75,08.42,070.61,0,106.75
00607,000303500,088.50,08.45,039.42,0,107.04
00608,000304000,088.50,08.45,070.48,0,107.33
00609,000304500,089.00,08.44,050.05,0,107.62
00610,000305000,089.50,08.44,049.60,0,107.92
00611,000305500,089.75,08.41,059.91,0,108.21
00612,000306000,089.75,08.41,070.98,0,108.50
00613,000306500,090.00,08.43,061.29,0,108.79
00614,000307000,090.25,08.44,061.60,0,109.08
00615,000307500,091.00,08.43,040.41,0,109.38
00616,000308000,091.00,08.43,071.47,0,109.67
00617,000308500,090.50,08.41,094.04,0,109.96
00618,000309000,091.75,08.40,021.35,0,110.25
00619,000309500,092.00,08.41,061.66,0,110.54
00620,000310000,092.00,08.41,072.73,0,110.83
00621,000310500,092.75,08.41,041.54,0,111.12
00622,000311000,092.50,08.42,083.35,0,111.42
00623,000311500,093.50,08.42,031.41,0,111.71
00624,000312000,093.50,08.42,072.47,0,112.00
00625,000312500,093.75,08.39,062.78,0,112.29
00626,000313000,094.75,08.37,030.83,0,112.58
00627,000313500,095.00,08.38,061.13,0,112.88
00628,000314000,095.00,08.38,072.19,0,113.17
00629,000314500,095.25,08.38,062.50,0,113.46
00630,000315000,096.00,08.39,041.30,0,113.75
00631,000315500,096.50,08.38,050.85,0,114.04
00632,000316000,096.50,08.38,071.90,0,114.33
00633,000316500,096.50,08.40,072.96,0,114.62
00634,000317000,097.50,08.38,031.01,0,114.92
00635,000317500,097.75,08.37,061.31,0,115.21
00636,000318000,097.75,08.37,072.36,0,115.50
00637,000318500,098.25,08.37,051.91,0,115.79
00638,000319000,098.75,08.39,051.46,0,116.08
00639,000319500,098.75,08.39,072.51,0,116.38
00640,000320000,099.25,08.39,052.06,0,116.67
00641,000320500,099.75,08.36,051.61,0,116.96
00642,000321000,100.25,08.36,051.15,0,117.25
00643,000321500,100.25,08.36,072.20,0,117.54
00644,000322000,101.00,08.36,040.99,0,117.83
00645,000322500,101.50,08.36,050.54,0,118.12
00646,000323000,101.50,08.36,071.58,0,118.42
00647,000323500,101.50,08.36,072.63,0,118.71
00648,000324000,102.25,08.35,041.42,0,119.00
00649,000324500,103.00,08.36,040.21,0,119.29
00650,000325000,103.00,08.37,071.25,0,119.58
00651,000325500,103.00,08.37,072.29,0,119.88
00652,000326000,104.00,08.34,030.33,0,120.17
00653,000326500,104.50,08.35,049.86,0,120.46
00654,000327000,104.75,08.35,060.15,0,120.75
00655,000327500,104.75,08.35,071.19,0,121.04
00656,000328000,105.25,08.35,050.72,0,121.33
00657,000328500,105.75,08.35,050.26,0,121.62
00658,000329000,106.25,08.35,049.79,0,121.92
00659,000329500,106.25,08.35,070.82,0,122.21
00660,000330000,106.75,08.35,050.35,0,122.50
00661,000330500,106.75,08.36,071.39,0,122.79
00662,000331000,107.50,08.37,040.17,0,123.08
00663,000331500,107.50,08.37,071.20,0,123.38
00664,000332000,108.25,08.38,039.98,0,123.67
00665,000332500,108.25,08.37,071.02,0,123.96
00666,000333000,109.00,08.36,039.79,0,124.25
00667,000333500,109.00,08.36,070.82,0,124.54
00668,000334000,109.75,08.37,039.60,0,124.83
00669,000334500,109.75,08.39,070.63,0,125.12
00670,000335000,109.75,08.39,071.66,0,125.42
00671,000335500,110.25,08.39,051.19,0,125.71
00672,000336000,111.25,08.38,029.21,0,126.00
00673,000336500,112.00,08.39,037.98,0,126.29
00674,000337000,112.00,08.39,069.00,0,126.58
00675,000337500,112.25,08.38,059.27,0,126.88
00676,000338000,112.75,08.37,048.79,0,127.17
00677,000338500,112.50,08.37,080.57,0,127.46
00678,000339000,112.50,08.37,071.59,0,127.75
00679,000339500,113.00,08.36,051.12,0,128.04
00680,000340000,113.75,08.35,039.89,0,128.33
00681,000340500,114.25,08.36,049.41,0,128.62
00682,000341000,114.25,08.36,070.43,0,128.92
00683,000341500,114.25,08.36,071.45,0,129.21
00684,000342000,115.00,08.36,040.22,0,129.50
00685,000342500,115.50,08.36,049.74,0,129.79
00686,000343000,115.50,08.36,070.76,0,130.08
00687,000343500,116.00,08.37,050.28,0,130.38
00688,000344000,115.50,08.35,092.81,0,130.67
00689,000344500,116.50,08.36,030.83,0,130.96
00690,000345000,116.50,08.36,071.85,0,131.25
00691,000345500,117.25,08.37,040.62,0,131.54
00692,000346000,117.00,08.38,082.39,0,131.83
00693,000346500,117.25,08.38,062.67,0,132.12
00694,000347000,117.25,08.38,073.69,0,132.42
00695,000347500,118.25,08.39,031.71,0,132.71
00696,000348000,118.75,08.38,051.23,0,133.00
00697,000348500,119.00,08.40,061.50,0,133.29
00698,000349000,119.00,08.40,072.52,0,133.58
00699,000349500,119.25,08.41,062.79,0,133.88
00700,000350000,120.00,08.40,041.56,0,134.17
00701,000350500,120.00,08.40,072.58,0,134.46
00702,000351000,120.25,08.39,062.85,0,134.75
00703,000351500,120.75,08.40,052.36,0,135.04
00704,000352000,121.00,08.41,062.63,0,135.33
00705,000352500,121.00,08.41,073.65,0,135.62
00706,000353000,121.50,08.42,053.17,0,135.92
00707,000353500,122.00,08.41,052.69,0,136.21
00708,000354000,121.75,08.41,084.46,0,136.50
00709,000354500,121.75,08.41,075.49,0,136.79
00710,000355000,122.00,08.42,065.76,0,137.08
00711,000355500,122.75,08.41,044.53,0,137.38
00712,000356000,123.00,08.41,064.81,0,137.67
00713,000356500,123.00,08.41,075.83,0,137.96
00714,000357000,123.75,08.43,044.60,0,138.25
00715,000357500,123.75,08.43,075.62,0,138.54
00716,000358000,124.50,08.44,044.39,0,138.83
00717,000358500,124.50,08.44,075.41,0,139.12
00718,000359000,124.50,08.44,076.44,0,139.42
00719,000359500,124.75,08.44,066.71,0,139.71
00720,000360000,125.00,08.42,066.99,0,140.00
00721,000360500,125.00,08.42,072.64,0,140.17
00722,000361000,125.50,08.42,051.79,0,140.33
00723,000361500,126.00,08.42,050.93,0,140.50
00724,000362000,126.50,08.41,050.07,0,140.67
00725,000362500,126.50,08.41,070.72,0,140.83
00726,000363000,126.50,08.41,071.36,0,141.00
00727,000363500,127.00,08.41,050.50,0,141.17
00728,000364000,126.75,08.42,081.90,0,141.33
00729,000364500,126.75,08.42,072.55,0,141.50
00730,000365000,128.00,08.41,019.43,0,141.67
00731,000365500,128.00,08.43,070.07,0,141.83
00732,000366000,128.25,08.46,059.96,0,142.00
00733,000366500,128.25,08.46,070.60,0,142.17
00734,000367000,129.00,08.46,038.98,0,142.33
00735,000367500,129.50,08.47,048.11,0,142.50
00736,000368000,129.50,08.47,068.74,0,142.67
00737,000368500,130.25,08.47,037.12,0,142.83
00738,000369000,130.25,08.46,067.75,0,143.00
00739,000369500,130.75,08.45,046.87,0,143.17
00740,000370000,130.75,08.45,067.50,0,143.33
00741,000370500,131.75,08.44,025.11,0,143.50
00742,000371000,132.50,08.43,033.48,0,143.67
00743,000371500,132.25,08.45,074.84,0,143.83
00744,000372000,132.25,08.45,065.46,0,144.00
00745,000372500,132.75,08.46,044.57,0,144.17
00746,000373000,133.25,08.48,043.68,0,144.33
00747,000373500,134.00,08.45,032.04,0,144.50
00748,000374000,134.00,08.45,062.65,0,144.67
00749,000374500,134.25,08.45,052.50,0,144.83
00750,000375000,134.00,08.47,073.86,0,145.00
00751,000375500,134.75,08.48,032.22,0,145.17
00752,000376000,134.75,08.48,062.82,0,145.33
00753,000376500,135.50,08.47,031.17,0,145.50
00754,000377000,135.50,08.46,061.77,0,145.67
00755,000377500,135.75,08.46,051.62,0,145.83
00756,000378000,135.75,08.46,062.23,0,146.00
00757,000378500,135.50,08.45,073.58,0,146.17
00758,000379000,136.00,08.44,042.69,0,146.33
00759,000379500,136.50,08.42,041.79,0,146.50
00760,000380000,136.50,08.42,062.39,0,146.67
00761,000380500,136.75,08.43,052.24,0,146.83
00762,000381000,137.50,08.42,030.58,0,147.00
00763,000381500,137.50,08.42,061.18,0,147.17
00764,000382000,137.50,08.42,061.78,0,147.33
00765,000382500,137.50,08.42,062.38,0,147.50
00766,000383000,138.00,08.44,041.48,0,147.67
00767,000383500,138.00,08.44,062.07,0,147.83
00768,000384000,138.50,08.45,041.17,0,148.00
00769,000384500,138.25,08.44,072.52,0,148.17
00770,000385000,138.50,08.43,052.37,0,148.33
00771,000385500,138.50,08.43,062.97,0,148.50
00772,000386000,138.75,08.42,052.82,0,148.67
00773,000386500,139.00,08.43,052.66,0,148.83
00774,000387000,139.00,08.44,063.26,0,149.00
00775,000387500,139.00,08.44,063.87,0,149.17
00776,000388000,139.50,08.44,042.96,0,149.33
00777,000388500,140.00,08.44,042.06,0,149.50
00778,000389000,140.00,08.46,062.66,0,149.67
00779,000389500,140.00,08.46,063.25,0,149.83
00780,000390000,140.50,08.45,042.35,0,150.00
00781,000390500,141.00,08.44,041.44,0,150.17
00782,000391000,140.75,08.42,072.79,0,150.33
00783,000391500,140.75,08.42,063.38,0,150.50
00784,000392000,141.00,08.41,053.23,0,150.67
00785,000392500,141.00,08.41,063.83,0,150.83
00786,000393000,142.00,08.40,021.42,0,151.00
00787,000393500,142.00,08.40,062.01,0,151.17
00788,000394000,142.25,08.41,051.85,0,151.33
00789,000394500,142.75,08.42,040.94,0,151.50
00790,000395000,143.00,08.43,050.78,0,151.67
00791,000395500,143.00,08.43,061.36,0,151.83
00792,000396000,143.00,08.42,061.95,0,152.00
00793,000396500,143.00,08.43,062.55,0,152.17
00794,000397000,143.25,08.44,052.39,0,152.33
00795,000397500,143.25,08.44,062.98,0,152.50
00796,000398000,143.50,08.45,052.82,0,152.67
00797,000398500,143.75,08.43,052.66,0,152.83
00798,000399000,143.75,08.43,063.25,0,153.00
00799,000399500,144.00,08.44,053.10,0,153.17
00800,000400000,144.75,08.45,031.43,0,153.33
00801,000400500,145.00,08.46,051.27,0,153.50
00802,000401000,145.00,08.46,061.85,0,153.67
00803,000401500,144.50,08.44,083.95,0,153.83
00804,000402000,145.50,08.45,021.53,0,154.00
00805,000402500,145.75,08.45,051.37,0,154.17
00806,000403000,145.75,08.45,061.95,0,154.33
00807,000403500,146.25,08.45,041.03,0,154.50
00808,000404000,146.75,08.46,040.11,0,154.67
00809,000404500,147.00,08.45,049.94,0,154.83
00810,000405000,147.00,08.45,060.52,0,155.00
00811,000405500,147.25,08.45,050.35,0,155.17
00812,000406000,147.75,08.47,039.43,0,155.33
00813,000406500,148.25,08.46,038.50,0,155.50
00814,000407000,148.25,08.46,059.07,0,155.67
00815,000407500,148.00,08.46,070.40,0,155.83
00816,000408000,149.00,08.47,017.97,0,156.00
00817,000408500,149.00,08.45,058.54,0,156.17
00818,000409000,149.00,08.45,059.12,0,156.33
00819,000409500,149.25,08.43,048.94,0,156.50
00820,000410000,150.00,08.45,027.26,0,156.67
00821,000410500,150.00,08.47,057.82,0,156.83
00822,000411000,150.00,08.47,058.39,0,157.00
00823,000411500,150.50,08.49,037.46,0,157.17
00824,000412000,150.50,08.48,058.03,0,157.33
00825,000412500,151.00,08.49,037.09,0,157.50
00826,000413000,151.00,08.49,057.66,0,157.67
00827,000413500,151.50,08.49,036.72,0,157.83
00828,000414000,151.75,08.49,046.54,0,158.00
00829,000414500,152.00,08.49,046.35,0,158.17
00830,000415000,152.00,08.49,056.91,0,158.33
00831,000415500,152.75,08.47,025.22,0,158.50
00832,000416000,153.50,08.47,023.52,0,158.67
00833,000416500,153.50,08.47,054.07,0,158.83
00834,000417000,153.25,08.47,065.38,0,159.00
00835,000417500,154.25,08.48,012.93,0,159.17
00836,000418000,154.25,08.46,053.48,0,159.33
00837,000418500,154.25,08.46,054.03,0,159.50
00838,000419000,154.75,08.48,033.08,0,159.67
00839,000419500,155.25,08.48,032.13,0,159.83
00840,000420000,155.00,08.49,063.43,0,160.00
00841,000420500,155.00,08.49,053.98,0,160.17
00842,000421000,156.00,08.48,011.52,0,160.33
00843,000421500,155.75,08.48,062.82,0,160.50
00844,000422000,156.50,08.48,021.11,0,160.67
00845,000422500,156.50,08.48,051.66,0,160.83
00846,000423000,156.25,08.47,062.95,0,161.00
00847,000423500,157.25,08.49,010.49,0,161.17
00848,000424000,157.25,08.49,051.03,0,161.33
00849,000424500,157.25,08.49,051.58,0,161.50
00850,000425000,157.75,08.48,030.62,0,161.67
00851,000425500,158.25,08.49,029.65,0,161.83
00852,000426000,158.25,08.50,050.19,0,162.00
00853,000426500,158.25,08.50,050.73,0,162.17
00854,000427000,158.00,08.49,062.02,0,162.33
00855,000427500,159.25,08.48,000.00,0,162.50
00856,000428000,159.25,08.48,049.34,0,162.67
00857,000428500,159.25,08.48,049.87,0,162.83
00858,000429000,158.75,08.48,071.92,0,163.00
00859,000429500,159.50,08.47,020.20,0,163.17
00860,000430000,159.25,08.46,061.49,0,163.33
00861,000430500,159.25,08.46,052.04,0,163.50
00862,000431000,159.75,08.48,031.08,0,163.67
00863,000431500,160.00,08.47,040.86,0,163.83
00864,000432000,160.00,08.47,051.40,0,164.00
00865,000432500,159.50,08.45,073.45,0,164.17
00866,000433000,160.00,08.47,032.49,0,164.33
00867,000433500,160.25,08.46,042.29,0,164.50
00868,000434000,160.25,08.46,052.83,0,164.67
00869,000434500,160.50,08.47,042.62,0,164.83
00870,000435000,160.25,08.47,063.92,0,165.00
00871,000435500,160.75,08.46,032.97,0,165.17
00872,000436000,160.75,08.46,053.51,0,165.33
00873,000436500,161.00,08.46,043.31,0,165.50
00874,000437000,160.75,08.44,064.61,0,165.67
00875,000437500,161.25,08.44,033.65,0,165.83
00876,000438000,161.25,08.44,054.20,0,166.00
00877,000438500,161.75,08.45,033.24,0,166.17
00878,000439000,161.50,08.47,064.54,0,166.33
00879,000439500,161.75,08.46,044.34,0,166.50
00880,000440000,161.75,08.46,054.89,0,166.67
00881,000440500,161.75,08.46,055.44,0,166.83
00882,000441000,162.25,08.46,034.49,0,167.00
00883,000441500,162.50,08.46,044.28,0,167.17
00884,000442000,162.50,08.46,054.83,0,167.33
00885,000442500,163.25,08.47,023.12,0,167.50
00886,000443000,162.75,08.45,075.17,0,167.67
00887,000443500,163.25,08.47,034.22,0,167.83
00888,000444000,163.25,08.47,054.77,0,168.00
00889,000444500,163.25,08.47,055.32,0,168.17
00890,000445000,163.75,08.47,034.36,0,168.33
00891,000445500,164.00,08.46,044.16,0,168.50
00892,000446000,164.00,08.46,054.70,0,168.67
00893,000446500,164.25,08.44,044.50,0,168.83
00894,000447000,164.75,08.44,033.54,0,169.00
00895,000447500,164.75,08.44,054.09,0,169.17
00896,000448000,165.00,08.43,043.88,0,169.33
00897,000448500,165.25,08.43,043.67,0,169.50
00898,000449000,165.25,08.43,054.22,0,169.67
00899,000449500,165.25,08.43,054.76,0,169.83
00900,000450000,166.00,08.44,023.05,0,170.00
00901,000450500,166.00,08.42,053.59,0,170.17
00902,000451000,165.75,08.42,064.89,0,170.33
00903,000451500,165.75,08.42,055.44,0,170.50
00904,000452000,166.50,08.42,023.73,0,170.67
00905,000452500,166.75,08.41,043.52,0,170.83
00906,000453000,166.75,08.42,054.06,0,171.00
00907,000453500,166.75,08.42,054.61,0,171.17
00908,000454000,167.50,08.43,022.89,0,171.33
00909,000454500,167.25,08.41,064.19,0,171.50
00910,000455000,167.00,08.40,065.48,0,171.67
00911,000455500,167.00,08.40,056.03,0,171.83
00912,000456000,167.50,08.40,035.08,0,172.00
00913,000456500,168.00,08.40,034.12,0,172.17
00914,000457000,167.50,08.40,076.17,0,172.33
00915,000457500,167.50,08.40,056.72,0,172.50
00916,000458000,168.25,08.40,025.01,0,172.67
00917,000458500,169.50,08.38,001.79,0,172.83
00918,000459000,169.75,08.39,041.58,0,173.00
00919,000459500,169.75,08.39,052.11,0,173.17
00920,000460000,170.00,08.39,041.89,0,173.33
00921,000460500,169.50,08.39,073.93,0,173.50
00922,000461000,169.75,08.38,043.72,0,173.67
00923,000461500,169.75,08.38,054.26,0,173.83
00924,000462000,170.00,08.37,044.05,0,174.00
00925,000462500,170.25,08.38,043.84,0,174.17
00926,000463000,170.50,08.39,043.63,0,174.33
00927,000463500,170.50,08.39,054.17,0,174.50
00928,000464000,170.75,08.36,043.96,0,174.67
00929,000464500,170.75,08.37,054.50,0,174.83
00930,000465000,170.75,08.37,055.04,0,175.00
00931,000465500,171.50,08.37,023.33,0,175.17
00932,000466000,172.00,08.37,032.36,0,175.33
00933,000466500,171.75,08.38,063.65,0,175.50
00934,000467000,171.75,08.38,054.19,0,175.67
00935,000467500,171.50,08.39,065.48,0,175.83
00936,000468000,172.00,08.38,034.52,0,176.00
00937,000468500,172.00,08.37,055.07,0,176.17
00938,000469000,172.00,08.37,055.61,0,176.33
00939,000469500,172.50,08.40,034.65,0,176.50
00940,000470000,172.75,08.39,044.44,0,176.67
00941,000470500,172.75,08.39,054.98,0,176.83
00942,000471000,172.75,08.39,055.52,0,177.00
00943,000471500,173.00,08.38,045.31,0,177.17
00944,000472000,172.75,08.39,066.61,0,177.33
00945,000472500,172.75,08.41,057.16,0,177.50
00946,000473000,172.75,08.41,057.71,0,177.67
00947,000473500,172.75,08.40,058.26,0,177.83
00948,000474000,172.75,08.41,058.81,0,178.00
00949,000474500,172.75,08.39,059.36,0,178.17
00950,000475000,172.75,08.39,059.92,0,178.33
00951,000475500,173.00,08.40,049.72,0,178.50
00952,000476000,172.75,08.41,071.03,0,178.67
00953,000476500,172.00,08.43,093.85,0,178.83
00954,000477000,172.00,08.43,064.42,0,179.00
00955,000477500,173.25,08.42,011.23,0,179.17
00956,000478000,172.75,08.43,083.30,0,179.33
00957,000478500,172.75,08.43,063.86,0,179.50
00958,000479000,172.75,08.43,064.43,0,179.67
00959,000479500,172.75,08.43,065.00,0,179.83
00960,000480000,173.50,08.43,033.32,0,180.00
00961,000480500,173.50,08.43,085.39,0,180.67
00962,000481000,173.50,08.43,087.47,0,181.33
00963,000481500,173.50,08.41,089.55,0,182.00
00964,000482000,173.50,08.42,091.65,0,182.67
00965,000482500,173.50,08.42,093.74,0,183.33
00966,000483000,173.50,08.43,095.85,0,184.00
00967,000483500,173.25,08.44,100.00,0,184.67
00968,000484000,173.25,08.44,100.00,0,185.33
00969,000484500,173.25,08.44,100.00,0,186.00
00970,000485000,173.75,08.43,083.59,0,186.67
00971,000485500,173.75,08.43,100.00,0,187.33
00972,000486000,173.75,08.44,100.00,0,188.00
00973,000486500,173.75,08.44,100.00,0,188.67
00974,000487000,174.00,08.44,100.00,0,189.33
00975,000487500,174.00,08.43,100.00,0,190.00
00976,000488000,174.50,08.42,094.24,0,190.67
00977,000488500,174.50,08.42,100.00,0,191.33
00978,000489000,174.50,08.42,100.00,0,192.00
00979,000489500,174.75,08.42,100.00,0,192.67
00980,000490000,174.50,08.43,100.00,0,193.33
00981,000490500,174.50,08.43,100.00,0,194.00
00982,000491000,175.25,08.45,095.09,0,194.67
00983,000491500,175.75,08.44,100.00,0,195.33
00984,000492000,175.75,08.44,100.00,0,196.00
00985,000492500,175.75,08.44,100.00,0,196.67
00986,000493000,176.50,08.44,100.00,0,197.33
00987,000493500,177.00,08.43,100.00,0,198.00
00988,000494000,177.75,08.41,100.00,0,198.67
00989,000494500,177.75,08.41,100.00,0,199.33
00990,000495000,177.75,08.43,100.00,0,200.00
00991,000495500,178.75,08.43,094.49,0,200.67
00992,000496000,178.75,08.43,100.00,0,201.33
00993,000496500,179.75,08.43,095.93,0,202.00
00994,000497000,180.25,08.43,100.00,0,202.67
00995,000497500,182.00,08.43,063.62,0,203.33
00996,000498000,182.00,08.43,100.00,0,204.00
00997,000498500,182.25,08.42,100.00,0,204.67
00998,000499000,183.75,08.41,075.03,0,205.33
00999,000499500,183.75,08.44,100.00,0,206.00
01000,000500000,183.75,08.44,100.00,0,206.67
01001,000500500,185.25,08.47,077.20,0,207.33
01002,000501000,185.75,08.46,100.00,0,208.00
01003,000501500,185.25,08.47,100.00,0,208.67
01004,000502000,185.25,08.47,100.00,0,209.33
01005,000502500,185.25,08.45,100.00,0,210.00
01006,000503000,186.50,08.46,094.64,0,210.67
01007,000503500,185.50,08.45,100.00,0,211.33
01008,000504000,185.50,08.45,100.00,0,212.00
01009,000504500,186.00,08.45,100.00,0,212.67
01010,000505000,187.00,08.46,100.00,0,213.33
01011,000505500,188.00,08.45,100.00,0,214.00
01012,000506000,188.00,08.45,100.00,0,214.67
01013,000506500,188.75,08.46,100.00,0,215.33
01014,000507000,189.25,08.47,100.00,0,216.00
01015,000507500,190.75,08.47,092.26,0,216.67
01016,000508000,190.75,08.47,100.00,0,217.33
01017,000508500,190.50,08.47,100.00,0,218.00
01018,000509000,191.25,08.48,100.00,0,218.67
01019,000509500,194.75,08.49,009.32,0,219.33
01020,000510000,194.75,08.49,100.00,0,220.00
01021,000510500,194.00,08.49,100.00,0,220.67
01022,000511000,194.00,08.48,100.00,0,221.33
01023,000511500,194.00,08.48,100.00,0,222.00
01024,000512000,194.00,08.48,100.00,0,222.67
01025,000512500,195.75,08.50,089.96,0,223.33
01026,000513000,195.50,08.49,100.00,0,224.00
01027,000513500,195.50,08.49,100.00,0,224.67
01028,000514000,194.75,08.48,100.00,0,225.33
01029,000514500,196.00,08.48,100.00,0,226.00
01030,000515000,196.50,08.49,100.00,0,226.67
01031,000515500,196.50,08.49,100.00,0,227.33
01032,000516000,196.75,08.50,100.00,0,228.00
01033,000516500,198.00,08.50,100.00,0,228.67
01034,000517000,198.75,08.50,100.00,0,229.33
01035,000517500,198.75,08.50,100.00,0,230.00
01036,000518000,198.00,08.50,100.00,0,230.67
01037,000518500,198.50,08.51,100.00,0,231.33
01038,000519000,198.00,08.51,100.00,0,232.00
01039,000519500,198.00,08.51,100.00,0,232.67
01040,000520000,200.50,08.50,080.41,0,233.33
01041,000520500,199.50,08.50,100.00,0,234.00
01042,000521000,202.75,08.50,048.32,0,234.67
01043,000521500,202.75,08.50,100.00,0,235.33
01044,000522000,204.25,08.50,100.00,0,236.00
01045,000522500,203.25,08.51,100.00,0,236.67
01046,000523000,204.50,08.51,100.00,0,237.33
01047,000523500,204.50,08.51,100.00,0,238.00
01048,000524000,205.25,08.50,100.00,0,238.67
01049,000524500,206.00,08.51,100.00,0,239.33
01050,000525000,208.00,08.51,100.00,0,240.00
01051,000525500,208.00,08.51,100.00,0,240.17
01052,000526000,207.50,08.50,100.00,0,240.33
01053,000526500,209.00,08.50,100.00,0,240.50
01054,000527000,209.00,08.48,100.00,0,240.67
01055,000527500,209.00,08.48,100.00,0,240.83
01056,000528000,209.00,08.49,100.00,0,241.00
01057,000528500,207.25,08.51,100.00,0,241.17
01058,000529000,207.25,08.51,100.00,0,241.33
01059,000529500,207.00,08.51,100.00,0,241.50
01060,000530000,205.25,08.51,100.00,0,241.67
01061,000530500,205.75,08.51,100.00,0,241.83
01062,000531000,205.75,08.51,100.00,0,242.00
01063,000531500,206.75,08.50,100.00,0,242.17
01064,000532000,207.50,08.51,100.00,0,242.33
01065,000532500,208.50,08.52,100.00,0,242.50
01066,000533000,208.50,08.52,100.00,0,242.67
01067,000533500,212.50,08.51,001.92,0,242.83
01068,000534000,209.75,08.51,100.00,0,243.00
01069,000534500,210.50,08.50,100.00,0,243.17
01070,000535000,210.50,08.50,100.00,0,243.33
01071,000535500,211.50,08.50,100.00,0,243.50
01072,000536000,210.75,08.49,100.00,0,243.67
01073,000536500,211.00,08.48,100.00,0,243.83
01074,000537000,211.00,08.48,100.00,0,244.00
01075,000537500,211.75,08.47,100.00,0,244.17
01076,000538000,211.75,08.51,100.00,0,244.33
01077,000538500,211.25,08.48,100.00,0,244.50
01078,000539000,211.25,08.48,100.00,0,244.67
01079,000539500,211.75,08.48,100.00,0,244.83
01080,000540000,213.50,08.49,099.68,0,245.00
01081,000540500,213.25,08.49,100.00,0,245.00
01082,000541000,213.25,08.49,100.00,0,245.00
01083,000541500,213.25,08.49,100.00,0,245.00
01084,000542000,214.50,08.48,100.00,0,245.00
01085,000542500,214.50,08.50,100.00,0,245.00
01086,000543000,214.50,08.50,100.00,0,245.00
01087,000543500,215.00,08.49,100.00,0,245.00
01088,000544000,215.00,08.49,100.00,0,245.00
01089,000544500,215.00,08.49,100.00,0,245.00
01090,000545000,217.25,08.50,064.81,0,245.00
01091,000545500,217.50,08.48,100.00,0,245.00
01092,000546000,217.25,08.51,100.00,0,245.00
01093,000546500,217.25,08.51,100.00,0,245.00
01094,000547000,217.75,08.51,100.00,0,245.00
01095,000547500,218.50,08.51,100.00,0,245.00
01096,000548000,219.00,08.51,100.00,0,245.00
01097,000548500,219.00,08.51,100.00,0,245.00
01098,000549000,219.25,08.51,100.00,0,245.00
01099,000549500,220.00,08.49,100.00,0,245.00
01100,000550000,220.75,08.49,100.00,0,245.00
01101,000550500,220.75,08.49,100.00,0,244.30
01102,000551000,221.25,08.50,093.70,0,243.60
01103,000551500,221.75,08.50,090.32,0,242.90
01104,000552000,222.25,08.51,086.91,0,242.20
01105,000552500,222.25,08.51,100.00,0,241.50
01106,000553000,222.50,08.51,092.34,0,240.80
01107,000553500,223.00,08.50,078.91,0,240.10
01108,000554000,224.00,08.50,053.97,0,239.40
01109,000554500,224.00,08.50,092.01,0,238.70
01110,000555000,224.00,08.50,090.05,0,238.00
01111,000555500,224.75,08.49,055.83,0,237.30
01112,000556000,225.75,08.51,040.84,0,236.60
01113,000556500,225.75,08.51,078.84,0,235.90
01114,000557000,225.50,08.51,087.58,0,235.20
01115,000557500,226.50,08.51,032.57,0,234.50
01116,000558000,226.75,08.50,059.79,0,233.80
01117,000558500,226.75,08.50,067.75,0,233.10
01118,000559000,227.25,08.50,044.20,0,232.40
01119,000559500,227.50,08.50,051.39,0,231.70
01120,000560000,227.50,08.50,059.33,0,231.00
01121,000560500,228.25,08.50,025.00,0,230.30
01122,000561000,229.50,08.48,000.00,0,229.60
01123,000561500,229.50,08.49,047.04,0,228.90
01124,000562000,229.50,08.49,044.93,0,228.20
01125,000562500,229.25,08.49,053.56,0,227.50
01126,000563000,229.25,08.48,041.44,0,226.80
01127,000563500,229.75,08.47,017.80,0,226.10
01128,000564000,229.75,08.47,035.66,0,225.40
01129,000564500,229.25,08.48,055.01,0,224.70
01130,000565000,230.00,08.48,000.60,0,224.00
01131,000565500,230.00,08.45,028.44,0,223.30
01132,000566000,230.00,08.45,026.26,0,222.60
01133,000566500,230.25,08.45,013.33,0,221.90
01134,000567000,230.50,08.47,010.38,0,221.20
01135,000567500,230.50,08.46,018.19,0,220.50
01136,000568000,230.50,08.46,015.98,0,219.80
01137,000568500,230.25,08.46,024.52,0,219.10
01138,000569000,230.75,08.44,000.00,0,218.40
01139,000569500,231.00,08.47,000.00,0,217.70
01140,000570000,231.00,08.47,005.57,0,217.00
01141,000570500,230.25,08.46,000.00,0,215.30
01142,000571000,231.00,08.45,000.00,0,213.60
01143,000571500,230.75,08.45,000.00,0,211.90
01144,000572000,230.75,08.45,000.00,0,210.20
01145,000572500,230.50,08.42,000.00,0,208.50
01146,000573000,230.75,08.41,000.00,0,206.80
01147,000573500,230.25,08.42,000.00,0,205.10
01148,000574000,230.25,08.42,000.00,0,203.40
01149,000574500,230.25,08.41,000.00,0,201.70
01150,000575000,230.75,08.42,000.00,0,200.00
01151,000575500,230.25,08.41,000.00,0,198.00
01152,000576000,230.25,08.41,000.00,0,196.00
01153,000576500,229.75,08.42,000.00,0,194.00
01154,000577000,230.00,08.42,000.00,0,192.00
01155,000577500,230.00,08.42,000.00,0,190.00
01156,000578000,229.75,08.41,000.00,0,188.00
01157,000578500,229.25,08.42,000.00,0,186.00
01158,000579000,229.50,08.43,000.00,0,184.00
01159,000579500,229.50,08.43,000.00,0,182.00
01160,000580000,229.50,08.43,000.00,0,180.00
01161,000580500,229.00,08.44,000.00,0,178.92
01162,000581000,228.75,08.45,000.00,0,177.83
01163,000581500,228.75,08.45,000.00,0,176.75
01164,000582000,228.50,08.45,000.00,0,175.67
01165,000582500,227.75,08.46,000.00,0,174.58
01166,000583000,227.75,08.46,000.00,0,173.50
01167,000583500,227.75,08.46,000.00,0,172.42
01168,000584000,227.00,08.45,000.00,0,171.33
01169,000584500,227.25,08.45,000.00,0,170.25
01170,000585000,226.00,08.45,000.00,0,169.17
01171,000585500,226.00,08.45,000.00,0,168.08
01172,000586000,225.75,08.48,000.00,0,167.00
01173,000586500,226.00,08.48,000.00,0,165.92
01174,000587000,225.50,08.47,000.00,0,164.83
01175,000587500,225.50,08.47,000.00,0,163.75
01176,000588000,225.00,08.47,000.00,0,162.67
01177,000588500,224.00,08.48,000.00,0,161.58
01178,000589000,224.00,08.47,000.00,0,160.50
01179,000589500,224.00,08.47,000.00,0,159.42
01180,000590000,223.75,08.48,000.00,0,158.33
01181,000590500,223.25,08.47,000.00,0,157.25
01182,000591000,222.25,08.49,000.00,0,156.17
01183,000591500,222.25,08.49,000.00,0,155.08
01184,000592000,222.25,08.49,000.00,0,154.00
01185,000592500,221.25,08.48,000.00,0,152.92
01186,000593000,221.25,08.48,000.00,0,151.83
01187,000593500,221.00,08.49,000.00,0,150.75
01188,000594000,220.75,08.47,000.00,0,149.67
01189,000594500,220.25,08.50,000.00,0,148.58
01190,000595000,220.25,08.50,000.00,0,147.50
01191,000595500,219.50,08.49,000.00,0,146.42
01192,000596000,218.75,08.49,000.00,0,145.33
01193,000596500,218.25,08.47,000.00,0,144.25
01194,000597000,218.25,08.47,000.00,0,143.17
01195,000597500,217.50,08.50,000.00,0,142.08
01196,000598000,217.25,08.52,000.00,0,141.00
01197,000598500,216.50,08.54,000.00,0,139.92
01198,000599000,216.50,08.54,000.00,0,138.83
01199,000599500,216.00,08.55,000.00,0,137.75
01200,000600000,215.00,08.54,000.00,0,136.67
01201,000600500,215.25,08.54,000.00,0,135.58
01202,000601000,215.25,08.54,000.00,0,134.50
01203,000601500,214.25,08.55,000.00,0,133.42
01204,000602000,212.75,08.55,000.00,0,132.33
01205,000602500,210.75,08.56,000.00,0,131.25
01206,000603000,210.75,08.56,000.00,0,130.17
01207,000603500,208.50,08.56,000.00,0,129.08
01208,000604000,207.00,08.56,000.00,0,128.00
01209,000604500,204.50,08.50,000.00,0,126.92
01210,000605000,204.50,08.50,000.00,0,125.83
01211,000605500,202.75,08.51,000.00,0,124.75
01212,000606000,199.75,08.52,000.00,0,123.67
01213,000606500,197.25,08.52,000.00,0,122.58
01214,000607000,197.25,08.52,000.00,0,121.50
01215,000607500,193.50,08.50,000.00,0,120.42
01216,000608000,189.25,08.50,000.00,0,119.33
01217,000608500,189.25,08.50,000.00,0,118.25
01218,000609000,185.75,08.51,000.00,0,117.17
01219,000609500,183.50,08.51,000.00,0,116.08
01220,000610000,181.75,08.51,000.00,0,115.00
01221,000610500,181.75,08.51,000.00,0,113.92
01222,000611000,179.50,08.50,000.00,0,112.83
01223,000611500,177.75,08.50,000.00,0,111.75
01224,000612000,176.00,08.48,000.00,0,110.67
01225,000612500,176.00,08.48,000.00,0,109.58
01226,000613000,173.50,08.49,000.00,0,108.50
01227,000613500,171.00,08.48,000.00,0,107.42
01228,000614000,169.50,08.50,000.00,0,106.33
01229,000614500,169.50,08.50,000.00,0,105.25
01230,000615000,167.50,08.51,000.00,0,104.17
01231,000615500,165.75,08.52,000.00,0,103.08
01232,000616000,164.25,08.51,000.00,0,102.00
01233,000616500,164.25,08.51,000.00,0,100.92
01234,000617000,163.00,08.50,000.00,0,099.83
01235,000617500,161.25,08.50,000.00,0,098.75
01236,000618000,159.75,08.51,000.00,0,097.67
01237,000618500,159.75,08.51,000.00,0,096.58
01238,000619000,157.75,08.51,000.00,0,095.50
01239,000619500,155.75,08.51,000.00,0,094.42
01240,000620000,154.25,08.51,000.00,0,093.33
01241,000620500,154.25,08.51,000.00,0,092.25
01242,000621000,152.75,08.51,000.00,0,091.17
01243,000621500,150.50,08.50,000.00,0,090.08
01244,000622000,149.25,08.51,000.00,0,089.00
01245,000622500,149.25,08.51,000.00,0,087.92
01246,000623000,148.75,08.51,000.00,0,086.83
01247,000623500,148.50,08.52,000.00,0,085.75
01248,000624000,147.50,08.52,000.00,0,084.67
01249,000624500,147.50,08.52,000.00,0,083.58
01250,000625000,146.75,08.52,000.00,0,082.50
01251,000625500,146.25,08.53,000.00,0,081.42
01252,000626000,146.25,08.53,000.00,0,080.33
01253,000626500,144.50,08.54,000.00,0,079.25
01254,000627000,144.75,08.55,000.00,0,078.17
01255,000627500,143.50,08.55,000.00,0,077.08
01256,000628000,143.50,08.55,000.00,0,076.00
01257,000628500,142.75,08.56,000.00,0,074.92
01258,000629000,141.50,08.57,000.00,0,073.83
01259,000629500,140.75,08.59,000.00,0,072.75
01260,000630000,140.75,08.59,000.00,0,071.67
01261,000630500,140.00,08.58,000.00,0,070.58
01262,000631000,138.75,08.57,000.00,0,069.50
01263,000631500,137.50,08.56,000.00,0,068.42
01264,000632000,137.50,08.56,000.00,0,067.33
01265,000632500,136.00,08.57,000.00,0,066.25
01266,000633000,135.00,08.59,000.00,0,065.17
01267,000633500,133.50,08.59,000.00,0,064.08
01268,000634000,133.50,08.59,000.00,0,063.00
01269,000634500,131.75,08.57,000.00,0,061.92
01270,000635000,130.25,08.57,000.00,0,060.83
01271,000635500,129.75,08.57,000.00,0,059.75
01272,000636000,129.75,08.57,000.00,0,058.67
01273,000636500,128.50,08.58,000.00,0,057.58
01274,000637000,128.00,08.58,000.00,0,056.50
01275,000637500,127.25,08.57,000.00,0,055.42
01276,000638000,127.25,08.57,000.00,0,054.33
01277,000638500,127.00,08.60,000.00,0,053.25
01278,000639000,126.25,08.59,000.00,0,052.17
01279,000639500,125.50,08.58,000.00,0,051.08
01280,000640000,125.50,08.58,000.00,0,050.00
01281,000640500,125.75,08.57,000.00,0,050.00
01282,000641000,125.50,08.59,000.00,0,050.00
01283,000641500,125.50,08.59,000.00,0,050.00
01284,000642000,124.50,08.58,000.00,0,050.00
01285,000642500,124.50,08.58,000.00,0,050.00
01286,000643000,124.00,08.58,000.00,0,050.00
01287,000643500,124.00,08.58,000.00,0,050.00
01288,000644000,123.25,08.57,000.00,0,050.00
01289,000644500,122.50,08.56,000.00,0,050.00
01290,000645000,122.25,08.57,000.00,0,050.00
01291,000645500,122.25,08.57,000.00,0,050.00
01292,000646000,121.75,08.58,000.00,0,050.00
01293,000646500,120.50,08.58,000.00,0,050.00
01294,000647000,120.50,08.59,000.00,0,050.00
01295,000647500,120.50,08.59,000.00,0,050.00
01296,000648000,119.50,08.60,000.00,0,050.00
01297,000648500,119.50,08.60,000.00,0,050.00
01298,000649000,117.75,08.59,000.00,0,050.00
01299,000649500,117.75,08.59,000.00,0,050.00
01300,000650000,117.25,08.58,000.00,0,050.00
01301,000650500,116.25,08.57,000.00,0,050.00
01302,000651000,115.25,08.58,000.00,0,050.00
01303,000651500,115.25,08.58,000.00,0,050.00
01304,000652000,114.75,08.59,000.00,0,050.00
01305,000652500,113.50,08.59,000.00,0,050.00
01306,000653000,112.00,08.60,000.00,0,050.00
01307,000653500,112.00,08.60,000.00,0,050.00
01308,000654000,111.00,08.61,000.00,0,050.00
01309,000654500,109.50,08.61,000.00,0,050.00
01310,000655000,109.00,08.59,000.00,0,050.00
01311,000655500,109.00,08.59,000.00,0,050.00
01312,000656000,107.75,08.60,000.00,0,050.00
01313,000656500,107.00,08.60,000.00,0,050.00
01314,000657000,107.00,08.60,000.00,0,050.00
01315,000657500,106.00,08.60,000.00,0,050.00
01316,000658000,105.25,08.61,000.00,0,050.00
01317,000658500,104.75,08.60,000.00,0,050.00
01318,000659000,104.75,08.60,000.00,0,050.00
01319,000659500,104.25,08.60,000.00,0,050.00
01320,000660000,104.00,08.61,000.00,0,050.00
01321,000660500,103.50,08.59,000.00,0,050.00
01322,000661000,103.50,08.59,000.00,0,050.00
01323,000661500,103.50,08.61,000.00,0,050.00
01324,000662000,102.75,08.62,000.00,0,050.00
01325,000662500,102.25,08.62,000.00,0,050.00
01326,000663000,102.25,08.62,000.00,0,050.00
01327,000663500,101.75,08.61,000.00,0,050.00
01328,000664000,101.25,08.60,000.00,0,050.00
01329,000664500,100.25,08.62,000.00,0,050.00
01330,000665000,100.25,08.62,000.00,0,050.00
01331,000665500,100.00,08.63,000.00,0,050.00
01332,000666000,099.50,08.61,000.00,0,050.00
01333,000666500,098.75,08.62,000.00,0,050.00
01334,000667000,098.75,08.62,000.00,0,050.00
01335,000667500,098.25,08.61,000.00,0,050.00
01336,000668000,098.00,08.61,000.00,0,050.00
01337,000668500,097.75,08.59,000.00,0,050.00
01338,000669000,097.75,08.59,000.00,0,050.00
01339,000669500,098.00,08.61,000.00,0,050.00
01340,000670000,097.75,08.62,000.00,0,050.00
01341,000670500,097.50,08.61,000.00,0,050.00
01342,000671000,097.50,08.61,000.00,0,050.00
01343,000671500,097.50,08.62,000.00,0,050.00
01344,000672000,096.75,08.63,000.00,0,050.00
01345,000672500,096.25,08.64,000.00,0,050.00
01346,000673000,096.25,08.64,000.00,0,050.00
01347,000673500,096.25,08.64,000.00,0,050.00
01348,000674000,095.75,08.64,000.00,0,050.00
01349,000674500,095.75,08.64,000.00,0,050.00
01350,000675000,094.25,08.65,000.00,0,050.00
01351,000675500,094.00,08.64,000.00,0,050.00
01352,000676000,094.00,08.63,000.00,0,050.00
01353,000676500,094.00,08.63,000.00,0,050.00
01354,000677000,094.25,08.63,000.00,0,050.00
01355,000677500,094.00,08.64,000.00,0,050.00
01356,000678000,094.50,08.64,000.00,0,050.00
01357,000678500,094.50,08.64,000.00,0,050.00
01358,000679000,094.00,08.65,000.00,0,050.00
01359,000679500,094.00,08.66,000.00,0,050.00
01360,000680000,093.75,08.64,000.00,0,050.00
01361,000680500,093.75,08.64,000.00,0,050.00
01362,000681000,093.00,08.64,000.00,0,050.00
01363,000681500,093.50,08.64,000.00,0,050.00
01364,000682000,092.50,08.65,000.00,0,050.00
01365,000682500,092.50,08.65,000.00,0,050.00
01366,000683000,091.25,08.66,000.00,0,050.00
01367,000683500,091.25,08.64,000.00,0,050.00
01368,000684000,091.25,08.66,000.00,0,050.00
01369,000684500,091.25,08.66,000.00,0,050.00
01370,000685000,090.75,08.65,000.00,0,050.00
01371,000685500,090.25,08.68,000.00,0,050.00
01372,000686000,089.75,08.66,000.00,0,050.00
01373,000686500,089.75,08.66,000.00,0,050.00
01374,000687000,090.25,08.66,000.00,0,050.00
01375,000687500,089.50,08.67,000.00,0,050.00
01376,000688000,089.75,08.66,000.00,0,050.00
01377,000688500,089.75,08.66,000.00,0,050.00
01378,000689000,089.75,08.66,000.00,0,050.00
01379,000689500,088.75,08.65,000.00,0,050.00
01380,000690000,088.75,08.65,000.00,0,050.00
01381,000690500,088.50,08.65,000.00,0,050.00
01382,000691000,088.75,08.64,000.00,0,050.00
01383,000691500,089.00,08.66,000.00,0,050.00
01384,000692000,089.00,08.66,000.00,0,050.00
01385,000692500,088.75,08.66,000.00,0,050.00
01386,000693000,088.75,08.65,000.00,0,050.00
01387,000693500,088.25,08.66,000.00,0,050.00
01388,000694000,088.25,08.66,000.00,0,050.00
01389,000694500,088.00,08.64,000.00,0,050.00
01390,000695000,087.50,08.66,000.00,0,050.00
01391,000695500,087.25,08.66,000.00,0,050.00
01392,000696000,087.25,08.66,000.00,0,050.00
01393,000696500,087.00,08.64,000.00,0,050.00
01394,000697000,086.50,08.67,000.00,0,050.00
01395,000697500,085.50,08.67,000.00,0,050.00
01396,000698000,085.50,08.67,000.00,0,050.00
01397,000698500,085.50,08.67,000.00,0,050.00
01398,000699000,085.25,08.65,000.00,0,050.00
01399,000699500,084.50,08.67,000.00,0,050.00
01400,000700000,084.50,08.67,000.00,0,050.00
01401,000700500,084.00,08.68,000.00,0,050.00
01402,000701000,083.50,08.68,000.00,0,050.00
01403,000701500,083.50,08.69,000.00,0,050.00
01404,000702000,083.50,08.69,000.00,0,050.00
01405,000702500,082.75,08.70,000.00,0,050.00
01406,000703000,082.50,08.70,000.00,0,050.00
01407,000703500,082.50,08.70,000.00,0,050.00
01408,000704000,082.50,08.70,000.00,0,050.00
01409,000704500,082.50,08.70,000.00,0,050.00
01410,000705000,082.25,08.69,000.00,0,050.00
01411,000705500,082.25,08.69,000.00,0,050.00
01412,000706000,082.00,08.70,000.00,0,050.00
01413,000706500,082.50,08.69,000.00,0,050.00
01414,000707000,082.25,08.69,000.00,0,050.00
01415,000707500,082.25,08.69,000.00,0,050.00
01416,000708000,082.25,08.68,000.00,0,050.00
01417,000708500,081.50,08.69,000.00,0,050.00
01418,000709000,082.00,08.69,000.00,0,050.00
01419,000709500,082.00,08.69,000.00,0,050.00
01420,000710000,081.75,08.69,000.00,0,050.00
01421,000710500,081.50,08.70,000.00,0,050.00
01422,000711000,081.25,08.69,000.00,0,050.00
01423,000711500,081.25,08.69,000.00,0,050.00
01424,000712000,080.75,08.69,000.00,0,050.00
01425,000712500,080.75,08.69,000.00,0,050.00
01426,000713000,080.75,08.69,000.00,0,050.00
01427,000713500,080.75,08.69,000.00,0,050.00
01428,000714000,079.50,08.68,000.00,0,050.00
01429,000714500,079.25,08.69,000.00,0,050.00
01430,000715000,078.00,08.69,000.00,0,050.00
01431,000715500,078.00,08.69,000.00,0,050.00
01432,000716000,078.25,08.68,000.00,0,050.00
01433,000716500,078.25,08.68,000.00,0,050.00
01434,000717000,077.50,08.69,000.00,0,050.00
01435,000717500,077.50,08.69,000.00,0,050.00
01436,000718000,077.75,08.68,000.00,0,050.00
01437,000718500,077.50,08.67,000.00,0,050.00
01438,000719000,077.50,08.67,000.00,0,050.00
01439,000719500,077.50,08.67,000.00,0,050.00
01440,000720000,076.25,08.66,000.00,0,050.00
