Sample time (ms): 500
Maximum runtime (s): 720
Index,Time (ms),Oven temperature (C),Ambient temperature (C),PWM controller (percent),Thermocouple open,Reference temperature (C)
00000,000000001,021.00,20.50,100.00,0,050.00
00001,000000500,021.00,20.50,087.54,0,050.00
00002,000001000,021.00,20.50,087.83,0,050.00
00003,000001500,020.75,20.50,098.88,0,050.00
00004,000002000,020.75,20.50,089.17,0,050.00
00005,000002500,020.75,20.50,089.46,0,050.00
00006,000003000,020.50,20.50,100.00,0,050.00
00007,000003500,020.50,20.50,090.80,0,050.00
00008,000004000,020.75,20.50,080.34,0,050.00
00009,000004500,020.75,20.50,090.64,0,050.00
00010,000005000,020.75,20.49,090.93,0,050.00
00011,000005500,020.75,20.49,091.22,0,050.00
00012,000006000,020.75,20.49,091.51,0,050.00
00013,000006500,020.75,20.49,091.81,0,050.00
00014,000007000,020.75,20.49,092.10,0,050.00
00015,000007500,020.75,20.49,092.39,0,050.00
00016,000008000,020.75,20.49,092.68,0,050.00
00017,000008500,020.75,20.49,092.97,0,050.00
00018,000009000,083.00,20.50,000.00,0,050.00
00019,000009500,083.00,20.50,000.00,0,050.00
00020,000010000,020.75,20.50,100.00,0,050.00
00021,000010500,020.75,20.50,092.90,0,050.00
00022,000011000,020.75,20.50,093.19,0,050.00
00023,000011500,020.75,20.48,093.48,0,050.00
00024,000012000,020.75,20.48,093.78,0,050.00
00025,000012500,020.50,20.49,100.00,0,050.00
00026,000013000,020.50,20.49,095.12,0,050.00
00027,000013500,041.00,20.49,000.00,0,050.00
00028,000014000,041.00,20.49,033.80,0,050.00
00029,000014500,041.00,20.49,033.89,0,050.00
00030,000015000,020.50,20.49,100.00,0,050.00
00031,000015500,020.50,20.49,095.98,0,050.00
00032,000016000,020.75,20.49,085.52,0,050.00
00033,000016500,020.75,20.49,095.81,0,050.00
00034,000017000,020.75,20.49,096.11,0,050.00
00035,000017500,041.50,20.48,000.00,0,050.00
00036,000018000,041.50,20.48,034.02,0,050.00
00037,000018500,020.25,20.48,100.00,0,050.00
00038,000019000,020.25,20.48,098.37,0,050.00
00039,000019500,020.25,20.48,098.67,0,050.00
00040,000020000,020.50,20.48,088.21,0,050.00
00041,000020500,020.50,20.48,098.51,0,050.00
00042,000021000,020.50,20.48,098.80,0,050.00
00043,000021500,020.50,20.48,099.10,0,050.00
00044,000022000,020.75,20.48,088.64,0,050.00
00045,000022500,020.75,20.48,098.93,0,050.00
00046,000023000,020.75,20.48,099.22,0,050.00
00047,000023500,020.25,20.48,100.00,0,050.00
00048,000024000,020.25,20.48,100.00,0,050.00
00049,000024500,020.75,20.48,080.11,0,050.00
00050,000025000,020.75,20.48,100.00,0,050.00
00051,000025500,020.75,20.48,100.00,0,050.00
00052,000026000,020.75,20.47,100.00,0,050.00
00053,000026500,020.75,20.47,100.00,0,050.00
00054,000027000,020.75,20.48,100.00,0,050.00
00055,000027500,020.75,20.48,100.00,0,050.00
00056,000028000,020.75,20.48,100.00,0,050.00
00057,000028500,020.75,20.48,100.00,0,050.00
00058,000029000,020.75,20.48,100.00,0,050.00
00059,000029500,020.00,20.47,100.00,0,050.00
00060,000030000,020.00,20.47,100.00,0,050.00
00061,000030500,020.50,20.48,084.39,0,050.00
00062,000031000,020.50,20.48,100.00,0,050.00
00063,000031500,020.50,20.48,100.00,0,050.00
00064,000032000,020.50,20.47,100.00,0,050.00
00065,000032500,020.50,20.47,100.00,0,050.00
00066,000033000,020.50,20.48,100.00,0,050.00
00067,000033500,020.50,20.48,100.00,0,050.00
00068,000034000,020.50,20.48,100.00,0,050.00
00069,000034500,020.75,20.47,096.00,0,050.00
00070,000035000,020.75,20.47,100.00,0,050.00
00071,000035500,020.50,20.47,100.00,0,050.00
00072,000036000,020.50,20.47,100.00,0,050.00
00073,000036500,020.50,20.47,100.00,0,050.00
00074,000037000,020.50,20.47,100.00,0,050.00
00075,000037500,020.50,20.47,100.00,0,050.00
00076,000038000,041.00,20.46,000.00,0,050.00
00077,000038500,041.00,20.46,047.20,0,050.00
00078,000039000,020.50,20.47,100.00,0,050.00
00079,000039500,020.50,20.47,100.00,0,050.00
00080,000040000,020.50,20.47,100.00,0,050.00
00081,000040500,020.75,20.47,099.12,0,050.00
00082,000041000,020.75,20.47,100.00,0,050.00
00083,000041500,021.00,20.47,098.95,0,050.00
00084,000042000,021.00,20.47,100.00,0,050.00
00085,000042500,020.50,20.45,100.00,0,050.00
00086,000043000,020.50,20.45,100.00,0,050.00
00087,000043500,020.50,20.45,100.00,0,050.00
00088,000044000,020.75,20.47,100.00,0,050.00
00089,000044500,020.75,20.47,100.00,0,050.00
00090,000045000,020.50,20.46,100.00,0,050.00
00091,000045500,020.50,20.46,100.00,0,050.00
00092,000046000,020.50,20.46,100.00,0,050.00
00093,000046500,020.50,20.47,100.00,0,050.00
00094,000047000,020.50,20.47,100.00,0,050.00
00095,000047500,020.50,20.45,100.00,0,050.00
00096,000048000,020.50,20.45,100.00,0,050.00
00097,000048500,020.50,20.45,100.00,0,050.00
00098,000049000,020.50,20.45,100.00,0,050.00
00099,000049500,020.50,20.45,100.00,0,050.00
00100,000050000,020.50,20.46,100.00,0,050.00
00101,000050500,020.50,20.46,100.00,0,050.00
00102,000051000,021.00,20.47,094.55,0,050.00
00103,000051500,021.00,20.47,100.00,0,050.00
00104,000052000,021.00,20.47,100.00,0,050.00
00105,000052500,020.50,20.45,100.00,0,050.00
00106,000053000,020.50,20.45,100.00,0,050.00
00107,000053500,021.00,20.45,096.00,0,050.00
00108,000054000,021.00,20.45,100.00,0,050.00
00109,000054500,021.00,20.45,100.00,0,050.00
00110,000055000,020.75,20.45,100.00,0,050.00
00111,000055500,020.75,20.45,100.00,0,050.00
00112,000056000,020.50,20.46,100.00,0,050.00
00113,000056500,020.50,20.46,100.00,0,050.00
00114,000057000,020.75,20.45,100.00,0,050.00
00115,000057500,020.75,20.45,100.00,0,050.00
00116,000058000,020.75,20.45,100.00,0,050.00
00117,000058500,020.50,20.45,100.00,0,050.00
00118,000059000,020.50,20.45,100.00,0,050.00
00119,000059500,020.75,20.45,100.00,0,050.00
00120,000060000,020.75,20.45,100.00,0,050.00
00121,000060500,020.75,20.45,100.00,0,050.00
00122,000061000,020.50,20.46,100.00,0,050.00
00123,000061500,020.50,20.46,100.00,0,050.00
00124,000062000,020.50,20.45,100.00,0,050.00
00125,000062500,020.50,20.45,100.00,0,050.00
00126,000063000,020.50,20.45,100.00,0,050.00
00127,000063500,020.50,20.45,100.00,0,050.00
00128,000064000,020.50,20.45,100.00,0,050.00
00129,000064500,020.75,20.45,100.00,0,050.00
00130,000065000,020.75,20.45,100.00,0,050.00
00131,000065500,021.00,20.45,100.00,0,050.00
00132,000066000,021.00,20.45,100.00,0,050.00
00133,000066500,021.00,20.45,100.00,0,050.00
00134,000067000,020.00,20.45,100.00,0,050.00
00135,000067500,020.00,20.45,100.00,0,050.00
00136,000068000,020.75,20.45,095.27,0,050.00
00137,000068500,020.75,20.45,100.00,0,050.00
00138,000069000,020.75,20.45,100.00,0,050.00
00139,000069500,020.50,20.44,100.00,0,050.00
00140,000070000,020.50,20.44,100.00,0,050.00
00141,000070500,020.75,20.44,100.00,0,050.00
00142,000071000,020.75,20.44,100.00,0,050.00
00143,000071500,020.25,20.44,100.00,0,050.00
00144,000072000,020.25,20.44,100.00,0,050.00
00145,000072500,020.25,20.44,100.00,0,050.00
00146,000073000,020.50,20.44,100.00,0,050.00
00147,000073500,020.50,20.44,100.00,0,050.00
00148,000074000,020.50,20.44,100.00,0,050.00
00149,000074500,020.50,20.44,100.00,0,050.00
00150,000075000,020.50,20.44,100.00,0,050.00
00151,000075500,020.50,20.44,100.00,0,050.00
00152,000076000,020.50,20.44,100.00,0,050.00
00153,000076500,021.00,20.44,100.00,0,050.00
00154,000077000,021.00,20.44,100.00,0,050.00
00155,000077500,021.00,20.44,100.00,0,050.00
00156,000078000,021.00,20.45,100.00,0,050.00
00157,000078500,021.00,20.45,100.00,0,050.00
00158,000079000,021.00,20.44,100.00,0,050.00
00159,000079500,021.00,20.44,100.00,0,050.00
00160,000080000,020.25,20.45,100.00,0,050.00
00161,000080500,020.25,20.45,100.00,0,050.00
00162,000081000,020.25,20.45,100.00,0,050.00
00163,000081500,020.75,20.45,100.00,0,050.00
00164,000082000,020.75,20.45,100.00,0,050.00
00165,000082500,020.50,20.46,100.00,0,050.00
00166,000083000,020.50,20.46,100.00,0,050.00
00167,000083500,020.50,20.46,100.00,0,050.00
00168,000084000,021.00,20.45,100.00,0,050.00
00169,000084500,021.00,20.45,100.00,0,050.00
00170,000085000,020.25,20.45,100.00,0,050.00
00171,000085500,020.25,20.45,100.00,0,050.00
00172,000086000,020.25,20.45,100.00,0,050.00
00173,000086500,020.50,20.45,100.00,0,050.00
00174,000087000,020.50,20.45,100.00,0,050.00
00175,000087500,021.00,20.44,100.00,0,050.00
00176,000088000,021.00,20.44,100.00,0,050.00
00177,000088500,020.25,20.45,100.00,0,050.00
00178,000089000,020.25,20.45,100.00,0,050.00
00179,000089500,020.25,20.45,100.00,0,050.00
00180,000090000,020.75,20.45,100.00,0,050.00
00181,000090500,020.75,20.45,100.00,0,050.00
00182,000091000,020.50,20.44,100.00,0,050.00
00183,000091500,020.50,20.44,100.00,0,050.00
00184,000092000,020.50,20.44,100.00,0,050.00
00185,000092500,020.75,20.45,100.00,0,050.00
00186,000093000,020.75,20.45,100.00,0,050.00
00187,000093500,020.25,20.45,100.00,0,050.00
00188,000094000,020.25,20.45,100.00,0,050.00
00189,000094500,020.75,20.44,100.00,0,050.00
00190,000095000,020.75,20.44,100.00,0,050.00
00191,000095500,020.75,20.44,100.00,0,050.00
00192,000096000,020.50,20.45,100.00,0,050.00
00193,000096500,020.50,20.45,100.00,0,050.00
00194,000097000,021.00,20.43,100.00,0,050.00
00195,000097500,021.00,20.43,100.00,0,050.00
00196,000098000,021.00,20.43,100.00,0,050.00
00197,000098500,020.25,20.45,100.00,0,050.00
00198,000099000,020.25,20.45,100.00,0,050.00
00199,000099500,021.00,20.44,100.00,0,050.00
00200,000100000,021.00,20.44,100.00,0,050.00
00201,000100500,021.00,20.44,100.00,0,050.00
00202,000101000,020.50,20.44,100.00,0,050.00
00203,000101500,020.50,20.44,100.00,0,050.00
00204,000102000,020.50,20.44,100.00,0,050.00
00205,000102500,020.50,20.44,100.00,0,050.00
00206,000103000,021.00,20.45,100.00,0,050.00
00207,000103500,021.00,20.45,100.00,0,050.00
00208,000104000,021.00,20.45,100.00,0,050.00
00209,000104500,020.50,20.44,100.00,0,050.00
00210,000105000,020.50,20.44,100.00,0,050.00
00211,000105500,020.50,20.43,100.00,0,050.00
00212,000106000,020.50,20.43,100.00,0,050.00
00213,000106500,020.50,20.43,100.00,0,050.00
00214,000107000,020.75,20.42,100.00,0,050.00
00215,000107500,020.75,20.42,100.00,0,050.00
00216,000108000,020.75,20.44,100.00,0,050.00
00217,000108500,020.75,20.44,100.00,0,050.00
00218,000109000,020.75,20.43,100.00,0,050.00
00219,000109500,020.75,20.43,100.00,0,050.00
00220,000110000,020.75,20.43,100.00,0,050.00
00221,000110500,020.75,20.42,100.00,0,050.00
00222,000111000,020.75,20.42,100.00,0,050.00
00223,000111500,020.75,20.42,100.00,0,050.00
00224,000112000,020.75,20.42,100.00,0,050.00
00225,000112500,020.75,20.42,100.00,0,050.00
00226,000113000,021.00,20.44,100.00,0,050.00
00227,000113500,021.00,20.44,100.00,0,050.00
00228,000114000,020.50,20.42,100.00,0,050.00
00229,000114500,020.50,20.42,100.00,0,050.00
00230,000115000,020.50,20.42,100.00,0,050.00
00231,000115500,020.75,20.43,100.00,0,050.00
00232,000116000,020.75,20.43,100.00,0,050.00
00233,000116500,020.25,20.43,100.00,0,050.00
00234,000117000,020.25,20.43,100.00,0,050.00
00235,000117500,020.25,20.43,100.00,0,050.00
00236,000118000,020.25,20.43,100.00,0,050.00
00237,000118500,020.25,20.43,100.00,0,050.00
00238,000119000,020.50,20.43,100.00,0,050.00
00239,000119500,020.50,20.43,100.00,0,050.00
00240,000120000,020.75,20.42,100.00,0,050.00
00241,000120500,020.75,20.42,100.00,0,050.00
00242,000121000,020.75,20.42,100.00,0,050.00
00243,000121500,020.25,20.43,100.00,0,050.00
00244,000122000,020.25,20.43,100.00,0,050.00
00245,000122500,020.75,20.42,100.00,0,050.00
00246,000123000,020.75,20.42,100.00,0,050.00
00247,000123500,020.75,20.42,100.00,0,050.00
00248,000124000,020.75,20.42,100.00,0,050.00
00249,000124500,020.75,20.42,100.00,0,050.00
00250,000125000,020.00,20.43,100.00,0,050.00
00251,000125500,020.00,20.43,100.00,0,050.00
00252,000126000,020.25,20.43,100.00,0,050.00
00253,000126500,020.25,20.43,100.00,0,050.00
00254,000127000,020.25,20.43,100.00,0,050.00
00255,000127500,020.75,20.42,100.00,0,050.00
00256,000128000,020.75,20.42,100.00,0,050.00
00257,000128500,020.25,20.42,100.00,0,050.00
00258,000129000,020.25,20.42,100.00,0,050.00
00259,000129500,020.25,20.42,100.00,0,050.00
00260,000130000,020.75,20.42,100.00,0,050.00
00261,000130500,020.75,20.42,100.00,0,050.00
00262,000131000,020.75,20.42,100.00,0,050.00
00263,000131500,020.75,20.42,100.00,0,050.00
00264,000132000,020.75,20.42,100.00,0,050.00
00265,000132500,020.75,20.42,100.00,0,050.00
00266,000133000,020.75,20.42,100.00,0,050.00
00267,000133500,021.00,20.42,100.00,0,050.00
00268,000134000,021.00,20.42,100.00,0,050.00
00269,000134500,020.75,20.42,100.00,0,050.00
00270,000135000,020.75,20.42,100.00,0,050.00
00271,000135500,020.75,20.42,100.00,0,050.00
00272,000136000,021.00,20.42,100.00,0,050.00
00273,000136500,021.00,20.42,100.00,0,050.00
00274,000137000,020.75,20.42,100.00,0,050.00
00275,000137500,020.75,20.42,100.00,0,050.00
00276,000138000,020.75,20.43,100.00,0,050.00
00277,000138500,020.75,20.43,100.00,0,050.00
00278,000139000,020.75,20.43,100.00,0,050.00
00279,000139500,020.50,20.43,100.00,0,050.00
00280,000140000,020.50,20.43,100.00,0,050.00
00281,000140500,020.75,20.42,100.00,0,050.00
00282,000141000,020.75,20.42,100.00,0,050.00
00283,000141500,020.75,20.42,100.00,0,050.00
00284,000142000,020.75,20.42,100.00,0,050.00
00285,000142500,020.75,20.42,100.00,0,050.00
00286,000143000,020.75,20.42,100.00,0,050.00
00287,000143500,020.75,20.42,100.00,0,050.00
00288,000144000,020.75,20.42,100.00,0,050.00
00289,000144500,020.50,20.42,100.00,0,050.00
00290,000145000,020.50,20.42,100.00,0,050.00
00291,000145500,021.00,20.42,100.00,0,050.00
00292,000146000,021.00,20.42,100.00,0,050.00
00293,000146500,020.75,20.43,100.00,0,050.00
00294,000147000,020.75,20.43,100.00,0,050.00
00295,000147500,020.75,20.43,100.00,0,050.00
00296,000148000,020.75,20.42,100.00,0,050.00
00297,000148500,020.75,20.42,100.00,0,050.00
00298,000149000,020.75,20.42,100.00,0,050.00
00299,000149500,020.75,20.42,100.00,0,050.00
00300,000150000,020.75,20.42,100.00,0,050.00
00301,000150500,020.25,20.42,100.00,0,050.00
00302,000151000,020.25,20.42,100.00,0,050.00
00303,000151500,020.75,20.42,100.00,0,050.00
00304,000152000,020.75,20.42,100.00,0,050.00
00305,000152500,020.75,20.42,100.00,0,050.00
00306,000153000,020.25,20.41,100.00,0,050.00
00307,000153500,020.25,20.41,100.00,0,050.00
00308,000154000,020.50,20.43,100.00,0,050.00
00309,000154500,020.50,20.43,100.00,0,050.00
00310,000155000,020.75,20.41,100.00,0,050.00
00311,000155500,020.75,20.41,100.00,0,050.00
00312,000156000,020.75,20.41,100.00,0,050.00
00313,000156500,021.00,20.42,100.00,0,050.00
00314,000157000,021.00,20.42,100.00,0,050.00
00315,000157500,020.50,20.41,100.00,0,050.00
00316,000158000,020.50,20.41,100.00,0,050.00
00317,000158500,020.50,20.41,100.00,0,050.00
00318,000159000,020.75,20.42,100.00,0,050.00
00319,000159500,020.75,20.42,100.00,0,050.00
00320,000160000,020.50,20.42,100.00,0,050.00
00321,000160500,020.50,20.42,100.00,0,050.00
00322,000161000,020.75,20.42,100.00,0,050.00
00323,000161500,020.75,20.42,100.00,0,050.00
00324,000162000,020.75,20.42,100.00,0,050.00
00325,000162500,020.75,20.40,100.00,0,050.00
00326,000163000,020.75,20.40,100.00,0,050.00
00327,000163500,020.50,20.41,100.00,0,050.00
00328,000164000,020.50,20.41,100.00,0,050.00
00329,000164500,020.50,20.41,100.00,0,050.00
00330,000165000,020.50,20.41,100.00,0,050.00
00331,000165500,020.50,20.41,100.00,0,050.00
00332,000166000,020.50,20.41,100.00,0,050.00
00333,000166500,020.50,20.41,100.00,0,050.00
00334,000167000,020.50,20.41,100.00,0,050.00
00335,000167500,020.50,20.41,100.00,0,050.00
00336,000168000,020.50,20.41,100.00,0,050.00
00337,000168500,020.75,20.41,100.00,0,050.00
00338,000169000,020.75,20.41,100.00,0,050.00
00339,000169500,020.75,20.42,100.00,0,050.00
00340,000170000,020.75,20.42,100.00,0,050.00
00341,000170500,020.75,20.42,100.00,0,050.00
00342,000171000,020.25,20.41,100.00,0,050.00
00343,000171500,020.25,20.41,100.00,0,050.00
00344,000172000,020.25,20.41,100.00,0,050.00
00345,000172500,020.25,20.41,100.00,0,050.00
00346,000173000,020.25,20.41,100.00,0,050.00
00347,000173500,020.50,20.41,100.00,0,050.00
00348,000174000,020.50,20.41,100.00,0,050.00
00349,000174500,020.50,20.41,100.00,0,050.00
00350,000175000,020.50,20.41,100.00,0,050.00
00351,000175500,020.50,20.40,100.00,0,050.00
00352,000176000,020.50,20.40,100.00,0,050.00
00353,000176500,020.50,20.40,100.00,0,050.00
00354,000177000,020.50,20.41,100.00,0,050.00
00355,000177500,020.50,20.41,100.00,0,050.00
00356,000178000,020.75,20.41,100.00,0,050.00
00357,000178500,020.75,20.41,100.00,0,050.00
00358,000179000,020.75,20.41,100.00,0,050.00
00359,000179500,021.00,20.41,100.00,0,050.00
00360,000180000,021.00,20.41,100.00,0,050.00
00361,000180500,021.00,20.40,100.00,0,050.21
00362,000181000,021.00,20.40,100.00,0,050.42
00363,000181500,021.00,20.40,100.00,0,050.62
00364,000182000,021.00,20.41,100.00,0,050.83
00365,000182500,021.00,20.41,100.00,0,051.04
00366,000183000,020.75,20.41,100.00,0,051.25
00367,000183500,020.75,20.41,100.00,0,051.46
00368,000184000,020.50,20.41,100.00,0,051.67
00369,000184500,020.50,20.41,100.00,0,051.88
00370,000185000,020.50,20.41,100.00,0,052.08
00371,000185500,020.50,20.41,100.00,0,052.29
00372,000186000,020.50,20.41,100.00,0,052.50
00373,000186500,020.50,20.41,100.00,0,052.71
00374,000187000,020.50,20.41,100.00,0,052.92
00375,000187500,020.50,20.41,100.00,0,053.12
00376,000188000,020.75,20.40,100.00,0,053.33
00377,000188500,020.75,20.40,100.00,0,053.54
00378,000189000,020.75,20.41,100.00,0,053.75
00379,000189500,020.75,20.41,100.00,0,053.96
00380,000190000,020.25,20.41,100.00,0,054.17
00381,000190500,020.25,20.41,100.00,0,054.38
00382,000191000,020.25,20.41,100.00,0,054.58
00383,000191500,020.50,20.40,100.00,0,054.79
00384,000192000,020.50,20.40,100.00,0,055.00
00385,000192500,020.75,20.41,100.00,0,055.21
00386,000193000,020.75,20.41,100.00,0,055.42
00387,000193500,020.75,20.41,100.00,0,055.62
00388,000194000,020.75,20.40,100.00,0,055.83
00389,000194500,020.75,20.40,100.00,0,056.04
00390,000195000,020.00,20.40,100.00,0,056.25
00391,000195500,020.00,20.40,100.00,0,056.46
00392,000196000,020.00,20.40,100.00,0,056.67
00393,000196500,020.50,20.41,100.00,0,056.88
00394,000197000,020.50,20.41,100.00,0,057.08
00395,000197500,020.75,20.41,100.00,0,057.29
00396,000198000,020.75,20.41,100.00,0,057.50
00397,000198500,020.75,20.40,100.00,0,057.71
00398,000199000,020.75,20.40,100.00,0,057.92
00399,000199500,020.75,20.40,100.00,0,058.12
00400,000200000,020.75,20.41,100.00,0,058.33
00401,000200500,020.75,20.41,100.00,0,058.54
00402,000201000,020.75,20.40,100.00,0,058.75
00403,000201500,020.75,20.40,100.00,0,058.96
00404,000202000,020.75,20.40,100.00,0,059.17
00405,000202500,020.50,20.41,100.00,0,059.38
00406,000203000,020.50,20.41,100.00,0,059.58
00407,000203500,020.25,20.41,100.00,0,059.79
00408,000204000,020.25,20.41,100.00,0,060.00
00409,000204500,021.00,20.41,100.00,0,060.21
00410,000205000,021.00,20.41,100.00,0,060.42
00411,000205500,021.00,20.41,100.00,0,060.62
00412,000206000,020.50,20.40,100.00,0,060.83
00413,000206500,020.50,20.40,100.00,0,061.04
00414,000207000,020.75,20.40,100.00,0,061.25
00415,000207500,020.75,20.40,100.00,0,061.46
00416,000208000,020.75,20.40,100.00,0,061.67
00417,000208500,020.25,20.40,100.00,0,061.88
00418,000209000,020.25,20.40,100.00,0,062.08
00419,000209500,020.75,20.40,100.00,0,062.29
00420,000210000,020.75,20.40,100.00,0,062.50
00421,000210500,020.75,20.40,100.00,0,062.71
00422,000211000,020.25,20.40,100.00,0,062.92
00423,000211500,020.25,20.40,100.00,0,063.12
00424,000212000,020.75,20.40,100.00,0,063.33
00425,000212500,020.75,20.40,100.00,0,063.54
00426,000213000,020.75,20.40,100.00,0,063.75
00427,000213500,020.75,20.40,100.00,0,063.96
00428,000214000,020.75,20.40,100.00,0,064.17
00429,000214500,020.75,20.40,100.00,0,064.38
00430,000215000,020.75,20.40,100.00,0,064.58
00431,000215500,020.75,20.40,100.00,0,064.79
00432,000216000,020.75,20.40,100.00,0,065.00
00433,000216500,020.75,20.40,100.00,0,065.21
00434,000217000,020.50,20.40,100.00,0,065.42
00435,000217500,020.50,20.40,100.00,0,065.62
00436,000218000,020.75,20.40,100.00,0,065.83
00437,000218500,020.75,20.40,100.00,0,066.04
00438,000219000,020.75,20.40,100.00,0,066.25
00439,000219500,020.75,20.39,100.00,0,066.46
00440,000220000,020.75,20.39,100.00,0,066.67
00441,000220500,020.25,20.40,100.00,0,066.88
00442,000221000,020.25,20.40,100.00,0,067.08
00443,000221500,020.25,20.40,100.00,0,067.29
00444,000222000,020.25,20.40,100.00,0,067.50
00445,000222500,020.25,20.40,100.00,0,067.71
00446,000223000,020.50,20.40,100.00,0,067.92
00447,000223500,020.50,20.40,100.00,0,068.12
00448,000224000,020.75,20.40,100.00,0,068.33
00449,000224500,020.75,20.40,100.00,0,068.54
00450,000225000,020.75,20.40,100.00,0,068.75
00451,000225500,020.75,20.40,100.00,0,068.96
00452,000226000,020.75,20.40,100.00,0,069.17
00453,000226500,020.50,20.39,100.00,0,069.38
00454,000227000,020.50,20.39,100.00,0,069.58
00455,000227500,020.00,20.40,100.00,0,069.79
00456,000228000,020.00,20.40,100.00,0,070.00
00457,000228500,020.00,20.40,100.00,0,070.21
00458,000229000,021.00,20.40,100.00,0,070.42
00459,000229500,021.00,20.40,100.00,0,070.62
00460,000230000,021.00,20.41,100.00,0,070.83
00461,000230500,021.00,20.41,100.00,0,071.04
00462,000231000,021.00,20.41,100.00,0,071.25
00463,000231500,020.75,20.41,100.00,0,071.46
00464,000232000,020.75,20.41,100.00,0,071.67
00465,000232500,020.50,20.40,100.00,0,071.88
00466,000233000,020.50,20.40,100.00,0,072.08
00467,000233500,020.50,20.40,100.00,0,072.29
00468,000234000,020.75,20.40,100.00,0,072.50
00469,000234500,020.75,20.40,100.00,0,072.71
00470,000235000,020.50,20.40,100.00,0,072.92
00471,000235500,020.50,20.40,100.00,0,073.12
00472,000236000,020.75,20.40,100.00,0,073.33
00473,000236500,020.75,20.40,100.00,0,073.54
00474,000237000,020.75,20.40,100.00,0,073.75
00475,000237500,021.00,20.39,100.00,0,073.96
00476,000238000,021.00,20.39,100.00,0,074.17
00477,000238500,021.00,20.39,100.00,0,074.38
00478,000239000,021.00,20.39,100.00,0,074.58
00479,000239500,021.00,20.39,100.00,0,074.79
00480,000240000,020.25,20.40,100.00,0,075.00
00481,000240500,020.25,20.40,100.00,0,075.25
00482,000241000,020.50,20.39,100.00,0,075.50
00483,000241500,020.50,20.39,100.00,0,075.75
00484,000242000,020.75,20.40,100.00,0,076.00
00485,000242500,020.75,20.40,100.00,0,076.25
00486,000243000,020.75,20.40,100.00,0,076.50
00487,000243500,020.75,20.40,100.00,0,076.75
00488,000244000,020.75,20.40,100.00,0,077.00
00489,000244500,020.75,20.40,100.00,0,077.25
00490,000245000,020.75,20.40,100.00,0,077.50
00491,000245500,020.75,20.40,100.00,0,077.75
00492,000246000,020.50,20.40,100.00,0,078.00
00493,000246500,020.50,20.40,100.00,0,078.25
00494,000247000,020.75,20.39,100.00,0,078.50
00495,000247500,020.75,20.39,100.00,0,078.75
00496,000248000,020.75,20.39,100.00,0,079.00
00497,000248500,021.00,20.39,100.00,0,079.25
00498,000249000,021.00,20.39,100.00,0,079.50
00499,000249500,020.50,20.39,100.00,0,079.75
00500,000250000,020.50,20.39,100.00,0,080.00
00501,000250500,020.50,20.39,100.00,0,080.25
00502,000251000,020.50,20.39,100.00,0,080.50
00503,000251500,020.50,20.39,100.00,0,080.75
00504,000252000,020.50,20.39,100.00,0,081.00
00505,000252500,020.50,20.39,100.00,0,081.25
00506,000253000,020.50,20.39,100.00,0,081.50
00507,000253500,020.50,20.39,100.00,0,081.75
00508,000254000,020.50,20.39,100.00,0,082.00
00509,000254500,021.00,20.39,100.00,0,082.25
00510,000255000,021.00,20.39,100.00,0,082.50
00511,000255500,020.75,20.40,100.00,0,082.75
00512,000256000,020.75,20.40,100.00,0,083.00
00513,000256500,020.50,20.39,100.00,0,083.25
00514,000257000,020.50,20.39,100.00,0,083.50
00515,000257500,020.50,20.39,100.00,0,083.75
00516,000258000,020.50,20.39,100.00,0,084.00
00517,000258500,020.50,20.39,100.00,0,084.25
00518,000259000,020.75,20.39,100.00,0,084.50
00519,000259500,020.75,20.39,100.00,0,084.75
00520,000260000,020.75,20.39,100.00,0,085.00
00521,000260500,020.50,20.40,100.00,0,085.25
00522,000261000,020.50,20.40,100.00,0,085.50
00523,000261500,020.50,20.38,100.00,0,085.75
00524,000262000,020.50,20.38,100.00,0,086.00
00525,000262500,020.50,20.38,100.00,0,086.25
00526,000263000,020.25,20.39,100.00,0,086.50
00527,000263500,020.25,20.39,100.00,0,086.75
00528,000264000,020.25,20.39,100.00,0,087.00
00529,000264500,020.25,20.39,100.00,0,087.25
00530,000265000,020.50,20.39,100.00,0,087.50
00531,000265500,020.50,20.39,100.00,0,087.75
00532,000266000,020.50,20.39,100.00,0,088.00
00533,000266500,021.00,20.39,100.00,0,088.25
00534,000267000,021.00,20.39,100.00,0,088.50
00535,000267500,020.75,20.39,100.00,0,088.75
00536,000268000,020.75,20.39,100.00,0,089.00
00537,000268500,020.75,20.39,100.00,0,089.25
00538,000269000,020.50,20.38,100.00,0,089.50
00539,000269500,020.50,20.38,100.00,0,089.75
00540,000270000,020.75,20.39,100.00,0,090.00
00541,000270500,020.75,20.39,100.00,0,090.25
00542,000271000,020.75,20.39,100.00,0,090.50
00543,000271500,020.75,20.39,100.00,0,090.75
00544,000272000,020.75,20.39,100.00,0,091.00
00545,000272500,020.50,20.39,100.00,0,091.25
00546,000273000,020.50,20.39,100.00,0,091.50
00547,000273500,020.25,20.39,100.00,0,091.75
00548,000274000,020.25,20.39,100.00,0,092.00
00549,000274500,020.25,20.39,100.00,0,092.25
00550,000275000,020.50,20.38,100.00,0,092.50
00551,000275500,020.50,20.38,100.00,0,092.75
00552,000276000,020.50,20.39,100.00,0,093.00
00553,000276500,020.50,20.39,100.00,0,093.25
00554,000277000,020.50,20.39,100.00,0,093.50
00555,000277500,020.25,20.39,100.00,0,093.75
00556,000278000,020.25,20.39,100.00,0,094.00
00557,000278500,020.25,20.39,100.00,0,094.25
00558,000279000,020.25,20.39,100.00,0,094.50
00559,000279500,021.00,20.39,100.00,0,094.75
00560,000280000,021.00,20.39,100.00,0,095.00
00561,000280500,021.00,20.39,100.00,0,095.25
00562,000281000,020.75,20.38,100.00,0,095.50
00563,000281500,020.75,20.38,100.00,0,095.75
00564,000282000,020.50,20.38,100.00,0,096.00
00565,000282500,020.50,20.38,100.00,0,096.25
00566,000283000,020.50,20.38,100.00,0,096.50
00567,000283500,020.25,20.39,100.00,0,096.75
00568,000284000,020.25,20.39,100.00,0,097.00
00569,000284500,020.50,20.38,100.00,0,097.25
00570,000285000,020.50,20.38,100.00,0,097.50
00571,000285500,020.50,20.38,100.00,0,097.75
00572,000286000,020.50,20.39,100.00,0,098.00
00573,000286500,020.50,20.39,100.00,0,098.25
00574,000287000,020.50,20.39,100.00,0,098.50
00575,000287500,020.50,20.39,100.00,0,098.75
00576,000288000,020.25,20.39,100.00,0,099.00
00577,000288500,020.25,20.39,100.00,0,099.25
00578,000289000,020.25,20.39,100.00,0,099.50
00579,000289500,021.00,20.38,100.00,0,099.75
00580,000290000,021.00,20.38,100.00,0,100.00
00581,000290500,020.50,20.38,100.00,0,100.25
00582,000291000,020.50,20.38,100.00,0,100.50
00583,000291500,020.50,20.38,100.00,0,100.75
00584,000292000,020.50,20.39,100.00,0,101.00
00585,000292500,020.50,20.39,100.00,0,101.25
00586,000293000,020.75,20.39,100.00,0,101.50
00587,000293500,020.75,20.39,100.00,0,101.75
00588,000294000,020.50,20.39,100.00,0,102.00
00589,000294500,020.50,20.39,100.00,0,102.25
00590,000295000,020.50,20.39,100.00,0,102.50
00591,000295500,020.50,20.39,100.00,0,102.75
00592,000296000,020.50,20.39,100.00,0,103.00
00593,000296500,020.25,20.39,100.00,0,103.25
00594,000297000,020.25,20.39,100.00,0,103.50
00595,000297500,020.25,20.39,100.00,0,103.75
00596,000298000,020.25,20.39,100.00,0,104.00
00597,000298500,020.25,20.39,100.00,0,104.25
00598,000299000,020.50,20.38,100.00,0,104.50
00599,000299500,020.50,20.38,100.00,0,104.75
00600,000300000,020.50,20.38,100.00,0,105.00
00601,000300500,020.25,20.38,100.00,0,105.29
00602,000301000,020.25,20.38,100.00,0,105.58
00603,000301500,020.50,20.38,100.00,0,105.88
00604,000302000,020.50,20.38,100.00,0,106.17
00605,000302500,020.50,20.38,100.00,0,106.46
00606,000303000,020.50,20.38,100.00,0,106.75
00607,000303500,020.50,20.38,100.00,0,107.04
00608,000304000,020.50,20.39,100.00,0,107.33
00609,000304500,020.50,20.39,100.00,0,107.62
00610,000305000,020.50,20.39,100.00,0,107.92
00611,000305500,020.50,20.39,100.00,0,108.21
00612,000306000,020.50,20.39,100.00,0,108.50
00613,000306500,020.50,20.39,100.00,0,108.79
00614,000307000,020.50,20.39,100.00,0,109.08
00615,000307500,020.25,20.39,100.00,0,109.38
00616,000308000,020.25,20.39,100.00,0,109.67
00617,000308500,020.75,20.39,100.00,0,109.96
00618,000309000,020.75,20.39,100.00,0,110.25
00619,000309500,020.75,20.39,100.00,0,110.54
00620,000310000,020.50,20.39,100.00,0,110.83
00621,000310500,020.50,20.39,100.00,0,111.12
00622,000311000,021.00,20.38,100.00,0,111.42
00623,000311500,021.00,20.38,100.00,0,111.71
00624,000312000,021.00,20.38,100.00,0,112.00
00625,000312500,020.50,20.39,100.00,0,112.29
00626,000313000,020.50,20.39,100.00,0,112.58
00627,000313500,020.25,20.39,100.00,0,112.88
00628,000314000,020.25,20.39,100.00,0,113.17
00629,000314500,020.25,20.39,100.00,0,113.46
00630,000315000,020.25,20.39,100.00,0,113.75
00631,000315500,020.25,20.39,100.00,0,114.04
00632,000316000,020.25,20.38,100.00,0,114.33
00633,000316500,020.25,20.38,100.00,0,114.62
00634,000317000,020.75,20.39,100.00,0,114.92
00635,000317500,020.75,20.39,100.00,0,115.21
00636,000318000,020.75,20.39,100.00,0,115.50
00637,000318500,020.75,20.38,100.00,0,115.79
00638,000319000,020.75,20.38,100.00,0,116.08
00639,000319500,020.75,20.39,100.00,0,116.38
00640,000320000,020.75,20.39,100.00,0,116.67
00641,000320500,020.75,20.39,100.00,0,116.96
00642,000321000,020.75,20.39,100.00,0,117.25
00643,000321500,020.75,20.39,100.00,0,117.54
00644,000322000,020.25,20.39,100.00,0,117.83
00645,000322500,020.25,20.39,100.00,0,118.12
00646,000323000,020.50,20.39,100.00,0,118.42
00647,000323500,020.50,20.39,100.00,0,118.71
00648,000324000,020.50,20.39,100.00,0,119.00
00649,000324500,020.50,20.38,100.00,0,119.29
00650,000325000,020.50,20.38,100.00,0,119.58
00651,000325500,020.75,20.39,100.00,0,119.88
00652,000326000,020.75,20.39,100.00,0,120.17
00653,000326500,020.75,20.39,100.00,0,120.46
00654,000327000,020.50,20.39,100.00,0,120.75
00655,000327500,020.50,20.39,100.00,0,121.04
00656,000328000,020.50,20.38,100.00,0,121.33
00657,000328500,020.50,20.38,100.00,0,121.62
00658,000329000,020.50,20.38,100.00,0,121.92
00659,000329500,020.25,20.39,100.00,0,122.21
00660,000330000,020.25,20.39,100.00,0,122.50
00661,000330500,020.75,20.38,100.00,0,122.79
00662,000331000,020.75,20.38,100.00,0,123.08
00663,000331500,020.25,20.38,100.00,0,123.38
00664,000332000,020.25,20.38,100.00,0,123.67
00665,000332500,020.25,20.38,100.00,0,123.96
00666,000333000,020.75,20.39,100.00,0,124.25
00667,000333500,020.75,20.39,100.00,0,124.54
00668,000334000,020.00,20.38,100.00,0,124.83
00669,000334500,020.00,20.38,100.00,0,125.12
00670,000335000,020.00,20.38,100.00,0,125.42
00671,000335500,020.25,20.38,100.00,0,125.71
00672,000336000,020.25,20.38,100.00,0,126.00
00673,000336500,020.75,20.38,100.00,0,126.29
00674,000337000,020.75,20.38,100.00,0,126.58
00675,000337500,020.50,20.39,100.00,0,126.88
00676,000338000,020.50,20.39,100.00,0,127.17
00677,000338500,020.50,20.39,100.00,0,127.46
00678,000339000,020.25,20.39,100.00,0,127.75
00679,000339500,020.25,20.39,100.00,0,128.04
00680,000340000,020.25,20.39,100.00,0,128.33
00681,000340500,020.25,20.39,100.00,0,128.62
00682,000341000,020.25,20.39,100.00,0,128.92
00683,000341500,020.75,20.39,100.00,0,129.21
00684,000342000,020.75,20.39,100.00,0,129.50
00685,000342500,020.75,20.39,100.00,0,129.79
00686,000343000,020.75,20.39,100.00,0,130.08
00687,000343500,020.75,20.39,100.00,0,130.38
00688,000344000,020.50,20.39,100.00,0,130.67
00689,000344500,020.50,20.39,100.00,0,130.96
00690,000345000,020.00,20.38,100.00,0,131.25
00691,000345500,020.00,20.38,100.00,0,131.54
00692,000346000,020.50,20.38,100.00,0,131.83
00693,000346500,020.50,20.38,100.00,0,132.12
00694,000347000,020.50,20.38,100.00,0,132.42
00695,000347500,020.50,20.38,100.00,0,132.71
00696,000348000,020.50,20.38,100.00,0,133.00
00697,000348500,020.75,20.39,100.00,0,133.29
00698,000349000,020.75,20.39,100.00,0,133.58
00699,000349500,020.75,20.39,100.00,0,133.88
00700,000350000,021.00,20.38,100.00,0,134.17
00701,000350500,021.00,20.38,100.00,0,134.46
00702,000351000,020.25,20.39,100.00,0,134.75
00703,000351500,020.25,20.39,100.00,0,135.04
00704,000352000,020.25,20.39,100.00,0,135.33
00705,000352500,020.50,20.38,100.00,0,135.62
00706,000353000,020.50,20.38,100.00,0,135.92
00707,000353500,021.00,20.38,100.00,0,136.21
00708,000354000,021.00,20.38,100.00,0,136.50
00709,000354500,020.25,20.38,100.00,0,136.79
00710,000355000,020.25,20.38,100.00,0,137.08
00711,000355500,020.25,20.38,100.00,0,137.38
00712,000356000,021.00,20.38,100.00,0,137.67
00713,000356500,021.00,20.38,100.00,0,137.96
00714,000357000,020.75,20.38,100.00,0,138.25
00715,000357500,020.75,20.38,100.00,0,138.54
00716,000358000,020.75,20.38,100.00,0,138.83
00717,000358500,020.25,20.38,100.00,0,139.12
00718,000359000,020.25,20.38,100.00,0,139.42
00719,000359500,020.50,20.38,100.00,0,139.71
00720,000360000,020.50,20.38,100.00,0,140.00
00721,000360500,020.75,20.39,100.00,0,140.17
00722,000361000,020.75,20.39,100.00,0,140.33
00723,000361500,020.75,20.39,100.00,0,140.50
00724,000362000,021.00,20.38,100.00,0,140.67
00725,000362500,021.00,20.38,100.00,0,140.83
00726,000363000,020.50,20.38,100.00,0,141.00
00727,000363500,020.50,20.38,100.00,0,141.17
00728,000364000,020.50,20.38,100.00,0,141.33
00729,000364500,020.50,20.38,100.00,0,141.50
00730,000365000,020.50,20.38,100.00,0,141.67
00731,000365500,020.50,20.38,100.00,0,141.83
00732,000366000,020.50,20.38,100.00,0,142.00
00733,000366500,020.50,20.38,100.00,0,142.17
00734,000367000,020.75,20.39,100.00,0,142.33
00735,000367500,020.75,20.39,100.00,0,142.50
00736,000368000,020.50,20.38,100.00,0,142.67
00737,000368500,020.50,20.38,100.00,0,142.83
00738,000369000,020.75,20.39,100.00,0,143.00
00739,000369500,020.75,20.39,100.00,0,143.17
00740,000370000,020.75,20.39,100.00,0,143.33
00741,000370500,020.50,20.38,100.00,0,143.50
00742,000371000,020.50,20.38,100.00,0,143.67
00743,000371500,020.25,20.38,100.00,0,143.83
00744,000372000,020.25,20.38,100.00,0,144.00
00745,000372500,020.25,20.38,100.00,0,144.17
00746,000373000,020.75,20.38,100.00,0,144.33
00747,000373500,020.75,20.38,100.00,0,144.50
00748,000374000,020.25,20.38,100.00,0,144.67
00749,000374500,020.25,20.38,100.00,0,144.83
00750,000375000,021.00,20.39,100.00,0,145.00
00751,000375500,021.00,20.39,100.00,0,145.17
00752,000376000,021.00,20.39,100.00,0,145.33
00753,000376500,020.75,20.38,100.00,0,145.50
00754,000377000,020.75,20.38,100.00,0,145.67
00755,000377500,020.75,20.38,100.00,0,145.83
00756,000378000,020.75,20.38,100.00,0,146.00
00757,000378500,020.75,20.38,100.00,0,146.17
00758,000379000,020.25,20.38,100.00,0,146.33
00759,000379500,020.25,20.38,100.00,0,146.50
00760,000380000,020.75,20.38,100.00,0,146.67
00761,000380500,020.75,20.38,100.00,0,146.83
00762,000381000,020.75,20.38,100.00,0,147.00
00763,000381500,020.75,20.38,100.00,0,147.17
00764,000382000,020.75,20.38,100.00,0,147.33
00765,000382500,020.50,20.38,100.00,0,147.50
00766,000383000,020.50,20.38,100.00,0,147.67
00767,000383500,021.00,20.39,100.00,0,147.83
00768,000384000,021.00,20.39,100.00,0,148.00
00769,000384500,021.00,20.39,100.00,0,148.17
00770,000385000,020.75,20.38,100.00,0,148.33
00771,000385500,020.75,20.38,100.00,0,148.50
00772,000386000,020.75,20.38,100.00,0,148.67
00773,000386500,020.75,20.38,100.00,0,148.83
00774,000387000,020.75,20.38,100.00,0,149.00
00775,000387500,020.50,20.38,100.00,0,149.17
00776,000388000,020.50,20.38,100.00,0,149.33
00777,000388500,020.50,20.38,100.00,0,149.50
00778,000389000,020.50,20.38,100.00,0,149.67
00779,000389500,020.75,20.38,100.00,0,149.83
00780,000390000,020.75,20.38,100.00,0,150.00
00781,000390500,020.75,20.38,100.00,0,150.17
00782,000391000,020.75,20.38,100.00,0,150.33
00783,000391500,020.75,20.38,100.00,0,150.50
00784,000392000,020.75,20.38,100.00,0,150.67
00785,000392500,020.75,20.38,100.00,0,150.83
00786,000393000,020.75,20.38,100.00,0,151.00
00787,000393500,020.25,20.38,100.00,0,151.17
00788,000394000,020.25,20.38,100.00,0,151.33
00789,000394500,020.50,20.38,100.00,0,151.50
00790,000395000,020.50,20.38,100.00,0,151.67
00791,000395500,020.50,20.38,100.00,0,151.83
00792,000396000,020.25,20.38,100.00,0,152.00
00793,000396500,020.25,20.38,100.00,0,152.17
00794,000397000,021.00,20.38,100.00,0,152.33
00795,000397500,021.00,20.38,100.00,0,152.50
00796,000398000,020.75,20.38,100.00,0,152.67
00797,000398500,020.75,20.38,100.00,0,152.83
00798,000399000,020.75,20.38,100.00,0,153.00
00799,000399500,020.50,20.38,100.00,0,153.17
00800,000400000,020.50,20.38,100.00,0,153.33
00801,000400500,020.50,20.37,100.00,0,153.50
00802,000401000,020.50,20.37,100.00,0,153.67
00803,000401500,020.50,20.37,100.00,0,153.83
00804,000402000,020.25,20.38,100.00,0,154.00
00805,000402500,020.25,20.38,100.00,0,154.17
00806,000403000,020.75,20.38,100.00,0,154.33
00807,000403500,020.75,20.38,100.00,0,154.50
00808,000404000,020.75,20.38,100.00,0,154.67
00809,000404500,020.75,20.38,100.00,0,154.83
00810,000405000,020.75,20.38,100.00,0,155.00
00811,000405500,020.75,20.38,100.00,0,155.17
00812,000406000,020.75,20.38,100.00,0,155.33
00813,000406500,020.50,20.38,100.00,0,155.50
00814,000407000,020.50,20.38,100.00,0,155.67
00815,000407500,020.50,20.38,100.00,0,155.83
00816,000408000,020.50,20.38,100.00,0,156.00
00817,000408500,020.50,20.38,100.00,0,156.17
00818,000409000,020.25,20.38,100.00,0,156.33
00819,000409500,020.25,20.38,100.00,0,156.50
00820,000410000,020.25,20.38,100.00,0,156.67
00821,000410500,020.25,20.38,100.00,0,156.83
00822,000411000,020.25,20.38,100.00,0,157.00
00823,000411500,020.00,20.38,100.00,0,157.17
00824,000412000,020.00,20.38,100.00,0,157.33
00825,000412500,020.75,20.38,100.00,0,157.50
00826,000413000,020.75,20.38,100.00,0,157.67
00827,000413500,020.75,20.38,100.00,0,157.83
00828,000414000,020.50,20.37,100.00,0,158.00
00829,000414500,020.50,20.37,100.00,0,158.17
00830,000415000,020.50,20.38,100.00,0,158.33
00831,000415500,020.50,20.38,100.00,0,158.50
00832,000416000,020.50,20.38,100.00,0,158.67
00833,000416500,020.50,20.37,100.00,0,158.83
00834,000417000,020.50,20.37,100.00,0,159.00
00835,000417500,020.50,20.37,100.00,0,159.17
00836,000418000,020.50,20.37,100.00,0,159.33
00837,000418500,020.50,20.37,100.00,0,159.50
00838,000419000,020.50,20.37,100.00,0,159.67
00839,000419500,020.50,20.37,100.00,0,159.83
00840,000420000,020.25,20.37,100.00,0,160.00
00841,000420500,020.25,20.37,100.00,0,160.17
00842,000421000,020.50,20.37,100.00,0,160.33
00843,000421500,020.50,20.37,100.00,0,160.50
00844,000422000,020.50,20.37,100.00,0,160.67
00845,000422500,020.75,20.37,100.00,0,160.83
00846,000423000,020.75,20.37,100.00,0,161.00
00847,000423500,021.00,20.37,100.00,0,161.17
00848,000424000,021.00,20.37,100.00,0,161.33
00849,000424500,021.00,20.37,100.00,0,161.50
00850,000425000,020.25,20.37,100.00,0,161.67
00851,000425500,020.25,20.37,100.00,0,161.83
00852,000426000,020.50,20.37,100.00,0,162.00
00853,000426500,020.50,20.37,100.00,0,162.17
00854,000427000,020.50,20.37,100.00,0,162.33
00855,000427500,020.50,20.37,100.00,0,162.50
00856,000428000,020.50,20.37,100.00,0,162.67
00857,000428500,020.75,20.37,100.00,0,162.83
00858,000429000,020.75,20.37,100.00,0,163.00
00859,000429500,020.25,20.38,100.00,0,163.17
00860,000430000,020.25,20.38,100.00,0,163.33
00861,000430500,020.25,20.38,100.00,0,163.50
00862,000431000,020.75,20.37,100.00,0,163.67
00863,000431500,020.75,20.37,100.00,0,163.83
00864,000432000,020.25,20.37,100.00,0,164.00
00865,000432500,020.25,20.37,100.00,0,164.17
00866,000433000,020.25,20.37,100.00,0,164.33
00867,000433500,020.50,20.36,100.00,0,164.50
00868,000434000,020.50,20.36,100.00,0,164.67
00869,000434500,020.75,20.37,100.00,0,164.83
00870,000435000,020.75,20.37,100.00,0,165.00
00871,000435500,020.75,20.37,100.00,0,165.17
00872,000436000,020.75,20.37,100.00,0,165.33
00873,000436500,020.75,20.37,100.00,0,165.50
00874,000437000,021.00,20.37,100.00,0,165.67
00875,000437500,021.00,20.37,100.00,0,165.83
00876,000438000,021.00,20.37,100.00,0,166.00
00877,000438500,021.00,20.37,100.00,0,166.17
00878,000439000,021.00,20.37,100.00,0,166.33
00879,000439500,020.50,20.37,100.00,0,166.50
00880,000440000,020.50,20.37,100.00,0,166.67
00881,000440500,020.75,20.37,100.00,0,166.83
00882,000441000,020.75,20.37,100.00,0,167.00
00883,000441500,020.50,20.38,100.00,0,167.17
00884,000442000,020.50,20.38,100.00,0,167.33
00885,000442500,020.50,20.38,100.00,0,167.50
00886,000443000,020.25,20.37,100.00,0,167.67
00887,000443500,020.25,20.37,100.00,0,167.83
00888,000444000,021.00,20.37,100.00,0,168.00
00889,000444500,021.00,20.37,100.00,0,168.17
00890,000445000,021.00,20.37,100.00,0,168.33
00891,000445500,021.00,20.36,100.00,0,168.50
00892,000446000,021.00,20.36,100.00,0,168.67
00893,000446500,020.00,20.37,100.00,0,168.83
00894,000447000,020.00,20.37,100.00,0,169.00
00895,000447500,020.00,20.37,100.00,0,169.17
00896,000448000,020.50,20.37,100.00,0,169.33
00897,000448500,020.50,20.37,100.00,0,169.50
00898,000449000,020.75,20.36,100.00,0,169.67
00899,000449500,020.75,20.36,100.00,0,169.83
00900,000450000,020.50,20.37,100.00,0,170.00
00901,000450500,020.50,20.37,100.00,0,170.17
00902,000451000,020.50,20.37,100.00,0,170.33
00903,000451500,020.00,20.36,100.00,0,170.50
00904,000452000,020.00,20.36,100.00,0,170.67
00905,000452500,020.00,20.37,100.00,0,170.83
00906,000453000,020.00,20.37,100.00,0,171.00
00907,000453500,020.00,20.37,100.00,0,171.17
00908,000454000,020.75,20.37,100.00,0,171.33
00909,000454500,020.75,20.37,100.00,0,171.50
00910,000455000,020.75,20.37,100.00,0,171.67
00911,000455500,020.75,20.37,100.00,0,171.83
00912,000456000,020.00,20.37,100.00,0,172.00
00913,000456500,020.00,20.37,100.00,0,172.17
00914,000457000,020.00,20.37,100.00,0,172.33
00915,000457500,020.50,20.37,100.00,0,172.50
00916,000458000,020.50,20.37,100.00,0,172.67
00917,000458500,020.50,20.37,100.00,0,172.83
00918,000459000,020.50,20.37,100.00,0,173.00
00919,000459500,020.50,20.37,100.00,0,173.17
00920,000460000,020.50,20.37,100.00,0,173.33
00921,000460500,020.50,20.37,100.00,0,173.50
00922,000461000,020.50,20.37,100.00,0,173.67
00923,000461500,020.50,20.37,100.00,0,173.83
00924,000462000,020.50,20.37,100.00,0,174.00
00925,000462500,020.25,20.38,100.00,0,174.17
00926,000463000,020.25,20.38,100.00,0,174.33
00927,000463500,020.50,20.37,100.00,0,174.50
00928,000464000,020.50,20.37,100.00,0,174.67
00929,000464500,020.50,20.37,100.00,0,174.83
00930,000465000,020.50,20.37,100.00,0,175.00
00931,000465500,020.50,20.37,100.00,0,175.17
00932,000466000,020.50,20.37,100.00,0,175.33
00933,000466500,020.50,20.37,100.00,0,175.50
00934,000467000,020.50,20.36,100.00,0,175.67
00935,000467500,020.50,20.36,100.00,0,175.83
00936,000468000,020.50,20.36,100.00,0,176.00
00937,000468500,020.75,20.37,100.00,0,176.17
00938,000469000,020.75,20.37,100.00,0,176.33
00939,000469500,020.25,20.37,100.00,0,176.50
00940,000470000,020.25,20.37,100.00,0,176.67
00941,000470500,020.50,20.37,100.00,0,176.83
00942,000471000,020.50,20.37,100.00,0,177.00
00943,000471500,020.50,20.37,100.00,0,177.17
00944,000472000,020.75,20.37,100.00,0,177.33
00945,000472500,020.75,20.37,100.00,0,177.50
00946,000473000,020.50,20.37,100.00,0,177.67
00947,000473500,020.50,20.37,100.00,0,177.83
00948,000474000,020.50,20.37,100.00,0,178.00
00949,000474500,020.50,20.37,100.00,0,178.17
00950,000475000,020.50,20.37,100.00,0,178.33
00951,000475500,020.50,20.36,100.00,0,178.50
00952,000476000,020.50,20.36,100.00,0,178.67
00953,000476500,020.50,20.36,100.00,0,178.83
00954,000477000,020.75,20.36,100.00,0,179.00
00955,000477500,020.75,20.36,100.00,0,179.17
00956,000478000,020.75,20.36,100.00,0,179.33
00957,000478500,020.75,20.36,100.00,0,179.50
00958,000479000,020.75,20.37,100.00,0,179.67
00959,000479500,020.75,20.37,100.00,0,179.83
00960,000480000,020.75,20.37,100.00,0,180.00
00961,000480500,020.50,20.37,100.00,0,180.00
00962,000481000,020.50,20.37,100.00,0,180.00
00963,000481500,020.50,20.37,100.00,0,180.00
00964,000482000,020.50,20.37,100.00,0,180.00
00965,000482500,020.50,20.37,100.00,0,180.00
00966,000483000,020.75,20.37,100.00,0,180.00
00967,000483500,020.75,20.37,100.00,0,180.00
00968,000484000,020.50,20.37,100.00,0,180.00
00969,000484500,020.50,20.37,100.00,0,180.00
00970,000485000,020.50,20.37,100.00,0,180.00
00971,000485500,020.25,20.37,100.00,0,180.00
00972,000486000,020.25,20.37,100.00,0,180.00
00973,000486500,020.50,20.37,100.00,0,180.00
00974,000487000,020.50,20.37,100.00,0,180.00
00975,000487500,020.75,20.37,100.00,0,180.00
00976,000488000,020.75,20.37,100.00,0,180.00
00977,000488500,020.75,20.37,100.00,0,180.00
00978,000489000,020.50,20.37,100.00,0,180.00
00979,000489500,020.50,20.37,100.00,0,180.00
00980,000490000,020.25,20.37,100.00,0,180.00
00981,000490500,020.25,20.37,100.00,0,180.67
00982,000491000,020.25,20.37,100.00,0,181.33
00983,000491500,020.50,20.37,100.00,0,182.00
00984,000492000,020.50,20.37,100.00,0,182.67
00985,000492500,020.50,20.37,100.00,0,183.33
00986,000493000,020.50,20.37,100.00,0,184.00
00987,000493500,020.75,20.37,100.00,0,184.67
00988,000494000,020.75,20.37,100.00,0,185.33
00989,000494500,020.75,20.37,100.00,0,186.00
00990,000495000,021.00,20.37,100.00,0,186.67
00991,000495500,021.00,20.37,100.00,0,187.33
00992,000496000,021.00,20.37,100.00,0,188.00
00993,000496500,021.00,20.37,100.00,0,188.67
00994,000497000,021.00,20.37,100.00,0,189.33
00995,000497500,020.50,20.37,100.00,0,190.00
00996,000498000,020.50,20.37,100.00,0,190.67
00997,000498500,021.00,20.38,100.00,0,191.33
00998,000499000,021.00,20.38,100.00,0,192.00
00999,000499500,021.00,20.38,100.00,0,192.67
01000,000500000,020.75,20.37,100.00,0,193.33
01001,000500500,020.75,20.37,100.00,0,194.00
01002,000501000,020.75,20.37,100.00,0,194.67
01003,000501500,020.75,20.37,100.00,0,195.33
01004,000502000,020.50,20.37,100.00,0,196.00
01005,000502500,020.50,20.37,100.00,0,196.67
01006,000503000,020.50,20.37,100.00,0,197.33
01007,000503500,020.50,20.37,100.00,0,198.00
01008,000504000,020.50,20.37,100.00,0,198.67
01009,000504500,020.50,20.37,100.00,0,199.33
01010,000505000,020.50,20.37,100.00,0,200.00
01011,000505500,020.50,20.37,100.00,0,200.67
01012,000506000,020.50,20.38,100.00,0,201.33
01013,000506500,020.50,20.38,100.00,0,202.00
01014,000507000,021.00,20.37,100.00,0,202.67
01015,000507500,021.00,20.37,100.00,0,203.33
01016,000508000,020.50,20.36,100.00,0,204.00
01017,000508500,020.50,20.36,100.00,0,204.67
01018,000509000,020.50,20.36,100.00,0,205.33
01019,000509500,020.00,20.36,100.00,0,206.00
01020,000510000,020.00,20.36,100.00,0,206.67
01021,000510500,020.50,20.37,100.00,0,207.33
01022,000511000,020.50,20.37,100.00,0,208.00
01023,000511500,020.50,20.37,100.00,0,208.67
01024,000512000,020.50,20.38,100.00,0,209.33
01025,000512500,020.50,20.38,100.00,0,210.00
01026,000513000,020.50,20.37,100.00,0,210.67
01027,000513500,020.50,20.37,100.00,0,211.33
01028,000514000,020.50,20.37,100.00,0,212.00
01029,000514500,020.75,20.38,100.00,0,212.67
01030,000515000,020.75,20.38,100.00,0,213.33
01031,000515500,020.50,20.38,100.00,0,214.00
01032,000516000,020.50,20.38,100.00,0,214.67
01033,000516500,020.75,20.38,100.00,0,215.33
01034,000517000,020.75,20.38,100.00,0,216.00
01035,000517500,020.75,20.38,100.00,0,216.67
01036,000518000,020.75,20.38,100.00,0,217.33
01037,000518500,020.75,20.38,100.00,0,218.00
01038,000519000,020.25,20.38,100.00,0,218.67
01039,000519500,020.25,20.38,100.00,0,219.33
01040,000520000,020.25,20.38,100.00,0,220.00
01041,000520500,020.50,20.37,100.00,0,220.67
01042,000521000,020.50,20.37,100.00,0,221.33
01043,000521500,020.50,20.37,100.00,0,222.00
01044,000522000,020.50,20.37,100.00,0,222.67
01045,000522500,021.00,20.38,100.00,0,223.33
01046,000523000,021.00,20.38,100.00,0,224.00
01047,000523500,021.00,20.38,100.00,0,224.67
01048,000524000,020.75,20.37,100.00,0,225.33
01049,000524500,020.75,20.37,100.00,0,226.00
01050,000525000,020.75,20.37,100.00,0,226.67
01051,000525500,020.75,20.37,100.00,0,227.33
01052,000526000,020.75,20.37,100.00,0,228.00
01053,000526500,020.25,20.38,100.00,0,228.67
01054,000527000,020.25,20.38,100.00,0,229.33
01055,000527500,020.75,20.38,100.00,0,230.00
01056,000528000,020.75,20.38,100.00,0,230.67
01057,000528500,020.75,20.38,100.00,0,231.33
01058,000529000,020.75,20.38,100.00,0,232.00
01059,000529500,020.75,20.38,100.00,0,232.67
01060,000530000,020.50,20.37,100.00,0,233.33
01061,000530500,020.50,20.37,100.00,0,234.00
01062,000531000,021.00,20.37,100.00,0,234.67
01063,000531500,021.00,20.37,100.00,0,235.33
01064,000532000,021.00,20.37,100.00,0,236.00
01065,000532500,020.00,20.37,100.00,0,236.67
01066,000533000,020.00,20.37,100.00,0,237.33
01067,000533500,020.50,20.37,100.00,0,238.00
01068,000534000,020.50,20.37,100.00,0,238.67
01069,000534500,020.50,20.37,100.00,0,239.33
01070,000535000,020.75,20.37,100.00,0,240.00
01071,000535500,020.75,20.37,100.00,0,240.67
01072,000536000,020.50,20.38,100.00,0,241.33
01073,000536500,020.50,20.38,100.00,0,242.00
01074,000537000,021.00,20.38,100.00,0,242.67
01075,000537500,021.00,20.38,100.00,0,243.33
01076,000538000,021.00,20.38,100.00,0,244.00
01077,000538500,021.00,20.37,100.00,0,244.67
01078,000539000,021.00,20.37,100.00,0,245.33
01079,000539500,020.25,20.37,100.00,0,246.00
01080,000540000,020.25,20.37,100.00,0,246.67
01081,000540500,020.25,20.37,100.00,0,247.33
01082,000541000,020.75,20.37,100.00,0,248.00
01083,000541500,020.75,20.37,100.00,0,248.67
01084,000542000,020.50,20.37,100.00,0,249.33
01085,000542500,020.50,20.37,100.00,0,250.00
01086,000543000,020.50,20.37,100.00,0,250.67
01087,000543500,020.50,20.38,100.00,0,251.33
01088,000544000,020.50,20.38,100.00,0,252.00
01089,000544500,020.50,20.36,100.00,0,252.67
01090,000545000,020.50,20.36,100.00,0,253.33
01091,000545500,020.75,20.37,100.00,0,254.00
01092,000546000,020.75,20.37,100.00,0,254.67
01093,000546500,020.75,20.37,100.00,0,255.33
01094,000547000,020.75,20.37,100.00,0,256.00
01095,000547500,020.75,20.37,100.00,0,256.67
01096,000548000,020.50,20.38,100.00,0,257.33
01097,000548500,020.50,20.38,100.00,0,258.00
01098,000549000,020.50,20.38,100.00,0,258.67
01099,000549500,020.50,20.38,100.00,0,259.33
01100,000550000,020.50,20.38,100.00,0,260.00
01101,000550500,020.75,20.37,100.00,0,260.00
01102,000551000,020.75,20.37,100.00,0,260.00
01103,000551500,020.75,20.37,100.00,0,260.00
01104,000552000,020.75,20.37,100.00,0,260.00
01105,000552500,020.75,20.37,100.00,0,260.00
01106,000553000,021.00,20.37,100.00,0,260.00
01107,000553500,021.00,20.37,100.00,0,260.00
01108,000554000,020.75,20.37,100.00,0,260.00
01109,000554500,020.75,20.37,100.00,0,260.00
01110,000555000,020.75,20.37,100.00,0,260.00
01111,000555500,021.00,20.38,100.00,0,260.00
01112,000556000,021.00,20.38,100.00,0,260.00
01113,000556500,020.50,20.37,100.00,0,260.00
01114,000557000,020.50,20.37,100.00,0,260.00
01115,000557500,020.50,20.37,100.00,0,260.00
01116,000558000,021.00,20.37,100.00,0,260.00
01117,000558500,021.00,20.37,100.00,0,260.00
01118,000559000,021.00,20.37,100.00,0,260.00
01119,000559500,021.00,20.37,100.00,0,260.00
01120,000560000,020.25,20.38,100.00,0,260.00
01121,000560500,020.25,20.38,100.00,0,258.93
01122,000561000,020.25,20.38,100.00,0,257.85
01123,000561500,020.50,20.37,100.00,0,256.77
01124,000562000,020.50,20.37,100.00,0,255.70
01125,000562500,021.00,20.37,100.00,0,254.62
01126,000563000,021.00,20.37,100.00,0,253.55
01127,000563500,021.00,20.37,100.00,0,252.47
01128,000564000,020.75,20.37,100.00,0,251.40
01129,000564500,020.75,20.37,100.00,0,250.32
01130,000565000,020.75,20.37,100.00,0,249.25
01131,000565500,020.75,20.37,100.00,0,248.18
01132,000566000,020.75,20.37,100.00,0,247.10
01133,000566500,020.50,20.37,100.00,0,246.03
01134,000567000,020.50,20.37,100.00,0,244.95
01135,000567500,020.75,20.36,100.00,0,243.88
01136,000568000,020.75,20.36,100.00,0,242.80
01137,000568500,020.75,20.38,100.00,0,241.72
01138,000569000,020.75,20.38,100.00,0,240.65
01139,000569500,020.75,20.38,100.00,0,239.57
01140,000570000,021.00,20.38,100.00,0,238.50
01141,000570500,021.00,20.38,100.00,0,237.43
01142,000571000,020.75,20.38,100.00,0,236.35
01143,000571500,020.75,20.38,100.00,0,235.28
01144,000572000,020.75,20.38,100.00,0,234.20
01145,000572500,020.50,20.37,100.00,0,233.12
01146,000573000,020.50,20.37,100.00,0,232.05
01147,000573500,020.75,20.38,100.00,0,230.97
01148,000574000,020.75,20.38,100.00,0,229.90
01149,000574500,020.50,20.37,100.00,0,228.82
01150,000575000,020.50,20.37,100.00,0,227.75
01151,000575500,020.50,20.37,100.00,0,226.68
01152,000576000,021.00,20.37,100.00,0,225.60
01153,000576500,021.00,20.37,100.00,0,224.53
01154,000577000,020.75,20.38,100.00,0,223.45
01155,000577500,020.75,20.38,100.00,0,222.38
01156,000578000,020.75,20.38,100.00,0,221.30
01157,000578500,020.75,20.38,100.00,0,220.22
01158,000579000,020.75,20.38,100.00,0,219.15
01159,000579500,021.00,20.37,100.00,0,218.07
01160,000580000,021.00,20.37,100.00,0,217.00
01161,000580500,021.00,20.37,100.00,0,215.30
01162,000581000,020.75,20.37,100.00,0,213.60
01163,000581500,020.75,20.37,100.00,0,211.90
01164,000582000,020.75,20.37,100.00,0,210.20
01165,000582500,020.75,20.37,100.00,0,208.50
01166,000583000,021.00,20.38,100.00,0,206.80
01167,000583500,021.00,20.38,100.00,0,205.10
01168,000584000,021.00,20.38,100.00,0,203.40
01169,000584500,020.75,20.37,100.00,0,201.70
01170,000585000,020.75,20.37,100.00,0,200.00
01171,000585500,021.00,20.36,100.00,0,198.00
01172,000586000,021.00,20.36,100.00,0,196.00
01173,000586500,021.00,20.36,100.00,0,194.00
01174,000587000,020.75,20.36,100.00,0,192.00
01175,000587500,020.75,20.36,100.00,0,190.00
01176,000588000,020.25,20.38,100.00,0,188.00
01177,000588500,020.25,20.38,100.00,0,186.00
01178,000589000,020.50,20.37,100.00,0,184.00
01179,000589500,020.50,20.37,100.00,0,182.00
01180,000590000,020.50,20.37,100.00,0,180.00
01181,000590500,021.00,20.37,100.00,0,178.92
01182,000591000,021.00,20.37,100.00,0,177.83
01183,000591500,020.75,20.37,100.00,0,176.75
01184,000592000,020.75,20.37,100.00,0,175.67
01185,000592500,020.75,20.37,100.00,0,174.58
01186,000593000,020.50,20.37,100.00,0,173.50
01187,000593500,020.50,20.37,100.00,0,172.42
01188,000594000,021.00,20.38,100.00,0,171.33
01189,000594500,021.00,20.38,100.00,0,170.25
01190,000595000,021.00,20.38,100.00,0,169.17
01191,000595500,020.75,20.37,100.00,0,168.08
01192,000596000,020.75,20.37,100.00,0,167.00
01193,000596500,020.00,20.37,100.00,0,165.92
01194,000597000,020.00,20.37,100.00,0,164.83
01195,000597500,020.50,20.38,100.00,0,163.75
01196,000598000,020.50,20.38,100.00,0,162.67
01197,000598500,020.50,20.38,100.00,0,161.58
01198,000599000,020.75,20.37,100.00,0,160.50
01199,000599500,020.75,20.37,100.00,0,159.42
01200,000600000,020.75,20.37,100.00,0,158.33
01201,000600500,020.75,20.37,100.00,0,157.25
01202,000601000,020.75,20.37,100.00,0,156.17
01203,000601500,021.00,20.37,100.00,0,155.08
01204,000602000,021.00,20.37,100.00,0,154.00
01205,000602500,020.25,20.37,100.00,0,152.92
01206,000603000,020.25,20.37,100.00,0,151.83
01207,000603500,020.25,20.37,100.00,0,150.75
01208,000604000,020.25,20.37,100.00,0,149.67
01209,000604500,020.25,20.37,100.00,0,148.58
01210,000605000,021.25,20.38,100.00,0,147.50
01211,000605500,021.25,20.38,100.00,0,146.42
01212,000606000,020.50,20.38,100.00,0,145.33
01213,000606500,020.50,20.38,100.00,0,144.25
01214,000607000,020.50,20.38,100.00,0,143.17
01215,000607500,020.50,20.37,100.00,0,142.08
01216,000608000,020.50,20.37,100.00,0,141.00
01217,000608500,020.50,20.38,100.00,0,139.92
01218,000609000,020.50,20.38,100.00,0,138.83
01219,000609500,020.50,20.38,100.00,0,137.75
01220,000610000,020.75,20.38,100.00,0,136.67
01221,000610500,020.75,20.38,100.00,0,135.58
01222,000611000,020.25,20.37,100.00,0,134.50
01223,000611500,020.25,20.37,100.00,0,133.42
01224,000612000,020.75,20.38,100.00,0,132.33
01225,000612500,020.75,20.38,100.00,0,131.25
01226,000613000,020.75,20.38,100.00,0,130.17
01227,000613500,020.50,20.38,100.00,0,129.08
01228,000614000,020.50,20.38,100.00,0,128.00
01229,000614500,020.50,20.37,100.00,0,126.92
01230,000615000,020.50,20.37,100.00,0,125.83
01231,000615500,020.50,20.37,100.00,0,124.75
01232,000616000,020.50,20.38,100.00,0,123.67
01233,000616500,020.50,20.38,100.00,0,122.58
01234,000617000,021.00,20.37,100.00,0,121.50
01235,000617500,021.00,20.37,100.00,0,120.42
01236,000618000,021.00,20.37,100.00,0,119.33
01237,000618500,020.25,20.38,100.00,0,118.25
01238,000619000,020.25,20.38,100.00,0,117.17
01239,000619500,020.25,20.37,100.00,0,116.08
01240,000620000,020.25,20.37,100.00,0,115.00
01241,000620500,020.75,20.37,100.00,0,113.92
01242,000621000,020.75,20.37,100.00,0,112.83
01243,000621500,020.75,20.37,100.00,0,111.75
01244,000622000,020.50,20.38,100.00,0,110.67
01245,000622500,020.50,20.38,100.00,0,109.58
01246,000623000,021.00,20.38,100.00,0,108.50
01247,000623500,021.00,20.38,100.00,0,107.42
01248,000624000,021.00,20.38,100.00,0,106.33
01249,000624500,020.75,20.38,100.00,0,105.25
01250,000625000,020.75,20.38,100.00,0,104.17
01251,000625500,020.50,20.38,100.00,0,103.08
01252,000626000,020.50,20.38,100.00,0,102.00
01253,000626500,020.50,20.38,100.00,0,100.92
01254,000627000,020.50,20.38,100.00,0,099.83
01255,000627500,020.50,20.38,100.00,0,098.75
01256,000628000,021.00,20.38,100.00,0,097.67
01257,000628500,021.00,20.38,100.00,0,096.58
01258,000629000,021.00,20.38,100.00,0,095.50
01259,000629500,021.00,20.38,100.00,0,094.42
01260,000630000,021.00,20.38,100.00,0,093.33
01261,000630500,021.00,20.38,100.00,0,092.25
01262,000631000,021.00,20.38,100.00,0,091.17
01263,000631500,020.25,20.38,100.00,0,090.08
01264,000632000,020.25,20.38,100.00,0,089.00
01265,000632500,020.25,20.38,100.00,0,087.92
01266,000633000,020.50,20.38,100.00,0,086.83
01267,000633500,020.50,20.38,100.00,0,085.75
01268,000634000,020.75,20.37,100.00,0,084.67
01269,000634500,020.75,20.37,100.00,0,083.58
01270,000635000,020.50,20.38,100.00,0,082.50
01271,000635500,020.50,20.38,100.00,0,081.42
01272,000636000,020.50,20.38,100.00,0,080.33
01273,000636500,021.00,20.38,100.00,0,079.25
01274,000637000,021.00,20.38,100.00,0,078.17
01275,000637500,020.50,20.38,100.00,0,077.08
01276,000638000,020.50,20.38,100.00,0,076.00
01277,000638500,020.50,20.38,100.00,0,074.92
01278,000639000,020.75,20.38,100.00,0,073.83
01279,000639500,020.75,20.38,100.00,0,072.75
01280,000640000,020.00,20.38,100.00,0,071.67
01281,000640500,020.00,20.38,100.00,0,070.58
01282,000641000,021.00,20.38,100.00,0,069.50
01283,000641500,021.00,20.38,100.00,0,068.42
01284,000642000,021.00,20.38,100.00,0,067.33
01285,000642500,020.50,20.37,100.00,0,066.25
01286,000643000,020.50,20.37,100.00,0,065.17
01287,000643500,020.75,20.38,100.00,0,064.08
01288,000644000,020.75,20.38,100.00,0,063.00
01289,000644500,020.75,20.38,100.00,0,061.92
01290,000645000,020.50,20.38,100.00,0,060.83
01291,000645500,020.50,20.38,100.00,0,059.75
01292,000646000,020.75,20.38,100.00,0,058.67
01293,000646500,020.75,20.38,100.00,0,057.58
01294,000647000,020.75,20.38,100.00,0,056.50
01295,000647500,020.50,20.38,100.00,0,055.42
01296,000648000,020.50,20.38,100.00,0,054.33
01297,000648500,020.50,20.38,100.00,0,053.25
01298,000649000,020.50,20.38,100.00,0,052.17
01299,000649500,020.75,20.38,100.00,0,051.08
01300,000650000,020.75,20.38,100.00,0,050.00
01301,000650500,020.75,20.38,100.00,0,050.00
01302,000651000,020.75,20.37,100.00,0,050.00
01303,000651500,020.75,20.37,100.00,0,050.00
01304,000652000,020.75,20.37,100.00,0,050.00
01305,000652500,020.75,20.37,100.00,0,050.00
01306,000653000,020.75,20.37,100.00,0,050.00
01307,000653500,021.00,20.38,100.00,0,050.00
01308,000654000,021.00,20.38,100.00,0,050.00
01309,000654500,020.75,20.38,100.00,0,050.00
01310,000655000,020.75,20.38,100.00,0,050.00
01311,000655500,020.50,20.38,100.00,0,050.00
01312,000656000,020.50,20.38,100.00,0,050.00
01313,000656500,020.50,20.38,100.00,0,050.00
01314,000657000,021.00,20.38,100.00,0,050.00
01315,000657500,021.00,20.38,100.00,0,050.00
01316,000658000,020.50,20.38,100.00,0,050.00
01317,000658500,020.50,20.38,100.00,0,050.00
01318,000659000,020.50,20.38,100.00,0,050.00
01319,000659500,020.75,20.38,100.00,0,050.00
01320,000660000,020.75,20.38,100.00,0,050.00
01321,000660500,020.75,20.38,100.00,0,050.00
01322,000661000,020.75,20.38,100.00,0,050.00
01323,000661500,020.75,20.38,100.00,0,050.00
01324,000662000,020.50,20.37,100.00,0,050.00
01325,000662500,020.50,20.37,100.00,0,050.00
01326,000663000,020.25,20.38,100.00,0,050.00
01327,000663500,020.25,20.38,100.00,0,050.00
01328,000664000,021.00,20.37,100.00,0,050.00
01329,000664500,021.00,20.37,100.00,0,050.00
01330,000665000,021.00,20.37,100.00,0,050.00
01331,000665500,021.00,20.38,100.00,0,050.00
01332,000666000,021.00,20.38,100.00,0,050.00
01333,000666500,020.75,20.38,100.00,0,050.00
01334,000667000,020.75,20.38,100.00,0,050.00
01335,000667500,020.75,20.38,100.00,0,050.00
01336,000668000,020.75,20.38,100.00,0,050.00
01337,000668500,020.75,20.38,100.00,0,050.00
01338,000669000,020.50,20.37,100.00,0,050.00
01339,000669500,020.50,20.37,100.00,0,050.00
01340,000670000,020.50,20.38,100.00,0,050.00
01341,000670500,020.50,20.38,100.00,0,050.00
01342,000671000,020.50,20.38,100.00,0,050.00
01343,000671500,020.75,20.38,100.00,0,050.00
01344,000672000,020.75,20.38,100.00,0,050.00
01345,000672500,020.00,20.38,100.00,0,050.00
01346,000673000,020.00,20.38,100.00,0,050.00
01347,000673500,020.00,20.38,100.00,0,050.00
01348,000674000,021.00,20.37,100.00,0,050.00
01349,000674500,021.00,20.37,100.00,0,050.00
01350,000675000,020.75,20.39,100.00,0,050.00
01351,000675500,020.75,20.39,100.00,0,050.00
01352,000676000,020.75,20.39,100.00,0,050.00
01353,000676500,020.50,20.38,100.00,0,050.00
01354,000677000,020.50,20.38,100.00,0,050.00
01355,000677500,021.00,20.38,100.00,0,050.00
01356,000678000,021.00,20.38,100.00,0,050.00
01357,000678500,020.75,20.38,100.00,0,050.00
01358,000679000,020.75,20.38,100.00,0,050.00
01359,000679500,020.75,20.38,100.00,0,050.00
01360,000680000,020.75,20.37,100.00,0,050.00
01361,000680500,020.75,20.37,100.00,0,050.00
01362,000681000,020.75,20.38,100.00,0,050.00
01363,000681500,020.75,20.38,100.00,0,050.00
01364,000682000,020.75,20.38,100.00,0,050.00
01365,000682500,020.25,20.37,100.00,0,050.00
01366,000683000,020.25,20.37,100.00,0,050.00
01367,000683500,021.00,20.38,100.00,0,050.00
01368,000684000,021.00,20.38,100.00,0,050.00
01369,000684500,021.00,20.38,100.00,0,050.00
01370,000685000,020.50,20.38,100.00,0,050.00
01371,000685500,020.50,20.38,100.00,0,050.00
01372,000686000,020.50,20.37,100.00,0,050.00
01373,000686500,020.50,20.37,100.00,0,050.00
01374,000687000,020.00,20.38,100.00,0,050.00
01375,000687500,020.00,20.38,100.00,0,050.00
01376,000688000,020.00,20.38,100.00,0,050.00
01377,000688500,019.75,20.38,100.00,0,050.00
01378,000689000,019.75,20.38,100.00,0,050.00
01379,000689500,020.25,20.38,100.00,0,050.00
01380,000690000,020.25,20.38,100.00,0,050.00
01381,000690500,020.25,20.38,100.00,0,050.00
01382,000691000,020.50,20.37,100.00,0,050.00
01383,000691500,020.50,20.37,100.00,0,050.00
01384,000692000,021.00,20.38,100.00,0,050.00
01385,000692500,021.00,20.38,100.00,0,050.00
01386,000693000,020.25,20.38,100.00,0,050.00
01387,000693500,020.25,20.38,100.00,0,050.00
01388,000694000,020.25,20.38,100.00,0,050.00
01389,000694500,021.00,20.38,100.00,0,050.00
01390,000695000,021.00,20.38,100.00,0,050.00
01391,000695500,020.50,20.38,100.00,0,050.00
01392,000696000,020.50,20.38,100.00,0,050.00
01393,000696500,020.50,20.38,100.00,0,050.00
01394,000697000,020.25,20.38,100.00,0,050.00
01395,000697500,020.25,20.38,100.00,0,050.00
01396,000698000,020.75,20.37,100.00,0,050.00
01397,000698500,020.75,20.37,100.00,0,050.00
01398,000699000,020.75,20.37,100.00,0,050.00
01399,000699500,020.75,20.37,100.00,0,050.00
01400,000700000,020.75,20.37,100.00,0,050.00
01401,000700500,020.50,20.38,100.00,0,050.00
01402,000701000,020.50,20.38,100.00,0,050.00
01403,000701500,020.25,20.37,100.00,0,050.00
01404,000702000,020.25,20.37,100.00,0,050.00
01405,000702500,020.25,20.37,100.00,0,050.00
01406,000703000,021.00,20.36,100.00,0,050.00
01407,000703500,021.00,20.36,100.00,0,050.00
01408,000704000,020.75,20.36,100.00,0,050.00
01409,000704500,020.75,20.36,100.00,0,050.00
01410,000705000,020.75,20.36,100.00,0,050.00
01411,000705500,020.75,20.37,100.00,0,050.00
01412,000706000,020.75,20.37,100.00,0,050.00
01413,000706500,020.50,20.37,100.00,0,050.00
01414,000707000,020.50,20.37,100.00,0,050.00
01415,000707500,020.50,20.37,100.00,0,050.00
01416,000708000,020.50,20.37,100.00,0,050.00
01417,000708500,020.50,20.37,100.00,0,050.00
01418,000709000,020.75,20.36,100.00,0,050.00
01419,000709500,020.75,20.36,100.00,0,050.00
01420,000710000,020.50,20.37,100.00,0,050.00
01421,000710500,020.50,20.37,100.00,0,050.00
01422,000711000,020.50,20.37,100.00,0,050.00
01423,000711500,021.00,20.37,100.00,0,050.00
01424,000712000,021.00,20.37,100.00,0,050.00
01425,000712500,020.50,20.37,100.00,0,050.00
01426,000713000,020.50,20.37,100.00,0,050.00
01427,000713500,020.50,20.37,100.00,0,050.00
01428,000714000,021.00,20.36,100.00,0,050.00
01429,000714500,021.00,20.36,100.00,0,050.00
01430,000715000,020.75,20.37,100.00,0,050.00
01431,000715500,020.75,20.37,100.00,0,050.00
01432,000716000,020.50,20.36,100.00,0,050.00
01433,000716500,020.50,20.36,100.00,0,050.00
01434,000717000,020.50,20.36,100.00,0,050.00
01435,000717500,020.50,20.36,100.00,0,050.00
01436,000718000,020.50,20.36,100.00,0,050.00
01437,000718500,020.50,20.36,100.00,0,050.00
01438,000719000,020.50,20.36,100.00,0,050.00
01439,000719500,020.50,20.36,100.00,0,050.00
01440,000720000,020.75,20.35,100.00,0,050.00
