Index,Time (ms),Temperature (C),pwm_controller (percent)
00000,000000000,000.00,000.00
00001,000000500,029.00,000.00
00002,000001000,029.00,000.00
00003,000001500,028.75,000.00
00004,000002000,028.75,000.00
00005,000002500,028.75,000.00
00006,000003000,028.75,000.00
00007,000003500,028.75,000.00
00008,000004000,028.25,000.00
00009,000004500,028.25,000.00
00010,000005000,028.50,000.00
00011,000005500,028.50,000.00
00012,000006000,028.50,000.00
00013,000006500,029.00,000.00
00014,000007000,029.00,000.00
00015,000007500,029.00,000.00
00016,000008000,029.00,000.00
00017,000008500,028.00,000.00
00018,000009000,028.00,000.00
00019,000009500,028.00,000.00
00020,000010000,029.00,000.00
00021,000010500,029.00,000.00
00022,000011000,028.75,000.00
00023,000011500,028.75,000.00
00024,000012000,028.75,000.00
00025,000012500,028.75,000.00
00026,000013000,028.75,000.00
00027,000013500,028.00,000.00
00028,000014000,028.00,000.00
00029,000014500,028.00,000.00
00030,000015000,028.75,000.00
00031,000015500,028.75,000.00
00032,000016000,028.75,000.00
00033,000016500,028.75,000.00
00034,000017000,028.50,000.00
00035,000017500,028.50,000.00
00036,000018000,028.50,000.00
00037,000018500,028.25,000.00
00038,000019000,028.25,000.00
00039,000019500,028.50,000.00
00040,000020000,028.50,000.00
00041,000020500,028.50,000.00
00042,000021000,028.75,000.00
00043,000021500,028.75,000.00
00044,000022000,028.75,000.00
00045,000022500,028.75,000.00
00046,000023000,028.75,000.00
00047,000023500,028.75,000.00
00048,000024000,028.75,000.00
00049,000024500,028.75,000.00
00050,000025000,028.75,000.00
00051,000025500,029.00,000.00
00052,000026000,029.00,000.00
00053,000026500,029.00,000.00
00054,000027000,028.75,000.00
00055,000027500,028.75,000.00
00056,000028000,029.00,000.00
00057,000028500,029.00,000.00
00058,000029000,029.00,000.00
00059,000029500,028.25,000.00
00060,000030000,028.25,000.00
00061,000030500,028.75,100.00
00062,000031000,028.75,100.00
00063,000031500,029.00,100.00
00064,000032000,029.00,100.00
00065,000032500,029.00,100.00
00066,000033000,028.75,100.00
00067,000033500,028.75,100.00
00068,000034000,029.00,100.00
00069,000034500,029.00,100.00
00070,000035000,029.00,100.00
00071,000035500,028.50,100.00
00072,000036000,028.50,100.00
00073,000036500,028.75,100.00
00074,000037000,028.75,100.00
00075,000037500,028.75,100.00
00076,000038000,028.75,100.00
00077,000038500,028.75,100.00
00078,000039000,028.50,100.00
00079,000039500,028.50,100.00
00080,000040000,028.75,100.00
00081,000040500,028.75,100.00
00082,000041000,028.75,100.00
00083,000041500,028.50,100.00
00084,000042000,028.50,100.00
00085,000042500,028.75,100.00
00086,000043000,028.75,100.00
00087,000043500,028.75,100.00
00088,000044000,029.00,100.00
00089,000044500,029.00,100.00
00090,000045000,029.25,100.00
00091,000045500,029.25,100.00
00092,000046000,029.50,100.00
00093,000046500,029.50,100.00
00094,000047000,029.50,100.00
00095,000047500,029.25,100.00
00096,000048000,029.25,100.00
00097,000048500,029.50,100.00
00098,000049000,029.50,100.00
00099,000049500,029.50,100.00
00100,000050000,029.50,100.00
00101,000050500,029.50,100.00
00102,000051000,030.00,100.00
00103,000051500,030.00,100.00
00104,000052000,030.00,100.00
00105,000052500,029.75,100.00
00106,000053000,029.75,100.00
00107,000053500,030.00,100.00
00108,000054000,030.00,100.00
00109,000054500,030.25,100.00
00110,000055000,030.25,100.00
00111,000055500,030.25,100.00
00112,000056000,030.75,100.00
00113,000056500,030.75,100.00
00114,000057000,031.25,100.00
00115,000057500,031.25,100.00
00116,000058000,031.25,100.00
00117,000058500,031.50,100.00
00118,000059000,031.50,100.00
00119,000059500,032.25,100.00
00120,000060000,032.25,100.00
00121,000060500,032.25,100.00
00122,000061000,032.25,100.00
00123,000061500,032.25,100.00
00124,000062000,033.00,100.00
00125,000062500,033.00,100.00
00126,000063000,033.25,100.00
00127,000063500,033.25,100.00
00128,000064000,033.25,100.00
00129,000064500,033.50,100.00
00130,000065000,033.50,100.00
00131,000065500,034.50,100.00
00132,000066000,034.50,100.00
00133,000066500,034.50,100.00
00134,000067000,035.00,100.00
00135,000067500,035.00,100.00
00136,000068000,035.50,100.00
00137,000068500,035.50,100.00
00138,000069000,036.00,100.00
00139,000069500,036.00,100.00
00140,000070000,036.00,100.00
00141,000070500,036.75,100.00
00142,000071000,036.75,100.00
00143,000071500,037.50,100.00
00144,000072000,037.50,100.00
00145,000072500,037.50,100.00
00146,000073000,038.00,100.00
00147,000073500,038.00,100.00
00148,000074000,039.00,100.00
00149,000074500,039.00,100.00
00150,000075000,039.75,100.00
00151,000075500,039.75,100.00
00152,000076000,039.75,100.00
00153,000076500,040.25,100.00
00154,000077000,040.25,100.00
00155,000077500,041.25,100.00
00156,000078000,041.25,100.00
00157,000078500,041.25,100.00
00158,000079000,042.00,100.00
00159,000079500,042.00,100.00
00160,000080000,043.00,100.00
00161,000080500,043.00,100.00
00162,000081000,043.00,100.00
00163,000081500,044.00,100.00
00164,000082000,044.00,100.00
00165,000082500,045.00,100.00
00166,000083000,045.00,100.00
00167,000083500,045.50,100.00
00168,000084000,045.50,100.00
00169,000084500,045.50,100.00
00170,000085000,047.00,100.00
00171,000085500,047.00,100.00
00172,000086000,048.00,100.00
00173,000086500,048.00,100.00
00174,000087000,048.00,100.00
00175,000087500,048.50,100.00
00176,000088000,048.50,100.00
00177,000088500,049.75,100.00
00178,000089000,049.75,100.00
00179,000089500,049.75,100.00
00180,000090000,050.75,100.00
00181,000090500,050.75,100.00
00182,000091000,052.50,100.00
00183,000091500,052.50,100.00
00184,000092000,053.50,100.00
00185,000092500,053.50,100.00
00186,000093000,053.50,100.00
00187,000093500,054.75,100.00
00188,000094000,054.75,100.00
00189,000094500,055.75,100.00
00190,000095000,055.75,100.00
00191,000095500,055.75,100.00
00192,000096000,056.75,100.00
00193,000096500,056.75,100.00
00194,000097000,058.25,100.00
00195,000097500,058.25,100.00
00196,000098000,059.75,100.00
00197,000098500,059.75,100.00
00198,000099000,059.75,100.00
00199,000099500,061.25,100.00
00200,000100000,061.25,100.00
00201,000100500,062.50,100.00
00202,000101000,062.50,100.00
00203,000101500,062.50,100.00
00204,000102000,063.75,100.00
00205,000102500,063.75,100.00
00206,000103000,065.50,100.00
00207,000103500,065.50,100.00
00208,000104000,065.50,100.00
00209,000104500,066.50,100.00
00210,000105000,066.50,100.00
00211,000105500,068.50,100.00
00212,000106000,068.50,100.00
00213,000106500,070.00,100.00
00214,000107000,070.00,100.00
00215,000107500,070.00,100.00
00216,000108000,071.50,100.00
00217,000108500,071.50,100.00
00218,000109000,073.50,100.00
00219,000109500,073.50,100.00
00220,000110000,073.50,100.00
00221,000110500,075.00,100.00
00222,000111000,075.00,100.00
00223,000111500,076.75,100.00
00224,000112000,076.75,100.00
00225,000112500,078.25,100.00
00226,000113000,078.25,100.00
00227,000113500,078.25,100.00
00228,000114000,080.25,100.00
00229,000114500,080.25,100.00
00230,000115000,081.50,100.00
00231,000115500,081.50,100.00
00232,000116000,081.50,100.00
00233,000116500,083.50,100.00
00234,000117000,083.50,100.00
00235,000117500,085.00,100.00
00236,000118000,085.00,100.00
00237,000118500,085.00,100.00
00238,000119000,086.75,100.00
00239,000119500,086.75,100.00
00240,000120000,089.00,100.00
00241,000120500,089.00,100.00
00242,000121000,090.50,100.00
00243,000121500,090.50,100.00
00244,000122000,090.50,100.00
00245,000122500,092.50,100.00
00246,000123000,092.50,100.00
00247,000123500,094.00,100.00
00248,000124000,094.00,100.00
00249,000124500,094.00,100.00
00250,000125000,096.00,100.00
00251,000125500,096.00,100.00
00252,000126000,098.00,100.00
00253,000126500,098.00,100.00
00254,000127000,099.50,100.00
00255,000127500,099.50,100.00
00256,000128000,099.50,100.00
00257,000128500,101.75,000.00
00258,000129000,101.75,000.00
00259,000129500,103.75,000.00
00260,000130000,103.75,000.00
00261,000130500,103.75,000.00
00262,000131000,105.25,000.00
00263,000131500,105.25,000.00
00264,000132000,107.00,000.00
00265,000132500,107.00,000.00
00266,000133000,107.00,000.00
00267,000133500,109.50,000.00
00268,000134000,109.50,000.00
00269,000134500,111.25,000.00
00270,000135000,111.25,000.00
00271,000135500,112.25,000.00
00272,000136000,112.25,000.00
00273,000136500,112.25,000.00
00274,000137000,114.00,000.00
00275,000137500,114.00,000.00
00276,000138000,115.50,000.00
00277,000138500,115.50,000.00
00278,000139000,115.50,000.00
00279,000139500,117.25,000.00
00280,000140000,117.25,000.00
00281,000140500,118.75,000.00
00282,000141000,118.75,000.00
00283,000141500,118.75,000.00
00284,000142000,119.75,000.00
00285,000142500,119.75,000.00
00286,000143000,120.50,000.00
00287,000143500,120.50,000.00
00288,000144000,122.25,000.00
00289,000144500,122.25,000.00
00290,000145000,122.25,000.00
00291,000145500,123.25,000.00
00292,000146000,123.25,000.00
00293,000146500,124.25,000.00
00294,000147000,124.25,000.00
00295,000147500,124.25,000.00
00296,000148000,125.25,000.00
00297,000148500,125.25,000.00
00298,000149000,126.00,000.00
00299,000149500,126.00,000.00
00300,000150000,126.50,000.00
00301,000150500,126.50,000.00
00302,000151000,126.50,000.00
00303,000151500,127.50,000.00
00304,000152000,127.50,000.00
00305,000152500,128.25,000.00
00306,000153000,128.25,000.00
00307,000153500,128.25,000.00
00308,000154000,128.75,000.00
00309,000154500,128.75,000.00
00310,000155000,129.25,000.00
00311,000155500,129.25,000.00
00312,000156000,129.25,000.00
00313,000156500,130.25,000.00
00314,000157000,130.25,000.00
00315,000157500,130.50,000.00
00316,000158000,130.50,000.00
00317,000158500,130.75,000.00
00318,000159000,130.75,000.00
00319,000159500,130.75,000.00
00320,000160000,131.50,000.00
00321,000160500,131.50,000.00
00322,000161000,131.75,000.00
00323,000161500,131.75,000.00
00324,000162000,131.75,000.00
00325,000162500,132.50,000.00
00326,000163000,132.50,000.00
00327,000163500,133.00,000.00
00328,000164000,133.00,000.00
00329,000164500,133.25,000.00
00330,000165000,133.25,000.00
00331,000165500,133.25,000.00
00332,000166000,133.75,000.00
00333,000166500,133.75,000.00
00334,000167000,134.00,000.00
00335,000167500,134.00,000.00
00336,000168000,134.00,000.00
00337,000168500,134.50,000.00
00338,000169000,134.50,000.00
00339,000169500,134.50,000.00
00340,000170000,134.50,000.00
00341,000170500,134.50,000.00
00342,000171000,134.75,000.00
00343,000171500,134.75,000.00
00344,000172000,135.25,000.00
00345,000172500,135.25,000.00
00346,000173000,135.75,000.00
00347,000173500,135.75,000.00
00348,000174000,135.75,000.00
00349,000174500,135.75,000.00
00350,000175000,135.75,000.00
00351,000175500,136.00,000.00
00352,000176000,136.00,000.00
00353,000176500,136.00,000.00
00354,000177000,136.25,000.00
00355,000177500,136.25,000.00
00356,000178000,136.00,000.00
00357,000178500,136.00,000.00
00358,000179000,136.00,000.00
00359,000179500,136.50,000.00
00360,000180000,136.50,000.00
00361,000180500,136.75,000.00
00362,000181000,136.75,000.00
00363,000181500,137.00,000.00
00364,000182000,137.00,000.00
00365,000182500,137.00,000.00
00366,000183000,137.25,000.00
00367,000183500,137.25,000.00
00368,000184000,137.50,000.00
00369,000184500,137.50,000.00
00370,000185000,137.50,000.00
00371,000185500,137.50,000.00
00372,000186000,137.50,000.00
00373,000186500,137.75,000.00
00374,000187000,137.75,000.00
00375,000187500,137.75,000.00
00376,000188000,137.75,000.00
00377,000188500,137.75,000.00
00378,000189000,137.50,000.00
00379,000189500,137.50,000.00
00380,000190000,138.00,000.00
00381,000190500,138.00,000.00
00382,000191000,138.00,000.00
00383,000191500,138.00,000.00
00384,000192000,138.00,000.00
00385,000192500,138.25,000.00
00386,000193000,138.25,000.00
00387,000193500,138.25,000.00
00388,000194000,138.25,000.00
00389,000194500,138.25,000.00
00390,000195000,138.25,000.00
00391,000195500,138.25,000.00
00392,000196000,138.25,000.00
00393,000196500,138.25,000.00
00394,000197000,138.25,000.00
00395,000197500,138.00,000.00
00396,000198000,138.00,000.00
00397,000198500,138.50,000.00
00398,000199000,138.50,000.00
00399,000199500,138.50,000.00
00400,000200000,138.50,000.00
00401,000200500,138.50,000.00
00402,000201000,138.50,000.00
00403,000201500,138.50,000.00
00404,000202000,138.25,000.00
00405,000202500,138.25,000.00
00406,000203000,138.25,000.00
00407,000203500,138.50,000.00
00408,000204000,138.50,000.00
00409,000204500,138.00,000.00
00410,000205000,138.00,000.00
00411,000205500,138.00,000.00
00412,000206000,138.00,000.00
00413,000206500,138.00,000.00
00414,000207000,138.50,000.00
00415,000207500,138.50,000.00
00416,000208000,138.50,000.00
00417,000208500,138.00,000.00
00418,000209000,138.00,000.00
00419,000209500,138.25,000.00
00420,000210000,138.25,000.00
00421,000210500,138.25,000.00
00422,000211000,138.25,000.00
00423,000211500,138.25,000.00
00424,000212000,138.00,000.00
00425,000212500,138.00,000.00
00426,000213000,138.00,000.00
00427,000213500,138.00,000.00
00428,000214000,138.00,000.00
00429,000214500,137.50,000.00
00430,000215000,137.50,000.00
00431,000215500,137.75,000.00
00432,000216000,137.75,000.00
00433,000216500,138.00,000.00
00434,000217000,138.00,000.00
00435,000217500,138.00,000.00
00436,000218000,137.75,000.00
00437,000218500,137.75,000.00
00438,000219000,136.75,000.00
00439,000219500,136.75,000.00
00440,000220000,136.75,000.00
00441,000220500,137.25,000.00
00442,000221000,137.25,000.00
00443,000221500,137.75,000.00
00444,000222000,137.75,000.00
00445,000222500,137.75,000.00
00446,000223000,137.00,000.00
00447,000223500,137.00,000.00
00448,000224000,136.75,000.00
00449,000224500,136.75,000.00
00450,000225000,137.25,000.00
00451,000225500,137.25,000.00
00452,000226000,137.25,000.00
00453,000226500,137.00,000.00
00454,000227000,137.00,000.00
00455,000227500,137.00,000.00
00456,000228000,137.00,000.00
00457,000228500,137.00,000.00
00458,000229000,137.00,000.00
00459,000229500,137.00,000.00
00460,000230000,136.75,000.00
00461,000230500,136.75,000.00
00462,000231000,136.75,000.00
00463,000231500,136.50,000.00
00464,000232000,136.50,000.00
00465,000232500,136.00,000.00
00466,000233000,136.00,000.00
00467,000233500,135.75,000.00
00468,000234000,135.75,000.00
00469,000234500,135.75,000.00
00470,000235000,135.75,000.00
00471,000235500,135.75,000.00
00472,000236000,135.75,000.00
00473,000236500,135.75,000.00
00474,000237000,135.75,000.00
00475,000237500,135.50,000.00
00476,000238000,135.50,000.00
00477,000238500,135.25,000.00
00478,000239000,135.25,000.00
00479,000239500,135.25,000.00
00480,000240000,135.25,000.00
00481,000240500,135.25,000.00
00482,000241000,135.00,000.00
00483,000241500,135.00,000.00
00484,000242000,135.25,000.00
00485,000242500,135.25,000.00
00486,000243000,135.25,000.00
00487,000243500,135.25,000.00
00488,000244000,135.25,000.00
00489,000244500,135.00,000.00
00490,000245000,135.00,000.00
00491,000245500,135.00,000.00
00492,000246000,134.75,000.00
00493,000246500,134.75,000.00
00494,000247000,134.50,000.00
00495,000247500,134.50,000.00
00496,000248000,134.25,000.00
00497,000248500,134.25,000.00
00498,000249000,134.25,000.00
00499,000249500,133.75,000.00
00500,000250000,133.75,000.00
00501,000250500,134.00,000.00
00502,000251000,134.00,000.00
00503,000251500,134.00,000.00
00504,000252000,133.50,000.00
00505,000252500,133.50,000.00
00506,000253000,133.50,000.00
00507,000253500,133.50,000.00
00508,000254000,132.75,000.00
00509,000254500,132.75,000.00
00510,000255000,132.75,000.00
00511,000255500,133.25,000.00
00512,000256000,133.25,000.00
00513,000256500,132.75,000.00
00514,000257000,132.75,000.00
00515,000257500,132.75,000.00
00516,000258000,132.75,000.00
00517,000258500,132.75,000.00
00518,000259000,132.25,000.00
00519,000259500,132.25,000.00
00520,000260000,132.25,000.00
00521,000260500,132.75,000.00
00522,000261000,132.75,000.00
00523,000261500,132.00,000.00
00524,000262000,132.00,000.00
00525,000262500,131.75,000.00
00526,000263000,131.75,000.00
00527,000263500,131.75,000.00
00528,000264000,132.00,000.00
00529,000264500,132.00,000.00
00530,000265000,131.75,000.00
00531,000265500,131.75,000.00
00532,000266000,131.75,000.00
00533,000266500,131.75,000.00
00534,000267000,131.75,000.00
00535,000267500,131.25,000.00
00536,000268000,131.25,000.00
00537,000268500,131.25,000.00
00538,000269000,130.50,000.00
00539,000269500,130.50,000.00
00540,000270000,131.00,000.00
00541,000270500,131.00,000.00
00542,000271000,130.50,000.00
00543,000271500,130.50,000.00
00544,000272000,130.50,000.00
00545,000272500,130.00,000.00
00546,000273000,130.00,000.00
00547,000273500,129.75,000.00
00548,000274000,129.75,000.00
00549,000274500,129.75,000.00
00550,000275000,129.75,000.00
00551,000275500,129.75,000.00
00552,000276000,129.50,000.00
00553,000276500,129.50,000.00
00554,000277000,129.75,000.00
00555,000277500,129.75,000.00
00556,000278000,129.75,000.00
00557,000278500,129.25,000.00
00558,000279000,129.25,000.00
00559,000279500,129.25,000.00
00560,000280000,129.25,000.00
00561,000280500,129.25,000.00
00562,000281000,128.75,000.00
00563,000281500,128.75,000.00
00564,000282000,128.25,000.00
00565,000282500,128.25,000.00
00566,000283000,128.25,000.00
00567,000283500,128.00,000.00
00568,000284000,128.00,000.00
00569,000284500,128.50,000.00
00570,000285000,128.50,000.00
00571,000285500,127.75,000.00
00572,000286000,127.75,000.00
00573,000286500,127.75,000.00
00574,000287000,127.75,000.00
00575,000287500,127.75,000.00
00576,000288000,127.75,000.00
00577,000288500,127.75,000.00
00578,000289000,127.75,000.00
00579,000289500,127.50,000.00
00580,000290000,127.50,000.00
00581,000290500,127.25,000.00
00582,000291000,127.25,000.00
00583,000291500,127.00,000.00
00584,000292000,127.00,000.00
00585,000292500,127.00,000.00
00586,000293000,126.75,000.00
00587,000293500,126.75,000.00
00588,000294000,126.00,000.00
00589,000294500,126.00,000.00
00590,000295000,126.00,000.00
00591,000295500,126.25,000.00
00592,000296000,126.25,000.00
00593,000296500,125.75,000.00
00594,000297000,125.75,000.00
00595,000297500,125.75,000.00
00596,000298000,125.75,000.00
00597,000298500,125.75,000.00
00598,000299000,125.75,000.00
00599,000299500,125.75,000.00
00600,000300000,125.50,000.00
00601,000300500,125.50,000.00
00602,000301000,125.50,000.00
00603,000301500,124.75,000.00
00604,000302000,124.75,000.00
00605,000302500,124.75,000.00
00606,000303000,124.75,000.00
00607,000303500,124.75,000.00
00608,000304000,124.25,000.00
00609,000304500,124.25,000.00
00610,000305000,124.50,000.00
00611,000305500,124.50,000.00
00612,000306000,124.25,000.00
00613,000306500,124.25,000.00
00614,000307000,124.25,000.00
00615,000307500,123.75,000.00
00616,000308000,123.75,000.00
00617,000308500,124.00,000.00
00618,000309000,124.00,000.00
00619,000309500,124.00,000.00
00620,000310000,123.25,000.00
00621,000310500,123.25,000.00
00622,000311000,123.00,000.00
00623,000311500,123.00,000.00
00624,000312000,123.00,000.00
00625,000312500,123.25,000.00
00626,000313000,123.25,000.00
00627,000313500,123.25,000.00
00628,000314000,123.25,000.00
00629,000314500,123.00,000.00
00630,000315000,123.00,000.00
00631,000315500,123.00,000.00
00632,000316000,122.50,000.00
00633,000316500,122.50,000.00
00634,000317000,122.25,000.00
00635,000317500,122.25,000.00
00636,000318000,122.25,000.00
00637,000318500,121.75,000.00
00638,000319000,121.75,000.00
00639,000319500,122.00,000.00
00640,000320000,122.00,000.00
00641,000320500,122.00,000.00
00642,000321000,121.75,000.00
00643,000321500,121.75,000.00
00644,000322000,121.50,000.00
00645,000322500,121.50,000.00
00646,000323000,121.25,000.00
00647,000323500,121.25,000.00
00648,000324000,121.25,000.00
00649,000324500,121.00,000.00
00650,000325000,121.00,000.00
00651,000325500,121.00,000.00
00652,000326000,121.00,000.00
00653,000326500,121.00,000.00
00654,000327000,120.25,000.00
00655,000327500,120.25,000.00
00656,000328000,120.50,000.00
00657,000328500,120.50,000.00
00658,000329000,120.50,000.00
00659,000329500,120.50,000.00
00660,000330000,120.50,000.00
00661,000330500,120.00,000.00
00662,000331000,120.00,000.00
00663,000331500,119.75,000.00
00664,000332000,119.75,000.00
00665,000332500,119.75,000.00
00666,000333000,119.75,000.00
00667,000333500,119.75,000.00
00668,000334000,119.50,000.00
00669,000334500,119.50,000.00
00670,000335000,119.50,000.00
00671,000335500,119.25,000.00
00672,000336000,119.25,000.00
00673,000336500,119.50,000.00
00674,000337000,119.50,000.00
00675,000337500,118.75,000.00
00676,000338000,118.75,000.00
00677,000338500,118.75,000.00
00678,000339000,118.25,000.00
00679,000339500,118.25,000.00
00680,000340000,118.00,000.00
00681,000340500,118.00,000.00
00682,000341000,118.00,000.00
00683,000341500,118.00,000.00
00684,000342000,118.00,000.00
00685,000342500,117.75,000.00
00686,000343000,117.75,000.00
00687,000343500,117.00,000.00
00688,000344000,117.00,000.00
00689,000344500,117.00,000.00
00690,000345000,117.50,000.00
00691,000345500,117.50,000.00
00692,000346000,116.75,000.00
00693,000346500,116.75,000.00
00694,000347000,116.75,000.00
00695,000347500,116.75,000.00
00696,000348000,116.75,000.00
00697,000348500,117.00,000.00
00698,000349000,117.00,000.00
00699,000349500,117.00,000.00
00700,000350000,116.75,000.00
00701,000350500,116.75,000.00
00702,000351000,116.75,000.00
00703,000351500,116.75,000.00
00704,000352000,116.25,000.00
00705,000352500,116.25,000.00
00706,000353000,116.25,000.00
00707,000353500,116.25,000.00
00708,000354000,116.25,000.00
00709,000354500,115.50,000.00
00710,000355000,115.50,000.00
00711,000355500,115.50,000.00
00712,000356000,115.25,000.00
00713,000356500,115.25,000.00
00714,000357000,115.25,000.00
00715,000357500,115.25,000.00
00716,000358000,115.25,000.00
00717,000358500,115.50,000.00
00718,000359000,115.50,000.00
00719,000359500,115.50,000.00
00720,000360000,115.50,000.00
00721,000360500,115.00,000.00
00722,000361000,115.00,000.00
00723,000361500,115.00,000.00
00724,000362000,114.25,000.00
00725,000362500,114.25,000.00
00726,000363000,114.25,000.00
00727,000363500,114.25,000.00
00728,000364000,114.25,000.00
00729,000364500,114.00,000.00
00730,000365000,114.00,000.00
00731,000365500,114.25,000.00
00732,000366000,114.25,000.00
00733,000366500,113.75,000.00
00734,000367000,113.75,000.00
00735,000367500,113.75,000.00
00736,000368000,113.75,000.00
00737,000368500,113.75,000.00
00738,000369000,113.25,000.00
00739,000369500,113.25,000.00
00740,000370000,113.25,000.00
00741,000370500,112.75,000.00
00742,000371000,112.75,000.00
00743,000371500,113.25,000.00
00744,000372000,113.25,000.00
00745,000372500,113.25,000.00
00746,000373000,112.75,000.00
00747,000373500,112.75,000.00
00748,000374000,112.75,000.00
00749,000374500,112.75,000.00
00750,000375000,112.00,000.00
00751,000375500,112.00,000.00
00752,000376000,112.00,000.00
00753,000376500,112.25,000.00
00754,000377000,112.25,000.00
00755,000377500,112.25,000.00
00756,000378000,112.25,000.00
00757,000378500,112.25,000.00
00758,000379000,112.00,000.00
00759,000379500,112.00,000.00
00760,000380000,111.75,000.00
00761,000380500,111.75,000.00
00762,000381001,111.50,000.00
00763,000381500,111.50,000.00
00764,000382000,111.50,000.00
00765,000382500,110.75,000.00
00766,000383000,110.75,000.00
00767,000383500,111.00,000.00
00768,000384000,111.00,000.00
00769,000384500,111.00,000.00
00770,000385000,111.00,000.00
00771,000385500,111.00,000.00
00772,000386000,110.75,000.00
00773,000386500,110.75,000.00
00774,000387000,110.75,000.00
00775,000387500,110.25,000.00
00776,000388000,110.25,000.00
00777,000388500,110.25,000.00
00778,000389000,110.25,000.00
00779,000389500,110.00,000.00
00780,000390000,110.00,000.00
00781,000390500,110.00,000.00
00782,000391000,110.00,000.00
00783,000391500,110.00,000.00
00784,000392000,110.00,000.00
00785,000392500,110.00,000.00
00786,000393000,110.00,000.00
00787,000393500,109.50,000.00
00788,000394000,109.50,000.00
00789,000394500,108.75,000.00
00790,000395000,108.75,000.00
00791,000395500,108.75,000.00
00792,000396000,108.75,000.00
00793,000396500,108.75,000.00
00794,000397000,108.50,000.00
00795,000397500,108.50,000.00
00796,000398000,108.25,000.00
00797,000398500,108.25,000.00
00798,000399000,108.25,000.00
00799,000399500,108.25,000.00
00800,000400000,108.25,000.00
00801,000400500,108.00,000.00
00802,000401000,108.00,000.00
00803,000401500,108.00,000.00
00804,000402000,107.75,000.00
00805,000402500,107.75,000.00
00806,000403000,107.75,000.00
00807,000403500,107.75,000.00
00808,000404000,107.50,000.00
00809,000404500,107.50,000.00
00810,000405000,107.50,000.00
00811,000405500,107.50,000.00
00812,000406000,107.50,000.00
00813,000406500,106.75,000.00
00814,000407000,106.75,000.00
00815,000407500,106.75,000.00
00816,000408000,107.00,000.00
00817,000408500,107.00,000.00
00818,000409000,106.50,000.00
00819,000409500,106.50,000.00
00820,000410000,106.50,000.00
00821,000410500,106.50,000.00
00822,000411000,106.50,000.00
00823,000411500,106.25,000.00
00824,000412000,106.25,000.00
00825,000412500,106.25,000.00
00826,000413000,106.25,000.00
00827,000413500,106.25,000.00
00828,000414000,105.50,000.00
00829,000414500,105.50,000.00
00830,000415000,105.50,000.00
00831,000415500,105.50,000.00
00832,000416000,105.50,000.00
00833,000416500,105.00,000.00
00834,000417000,105.00,000.00
00835,000417500,105.50,000.00
00836,000418000,105.50,000.00
00837,000418500,105.25,000.00
00838,000419000,105.25,000.00
00839,000419500,105.25,000.00
00840,000420000,104.75,000.00
00841,000420500,104.75,000.00
00842,000421000,105.00,000.00
00843,000421500,105.00,000.00
00844,000422000,105.00,000.00
00845,000422500,104.50,000.00
00846,000423000,104.50,000.00
00847,000423500,104.00,000.00
00848,000424000,104.00,000.00
00849,000424500,104.00,000.00
00850,000425000,104.25,000.00
00851,000425500,104.25,000.00
00852,000426000,104.25,000.00
00853,000426500,104.25,000.00
00854,000427000,103.75,000.00
00855,000427500,103.75,000.00
00856,000428000,103.75,000.00
00857,000428500,103.25,000.00
00858,000429000,103.25,000.00
00859,000429500,103.50,000.00
00860,000430000,103.50,000.00
00861,000430500,103.50,000.00
00862,000431000,103.25,000.00
00863,000431500,103.25,000.00
00864,000432000,103.00,000.00
00865,000432500,103.00,000.00
00866,000433000,102.75,000.00
00867,000433500,102.75,000.00
00868,000434000,102.75,000.00
00869,000434500,103.00,000.00
00870,000435000,103.00,000.00
00871,000435500,102.50,000.00
00872,000436000,102.50,000.00
00873,000436500,102.50,000.00
00874,000437000,102.00,000.00
00875,000437500,102.00,000.00
00876,000438000,102.50,000.00
00877,000438500,102.50,000.00
00878,000439000,102.50,000.00
00879,000439500,101.75,000.00
00880,000440000,101.75,000.00
00881,000440500,101.50,000.00
00882,000441000,101.50,000.00
00883,000441500,101.75,000.00
00884,000442000,101.75,000.00
00885,000442500,101.75,000.00
00886,000443000,101.25,000.00
00887,000443500,101.25,000.00
00888,000444000,100.75,000.00
00889,000444500,100.75,000.00
00890,000445000,100.75,000.00
00891,000445500,101.00,000.00
00892,000446000,101.00,000.00
00893,000446500,101.25,000.00
00894,000447000,101.25,000.00
00895,000447500,101.25,000.00
00896,000448000,100.75,000.00
00897,000448500,100.75,000.00
00898,000449000,100.25,000.00
00899,000449500,100.25,000.00
00900,000450000,100.75,000.00
00901,000450500,100.75,000.00
00902,000451000,100.75,000.00
00903,000451500,100.00,000.00
00904,000452000,100.00,000.00
00905,000452500,100.00,000.00
00906,000453000,100.00,000.00
00907,000453500,100.00,000.00
00908,000454000,100.25,000.00
00909,000454500,100.25,000.00
00910,000455000,100.00,000.00
00911,000455500,100.00,000.00
00912,000456000,099.25,000.00
00913,000456500,099.25,000.00
00914,000457000,099.25,000.00
00915,000457500,099.50,000.00
00916,000458000,099.50,000.00
00917,000458500,099.25,000.00
00918,000459000,099.25,000.00
00919,000459500,099.25,000.00
00920,000460000,099.25,000.00
00921,000460500,099.25,000.00
00922,000461000,098.50,000.00
00923,000461500,098.50,000.00
00924,000462000,098.50,000.00
00925,000462500,099.00,000.00
00926,000463000,099.00,000.00
00927,000463500,098.50,000.00
00928,000464000,098.50,000.00
00929,000464500,098.00,000.00
00930,000465000,098.00,000.00
00931,000465500,098.00,000.00
00932,000466000,098.00,000.00
00933,000466500,098.00,000.00
00934,000467000,098.25,000.00
00935,000467500,098.25,000.00
00936,000468000,098.25,000.00
00937,000468500,097.75,000.00
00938,000469000,097.75,000.00
00939,000469500,097.75,000.00
00940,000470000,097.75,000.00
00941,000470500,097.75,000.00
00942,000471000,097.75,000.00
00943,000471500,097.75,000.00
00944,000472000,097.25,000.00
00945,000472500,097.25,000.00
00946,000473000,097.50,000.00
00947,000473500,097.50,000.00
00948,000474000,097.50,000.00
00949,000474500,096.50,000.00
00950,000475000,096.50,000.00
00951,000475500,097.00,000.00
00952,000476000,097.00,000.00
00953,000476500,097.00,000.00
00954,000477000,096.50,000.00
00955,000477500,096.50,000.00
00956,000478000,096.75,000.00
00957,000478500,096.75,000.00
00958,000479000,096.50,000.00
00959,000479500,096.50,000.00
00960,000480000,096.50,000.00
00961,000480500,096.00,000.00
00962,000481000,096.00,000.00
00963,000481500,096.00,000.00
00964,000482000,096.00,000.00
00965,000482500,096.00,000.00
00966,000483000,096.25,000.00
00967,000483500,096.25,000.00
00968,000484000,095.75,000.00
00969,000484500,095.75,000.00
00970,000485000,096.00,000.00
00971,000485500,096.00,000.00
00972,000486000,096.00,000.00
00973,000486500,095.50,000.00
00974,000487000,095.50,000.00
00975,000487500,095.50,000.00
00976,000488000,095.50,000.00
00977,000488500,095.50,000.00
00978,000489000,095.25,000.00
00979,000489500,095.25,000.00
00980,000490000,094.50,000.00
00981,000490500,094.50,000.00
00982,000491000,094.50,000.00
00983,000491500,094.75,000.00
00984,000492000,094.75,000.00
00985,000492500,095.00,000.00
00986,000493000,095.00,000.00
00987,000493500,094.75,000.00
00988,000494000,094.75,000.00
00989,000494500,094.75,000.00
00990,000495000,094.50,000.00
00991,000495500,094.50,000.00
00992,000496000,094.25,000.00
00993,000496500,094.25,000.00
00994,000497000,094.25,000.00
00995,000497500,094.00,000.00
00996,000498000,094.00,000.00
00997,000498500,094.00,000.00
00998,000499000,094.00,000.00
00999,000499500,094.00,000.00
01000,000500000,093.75,000.00
01001,000500500,093.75,000.00
01002,000501000,093.75,000.00
01003,000501500,093.75,000.00
01004,000502000,093.00,000.00
01005,000502500,093.00,000.00
01006,000503000,093.00,000.00
01007,000503500,093.50,000.00
01008,000504000,093.50,000.00
01009,000504500,093.25,000.00
01010,000505000,093.25,000.00
01011,000505500,093.25,000.00
01012,000506000,093.25,000.00
01013,000506500,093.25,000.00
01014,000507000,092.75,000.00
01015,000507500,092.75,000.00
01016,000508000,092.75,000.00
01017,000508500,092.75,000.00
01018,000509000,092.75,000.00
01019,000509500,092.50,000.00
01020,000510000,092.50,000.00
01021,000510500,092.25,000.00
01022,000511000,092.25,000.00
01023,000511500,092.25,000.00
01024,000512000,092.25,000.00
01025,000512500,092.25,000.00
01026,000513000,092.25,000.00
01027,000513500,092.25,000.00
01028,000514000,092.25,000.00
01029,000514500,091.75,000.00
01030,000515000,091.75,000.00
01031,000515500,092.00,000.00
01032,000516000,092.00,000.00
01033,000516500,091.50,000.00
01034,000517000,091.50,000.00
01035,000517500,091.50,000.00
01036,000518000,091.50,000.00
01037,000518500,091.50,000.00
01038,000519000,091.50,000.00
01039,000519500,091.50,000.00
01040,000520000,091.50,000.00
01041,000520500,090.75,000.00
01042,000521000,090.75,000.00
01043,000521500,091.00,000.00
01044,000522000,091.00,000.00
01045,000522500,090.75,000.00
01046,000523000,090.75,000.00
01047,000523500,090.75,000.00
01048,000524000,090.50,000.00
01049,000524500,090.50,000.00
01050,000525000,090.50,000.00
01051,000525500,090.50,000.00
01052,000526000,090.50,000.00
01053,000526500,090.25,000.00
01054,000527000,090.25,000.00
01055,000527500,090.50,000.00
01056,000528000,090.50,000.00
01057,000528500,090.50,000.00
01058,000529000,090.00,000.00
01059,000529500,090.00,000.00
01060,000530000,089.50,000.00
01061,000530500,089.50,000.00
01062,000531000,089.75,000.00
01063,000531500,089.75,000.00
01064,000532000,089.75,000.00
01065,000532500,089.75,000.00
01066,000533000,089.75,000.00
01067,000533500,089.50,000.00
01068,000534000,089.50,000.00
01069,000534500,089.50,000.00
01070,000535000,089.75,000.00
01071,000535500,089.75,000.00
01072,000536000,089.25,000.00
01073,000536500,089.25,000.00
01074,000537000,089.25,000.00
01075,000537500,089.25,000.00
01076,000538000,089.25,000.00
01077,000538500,089.00,000.00
01078,000539000,089.00,000.00
01079,000539500,089.00,000.00
01080,000540000,089.00,000.00
01081,000540500,089.00,000.00
01082,000541000,088.75,000.00
01083,000541500,088.75,000.00
01084,000542000,088.75,000.00
01085,000542500,088.75,000.00
01086,000543000,088.75,000.00
01087,000543500,088.25,000.00
01088,000544000,088.25,000.00
01089,000544500,088.25,000.00
01090,000545000,088.25,000.00
01091,000545500,087.75,000.00
01092,000546000,087.75,000.00
01093,000546500,087.75,000.00
01094,000547000,088.00,000.00
01095,000547500,088.00,000.00
01096,000548000,088.00,000.00
01097,000548500,088.00,000.00
01098,000549000,088.00,000.00
01099,000549500,087.25,000.00
01100,000550000,087.25,000.00
01101,000550500,087.75,000.00
01102,000551000,087.75,000.00
01103,000551500,087.75,000.00
01104,000552000,087.25,000.00
01105,000552500,087.25,000.00
01106,000553000,087.00,000.00
01107,000553500,087.00,000.00
01108,000554000,087.00,000.00
01109,000554500,087.00,000.00
01110,000555000,087.00,000.00
01111,000555500,087.00,000.00
01112,000556000,087.00,000.00
01113,000556500,087.00,000.00
01114,000557000,087.00,000.00
01115,000557500,087.00,000.00
01116,000558000,086.75,000.00
01117,000558500,086.75,000.00
01118,000559000,086.50,000.00
01119,000559500,086.50,000.00
01120,000560000,086.75,000.00
01121,000560500,086.75,000.00
01122,000561000,086.75,000.00
01123,000561500,086.25,000.00
01124,000562000,086.25,000.00
01125,000562500,086.25,000.00
01126,000563000,086.25,000.00
01127,000563500,086.25,000.00
01128,000564000,086.25,000.00
01129,000564500,086.25,000.00
01130,000565000,085.75,000.00
01131,000565500,085.75,000.00
01132,000566000,085.75,000.00
01133,000566500,086.00,000.00
01134,000567000,086.00,000.00
01135,000567500,086.00,000.00
01136,000568000,086.00,000.00
01137,000568500,085.75,000.00
01138,000569000,085.75,000.00
01139,000569500,085.75,000.00
01140,000570000,085.50,000.00
01141,000570500,085.50,000.00
01142,000571000,085.00,000.00
01143,000571500,085.00,000.00
01144,000572000,085.00,000.00
01145,000572500,085.25,000.00
01146,000573000,085.25,000.00
01147,000573500,085.00,000.00
01148,000574000,085.00,000.00
01149,000574500,085.00,000.00
01150,000575000,085.00,000.00
01151,000575500,085.00,000.00
01152,000576000,085.00,000.00
01153,000576500,085.00,000.00
01154,000577000,084.75,000.00
01155,000577500,084.75,000.00
01156,000578000,084.75,000.00
01157,000578500,084.50,000.00
01158,000579000,084.50,000.00
01159,000579500,084.75,000.00
01160,000580000,084.75,000.00
01161,000580500,084.75,000.00
01162,000581000,084.25,000.00
01163,000581500,084.25,000.00
01164,000582000,084.00,000.00
01165,000582500,084.00,000.00
01166,000583000,084.25,000.00
01167,000583500,084.25,000.00
01168,000584000,084.25,000.00
01169,000584500,084.00,000.00
01170,000585000,084.00,000.00
01171,000585500,084.00,000.00
01172,000586000,084.00,000.00
01173,000586500,084.00,000.00
01174,000587000,083.75,000.00
01175,000587500,083.75,000.00
01176,000588000,083.75,000.00
01177,000588500,083.75,000.00
01178,000589000,083.75,000.00
01179,000589500,083.25,000.00
01180,000590000,083.25,000.00
01181,000590500,083.50,000.00
01182,000591000,083.50,000.00
01183,000591500,083.50,000.00
01184,000592000,083.50,000.00
01185,000592500,083.50,000.00
01186,000593000,083.25,000.00
01187,000593500,083.25,000.00
01188,000594000,083.00,000.00
01189,000594500,083.00,000.00
01190,000595000,083.00,000.00
01191,000595500,083.25,000.00
01192,000596000,083.25,000.00
01193,000596500,082.75,000.00
01194,000597000,082.75,000.00
01195,000597500,082.75,000.00
01196,000598000,082.75,000.00
01197,000598500,082.75,000.00
01198,000599000,082.50,000.00
01199,000599500,082.50,000.00
01200,000600000,082.50,000.00
01201,000600500,082.50,000.00
01202,000601000,082.50,000.00
01203,000601500,082.25,000.00
01204,000602000,082.25,000.00
01205,000602500,082.50,000.00
01206,000603000,082.50,000.00
01207,000603500,082.50,000.00
01208,000604000,082.25,000.00
01209,000604500,082.25,000.00
01210,000605000,081.75,000.00
01211,000605500,081.75,000.00
01212,000606000,082.00,000.00
01213,000606500,082.00,000.00
01214,000607000,082.00,000.00
01215,000607500,081.75,000.00
01216,000608000,081.75,000.00
01217,000608500,082.25,000.00
01218,000609000,082.25,000.00
01219,000609500,082.25,000.00
01220,000610000,081.25,000.00
01221,000610500,081.25,000.00
01222,000611000,081.50,000.00
01223,000611500,081.50,000.00
01224,000612000,081.50,000.00
01225,000612500,081.50,000.00
01226,000613000,081.50,000.00
01227,000613500,081.25,000.00
01228,000614000,081.25,000.00
01229,000614500,081.25,000.00
01230,000615000,081.25,000.00
01231,000615500,081.25,000.00
01232,000616000,081.25,000.00
01233,000616500,081.25,000.00
01234,000617000,081.00,000.00
01235,000617500,081.00,000.00
01236,000618000,081.00,000.00
01237,000618500,081.00,000.00
01238,000619000,081.00,000.00
01239,000619500,080.75,000.00
01240,000620000,080.75,000.00
01241,000620500,081.25,000.00
01242,000621000,081.25,000.00
01243,000621500,081.25,000.00
01244,000622000,080.75,000.00
01245,000622500,080.75,000.00
01246,000623000,080.50,000.00
01247,000623500,080.50,000.00
01248,000624000,080.50,000.00
01249,000624500,080.50,000.00
01250,000625000,080.50,000.00
01251,000625500,080.50,000.00
01252,000626000,080.50,000.00
01253,000626500,080.50,000.00
01254,000627000,080.25,000.00
01255,000627500,080.25,000.00
01256,000628000,080.50,000.00
01257,000628500,080.50,000.00
01258,000629000,080.00,000.00
01259,000629500,080.00,000.00
01260,000630000,080.00,000.00
01261,000630500,079.50,000.00
01262,000631000,079.50,000.00
01263,000631500,080.00,000.00
01264,000632000,080.00,000.00
01265,000632500,080.00,000.00
01266,000633000,079.50,000.00
01267,000633500,079.50,000.00
01268,000634000,079.75,000.00
01269,000634500,079.75,000.00
01270,000635000,079.25,000.00
01271,000635500,079.25,000.00
01272,000636000,079.25,000.00
01273,000636500,079.50,000.00
01274,000637000,079.50,000.00
01275,000637500,079.75,000.00
01276,000638000,079.75,000.00
01277,000638500,079.75,000.00
01278,000639000,079.25,000.00
01279,000639500,079.25,000.00
01280,000640000,078.75,000.00
01281,000640500,078.75,000.00
01282,000641000,078.75,000.00
01283,000641500,079.00,000.00
01284,000642000,079.00,000.00
01285,000642500,079.00,000.00
01286,000643000,079.00,000.00
01287,000643500,079.00,000.00
01288,000644000,079.00,000.00
01289,000644500,079.00,000.00
01290,000645000,079.00,000.00
01291,000645500,079.00,000.00
01292,000646000,079.00,000.00
01293,000646500,079.00,000.00
01294,000647000,079.00,000.00
01295,000647500,078.25,000.00
01296,000648000,078.25,000.00
01297,000648500,078.00,000.00
01298,000649000,078.00,000.00
01299,000649500,078.75,000.00
01300,000650000,078.75,000.00
01301,000650500,078.75,000.00
01302,000651000,078.00,000.00
01303,000651500,078.00,000.00
01304,000652000,078.25,000.00
01305,000652500,078.25,000.00
01306,000653000,078.25,000.00
01307,000653500,077.75,000.00
01308,000654000,077.75,000.00
01309,000654500,078.25,000.00
01310,000655000,078.25,000.00
01311,000655500,078.25,000.00
01312,000656000,077.50,000.00
01313,000656500,077.50,000.00
01314,000657000,077.75,000.00
01315,000657500,077.75,000.00
01316,000658000,077.75,000.00
01317,000658500,077.75,000.00
01318,000659000,077.75,000.00
01319,000659500,077.50,000.00
01320,000660000,077.50,000.00
01321,000660500,077.75,000.00
01322,000661000,077.75,000.00
01323,000661500,077.75,000.00
01324,000662000,077.75,000.00
01325,000662500,077.75,000.00
01326,000663000,077.50,000.00
01327,000663500,077.50,000.00
01328,000664000,077.50,000.00
01329,000664500,077.50,000.00
01330,000665000,077.50,000.00
01331,000665500,077.50,000.00
01332,000666000,077.50,000.00
01333,000666500,076.50,000.00
01334,000667000,076.50,000.00
01335,000667500,076.50,000.00
01336,000668000,077.00,000.00
01337,000668500,077.00,000.00
01338,000669000,076.75,000.00
01339,000669500,076.75,000.00
01340,000670000,076.75,000.00
01341,000670500,076.75,000.00
01342,000671000,076.75,000.00
01343,000671500,076.25,000.00
01344,000672000,076.25,000.00
01345,000672500,077.00,000.00
01346,000673000,077.00,000.00
01347,000673500,077.00,000.00
01348,000674000,076.50,000.00
01349,000674500,076.50,000.00
01350,000675000,076.50,000.00
01351,000675500,076.50,000.00
01352,000676000,076.50,000.00
01353,000676500,076.50,000.00
01354,000677000,076.50,000.00
01355,000677500,076.00,000.00
01356,000678000,076.00,000.00
01357,000678500,076.00,000.00
01358,000679000,076.50,000.00
01359,000679500,076.50,000.00
01360,000680000,076.25,000.00
01361,000680500,076.25,000.00
01362,000681000,075.50,000.00
01363,000681500,075.50,000.00
01364,000682000,075.50,000.00
01365,000682500,075.75,000.00
01366,000683000,075.75,000.00
01367,000683500,075.50,000.00
01368,000684000,075.50,000.00
01369,000684500,075.50,000.00
01370,000685000,075.75,000.00
01371,000685500,075.75,000.00
01372,000686000,075.25,000.00
01373,000686500,075.25,000.00
01374,000687000,075.25,000.00
01375,000687500,075.25,000.00
01376,000688000,075.25,000.00
01377,000688500,075.50,000.00
01378,000689000,075.50,000.00
01379,000689500,074.50,000.00
01380,000690000,074.50,000.00
01381,000690500,074.50,000.00
01382,000691000,075.00,000.00
01383,000691500,075.00,000.00
01384,000692000,075.00,000.00
01385,000692500,075.00,000.00
01386,000693000,075.00,000.00
01387,000693500,075.00,000.00
01388,000694000,075.00,000.00
01389,000694500,074.75,000.00
01390,000695000,074.75,000.00
01391,000695500,075.00,000.00
01392,000696000,075.00,000.00
01393,000696500,075.00,000.00
01394,000697000,074.75,000.00
01395,000697500,074.75,000.00
01396,000698000,074.50,000.00
01397,000698500,074.50,000.00
01398,000699000,074.50,000.00
01399,000699500,074.25,000.00
01400,000700000,074.25,000.00
01401,000700500,074.25,000.00
01402,000701000,074.25,000.00
01403,000701500,074.00,000.00
01404,000702000,074.00,000.00
01405,000702500,074.00,000.00
01406,000703000,073.75,000.00
01407,000703500,073.75,000.00
01408,000704000,073.75,000.00
01409,000704500,073.75,000.00
01410,000705000,073.75,000.00
01411,000705500,074.00,000.00
01412,000706000,074.00,000.00
01413,000706500,074.00,000.00
01414,000707000,074.00,000.00
01415,000707500,074.00,000.00
01416,000708000,073.50,000.00
01417,000708500,073.50,000.00
01418,000709000,073.50,000.00
01419,000709500,073.50,000.00
01420,000710000,073.50,000.00
01421,000710500,073.50,000.00
01422,000711000,073.50,000.00
01423,000711500,073.25,000.00
01424,000712000,073.25,000.00
01425,000712500,073.00,000.00
01426,000713000,073.00,000.00
01427,000713500,073.00,000.00
01428,000714000,073.25,000.00
01429,000714500,073.25,000.00
01430,000715000,073.00,000.00
01431,000715500,073.00,000.00
01432,000716000,073.00,000.00
01433,000716500,073.25,000.00
01434,000717000,073.25,000.00
01435,000717500,073.00,000.00
01436,000718000,073.00,000.00
01437,000718500,072.75,000.00
01438,000719000,072.75,000.00
01439,000719500,072.75,000.00
01440,000720000,072.75,000.00
