Sample time (ms): 500
Maximum runtime (s): 720
Index,Time (ms),Oven temperature (C),Ambient temperature (C),PWM controller (percent),Thermocouple open
00000,000000001,025.25,22.47,100.00,0
00001,000000500,025.25,22.47,074.71,0
00002,000001000,025.00,22.46,085.71,0
00003,000001500,025.50,22.47,054.45,0
00004,000002000,025.50,22.47,074.70,0
00005,000002500,025.25,22.47,085.69,0
00006,000003000,025.00,22.47,086.69,0
00007,000003500,025.25,22.47,066.19,0
00008,000004000,025.25,22.47,076.44,0
00009,000004500,025.25,22.47,076.69,0
00010,000005000,025.50,22.47,066.18,0
00011,000005506,025.25,22.47,087.18,0
00012,000006000,025.25,22.47,077.43,0
00013,000006500,025.00,22.48,088.43,0
00014,000007000,025.50,22.47,057.17,0
00015,000007500,025.50,22.47,077.42,0
00016,000008000,025.50,22.47,077.66,0
00017,000008500,025.50,85.00,077.91,0
00018,000009000,025.00,85.00,099.66,0
00019,000009500,025.75,85.00,047.65,0
00020,000010000,025.75,85.00,077.89,0
00021,000010500,026.00,22.47,067.38,0
00022,000011000,026.00,22.47,077.62,0
00023,000011500,025.75,22.47,088.61,0
00024,000012000,025.75,22.47,078.86,0
00025,000012500,025.75,22.48,079.10,0
00026,000013000,025.75,22.48,079.34,0
00027,000013500,025.50,22.48,090.34,0
00028,000014000,025.50,22.48,080.58,0
00029,000014500,025.75,22.48,070.08,0
00030,000015000,026.25,22.48,058.81,0
00031,000015500,026.00,22.48,089.80,0
00032,000016000,026.00,22.48,080.04,0
00033,000016500,026.00,22.47,080.28,0
00034,000017000,025.75,22.48,091.28,0
00035,000017500,025.75,22.48,081.52,0
00036,000018000,026.00,22.47,071.01,0
00037,000018500,026.25,22.47,070.50,0
00038,000019000,026.50,22.47,069.98,0
00039,000019500,026.50,22.47,080.22,0
00040,000020000,026.50,22.47,080.45,0
00041,000020500,026.25,22.48,091.44,0
00042,000021000,026.50,22.47,070.92,0
00043,000021500,026.50,22.47,081.16,0
00044,000022000,026.75,22.48,070.64,0
00045,000022500,027.25,22.47,059.37,0
00046,000023000,027.25,22.47,079.59,0
00047,000023500,027.25,22.47,079.82,0
00048,000024000,027.25,22.47,080.05,0
00049,000024500,027.25,22.48,080.28,0
00050,000025000,027.25,22.48,080.50,0
00051,000025500,027.25,22.48,080.73,0
00052,000026000,027.50,22.49,070.21,0
00053,000026500,027.25,22.47,091.19,0
00054,000027000,028.00,22.48,049.16,0
00055,000027500,028.00,22.48,079.38,0
00056,000028000,028.00,22.48,079.59,0
00057,000028500,028.25,22.48,069.06,0
00058,000029000,028.50,22.48,068.53,0
00059,000029500,028.50,22.48,078.74,0
00060,000030000,028.25,22.47,089.71,0
00061,000030500,028.25,22.48,079.93,0
00062,000031000,028.75,22.48,058.64,0
00063,000031500,028.75,22.48,078.85,0
00064,000032000,029.25,22.47,057.56,0
00065,000032500,029.50,22.48,067.02,0
00066,000033000,029.50,22.48,077.22,0
00067,000033500,029.50,22.48,077.42,0
00068,000034000,029.75,22.48,066.88,0
00069,000034500,030.00,22.47,066.33,0
00070,000035000,030.00,22.47,076.53,0
00071,000035500,029.75,22.48,087.48,0
00072,000036000,030.50,22.49,045.42,0
00073,000036500,030.25,22.48,086.37,0
00074,000037000,030.25,22.48,076.57,0
00075,000037500,030.75,22.48,055.26,0
00076,000038000,031.00,22.48,064.70,0
00077,000038500,030.75,22.48,085.64,0
00078,000039000,030.75,22.48,075.84,0
00079,000039500,031.00,22.48,065.28,0
00080,000040000,031.75,22.48,043.21,0
00081,000040500,032.00,22.48,062.64,0
00082,000041000,032.00,22.48,072.82,0
00083,000041500,031.75,22.49,083.75,0
00084,000042000,032.75,22.47,030.92,0
00085,000042500,032.50,22.48,081.85,0
00086,000043000,032.50,22.48,072.03,0
00087,000043500,032.75,22.48,061.45,0
00088,000044000,032.75,22.49,071.62,0
00089,000044500,033.50,22.48,039.53,0
00090,000045000,033.50,22.48,069.70,0
00091,000045500,033.50,22.48,069.87,0
00092,000046000,033.75,22.49,059.28,0
00093,000046500,035.00,22.48,015.68,0
00094,000047000,035.00,22.48,065.83,0
00095,000047500,034.75,22.47,076.73,0
00096,000048000,035.50,22.48,034.62,0
00097,000048500,035.25,22.48,075.52,0
00098,000049000,035.25,22.48,065.67,0
00099,000049500,035.75,22.49,044.31,0
00100,000050000,036.00,22.48,053.70,0
00101,000050500,036.00,22.48,063.84,0
00102,000051000,036.50,22.48,042.48,0
00103,000051500,037.00,22.48,041.11,0
00104,000052000,037.00,22.48,061.24,0
00105,000052500,037.00,22.48,061.37,0
00106,000053000,037.00,22.48,061.50,0
00107,000053500,037.50,22.47,040.12,0
00108,000054000,038.25,22.48,027.99,0
00109,000054500,038.25,22.48,058.11,0
00110,000055000,038.25,22.47,058.23,0
00111,000055500,039.00,22.48,026.09,0
00112,000056000,039.25,22.47,045.44,0
00113,000056500,039.25,22.47,055.55,0
00114,000057000,039.25,22.48,055.66,0
00115,000057500,040.25,22.47,012.75,0
00116,000058000,040.75,22.48,031.35,0
00117,000058500,040.75,22.48,051.44,0
00118,000059000,040.50,22.47,062.28,0
00119,000059500,041.00,22.48,030.88,0
00120,000060000,041.50,22.48,029.46,0
00121,000060500,041.50,22.48,049.55,0
00122,000061000,042.25,22.48,017.37,0
00123,000061500,042.25,22.48,047.45,0
00124,000062000,042.50,22.47,036.78,0
00125,000062500,042.50,22.47,046.85,0
00126,000063000,042.75,22.48,036.17,0
00127,000063500,043.00,22.47,035.49,0
00128,000064000,043.75,22.48,013.30,0
00129,000064500,043.75,22.48,043.37,0
00130,000065000,043.50,22.49,054.18,0
00131,000065500,044.50,22.47,001.24,0
00132,000066000,044.50,22.47,041.29,0
00133,000066500,045.00,22.48,019.84,0
00134,000067000,045.25,22.48,029.14,0
00135,000067500,045.75,22.48,017.68,0
00136,000068000,045.75,22.48,037.73,0
00137,000068500,046.00,22.47,027.02,0
00138,000069000,046.25,22.48,026.30,0
00139,000069500,046.75,22.48,014.84,0
00140,000070000,046.75,22.48,034.87,0
00141,000070500,047.00,22.48,024.15,0
00142,000071000,047.25,22.48,023.42,0
00143,000071500,047.50,22.48,022.70,0
00144,000072000,047.50,22.48,032.73,0
00145,000072500,047.75,22.48,022.00,0
00146,000073000,048.25,22.48,010.52,0
00147,000073500,048.50,22.49,019.78,0
00148,000074000,048.50,22.49,029.80,0
00149,000074500,049.00,22.48,008.30,0
00150,000075000,049.75,22.48,000.00,0
00151,000075500,050.00,22.48,015.31,0
00152,000076000,050.00,22.48,025.31,0
00153,000076500,050.25,22.48,014.55,0
00154,000077000,050.50,22.48,013.80,0
00155,000077500,050.50,22.49,023.80,0
00156,000078000,050.50,22.49,023.79,0
00157,000078500,050.75,22.48,013.03,0
00158,000079000,051.00,22.47,012.27,0
00159,000079500,051.75,22.48,000.00,0
00160,000080000,051.75,22.48,019.99,0
00161,000080500,051.50,22.48,030.72,0
00162,000081000,052.50,22.47,000.00,0
00163,000081500,052.25,22.48,028.43,0
00164,000082000,052.25,22.48,018.40,0
00165,000082500,052.75,22.48,000.00,0
00166,000083000,053.25,22.48,000.00,0
00167,000083500,053.25,22.48,015.31,0
00168,000084000,053.25,22.48,015.28,0
00169,000084500,053.75,22.49,000.00,0
00170,000085000,054.00,22.48,002.95,0
00171,000085500,054.00,22.48,012.91,0
00172,000086000,054.25,22.48,002.12,0
00173,000086500,054.50,22.48,001.32,0
00174,000087000,054.50,22.49,011.28,0
00175,000087500,054.50,22.49,011.23,0
00176,000088000,055.00,22.48,000.00,0
00177,000088500,055.50,22.48,000.00,0
00178,000089000,055.50,22.48,008.07,0
00179,000089500,055.50,22.48,008.02,0
00180,000090000,055.75,22.48,000.00,0
00181,000090500,056.75,22.48,000.00,0
00182,000091000,056.75,22.48,004.07,0
00183,000091500,056.75,22.48,004.01,0
00184,000092000,056.50,22.48,014.69,0
00185,000092500,056.75,22.49,000.00,0
00186,000093000,057.50,22.49,000.00,0
00187,000093500,057.50,22.49,001.48,0
00188,000094000,057.75,22.48,000.00,0
00189,000094500,058.00,22.49,000.00,0
00190,000095000,057.75,22.48,010.49,0
00191,000095500,057.75,22.48,000.41,0
00192,000096000,058.25,22.48,000.00,0
00193,000096500,058.25,22.49,000.00,0
00194,000097000,058.75,22.48,000.00,0
00195,000097500,058.75,22.48,000.00,0
00196,000098000,058.75,22.48,000.00,0
00197,000098500,059.25,22.48,000.00,0
00198,000099000,059.25,22.48,000.00,0
00199,000099500,059.50,22.49,000.00,0
00200,000100000,059.50,22.49,000.00,0
00201,000100500,059.50,22.48,000.00,0
00202,000101000,059.50,22.48,000.00,0
00203,000101500,060.00,22.48,000.00,0
00204,000102000,060.50,22.48,000.00,0
00205,000102500,060.50,22.49,000.00,0
00206,000103000,060.50,22.49,000.00,0
00207,000103500,060.25,22.49,001.40,0
00208,000104000,061.25,22.48,000.00,0
00209,000104500,061.00,22.48,000.00,0
00210,000105000,061.00,22.48,000.00,0
00211,000105500,061.25,22.48,000.00,0
00212,000106000,061.00,22.48,000.00,0
00213,000106500,061.50,22.48,000.00,0
00214,000107000,061.50,22.48,000.00,0
00215,000107500,061.50,22.48,000.00,0
00216,000108000,062.25,22.47,000.00,0
00217,000108500,062.50,22.47,000.00,0
00218,000109000,062.50,22.47,000.00,0
00219,000109500,062.50,22.48,000.00,0
00220,000110000,062.75,22.48,000.00,0
00221,000110500,063.00,22.48,000.00,0
00222,000111000,063.00,22.48,000.00,0
00223,000111500,062.50,22.48,002.74,0
00224,000112000,063.25,22.48,000.00,0
00225,000112500,063.00,22.48,000.00,0
00226,000113000,063.00,22.48,000.00,0
00227,000113500,063.50,22.48,000.00,0
00228,000114000,063.75,22.48,000.00,0
00229,000114500,063.75,22.48,000.00,0
00230,000115000,063.75,22.47,000.00,0
00231,000115500,063.75,22.48,000.00,0
00232,000116000,064.00,22.48,000.00,0
00233,000116500,064.00,22.48,000.00,0
00234,000117000,064.00,22.48,000.00,0
00235,000117500,064.00,22.48,000.00,0
00236,000118000,064.25,22.47,000.00,0
00237,000118500,064.25,22.47,000.00,0
00238,000119000,065.00,22.46,000.00,0
00239,000119500,064.75,22.47,000.00,0
00240,000120000,065.00,22.47,000.00,0
00241,000120500,065.00,22.47,000.00,0
00242,000121000,064.75,22.48,000.00,0
00243,000121500,065.00,22.48,000.00,0
00244,000122000,065.50,22.48,000.00,0
00245,000122500,065.50,22.48,000.00,0
00246,000123000,065.50,22.47,000.00,0
00247,000123500,065.75,22.46,000.00,0
00248,000124000,065.50,22.48,000.00,0
00249,000124500,065.50,22.48,000.00,0
00250,000125000,065.75,22.48,000.00,0
00251,000125500,065.75,22.48,000.00,0
00252,000126000,066.25,22.48,000.00,0
00253,000126500,066.25,22.48,000.00,0
00254,000127000,066.00,22.48,000.00,0
00255,000127500,066.25,22.48,000.00,0
00256,000128000,065.75,22.47,000.00,0
00257,000128500,065.75,22.47,000.00,0
00258,000129000,066.50,22.48,000.00,0
00259,000129500,066.50,22.46,000.00,0
00260,000130000,066.75,22.48,000.00,0
00261,000130500,066.75,22.48,000.00,0
00262,000131000,066.50,22.48,000.00,0
00263,000131500,066.75,22.47,000.00,0
00264,000132000,066.75,22.47,000.00,0
00265,000132500,067.00,22.48,000.00,0
00266,000133000,067.25,22.47,000.00,0
00267,000133500,067.00,22.48,000.00,0
00268,000134000,067.00,22.48,000.00,0
00269,000134500,067.00,22.48,000.00,0
00270,000135000,067.25,22.47,000.00,0
00271,000135500,067.25,22.47,000.00,0
00272,000136000,067.25,22.47,000.00,0
00273,000136500,067.50,22.48,000.00,0
00274,000137000,067.50,22.47,000.00,0
00275,000137500,067.50,22.47,000.00,0
00276,000138000,067.50,22.47,000.00,0
00277,000138500,067.75,22.47,000.00,0
00278,000139000,068.00,22.47,000.00,0
00279,000139500,068.00,22.46,000.00,0
00280,000140000,068.00,22.46,000.00,0
00281,000140500,067.75,22.46,000.00,0
00282,000141000,068.25,22.48,000.00,0
00283,000141500,068.00,22.47,000.00,0
00284,000142000,068.00,22.47,000.00,0
00285,000142500,068.00,22.47,000.00,0
00286,000143000,068.25,22.46,000.00,0
00287,000143500,068.25,22.47,000.00,0
00288,000144000,068.25,22.47,000.00,0
00289,000144500,068.50,22.47,000.00,0
00290,000145000,068.50,22.47,000.00,0
00291,000145500,068.50,22.47,000.00,0
00292,000146000,068.50,22.47,000.00,0
00293,000146500,068.50,22.47,000.00,0
00294,000147000,068.75,22.47,000.00,0
00295,000147500,068.75,22.47,000.00,0
00296,000148000,068.75,22.46,000.00,0
00297,000148500,068.75,22.47,000.00,0
00298,000149000,068.75,22.47,000.00,0
00299,000149500,068.75,22.47,000.00,0
00300,000150000,068.75,22.47,000.00,0
00301,000150500,068.75,22.47,000.00,0
00302,000151000,068.75,22.46,000.00,0
00303,000151500,068.75,22.46,000.00,0
00304,000152000,069.00,22.47,000.00,0
00305,000152500,069.25,22.47,000.00,0
00306,000153000,069.50,22.47,000.00,0
00307,000153500,069.50,22.47,000.00,0
00308,000154000,069.25,22.47,000.00,0
00309,000154500,069.25,22.47,000.00,0
00310,000155000,069.50,22.47,000.00,0
00311,000155500,069.50,22.47,000.00,0
00312,000156000,069.25,22.47,000.00,0
00313,000156500,069.50,22.47,000.00,0
00314,000157000,069.75,22.47,000.00,0
00315,000157500,069.75,22.47,000.00,0
00316,000158000,069.50,22.47,000.00,0
00317,000158500,069.25,22.47,000.00,0
00318,000159000,069.75,22.47,000.00,0
00319,000159500,069.75,22.47,000.00,0
00320,000160000,069.50,22.47,000.00,0
00321,000160500,069.75,22.46,000.00,0
00322,000161000,070.50,22.47,000.00,0
00323,000161500,070.50,22.47,000.00,0
00324,000162000,069.75,22.47,000.00,0
00325,000162500,069.50,22.46,000.00,0
00326,000163000,069.50,22.46,000.00,0
00327,000163500,069.50,22.46,000.00,0
00328,000164000,069.25,22.46,000.00,0
00329,000164500,069.75,22.46,000.00,0
00330,000165000,069.75,22.46,000.00,0
00331,000165500,070.00,22.47,000.00,0
00332,000166000,070.25,22.46,000.00,0
00333,000166500,069.75,22.47,000.00,0
00334,000167000,069.75,22.47,000.00,0
00335,000167500,070.50,22.47,000.00,0
00336,000168000,070.00,22.47,000.00,0
00337,000168500,070.00,22.46,000.00,0
00338,000169000,070.00,22.46,000.00,0
00339,000169500,070.50,22.47,000.00,0
00340,000170000,070.50,22.46,000.00,0
00341,000170500,070.50,22.46,000.00,0
00342,000171000,070.50,22.46,000.00,0
00343,000171500,070.25,22.46,000.00,0
00344,000172000,070.00,22.47,000.00,0
00345,000172500,070.25,22.47,000.00,0
00346,000173000,070.25,22.47,000.00,0
00347,000173500,070.00,22.47,000.00,0
00348,000174000,070.25,22.46,000.00,0
00349,000174500,070.00,22.46,000.00,0
00350,000175000,070.00,22.46,000.00,0
00351,000175500,070.75,22.47,000.00,0
00352,000176000,070.25,22.48,000.00,0
00353,000176500,070.50,22.47,000.00,0
00354,000177000,070.50,22.47,000.00,0
00355,000177500,070.25,22.48,000.00,0
00356,000178000,070.25,22.48,000.00,0
00357,000178500,070.50,22.48,000.00,0
00358,000179000,070.50,22.48,000.00,0
00359,000179500,070.50,22.48,000.00,0
00360,000180000,070.25,22.47,000.00,0
00361,000180500,070.25,22.47,000.00,0
00362,000181000,070.50,22.47,000.00,0
00363,000181500,070.25,22.48,000.00,0
00364,000182000,070.75,22.47,000.00,0
00365,000182500,070.75,22.47,000.00,0
00366,000183000,070.50,22.47,000.00,0
00367,000183500,071.00,22.47,000.00,0
00368,000184000,070.50,22.48,000.00,0
00369,000184500,070.50,22.48,000.00,0
00370,000185000,070.75,22.47,000.00,0
00371,000185500,070.50,22.47,000.00,0
00372,000186000,070.75,22.47,000.00,0
00373,000186500,070.75,22.47,000.00,0
00374,000187000,070.50,22.47,000.00,0
00375,000187500,070.50,22.47,000.00,0
00376,000188000,070.50,22.47,000.00,0
00377,000188500,070.50,22.47,000.00,0
00378,000189000,070.75,22.47,000.00,0
00379,000189500,071.00,22.47,000.00,0
00380,000190000,070.50,22.47,000.00,0
00381,000190500,070.50,22.47,000.00,0
00382,000191000,071.25,22.46,000.00,0
00383,000191500,071.00,22.48,000.00,0
00384,000192000,070.75,22.48,000.00,0
00385,000192500,070.75,22.48,000.00,0
00386,000193000,071.00,22.47,000.00,0
00387,000193500,070.75,22.48,000.00,0
00388,000194000,070.25,22.47,000.00,0
00389,000194500,070.25,22.47,000.00,0
00390,000195000,070.75,22.47,000.00,0
00391,000195500,070.75,22.47,000.00,0
00392,000196000,070.75,22.47,000.00,0
00393,000196500,071.00,22.47,000.00,0
00394,000197000,071.00,22.47,000.00,0
00395,000197500,070.75,22.47,000.00,0
00396,000198000,070.75,22.47,000.00,0
00397,000198500,071.25,22.46,000.00,0
00398,000199000,070.50,22.47,000.00,0
00399,000199500,071.00,22.46,000.00,0
00400,000200000,071.00,22.46,000.00,0
00401,000200500,070.75,22.47,000.00,0
00402,000201000,071.00,22.47,000.00,0
00403,000201500,070.75,22.47,000.00,0
00404,000202000,070.75,22.47,000.00,0
00405,000202500,070.75,22.47,000.00,0
00406,000203000,071.00,22.46,000.00,0
00407,000203500,070.50,22.46,000.00,0
00408,000204000,070.50,22.46,000.00,0
00409,000204500,071.25,22.46,000.00,0
00410,000205000,071.00,22.47,000.00,0
00411,000205500,071.25,22.46,000.00,0
00412,000206000,071.25,22.46,000.00,0
00413,000206500,070.50,22.45,000.00,0
00414,000207000,071.25,22.46,000.00,0
00415,000207500,070.75,22.46,000.00,0
00416,000208000,070.75,22.46,000.00,0
00417,000208500,070.75,22.47,000.00,0
00418,000209000,071.00,22.47,000.00,0
00419,000209500,071.25,22.46,000.00,0
00420,000210000,071.25,22.46,000.00,0
00421,000210500,071.25,22.46,000.00,0
00422,000211000,070.75,22.47,000.00,0
00423,000211500,070.75,22.47,000.00,0
00424,000212000,071.00,22.47,000.00,0
00425,000212500,071.00,22.46,000.00,0
00426,000213000,070.75,22.46,000.00,0
00427,000213500,070.75,22.46,000.00,0
00428,000214000,071.00,22.46,000.00,0
00429,000214500,071.00,22.46,000.00,0
00430,000215000,070.75,22.47,000.00,0
00431,000215500,070.75,22.47,000.00,0
00432,000216000,070.75,22.46,000.00,0
00433,000216500,070.25,22.47,000.00,0
00434,000217000,070.75,22.46,000.00,0
00435,000217500,070.75,22.46,000.00,0
00436,000218000,070.50,22.46,000.00,0
00437,000218500,071.00,22.46,000.00,0
00438,000219000,070.50,22.46,001.45,0
00439,000219500,070.50,22.46,000.00,0
00440,000220000,071.00,22.46,000.00,0
00441,000220500,070.50,22.46,003.21,0
00442,000221000,070.50,22.46,000.00,0
00443,000221500,070.50,22.46,000.00,0
00444,000222000,070.50,22.46,000.00,0
00445,000222500,070.75,22.45,000.00,0
00446,000223000,071.00,22.46,000.00,0
00447,000223500,071.00,22.46,000.00,0
00448,000224000,070.25,22.47,018.13,0
00449,000224500,070.75,22.46,000.00,0
00450,000225000,071.00,22.47,000.00,0
00451,000225500,071.00,22.47,000.00,0
00452,000226000,070.50,22.47,009.80,0
00453,000226500,070.50,22.46,000.00,0
00454,000227000,071.00,22.47,000.00,0
00455,000227500,071.00,22.47,000.00,0
00456,000228000,071.00,22.47,000.00,0
00457,000228500,070.50,22.48,012.87,0
00458,000229000,070.50,22.48,000.00,0
00459,000229500,070.75,22.46,000.00,0
00460,000230000,070.75,22.47,000.00,0
00461,000230500,070.50,22.47,005.38,0
00462,000231000,070.50,22.47,000.00,0
00463,000231500,070.75,22.47,000.00,0
00464,000232000,070.75,22.47,000.00,0
00465,000232500,070.50,22.48,007.91,0
00466,000233000,070.50,22.48,000.00,0
00467,000233500,070.75,22.48,000.00,0
00468,000234000,070.00,22.48,031.35,0
00469,000234500,070.50,22.47,000.00,0
00470,000235000,070.50,22.47,001.14,0
00471,000235500,070.75,22.48,000.00,0
00472,000236000,070.75,22.47,001.69,0
00473,000236500,070.50,22.48,013.10,0
00474,000237000,070.50,22.48,003.75,0
00475,000237500,070.50,22.48,004.41,0
00476,000238000,070.50,22.48,005.08,0
00477,000238500,070.75,22.48,000.00,0
00478,000239000,070.75,22.48,005.65,0
00479,000239500,070.25,22.48,027.82,0
00480,000240000,070.50,22.47,000.00,0
00481,000240500,070.25,22.48,020.96,0
00482,000241000,070.25,22.48,011.76,0
00483,000241500,070.25,22.47,012.56,0
00484,000242000,070.25,22.47,013.37,0
00485,000242500,070.50,22.47,003.43,0
00486,000243000,070.50,22.47,014.24,0
00487,000243500,070.25,22.47,025.80,0
00488,000244000,070.50,22.47,005.87,0
00489,000244500,070.50,22.47,016.69,0
00490,000245000,070.50,22.48,017.51,0
00491,000245500,070.75,22.48,007.58,0
00492,000246000,070.50,22.48,029.15,0
00493,000246500,070.50,22.48,019.98,0
00494,000247000,071.00,22.47,000.00,0
00495,000247500,070.75,22.48,030.88,0
00496,000248000,070.75,22.47,021.72,0
00497,000248500,070.75,22.47,022.55,0
00498,000249000,070.25,22.48,044.89,0
00499,000249500,070.25,22.48,025.74,0
00500,000250000,070.25,22.47,026.59,0
00501,000250500,070.25,22.47,027.44,0
00502,000251000,070.50,22.48,017.54,0
00503,000251500,070.50,22.48,028.39,0
00504,000252000,070.50,22.48,029.24,0
00505,000252500,070.50,22.48,030.10,0
00506,000253000,070.50,22.47,030.96,0
00507,000253500,070.50,22.48,031.82,0
00508,000254000,070.50,22.47,032.69,0
00509,000254500,070.50,22.47,033.56,0
00510,000255000,070.50,22.48,034.43,0
00511,000255500,070.25,22.48,046.05,0
00512,000256000,070.25,22.48,036.93,0
00513,000256500,070.25,22.48,037.81,0
00514,000257000,070.50,22.48,027.94,0
00515,000257500,070.25,22.48,049.58,0
00516,000258000,070.50,22.48,029.71,0
00517,000258500,070.50,22.48,040.60,0
00518,000259000,070.00,22.48,062.99,0
00519,000259500,070.50,22.48,022.38,0
00520,000260000,070.50,22.48,043.28,0
00521,000260500,070.50,22.48,044.18,0
00522,000261000,070.25,22.49,055.83,0
00523,000261500,070.50,22.48,035.98,0
00524,000262000,070.50,22.48,046.89,0
00525,000262500,070.25,22.48,058.55,0
00526,000263000,070.00,22.49,060.21,0
00527,000263500,070.75,22.49,018.87,0
00528,000264000,070.75,22.49,049.78,0
00529,000264500,070.75,22.49,050.70,0
00530,000265000,070.75,22.48,051.62,0
00531,000265500,071.00,22.48,041.78,0
00532,000266000,071.00,22.48,052.70,0
00533,000266500,070.75,22.49,064.38,0
00534,000267000,071.00,22.48,044.55,0
00535,000267500,070.50,22.49,076.99,0
00536,000268000,070.50,22.49,057.92,0
00537,000268500,071.00,22.49,037.35,0
00538,000269000,070.75,22.48,069.04,0
00539,000269500,071.50,22.48,027.73,0
00540,000270000,071.50,22.48,058.66,0
00541,000270500,071.50,22.49,059.60,0
00542,000271000,071.50,22.48,060.54,0
00543,000271500,071.50,22.50,061.48,0
00544,000272000,071.50,22.50,062.42,0
00545,000272500,071.00,22.49,084.88,0
00546,000273000,071.50,22.49,044.33,0
00547,000273500,071.75,22.49,054.53,0
00548,000274000,071.75,22.49,065.48,0
00549,000274500,072.00,22.49,055.68,0
00550,000275000,072.00,22.48,066.64,0
00551,000275500,072.00,22.48,067.59,0
00552,000276000,072.00,22.48,068.56,0
00553,000276500,072.25,22.48,058.77,0
00554,000277000,072.50,22.48,058.98,0
00555,000277500,072.50,22.48,069.94,0
00556,000278000,072.00,22.49,092.41,0
00557,000278500,072.50,22.49,051.88,0
00558,000279000,072.25,22.49,083.60,0
00559,000279500,072.25,22.49,074.57,0
00560,000280000,072.50,22.48,064.80,0
00561,000280500,072.50,22.48,075.78,0
00562,000281000,072.50,22.48,076.75,0
00563,000281500,072.50,22.48,077.74,0
00564,000282000,072.75,22.49,067.97,0
00565,000282500,072.75,22.49,078.95,0
00566,000283000,073.50,22.49,047.69,0
00567,000283500,073.50,22.49,078.67,0
00568,000284000,073.25,22.49,090.41,0
00569,000284500,073.50,22.49,070.64,0
00570,000285000,073.50,22.49,081.63,0
00571,000285500,073.50,22.49,082.62,0
00572,000286000,074.25,22.48,051.36,0
00573,000286500,074.00,22.49,093.11,0
00574,000287000,074.50,22.48,062.59,0
00575,000287500,074.50,22.48,083.59,0
00576,000288000,074.25,22.49,095.33,0
00577,000288500,075.00,22.49,054.08,0
00578,000289000,075.00,22.49,085.07,0
00579,000289500,075.00,22.49,086.07,0
00580,000290000,075.25,22.49,076.32,0
00581,000290500,075.50,22.49,076.56,0
00582,000291000,075.75,22.49,076.81,0
00583,000291500,075.75,22.49,087.81,0
00584,000292000,076.00,22.49,078.06,0
00585,000292500,075.50,22.49,100.00,0
00586,000293000,075.50,22.49,091.58,0
00587,000293500,076.00,22.50,071.09,0
00588,000294000,076.50,22.49,070.59,0
00589,000294500,076.75,22.50,080.85,0
00590,000295000,076.75,22.50,091.86,0
00591,000295500,076.75,22.48,092.86,0
00592,000296000,077.75,22.49,050.87,0
00593,000296500,078.00,22.48,081.12,0
00594,000297000,078.00,22.48,092.12,0
00595,000297500,078.00,22.49,093.13,0
00596,000298000,078.50,22.49,072.64,0
00597,000298500,078.25,-40.00,100.00,0
00598,000299000,078.25,-40.00,095.41,0
00599,000299500,079.00,22.48,064.17,0
00600,000300000,079.25,22.48,084.42,0
00601,000300500,080.00,22.49,064.97,0
00602,000301000,080.00,22.49,096.10,0
00603,000301500,080.00,22.49,097.23,0
00604,000302000,080.00,22.50,098.37,0
00605,000302500,080.75,22.49,067.25,0
00606,000303000,080.75,22.49,098.39,0
00607,000303500,081.00,22.49,088.77,0
00608,000304000,081.75,22.49,067.65,0
00609,000304500,082.00,22.49,088.04,0
00610,000305000,082.00,22.49,099.17,0
00611,000305500,081.75,22.50,100.00,0
00612,000306000,082.50,22.49,069.94,0
00613,000306500,082.50,22.49,100.00,0
00614,000307000,082.50,22.49,100.00,0
00615,000307500,083.50,22.50,060.36,0
00616,000308000,083.75,22.49,090.74,0
00617,000308500,083.75,22.49,100.00,0
00618,000309000,084.00,22.49,092.27,0
00619,000309500,084.75,22.48,071.15,0
00620,000310000,085.50,22.50,070.03,0
00621,000310500,085.50,22.50,100.00,0
00622,000311000,085.75,22.50,091.54,0
00623,000311500,086.25,22.50,081.17,0
00624,000312000,086.25,22.50,100.00,0
00625,000312500,086.25,22.50,100.00,0
00626,000313000,086.75,22.50,083.07,0
00627,000313500,087.00,22.49,093.45,0
00628,000314000,087.75,22.50,072.33,0
00629,000314500,087.75,22.50,100.00,0
00630,000315000,089.00,22.49,050.84,0
00631,000315500,089.25,22.49,091.21,0
00632,000316000,089.50,22.49,091.58,0
00633,000316500,089.50,22.49,100.00,0
00634,000317000,090.50,22.50,060.83,0
00635,000317500,091.00,22.50,080.45,0
00636,000318000,091.00,22.50,100.00,0
00637,000318500,091.00,22.50,100.00,0
00638,000319000,091.75,22.49,071.56,0
00639,000319500,092.50,22.49,070.42,0
00640,000320000,093.25,22.50,069.28,0
00641,000320500,093.25,22.50,100.00,0
00642,000321000,093.75,22.49,080.00,0
00643,000321500,093.75,22.50,100.00,0
00644,000322000,094.25,22.50,080.73,0
00645,000322500,094.25,22.50,100.00,0
00646,000323000,095.75,22.50,038.44,0
00647,000323500,096.00,22.49,088.79,0
00648,000324000,096.75,22.49,067.64,0
00649,000324500,096.75,22.49,098.74,0
00650,000325000,097.25,22.49,078.34,0
00651,000325500,097.75,22.50,077.94,0
00652,000326000,097.75,22.50,099.04,0
00653,000326500,097.75,22.50,100.00,0
00654,000327000,099.00,22.49,047.48,0
00655,000327500,100.00,22.49,055.57,0
00656,000328000,100.00,22.49,096.65,0
00657,000328500,100.25,22.50,086.99,0
00658,000329000,101.25,22.50,055.07,0
00659,000329500,101.75,22.50,074.65,0
00660,000330000,101.75,22.50,095.74,0
00661,000330500,102.25,22.50,075.32,0
00662,000331000,103.00,22.50,064.14,0
00663,000331500,103.50,22.51,073.72,0
00664,000332000,103.50,22.51,094.79,0
00665,000332500,104.25,22.49,063.62,0
00666,000333000,105.00,22.50,062.43,0
00667,000333500,105.25,22.50,082.75,0
00668,000334000,105.25,22.50,093.82,0
00669,000334500,106.50,22.50,041.13,0
00670,000335000,107.25,22.51,059.94,0
00671,000335500,107.25,22.50,091.00,0
00672,000336000,107.25,22.50,092.06,0
00673,000336500,108.25,22.50,050.12,0
00674,000337000,108.75,22.50,069.67,0
00675,000337500,109.50,22.51,058.47,0
00676,000338000,109.50,22.51,089.52,0
00677,000338500,110.25,22.50,058.32,0
00678,000339000,110.75,22.50,067.86,0
00679,000339500,111.50,22.50,056.65,0
00680,000340000,111.50,22.50,087.70,0
00681,000340500,112.75,22.50,034.98,0
00682,000341000,113.25,22.50,064.51,0
00683,000341500,113.25,22.50,085.55,0
00684,000342000,113.75,22.51,065.08,0
00685,000342500,114.00,22.50,075.36,0
00686,000343000,114.75,22.51,054.14,0
00687,000343500,114.75,22.51,085.17,0
00688,000344000,115.75,22.51,043.20,0
00689,000344500,116.50,22.51,051.97,0
00690,000345000,117.00,22.50,061.48,0
00691,000345500,117.00,22.50,082.50,0
00692,000346000,117.75,22.51,051.27,0
00693,000346500,118.75,22.51,039.28,0
00694,000347000,119.25,22.51,058.78,0
00695,000347500,119.25,22.51,079.79,0
00696,000348000,120.00,22.53,048.55,0
00697,000348500,120.75,22.52,047.30,0
00698,000349000,120.50,22.51,089.06,0
00699,000349500,120.50,22.51,080.06,0
00700,000350000,121.75,22.51,027.31,0
00701,000350500,122.25,22.53,056.81,0
00702,000351000,123.00,22.52,045.55,0
00703,000351500,123.00,22.52,076.55,0
00704,000352000,123.50,22.53,056.04,0
00705,000352500,124.50,22.53,034.03,0
00706,000353000,124.75,22.51,064.26,0
00707,000353500,124.75,22.51,075.25,0
00708,000354000,125.50,22.51,043.99,0
00709,000354500,126.25,22.51,042.72,0
00710,000355000,127.00,22.52,041.45,0
00711,000355500,127.00,22.52,072.42,0
00712,000356000,127.50,22.53,051.90,0
00713,000356500,127.50,22.52,072.88,0
00714,000357000,127.50,22.52,073.86,0
00715,000357500,128.25,22.51,042.59,0
00716,000358000,128.75,22.51,052.07,0
00717,000358500,129.75,22.51,030.04,0
00718,000359000,129.75,22.51,071.01,0
00719,000359500,130.25,22.51,050.48,0
00720,000360000,131.00,22.51,039.19,0
00721,000360500,131.50,22.52,043.28,0
00722,000361000,131.50,22.52,063.87,0
00723,000361500,131.75,22.52,053.70,0
00724,000362000,132.75,22.51,021.28,0
00725,000362500,133.50,22.51,029.61,0
00726,000363000,133.50,22.51,060.18,0
00727,000363500,133.50,22.53,060.76,0
00728,000364000,134.50,22.53,018.33,0
00729,000364500,134.75,22.51,048.14,0
00730,000365000,134.75,22.51,058.71,0
00731,000365500,135.50,22.51,027.03,0
00732,000366000,136.00,22.53,036.09,0
00733,000366500,136.75,22.52,024.39,0
00734,000367000,136.75,22.52,054.95,0
00735,000367500,136.75,22.50,055.50,0
00736,000368000,137.50,22.51,023.81,0
00737,000368500,138.00,22.53,032.85,0
00738,000369000,138.00,22.53,053.40,0
00739,000369500,138.50,22.51,032.45,0
00740,000370000,139.00,22.51,031.49,0
00741,000370500,139.50,22.51,030.53,0
00742,000371000,139.50,22.51,051.08,0
00743,000371500,140.25,22.51,019.36,0
00744,000372000,140.50,22.51,039.15,0
00745,000372500,140.75,22.51,038.93,0
00746,000373000,140.75,22.51,049.47,0
00747,000373500,141.25,22.51,028.50,0
00748,000374000,142.00,22.51,016.78,0
00749,000374500,142.00,22.51,047.30,0
00750,000375000,142.50,22.50,026.33,0
00751,000375500,142.50,22.51,046.86,0
00752,000376000,143.50,22.53,004.37,0
00753,000376500,143.50,22.53,044.89,0
00754,000377000,143.75,22.51,034.66,0
00755,000377500,144.00,22.51,034.43,0
00756,000378000,144.25,22.51,034.20,0
00757,000378500,144.25,22.51,044.72,0
00758,000379000,145.00,22.51,012.98,0
00759,000379500,145.25,22.51,032.74,0
00760,000380000,145.25,22.51,043.26,0
00761,000380500,145.25,22.51,043.77,0
00762,000381000,146.00,22.50,012.03,0
00763,000381500,146.75,22.51,010.29,0
00764,000382000,147.00,22.50,030.04,0
00765,000382500,147.00,22.50,040.55,0
00766,000383000,147.00,22.51,041.05,0
00767,000383500,147.50,22.51,020.06,0
00768,000384000,147.75,22.51,029.81,0
00769,000384500,147.75,22.51,040.31,0
00770,000385000,148.25,22.51,019.31,0
00771,000385500,148.50,22.52,029.06,0
00772,000386000,148.75,22.51,028.81,0
00773,000386500,148.75,22.51,039.31,0
00774,000387000,149.25,22.52,018.31,0
00775,000387500,149.50,22.51,028.06,0
00776,000388000,149.00,22.52,060.06,0
00777,000388500,149.00,22.52,040.57,0
00778,000389000,150.25,22.51,000.00,0
00779,000389500,150.50,22.51,027.05,0
00780,000390000,150.50,22.51,037.55,0
00781,000390500,150.75,22.53,027.29,0
00782,000391000,151.00,22.52,027.04,0
00783,000391500,151.25,22.51,026.78,0
00784,000392000,151.25,22.51,037.27,0
00785,000392500,151.25,22.52,037.77,0
00786,000393000,151.50,22.51,027.51,0
00787,000393500,151.50,22.53,038.01,0
00788,000394000,151.50,22.53,038.51,0
00789,000394500,152.25,22.51,006.75,0
00790,000395000,152.75,22.51,015.74,0
00791,000395500,152.75,22.52,036.23,0
00792,000396000,152.75,22.52,036.72,0
00793,000396500,153.00,22.52,026.47,0
00794,000397000,153.50,22.53,015.45,0
00795,000397500,154.00,22.53,014.44,0
00796,000398000,154.00,22.53,034.93,0
00797,000398500,153.75,22.53,046.17,0
00798,000399000,153.50,22.53,047.41,0
00799,000399500,154.50,22.52,000.00,0
00800,000400000,154.50,22.52,035.39,0
00801,000400500,155.00,22.53,014.37,0
00802,000401000,154.75,22.52,045.61,0
00803,000401500,155.50,22.51,003.84,0
00804,000402000,155.50,22.51,034.33,0
00805,000402500,155.50,22.53,034.82,0
00806,000403000,155.75,22.51,024.55,0
00807,000403500,156.00,22.52,024.29,0
00808,000404000,156.00,22.52,034.77,0
00809,000404500,156.00,22.51,035.26,0
00810,000405000,156.50,22.52,014.25,0
00811,000405500,156.50,22.52,034.73,0
00812,000406000,156.50,22.52,035.22,0
00813,000406500,156.25,22.53,046.46,0
00814,000407000,156.75,22.51,015.45,0
00815,000407500,156.75,22.51,035.94,0
00816,000408000,156.75,22.52,036.44,0
00817,000408500,157.50,22.51,004.67,0
00818,000409000,157.25,22.52,045.91,0
00819,000409500,157.25,22.52,036.41,0
00820,000410000,157.25,22.53,036.90,0
00821,000410500,157.25,22.52,037.40,0
00822,000411000,157.50,22.53,027.14,0
00823,000411500,157.50,22.53,037.64,0
00824,000412000,158.00,22.52,016.63,0
00825,000412500,158.25,22.53,026.37,0
00826,000413000,158.00,22.54,047.62,0
00827,000413500,158.00,22.54,038.12,0
00828,000414000,159.00,22.53,000.00,0
00829,000414500,158.50,22.53,057.61,0
00830,000415000,159.00,22.53,016.60,0
00831,000415500,159.00,22.53,037.09,0
00832,000416000,159.25,22.53,026.84,0
00833,000416500,159.75,22.53,015.83,0
00834,000417000,159.75,22.54,036.32,0
00835,000417500,159.75,22.54,036.82,0
00836,000418000,160.00,22.53,026.56,0
00837,000418500,159.75,22.53,047.81,0
00838,000419000,159.25,22.53,059.81,0
00839,000419500,159.25,22.53,040.32,0
00840,000420000,160.25,22.53,000.00,0
00841,000420500,160.00,22.53,063.40,0
00842,000421000,160.25,22.53,044.16,0
00843,000421500,160.25,22.53,055.67,0
00844,000422000,160.25,22.53,057.19,0
00845,000422500,160.25,22.52,058.71,0
00846,000423000,160.25,22.52,060.24,0
00847,000423500,160.75,22.54,040.27,0
00848,000424000,160.75,22.54,061.80,0
00849,000424500,161.25,22.53,041.83,0
00850,000425000,161.25,22.53,063.37,0
00851,000425500,161.00,22.54,075.66,0
00852,000426000,161.50,22.53,045.71,0
00853,000426500,162.00,22.54,045.76,0
00854,000427000,162.00,22.54,067.31,0
00855,000427500,162.00,22.54,068.86,0
00856,000428000,162.00,22.53,070.42,0
00857,000428500,161.75,22.54,082.74,0
00858,000429000,161.75,22.54,074.31,0
00859,000429500,161.75,22.54,075.89,0
00860,000430000,162.25,22.54,055.97,0
00861,000430500,162.50,22.54,066.80,0
00862,000431000,162.50,22.54,078.38,0
00863,000431500,162.50,22.54,079.97,0
00864,000432000,163.00,22.54,060.06,0
00865,000432500,163.00,22.54,081.66,0
00866,000433000,163.00,22.54,083.25,0
00867,000433500,163.25,22.54,074.11,0
00868,000434000,163.50,22.54,074.96,0
00869,000434500,163.75,22.54,075.82,0
00870,000435000,163.75,22.54,087.43,0
00871,000435500,164.25,22.54,067.55,0
00872,000436000,164.50,22.54,078.41,0
00873,000436500,165.00,22.54,068.53,0
00874,000437000,165.00,22.54,090.15,0
00875,000437500,165.25,22.55,081.02,0
00876,000438000,165.25,22.54,092.65,0
00877,000438500,165.25,22.54,094.28,0
00878,000439000,165.50,22.55,085.16,0
00879,000439500,165.25,22.54,100.00,0
00880,000440000,165.75,22.54,077.70,0
00881,000440500,165.75,22.54,099.34,0
00882,000441000,166.25,22.54,079.49,0
00883,000441500,166.25,22.55,100.00,0
00884,000442000,166.25,22.54,100.00,0
00885,000442500,166.25,22.54,100.00,0
00886,000443000,166.75,22.54,084.63,0
00887,000443500,167.25,22.54,084.79,0
00888,000444000,167.75,22.54,084.95,0
00889,000444500,167.75,22.54,100.00,0
00890,000445000,167.50,22.55,100.00,0
00891,000445500,168.25,22.55,078.47,0
00892,000446000,168.75,22.55,088.64,0
00893,000446500,168.75,22.55,100.00,0
00894,000447000,169.00,22.54,100.00,0
00895,000447500,169.25,22.55,100.00,0
00896,000448000,169.75,22.55,092.36,0
00897,000448500,169.75,22.55,100.00,0
00898,000449000,170.00,22.55,100.00,0
00899,000449500,170.75,22.55,084.43,0
00900,000450000,171.25,22.56,094.62,0
00901,000450500,171.25,22.56,100.00,0
00902,000451000,171.50,22.54,100.00,0
00903,000451500,172.00,22.56,097.45,0
00904,000452000,172.00,22.55,100.00,0
00905,000452500,172.00,22.55,100.00,0
00906,000453000,172.75,22.55,090.31,0
00907,000453500,173.00,22.56,100.00,0
00908,000454000,173.00,22.56,100.00,0
00909,000454500,173.50,22.56,100.00,0
00910,000455000,173.50,22.56,100.00,0
00911,000455500,174.25,22.55,094.36,0
00912,000456000,174.25,22.55,100.00,0
00913,000456500,174.50,22.55,100.00,0
00914,000457000,175.00,22.56,100.00,0
00915,000457500,176.00,22.55,085.98,0
00916,000458000,176.00,22.55,100.00,0
00917,000458500,176.25,22.55,100.00,0
00918,000459000,176.75,22.56,100.00,0
00919,000459500,177.25,22.56,100.00,0
00920,000460000,177.25,22.56,100.00,0
00921,000460500,177.75,22.56,100.00,0
00922,000461000,178.25,22.56,100.00,0
00923,000461500,178.25,22.57,100.00,0
00924,000462000,178.25,22.57,100.00,0
00925,000462500,178.75,22.56,100.00,0
00926,000463000,179.25,22.56,100.00,0
00927,000463500,180.25,22.54,093.98,0
00928,000464000,180.25,22.54,100.00,0
00929,000464500,181.00,22.56,100.00,0
00930,000465000,180.75,22.56,100.00,0
00931,000465500,181.75,22.57,096.43,0
00932,000466000,181.75,22.57,100.00,0
00933,000466500,182.25,22.56,100.00,0
00934,000467000,183.00,22.56,100.00,0
00935,000467500,183.50,22.56,100.00,0
00936,000468000,183.50,22.56,100.00,0
00937,000468500,184.00,22.56,100.00,0
00938,000469000,184.50,22.55,100.00,0
00939,000469500,184.50,22.57,100.00,0
00940,000470000,184.50,22.57,100.00,0
00941,000470500,185.00,22.57,100.00,0
00942,000471000,186.00,22.56,100.00,0
00943,000471500,186.00,22.56,100.00,0
00944,000472000,186.50,22.57,100.00,0
00945,000472500,187.25,22.57,100.00,0
00946,000473000,187.50,22.56,100.00,0
00947,000473500,187.50,22.56,100.00,0
00948,000474000,188.25,22.57,100.00,0
00949,000474500,188.75,22.57,100.00,0
00950,000475000,189.25,22.57,100.00,0
00951,000475500,189.25,22.57,100.00,0
00952,000476000,189.75,22.57,100.00,0
00953,000476500,190.50,22.58,100.00,0
00954,000477000,191.25,22.57,100.00,0
00955,000477500,191.25,22.57,100.00,0
00956,000478000,191.25,22.57,100.00,0
00957,000478500,192.25,22.58,100.00,0
00958,000479000,193.00,22.58,100.00,0
00959,000479500,193.00,22.58,100.00,0
00960,000480000,193.75,22.59,100.00,0
00961,000480500,194.25,22.57,100.00,0
00962,000481000,194.75,22.58,100.00,0
00963,000481500,194.75,22.58,100.00,0
00964,000482000,195.75,22.58,100.00,0
00965,000482500,196.00,22.59,100.00,0
00966,000483000,197.00,22.58,100.00,0
00967,000483500,197.00,22.58,100.00,0
00968,000484000,197.25,22.58,100.00,0
00969,000484500,197.75,22.58,100.00,0
00970,000485000,198.25,22.58,100.00,0
00971,000485500,198.25,22.58,100.00,0
00972,000486000,199.00,22.58,100.00,0
00973,000486500,199.25,22.58,100.00,0
00974,000487000,199.25,22.58,100.00,0
00975,000487500,200.00,22.58,100.00,0
00976,000488000,200.50,22.58,100.00,0
00977,000488500,201.25,22.59,100.00,0
00978,000489000,201.25,22.59,100.00,0
00979,000489500,201.50,22.57,100.00,0
00980,000490000,202.75,22.58,100.00,0
00981,000490500,203.25,22.58,100.00,0
00982,000491000,203.25,22.58,100.00,0
00983,000491500,203.75,22.60,100.00,0
00984,000492000,204.25,22.58,100.00,0
00985,000492500,205.25,22.58,100.00,0
00986,000493000,205.25,22.58,100.00,0
00987,000493500,205.50,22.58,100.00,0
00988,000494000,206.50,22.59,100.00,0
00989,000494500,207.00,22.59,100.00,0
00990,000495000,207.00,22.59,100.00,0
00991,000495500,207.00,22.58,100.00,0
00992,000496000,208.50,22.59,100.00,0
00993,000496500,209.00,22.58,100.00,0
00994,000497000,209.00,22.58,100.00,0
00995,000497500,209.25,22.59,100.00,0
00996,000498000,209.75,22.59,100.00,0
00997,000498500,210.75,22.58,100.00,0
00998,000499000,210.75,22.58,100.00,0
00999,000499500,211.25,22.58,100.00,0
01000,000500000,211.25,22.58,100.00,0
01001,000500500,211.75,22.59,100.00,0
01002,000501000,211.75,22.59,100.00,0
01003,000501500,212.50,22.59,100.00,0
01004,000502000,213.50,22.59,100.00,0
01005,000502500,213.50,22.59,100.00,0
01006,000503000,214.00,22.59,100.00,0
01007,000503500,215.00,22.58,100.00,0
01008,000504000,215.50,22.59,100.00,0
01009,000504500,215.50,22.59,100.00,0
01010,000505000,215.25,22.57,100.00,0
01011,000505500,216.50,22.58,100.00,0
01012,000506000,217.25,22.57,100.00,0
01013,000506500,217.25,22.57,100.00,0
01014,000507000,217.75,22.59,100.00,0
01015,000507500,218.75,22.58,100.00,0
01016,000508000,219.00,22.59,100.00,0
01017,000508500,219.00,22.59,100.00,0
01018,000509000,219.25,22.59,100.00,0
01019,000509500,220.25,22.58,100.00,0
01020,000510000,221.00,22.59,100.00,0
01021,000510500,221.00,22.59,100.00,0
01022,000511000,221.75,22.59,100.00,0
01023,000511500,222.25,22.59,100.00,0
01024,000512000,222.75,22.58,100.00,0
01025,000512500,222.75,22.58,100.00,0
01026,000513000,223.00,22.60,100.00,0
01027,000513500,223.75,22.58,100.00,0
01028,000514000,224.75,22.58,092.59,0
01029,000514500,224.75,22.58,100.00,0
01030,000515000,224.50,22.58,100.00,0
01031,000515500,225.25,22.59,100.00,0
01032,000516000,226.25,22.59,088.88,0
01033,000516500,226.25,22.59,100.00,0
01034,000517000,226.50,22.58,100.00,0
01035,000517500,227.50,22.59,085.68,0
01036,000518000,227.50,22.58,100.00,0
01037,000518500,227.50,22.58,100.00,0
01038,000519000,228.50,22.59,083.20,0
01039,000519500,229.25,22.60,091.11,0
01040,000520000,229.25,22.60,100.00,0
01041,000520500,229.25,22.60,100.00,0
01042,000521000,230.00,22.58,089.32,0
01043,000521500,230.75,22.59,087.21,0
01044,000522000,230.75,22.59,100.00,0
01045,000522500,231.75,22.60,074.49,0
01046,000523000,232.00,22.60,100.00,0
01047,000523500,232.25,22.58,100.00,0
01048,000524000,232.25,22.58,100.00,0
01049,000524500,233.50,22.59,059.74,0
01050,000525000,234.00,22.58,088.35,0
01051,000525500,234.75,22.59,000.00,0
01052,000526000,234.75,22.59,000.00,0
01053,000526500,235.75,22.59,000.00,0
01054,000527000,236.25,22.58,000.00,0
01055,000527500,236.50,22.58,000.00,0
01056,000528000,236.50,22.58,000.00,0
01057,000528500,237.25,22.58,000.00,0
01058,000529000,237.75,22.60,000.00,0
01059,000529500,238.25,22.59,000.00,0
01060,000530000,238.25,22.59,000.00,0
01061,000530500,238.50,22.59,000.00,0
01062,000531000,238.50,22.59,000.00,0
01063,000531500,239.25,22.58,000.00,0
01064,000532000,239.25,22.58,000.00,0
01065,000532500,240.00,22.58,000.00,0
01066,000533000,240.00,22.58,000.00,0
01067,000533500,240.00,22.60,000.00,0
01068,000534000,240.00,22.60,000.00,0
01069,000534500,240.50,22.59,000.00,0
01070,000535000,241.00,22.59,000.00,0
01071,000535500,241.00,22.59,000.00,0
01072,000536000,241.50,22.59,000.00,0
01073,000536500,241.25,22.58,000.00,0
01074,000537000,241.50,22.58,000.00,0
01075,000537500,241.50,22.58,000.00,0
01076,000538000,241.50,22.60,000.00,0
01077,000538500,241.50,22.59,000.00,0
01078,000539000,241.75,22.59,000.00,0
01079,000539500,241.75,22.59,000.00,0
01080,000540000,241.75,22.59,000.00,0
01081,000540500,241.25,22.59,000.00,0
01082,000541000,241.75,22.58,000.00,0
01083,000541500,241.75,22.58,000.00,0
01084,000542000,242.00,22.59,000.00,0
01085,000542500,241.75,22.59,000.00,0
01086,000543000,242.00,22.58,000.00,0
01087,000543500,242.00,22.58,000.00,0
01088,000544000,241.25,22.59,000.00,0
01089,000544500,241.25,22.60,000.00,0
01090,000545000,242.00,22.59,000.00,0
01091,000545500,242.00,22.59,000.00,0
01092,000546000,242.00,22.59,000.00,0
01093,000546500,242.00,22.59,000.00,0
01094,000547000,242.25,22.61,000.00,0
01095,000547500,242.25,22.61,000.00,0
01096,000548000,242.00,22.59,000.00,0
01097,000548500,241.75,22.59,000.00,0
01098,000549000,241.75,22.59,000.00,0
01099,000549500,241.75,22.59,000.00,0
01100,000550000,241.75,22.60,000.00,0
01101,000550500,242.00,22.60,000.00,0
01102,000551000,242.00,22.60,000.00,0
01103,000551500,242.00,22.60,000.00,0
01104,000552000,242.00,22.60,000.00,0
01105,000552500,242.00,22.60,000.00,0
01106,000553000,242.00,22.60,000.00,0
01107,000553500,241.75,22.60,000.00,0
01108,000554000,241.75,22.60,000.00,0
01109,000554500,241.75,22.60,000.00,0
01110,000555000,241.75,22.60,000.00,0
01111,000555500,241.25,22.60,000.00,0
01112,000556000,240.50,22.60,000.00,0
01113,000556500,240.25,22.61,000.00,0
01114,000557000,240.25,22.61,000.00,0
01115,000557500,240.25,22.60,000.00,0
01116,000558000,240.25,22.61,000.00,0
01117,000558500,240.25,22.60,000.00,0
01118,000559000,240.25,22.60,000.00,0
01119,000559500,239.75,22.60,000.00,0
01120,000560000,239.50,22.61,000.00,0
01121,000560500,239.00,22.61,000.00,0
01122,000561000,239.00,22.61,000.00,0
01123,000561500,239.50,22.60,000.00,0
01124,000562000,239.50,22.60,000.00,0
01125,000562500,239.25,22.60,000.00,0
01126,000563000,239.25,22.60,000.00,0
01127,000563500,239.00,22.61,000.00,0
01128,000564000,238.75,22.61,000.00,0
01129,000564500,238.25,22.61,000.00,0
01130,000565000,238.25,22.61,000.00,0
01131,000565500,238.25,22.60,000.00,0
01132,000566000,238.00,22.62,000.00,0
01133,000566500,237.50,22.62,000.00,0
01134,000567000,237.50,22.62,000.00,0
01135,000567500,237.00,22.62,000.00,0
01136,000568000,237.25,22.61,000.00,0
01137,000568500,237.25,22.61,000.00,0
01138,000569000,236.25,22.62,000.00,0
01139,000569500,236.00,22.61,000.00,0
01140,000570000,236.25,22.61,000.00,0
01141,000570500,236.25,22.61,000.00,0
01142,000571000,235.75,22.62,000.00,0
01143,000571500,235.50,22.62,000.00,0
01144,000572000,235.75,22.61,000.00,0
01145,000572500,235.75,22.61,000.00,0
01146,000573000,234.50,22.62,000.00,0
01147,000573500,234.50,22.62,000.00,0
01148,000574000,233.75,22.61,000.00,0
01149,000574500,233.75,22.61,000.00,0
01150,000575000,233.50,22.62,000.00,0
01151,000575500,232.50,22.63,000.00,0
01152,000576000,229.00,22.62,000.00,0
01153,000576500,229.00,22.62,000.00,0
01154,000577000,225.75,22.62,000.00,0
01155,000577500,224.25,22.63,000.00,0
01156,000578000,222.75,22.63,000.00,0
01157,000578500,222.75,22.63,000.00,0
01158,000579000,221.75,22.64,000.00,0
01159,000579500,220.25,22.64,000.00,0
01160,000580000,219.75,22.64,000.00,0
01161,000580500,219.75,22.64,000.00,0
01162,000581000,217.75,22.64,000.00,0
01163,000581500,215.75,22.65,000.00,0
01164,000582000,214.75,22.65,000.00,0
01165,000582500,214.75,22.65,000.00,0
01166,000583000,214.25,22.65,000.00,0
01167,000583500,212.00,22.65,000.00,0
01168,000584000,212.00,22.65,000.00,0
01169,000584500,212.25,22.67,000.00,0
01170,000585000,211.25,22.67,000.00,0
01171,000585500,210.25,22.66,000.00,0
01172,000586000,210.25,22.66,000.00,0
01173,000586500,208.50,22.66,000.00,0
01174,000587000,207.25,22.67,000.00,0
01175,000587500,207.25,22.67,000.00,0
01176,000588000,207.25,22.67,000.00,0
01177,000588500,206.25,22.67,000.00,0
01178,000589000,206.25,22.67,000.00,0
01179,000589500,204.50,22.68,000.00,0
01180,000590000,204.50,22.68,000.00,0
01181,000590500,204.25,22.68,000.00,0
01182,000591000,204.50,22.68,000.00,0
01183,000591500,204.00,22.68,000.00,0
01184,000592000,204.00,22.68,000.00,0
01185,000592500,202.00,22.68,000.00,0
01186,000593000,200.50,22.69,000.00,0
01187,000593500,198.75,22.68,000.00,0
01188,000594000,198.75,22.68,000.00,0
01189,000594500,198.50,22.69,000.00,0
01190,000595000,197.25,22.69,000.00,0
01191,000595500,196.75,22.69,000.00,0
01192,000596000,196.75,22.69,000.00,0
01193,000596500,196.25,22.70,000.00,0
01194,000597000,196.00,22.70,000.00,0
01195,000597500,195.75,22.70,000.00,0
01196,000598000,195.75,22.70,000.00,0
01197,000598500,195.50,22.70,000.00,0
01198,000599000,195.50,22.71,000.00,0
01199,000599500,195.50,22.71,000.00,0
01200,000600000,195.25,22.71,000.00,0
01201,000600500,195.25,22.71,000.00,0
01202,000601000,194.75,22.71,000.00,0
01203,000601500,194.75,22.71,000.00,0
01204,000602000,194.00,22.72,000.00,0
01205,000602500,193.25,22.72,000.00,0
01206,000603000,192.50,22.72,000.00,0
01207,000603500,192.50,22.72,000.00,0
01208,000604000,192.25,22.72,000.00,0
01209,000604500,191.75,22.72,000.00,0
01210,000605000,191.00,22.72,000.00,0
01211,000605500,191.00,22.72,000.00,0
01212,000606000,189.75,22.73,000.00,0
01213,000606500,188.25,22.74,000.00,0
01214,000607000,188.25,22.73,000.00,0
01215,000607500,188.25,22.73,000.00,0
01216,000608000,187.75,22.74,000.00,0
01217,000608500,186.50,22.74,000.00,0
01218,000609000,186.75,22.74,000.00,0
01219,000609500,186.75,22.74,000.00,0
01220,000610000,185.75,22.74,000.00,0
01221,000610500,184.50,22.74,000.00,0
01222,000611000,183.00,22.75,000.00,0
01223,000611500,183.00,22.75,000.00,0
01224,000612000,182.50,22.74,000.00,0
01225,000612500,181.25,22.75,000.00,0
01226,000613000,181.00,22.75,000.00,0
01227,000613500,181.00,22.75,000.00,0
01228,000614000,179.75,22.75,000.00,0
01229,000614500,179.25,22.75,000.00,0
01230,000615000,178.50,22.76,000.00,0
01231,000615500,178.50,22.76,000.00,0
01232,000616000,178.75,22.75,000.00,0
01233,000616500,178.50,22.75,000.00,0
01234,000617000,178.50,22.75,000.00,0
01235,000617500,179.75,22.76,000.00,0
01236,000618000,180.25,22.76,000.00,0
01237,000618500,179.25,22.76,000.00,0
01238,000619000,179.25,22.76,000.00,0
01239,000619500,178.50,22.76,000.00,0
01240,000620000,178.00,22.76,000.00,0
01241,000620500,177.50,22.76,000.00,0
01242,000621000,177.50,22.76,000.00,0
01243,000621500,177.50,22.76,000.00,0
01244,000622000,176.75,22.76,000.00,0
01245,000622500,176.00,22.76,000.00,0
01246,000623000,176.00,22.76,000.00,0
01247,000623500,175.25,22.76,000.00,0
01248,000624000,173.75,22.76,000.00,0
01249,000624500,174.00,22.77,000.00,0
01250,000625000,174.00,22.77,000.00,0
01251,000625500,173.00,22.77,000.00,0
01252,000626000,173.25,22.78,000.00,0
01253,000626500,172.50,22.78,000.00,0
01254,000627000,172.50,22.78,000.00,0
01255,000627500,173.00,22.78,000.00,0
01256,000628000,172.00,22.79,000.00,0
01257,000628500,170.50,22.79,000.00,0
01258,000629000,170.50,22.79,000.00,0
01259,000629500,169.25,22.78,000.00,0
01260,000630000,168.75,22.78,000.00,0
01261,000630500,168.25,22.79,000.00,0
01262,000631000,168.25,22.79,000.00,0
01263,000631500,168.25,22.79,000.00,0
01264,000632000,167.75,22.79,000.00,0
01265,000632500,167.75,22.79,000.00,0
01266,000633000,168.00,22.79,000.00,0
01267,000633500,168.50,22.79,000.00,0
01268,000634000,168.00,22.80,000.00,0
01269,000634500,168.00,22.80,000.00,0
01270,000635000,166.50,22.80,000.00,0
01271,000635500,164.50,22.79,000.00,0
01272,000636000,164.25,22.81,000.00,0
01273,000636500,164.25,22.81,000.00,0
01274,000637000,163.25,22.81,000.00,0
01275,000637500,162.25,22.80,000.00,0
01276,000638000,162.00,22.81,000.00,0
01277,000638500,162.00,22.81,000.00,0
01278,000639000,162.25,22.81,000.00,0
01279,000639500,162.50,22.81,000.00,0
01280,000640000,161.75,22.81,000.00,0
01281,000640500,161.75,22.81,000.00,0
01282,000641000,161.50,22.81,000.00,0
01283,000641500,162.00,22.80,000.00,0
01284,000642000,162.00,22.81,000.00,0
01285,000642500,162.00,22.81,000.00,0
01286,000643000,161.50,22.81,000.00,0
01287,000643500,161.50,22.83,000.00,0
01288,000644000,161.50,22.82,000.00,0
01289,000644500,161.50,22.82,000.00,0
01290,000645000,160.75,22.82,000.00,0
01291,000645500,159.00,22.83,000.00,0
01292,000646000,158.75,22.82,000.00,0
01293,000646500,158.75,22.82,000.00,0
01294,000647000,159.25,22.84,000.00,0
01295,000647500,158.00,22.83,000.00,0
01296,000648000,158.00,22.83,000.00,0
01297,000648500,158.25,22.83,000.00,0
01298,000649000,157.50,22.84,000.00,0
01299,000649500,156.25,22.84,000.00,0
01300,000650000,156.25,22.84,000.00,0
01301,000650500,155.75,22.84,000.00,0
01302,000651000,155.50,22.85,000.00,0
01303,000651500,155.00,22.84,000.00,0
01304,000652000,155.00,22.84,000.00,0
01305,000652500,154.50,22.84,000.00,0
01306,000653000,153.50,22.84,000.00,0
01307,000653500,154.50,22.85,000.00,0
01308,000654000,154.50,22.85,000.00,0
01309,000654500,153.25,22.86,000.00,0
01310,000655000,153.25,22.85,000.00,0
01311,000655500,153.00,22.86,000.00,0
01312,000656000,153.00,22.86,000.00,0
01313,000656500,153.25,22.85,000.00,0
01314,000657000,153.75,22.86,000.00,0
01315,000657500,153.00,22.86,000.00,0
01316,000658000,153.00,22.86,000.00,0
01317,000658500,152.00,22.86,000.00,0
01318,000659000,150.50,22.86,000.00,0
01319,000659500,149.00,22.87,000.00,0
01320,000660000,149.00,22.87,000.00,0
01321,000660500,149.00,22.87,000.00,0
01322,000661000,150.00,22.86,000.00,0
01323,000661500,150.00,22.87,000.00,0
01324,000662000,150.00,22.87,000.00,0
01325,000662500,148.00,22.86,000.00,0
01326,000663000,148.00,22.86,000.00,0
01327,000663500,147.50,22.87,000.00,0
01328,000664000,147.50,22.87,000.00,0
01329,000664500,145.25,22.87,000.00,0
01330,000665000,145.25,22.88,000.00,0
01331,000665500,145.25,22.88,000.00,0
01332,000666000,145.00,22.87,000.00,0
01333,000666500,144.75,22.88,000.00,0
01334,000667000,145.25,22.86,000.00,0
01335,000667500,145.25,22.86,000.00,0
01336,000668000,144.50,22.87,000.00,0
01337,000668500,144.25,22.88,000.00,0
01338,000669000,144.75,22.87,000.00,0
01339,000669500,144.75,22.87,000.00,0
01340,000670000,145.25,22.88,000.00,0
01341,000670500,143.75,22.88,000.00,0
01342,000671000,144.25,22.88,000.00,0
01343,000671500,144.25,22.88,000.00,0
01344,000672000,144.50,22.87,000.00,0
01345,000672500,143.00,22.88,000.00,0
01346,000673000,141.50,22.87,000.00,0
01347,000673500,141.50,22.87,000.00,0
01348,000674000,140.25,22.88,000.00,0
01349,000674500,138.50,22.88,000.00,0
01350,000675000,139.00,22.88,000.00,0
01351,000675500,139.00,22.88,000.00,0
01352,000676000,139.25,22.89,000.00,0
01353,000676500,138.50,22.88,000.00,0
01354,000677000,140.00,22.89,000.00,0
01355,000677500,140.00,22.89,000.00,0
01356,000678000,140.00,22.88,000.00,0
01357,000678500,139.25,22.88,000.00,0
01358,000679000,138.50,22.88,000.00,0
01359,000679500,138.50,22.88,000.00,0
01360,000680000,138.50,22.88,000.00,0
01361,000680500,138.50,22.89,000.00,0
01362,000681000,138.50,22.89,000.00,0
01363,000681500,138.25,22.88,000.00,0
01364,000682000,137.50,22.88,000.00,0
01365,000682500,137.25,22.89,000.00,0
01366,000683000,137.25,22.89,000.00,0
01367,000683500,137.25,22.89,000.00,0
01368,000684000,137.50,22.88,000.00,0
01369,000684500,136.75,22.88,000.00,0
01370,000685000,136.75,22.88,000.00,0
01371,000685500,135.25,22.88,000.00,0
01372,000686000,134.75,22.88,000.00,0
01373,000686500,134.75,22.89,000.00,0
01374,000687000,134.75,22.89,000.00,0
01375,000687500,134.50,22.88,000.00,0
01376,000688000,134.50,22.88,000.00,0
01377,000688500,134.75,22.88,000.00,0
01378,000689000,134.75,22.88,000.00,0
01379,000689500,133.75,22.88,000.00,0
01380,000690000,133.50,22.88,000.00,0
01381,000690500,133.75,22.88,000.00,0
01382,000691000,133.75,22.88,000.00,0
01383,000691500,132.75,22.89,000.00,0
01384,000692000,132.00,22.88,000.00,0
01385,000692500,132.25,22.88,000.00,0
01386,000693000,132.25,22.88,000.00,0
01387,000693500,132.25,22.89,000.00,0
01388,000694000,131.50,22.88,000.00,0
01389,000694500,131.50,22.90,000.00,0
01390,000695000,131.50,22.90,000.00,0
01391,000695500,131.25,22.89,000.00,0
01392,000696000,131.50,22.90,000.00,0
01393,000696500,131.50,22.90,000.00,0
01394,000697000,131.25,22.89,000.00,0
01395,000697500,131.50,22.90,000.00,0
01396,000698000,130.75,22.89,000.00,0
01397,000698500,130.75,22.89,000.00,0
01398,000699000,130.00,22.89,000.00,0
01399,000699500,129.75,22.89,000.00,0
01400,000700000,130.00,22.89,000.00,0
01401,000700500,130.00,22.89,000.00,0
01402,000701000,128.25,22.89,000.00,0
01403,000701500,128.25,22.90,000.00,0
01404,000702000,127.50,22.88,000.00,0
01405,000702500,127.50,22.88,000.00,0
01406,000703000,127.75,22.90,000.00,0
01407,000703500,126.75,22.89,000.00,0
01408,000704000,126.00,22.89,000.00,0
01409,000704500,126.00,22.89,000.00,0
01410,000705000,125.00,22.90,000.00,0
01411,000705500,125.00,22.89,000.00,0
01412,000706000,125.00,22.88,000.00,0
01413,000706500,125.00,22.88,000.00,0
01414,000707000,125.25,22.89,000.00,0
01415,000707500,124.50,22.89,000.00,0
01416,000708000,124.00,22.89,000.00,0
01417,000708500,124.00,22.89,000.00,0
01418,000709000,124.25,22.89,000.00,0
01419,000709500,124.00,22.89,000.00,0
01420,000710000,122.75,22.89,000.00,0
01421,000710500,122.75,22.89,000.00,0
01422,000711000,122.25,22.89,000.00,0
01423,000711500,121.25,22.89,000.00,0
01424,000712000,120.75,22.89,000.00,0
01425,000712500,120.75,22.89,000.00,0
01426,000713000,121.25,22.89,000.00,0
01427,000713500,121.50,22.88,000.00,0
01428,000714000,121.50,22.88,000.00,0
01429,000714500,121.50,22.88,000.00,0
01430,000715000,121.00,22.88,000.00,0
01431,000715500,120.25,22.89,000.00,0
01432,000716000,120.25,22.89,000.00,0
01433,000716500,119.25,22.88,000.00,0
01434,000717000,118.50,22.88,000.00,0
01435,000717500,118.75,22.89,000.00,0
01436,000718000,118.75,22.89,000.00,0
01437,000718500,119.00,22.88,000.00,0
01438,000719000,118.50,22.87,000.00,0
01439,000719500,118.00,22.88,000.00,0
01440,000720000,118.00,22.88,000.00,0
