Sample time (ms): 500
Maximum runtime (s): 720
Index,Time (ms),Oven temperature (C),Ambient temperature (C),PWM controller (percent),Thermocouple open
00000,000000000,028.75,22.29,100.00,0
00001,000000500,028.75,22.29,064.14,0
00002,000001000,028.75,22.28,064.35,0
00003,000001500,028.75,22.28,064.56,0
00004,000002000,028.25,22.30,086.28,0
00005,000002500,029.00,22.30,034.24,0
00006,000003000,028.75,22.29,075.20,0
00007,000003500,028.75,22.29,065.42,0
00008,000004000,028.75,22.29,065.63,0
00009,000004500,028.50,22.30,076.59,0
00010,000005000,028.75,22.30,056.06,0
00011,000005500,028.75,22.30,066.27,0
00012,000006000,028.75,22.31,066.48,0
00013,000006500,028.25,22.30,088.20,0
00014,000007000,029.00,22.29,036.16,0
00015,000007500,029.00,22.29,066.37,0
00016,000008000,028.50,22.30,088.08,0
00017,000008500,028.50,22.30,068.30,0
00018,000009000,029.00,22.30,047.01,0
00019,000009500,029.00,22.30,067.22,0
00020,000010000,029.00,22.30,067.43,0
00021,000010500,028.50,22.30,089.14,0
00022,000011000,028.75,22.30,058.61,0
00023,000011500,028.75,22.30,068.82,0
00024,000012000,029.00,22.29,058.28,0
00025,000012500,029.00,22.31,068.49,0
00026,000013000,029.00,22.31,068.70,0
00027,000013500,029.00,22.30,068.91,0
00028,000014000,029.25,22.32,058.36,0
00029,000014500,029.00,22.30,079.33,0
00030,000015000,029.00,22.30,069.53,0
00031,000015500,029.25,22.30,058.99,0
00032,000016000,028.75,22.31,090.70,0
00033,000016500,029.25,22.29,049.41,0
00034,000017000,029.25,22.29,069.62,0
00035,000017500,029.00,22.30,080.58,0
00036,000018000,029.25,22.30,060.04,0
00037,000018500,029.50,22.30,059.49,0
00038,000019000,029.50,22.30,069.70,0
00039,000019500,029.50,22.30,069.90,0
00040,000020000,029.25,22.29,080.86,0
00041,000020500,029.75,22.30,049.56,0
00042,000021000,029.75,22.30,069.77,0
00043,000021500,029.75,22.29,069.97,0
00044,000022000,029.50,22.29,080.92,0
00045,000022500,029.75,22.30,060.38,0
00046,000023000,029.75,22.30,070.58,0
00047,000023500,029.75,22.30,070.78,0
00048,000024000,030.25,22.30,049.48,0
00049,000024500,030.50,22.31,058.92,0
00050,000025000,030.50,22.31,069.12,0
00051,000025500,030.25,22.30,080.06,0
00052,000026000,030.75,22.29,048.76,0
00053,000026500,030.00,22.30,100.00,0
00054,000027000,030.00,22.30,071.41,0
00055,000027500,030.25,22.30,060.86,0
00056,000028000,030.25,22.30,071.05,0
00057,000028500,030.25,22.30,071.25,0
00058,000029000,031.00,22.31,039.19,0
00059,000029500,031.25,22.30,058.63,0
00060,000030000,030.75,22.30,090.32,0
00061,000030500,030.75,22.30,070.51,0
00062,000031000,031.75,22.30,027.69,0
00063,000031500,031.75,22.30,067.88,0
00064,000032000,032.00,22.30,057.31,0
00065,000032500,032.00,22.30,067.49,0
00066,000033000,032.00,22.31,067.67,0
00067,000033500,032.25,22.30,057.09,0
00068,000034000,032.25,22.30,067.27,0
00069,000034500,032.25,22.30,067.45,0
00070,000035000,032.75,22.31,046.12,0
00071,000035500,032.25,22.30,087.80,0
00072,000036000,032.25,22.30,067.98,0
00073,000036500,032.25,22.30,068.16,0
00074,000037000,033.00,22.30,036.08,0
00075,000037500,032.50,22.30,087.75,0
00076,000038000,033.25,22.29,035.67,0
00077,000038500,033.25,22.29,065.84,0
00078,000039000,033.00,22.30,076.75,0
00079,000039500,033.75,22.30,034.67,0
00080,000040000,033.50,22.31,075.58,0
00081,000040500,033.50,22.31,065.75,0
00082,000041000,033.75,22.30,055.16,0
00083,000041500,034.50,22.30,033.06,0
00084,000042000,034.25,22.31,073.97,0
00085,000042500,034.25,22.31,064.13,0
00086,000043000,035.00,22.30,032.03,0
00087,000043500,035.00,22.31,062.18,0
00088,000044000,035.25,22.31,051.58,0
00089,000044500,035.25,22.31,061.73,0
00090,000045000,035.25,22.31,061.87,0
00091,000045500,035.75,22.30,040.52,0
00092,000046000,035.75,22.30,060.66,0
00093,000046500,036.00,22.30,050.05,0
00094,000047000,036.50,22.30,038.68,0
00095,000047500,036.50,22.30,058.82,0
00096,000048000,036.50,22.30,058.95,0
00097,000048500,037.00,22.31,037.58,0
00098,000049000,037.25,22.31,046.96,0
00099,000049500,037.50,22.31,046.34,0
00100,000050000,037.50,22.31,056.46,0
00101,000050500,037.75,22.31,045.83,0
00102,000051000,038.25,22.31,034.45,0
00103,000051500,038.00,22.30,065.32,0
00104,000052000,038.00,22.30,055.44,0
00105,000052500,038.50,22.30,034.05,0
00106,000053000,039.00,22.31,032.66,0
00107,000053500,039.50,22.31,031.27,0
00108,000054000,039.50,22.31,051.38,0
00109,000054500,039.50,22.32,051.48,0
00110,000055000,040.00,22.31,030.08,0
00111,000055500,040.00,22.31,050.18,0
00112,000056000,040.00,22.31,050.28,0
00113,000056500,040.50,22.31,028.88,0
00114,000057000,040.25,22.31,059.72,0
00115,000057500,041.00,22.32,017.56,0
00116,000058000,041.00,22.32,047.65,0
00117,000058500,041.25,22.30,036.99,0
00118,000059000,041.25,22.31,047.08,0
00119,000059500,041.75,22.30,025.66,0
00120,000060000,041.75,22.30,045.74,0
00121,000060500,042.00,22.31,035.07,0
00122,000061000,042.50,22.32,023.65,0
00123,000061500,042.50,22.32,043.72,0
00124,000062000,042.75,22.31,033.05,0
00125,000062500,043.00,22.30,032.37,0
00126,000063000,043.50,22.30,020.93,0
00127,000063500,043.50,22.30,041.00,0
00128,000064000,043.25,22.30,051.81,0
00129,000064500,043.75,22.30,020.38,0
00130,000065000,043.25,22.30,061.94,0
00131,000065500,043.25,22.30,042.01,0
00132,000066000,044.25,22.31,000.00,0
00133,000066500,044.75,22.30,017.62,0
00134,000067000,044.75,22.31,037.67,0
00135,000067500,044.75,22.31,037.73,0
00136,000068000,045.00,22.30,027.03,0
00137,000068500,045.25,22.30,026.32,0
00138,000069000,045.75,22.30,014.87,0
00139,000069500,045.75,22.30,034.91,0
00140,000070000,046.25,22.30,013.45,0
00141,000070500,046.50,22.29,022.73,0
00142,000071000,046.75,22.30,022.01,0
00143,000071500,046.75,22.30,032.05,0
00144,000072000,047.25,22.30,010.57,0
00145,000072500,047.50,22.30,019.85,0
00146,000073000,047.75,22.30,019.12,0
00147,000073500,047.75,22.30,029.14,0
00148,000074000,048.00,22.29,018.41,0
00149,000074500,048.25,22.29,017.68,0
00150,000075000,048.50,22.31,016.95,0
00151,000075500,048.50,22.31,026.96,0
00152,000076000,049.00,22.29,005.47,0
00153,000076500,049.25,22.31,014.73,0
00154,000077000,049.25,22.31,024.73,0
00155,000077500,049.25,22.30,024.74,0
00156,000078000,049.50,22.30,014.00,0
00157,000078500,049.75,22.31,013.25,0
00158,000079000,049.75,22.31,023.25,0
00159,000079500,050.25,22.30,001.75,0
00160,000080000,050.25,22.30,021.75,0
00161,000080500,050.75,22.30,000.24,0
00162,000081000,050.75,22.30,020.23,0
00163,000081500,050.75,22.30,020.23,0
00164,000082000,051.50,22.31,000.00,0
00165,000082500,051.25,22.30,028.70,0
00166,000083000,051.25,22.30,018.68,0
00167,000083500,051.75,22.29,000.00,0
00168,000084000,052.00,22.31,006.40,0
00169,000084500,052.00,22.30,016.38,0
00170,000085000,052.00,22.30,016.36,0
00171,000085500,052.25,22.31,005.59,0
00172,000086000,053.00,22.30,000.00,0
00173,000086500,053.25,22.31,002.52,0
00174,000087000,053.25,22.31,012.49,0
00175,000087500,053.25,22.30,012.46,0
00176,000088000,053.75,22.30,000.00,0
00177,000088500,053.50,22.30,021.64,0
00178,000089000,053.50,22.30,011.60,0
00179,000089500,054.25,22.31,000.00,0
00180,000090000,054.25,22.30,009.27,0
00181,000090500,054.50,22.30,000.00,0
00182,000091000,054.50,22.30,008.43,0
00183,000091500,054.75,22.29,000.00,0
00184,000092000,055.25,22.30,000.00,0
00185,000092500,055.25,22.30,006.02,0
00186,000093000,055.25,22.30,005.97,0
00187,000093500,055.25,22.31,005.92,0
00188,000094000,055.75,22.30,000.00,0
00189,000094500,055.75,22.30,004.30,0
00190,000095000,056.00,22.31,000.00,0
00191,000095500,056.25,22.31,000.00,0
00192,000096000,056.00,22.32,013.37,0
00193,000096500,056.00,22.32,003.31,0
00194,000097000,056.25,22.30,000.00,0
00195,000097500,057.00,22.31,000.00,0
00196,000098000,057.25,22.31,000.00,0
00197,000098500,057.25,22.31,000.00,0
00198,000099000,056.50,22.30,031.47,0
00199,000099500,057.75,22.31,000.00,0
00200,000100000,057.75,22.31,000.00,0
00201,000100500,057.75,22.31,000.00,0
00202,000101000,057.75,22.30,000.00,0
00203,000101500,058.00,22.31,000.00,0
00204,000102000,058.50,22.31,000.00,0
00205,000102500,058.50,22.31,000.00,0
00206,000103000,058.25,22.31,005.57,0
00207,000103500,059.00,22.31,000.00,0
00208,000104000,059.00,22.31,000.00,0
00209,000104500,059.00,22.31,000.00,0
00210,000105000,059.25,22.31,000.00,0
00211,000105500,058.75,22.32,013.62,0
00212,000106000,059.25,22.32,000.00,0
00213,000106500,059.25,22.32,000.00,0
00214,000107000,059.75,22.32,000.00,0
00215,000107500,060.00,22.32,000.00,0
00216,000108000,059.50,22.32,010.90,0
00217,000108500,059.50,22.32,000.00,0
00218,000109000,059.75,22.31,000.00,0
00219,000109500,060.00,22.32,000.00,0
00220,000110000,060.00,22.32,000.00,0
00221,000110500,060.25,22.31,000.00,0
00222,000111000,060.50,22.31,000.00,0
00223,000111500,060.75,22.32,000.00,0
00224,000112000,060.75,22.32,000.00,0
00225,000112500,060.25,22.31,007.73,0
00226,000113000,060.25,22.32,000.00,0
00227,000113500,061.00,22.32,000.00,0
00228,000114000,061.00,22.32,000.00,0
00229,000114500,061.25,22.32,000.00,0
00230,000115000,061.50,22.31,000.00,0
00231,000115500,061.25,22.31,000.00,0
00232,000116000,061.25,22.31,000.00,0
00233,000116500,061.75,22.32,000.00,0
00234,000117000,061.75,22.32,000.00,0
00235,000117500,062.00,22.32,000.00,0
00236,000118000,062.00,22.32,000.00,0
00237,000118500,062.00,22.31,000.00,0
00238,000119000,062.25,22.32,000.00,0
00239,000119500,062.25,22.32,000.00,0
00240,000120000,062.25,22.32,000.00,0
00241,000120500,062.25,22.32,000.00,0
00242,000121000,062.50,22.31,000.00,0
00243,000121500,062.75,22.31,000.00,0
00244,000122000,062.75,22.31,000.00,0
00245,000122500,062.25,22.30,000.00,0
00246,000123000,062.75,22.31,000.00,0
00247,000123500,063.00,22.31,000.00,0
00248,000124000,063.00,22.31,000.00,0
00249,000124500,063.00,22.31,000.00,0
00250,000125000,063.00,22.31,000.00,0
00251,000125500,063.00,22.31,000.00,0
00252,000126000,062.50,22.32,000.00,0
00253,000126500,063.00,22.32,000.00,0
00254,000127000,063.25,22.31,000.00,0
00255,000127500,063.25,22.31,000.00,0
00256,000128000,063.50,22.31,000.00,0
00257,000128500,063.50,22.31,000.00,0
00258,000129000,063.75,22.32,000.00,0
00259,000129500,063.75,22.32,000.00,0
00260,000130000,063.75,22.31,000.00,0
00261,000130500,063.75,22.31,000.00,0
00262,000131000,064.25,22.31,000.00,0
00263,000131500,064.25,22.31,000.00,0
00264,000132000,063.25,22.32,013.83,0
00265,000132500,064.25,22.31,000.00,0
00266,000133000,064.25,22.31,000.00,0
00267,000133500,064.25,22.31,000.00,0
00268,000134000,064.50,22.31,000.00,0
00269,000134500,064.25,22.31,000.00,0
00270,000135000,064.50,22.32,000.00,0
00271,000135500,064.50,22.32,000.00,0
00272,000136000,064.75,22.32,000.00,0
00273,000136500,064.25,22.31,000.00,0
00274,000137000,064.50,22.31,000.00,0
00275,000137500,064.50,22.31,000.00,0
00276,000138000,065.00,22.31,000.00,0
00277,000138500,065.00,22.31,000.00,0
00278,000139000,065.25,22.31,000.00,0
00279,000139500,065.25,22.31,000.00,0
00280,000140000,065.00,22.32,000.00,0
00281,000140500,064.75,22.31,000.00,0
00282,000141000,065.50,22.32,000.00,0
00283,000141500,065.50,22.32,000.00,0
00284,000142000,065.25,22.32,000.00,0
00285,000142500,065.25,22.32,000.00,0
00286,000143000,065.25,22.32,000.00,0
00287,000143500,065.75,22.32,000.00,0
00288,000144000,065.75,22.31,000.00,0
00289,000144500,065.75,22.31,000.00,0
00290,000145000,065.75,22.31,000.00,0
00291,000145500,066.00,22.31,000.00,0
00292,000146000,065.75,22.31,000.00,0
00293,000146500,066.00,22.31,000.00,0
00294,000147000,066.00,22.31,000.00,0
00295,000147500,066.00,22.32,000.00,0
00296,000148000,065.50,22.32,000.00,0
00297,000148500,066.00,22.32,000.00,0
00298,000149000,066.00,22.32,000.00,0
00299,000149500,066.00,22.32,000.00,0
00300,000150000,066.00,22.31,000.00,0
00301,000150500,066.00,22.32,000.00,0
00302,000151000,066.00,22.32,000.00,0
00303,000151500,066.00,22.32,000.00,0
00304,000152000,066.00,22.32,000.00,0
00305,000152500,066.00,22.32,000.00,0
00306,000153000,066.00,22.32,000.00,0
00307,000153500,066.50,22.33,000.00,0
00308,000154000,066.00,22.33,000.00,0
00309,000154500,066.00,22.33,000.00,0
00310,000155000,066.00,22.33,000.00,0
00311,000155500,066.00,22.33,000.00,0
00312,000156000,066.75,22.32,000.00,0
00313,000156500,066.50,22.32,000.00,0
00314,000157000,066.50,22.32,000.00,0
00315,000157500,066.75,22.33,000.00,0
00316,000158000,066.75,22.31,000.00,0
00317,000158500,066.75,22.31,000.00,0
00318,000159000,067.00,22.32,000.00,0
00319,000159500,066.75,22.32,000.00,0
00320,000160000,067.00,22.33,000.00,0
00321,000160500,067.00,22.33,000.00,0
00322,000161000,067.00,22.33,000.00,0
00323,000161500,067.25,22.32,000.00,0
00324,000162000,067.00,22.32,000.00,0
00325,000162500,067.00,22.32,000.00,0
00326,000163000,067.00,22.31,000.00,0
00327,000163500,067.25,22.31,000.00,0
00328,000164000,067.00,22.32,000.00,0
00329,000164500,067.00,22.32,000.00,0
00330,000165000,067.00,22.32,000.00,0
00331,000165500,067.25,22.32,000.00,0
00332,000166000,067.25,22.32,000.00,0
00333,000166500,067.25,22.32,000.00,0
00334,000167000,067.25,22.32,000.00,0
00335,000167500,066.75,22.32,000.00,0
00336,000168000,067.25,22.32,000.00,0
00337,000168500,067.25,22.32,000.00,0
00338,000169000,067.25,22.32,000.00,0
00339,000169500,067.25,22.33,000.00,0
00340,000170000,067.50,22.33,000.00,0
00341,000170500,067.50,22.33,000.00,0
00342,000171000,067.50,22.32,000.00,0
00343,000171500,067.50,22.32,000.00,0
00344,000172000,067.75,22.32,000.00,0
00345,000172500,067.75,22.32,000.00,0
00346,000173000,067.75,22.32,000.00,0
00347,000173500,067.75,22.33,000.00,0
00348,000174000,067.75,22.33,000.00,0
00349,000174500,067.25,22.32,000.00,0
00350,000175000,068.00,22.32,000.00,0
00351,000175500,067.75,22.33,000.00,0
00352,000176000,067.75,22.33,000.00,0
00353,000176500,067.75,22.32,000.00,0
00354,000177000,067.25,22.33,000.00,0
00355,000177500,067.75,22.32,000.00,0
00356,000178000,067.75,22.32,000.00,0
00357,000178500,067.75,22.33,000.00,0
00358,000179000,067.50,22.33,000.00,0
00359,000179500,068.00,22.33,000.00,0
00360,000180000,068.00,22.33,000.00,0
00361,000180500,068.00,22.32,000.00,0
00362,000181000,068.00,22.32,000.00,0
00363,000181500,067.50,22.33,000.00,0
00364,000182000,067.50,22.33,000.00,0
00365,000182500,068.00,22.32,000.00,0
00366,000183000,068.00,22.32,000.00,0
00367,000183500,068.00,22.32,000.00,0
00368,000184000,068.00,22.32,000.00,0
00369,000184500,068.00,22.32,000.00,0
00370,000185000,068.00,22.33,000.00,0
00371,000185500,067.75,22.32,000.00,0
00372,000186000,067.75,22.32,000.00,0
00373,000186500,068.00,22.33,000.00,0
00374,000187000,068.00,22.33,000.00,0
00375,000187500,068.00,22.33,000.00,0
00376,000188000,068.00,22.33,000.00,0
00377,000188500,068.00,22.33,000.00,0
00378,000189000,068.00,22.32,000.00,0
00379,000189500,068.25,22.32,000.00,0
00380,000190000,068.25,22.32,000.00,0
00381,000190500,067.75,22.32,000.00,0
00382,000191000,068.00,22.33,000.00,0
00383,000191500,068.00,22.33,000.00,0
00384,000192000,068.25,22.32,000.00,0
00385,000192500,067.75,22.32,000.00,0
00386,000193000,067.50,22.33,000.00,0
00387,000193500,067.50,22.33,000.00,0
00388,000194000,068.00,22.32,000.00,0
00389,000194500,068.00,22.32,000.00,0
00390,000195000,068.25,22.32,000.00,0
00391,000195500,068.25,22.32,000.00,0
00392,000196000,068.25,22.32,000.00,0
00393,000196500,068.00,22.32,000.00,0
00394,000197000,067.75,22.32,000.00,0
00395,000197500,067.75,22.32,000.00,0
00396,000198000,068.25,22.33,000.00,0
00397,000198500,067.75,22.32,000.00,0
00398,000199000,068.25,22.32,000.00,0
00399,000199500,068.25,22.32,000.00,0
00400,000200000,068.00,22.33,000.00,0
00401,000200500,068.00,22.33,000.00,0
00402,000201000,068.25,22.31,000.00,0
00403,000201500,068.25,22.31,000.00,0
00404,000202000,068.25,22.32,000.00,0
00405,000202500,068.50,22.33,000.00,0
00406,000203000,068.25,22.33,000.00,0
00407,000203500,068.25,22.33,000.00,0
00408,000204000,068.00,22.33,000.00,0
00409,000204500,067.75,22.33,000.00,0
00410,000205000,068.00,22.33,000.00,0
00411,000205500,068.00,22.33,000.00,0
00412,000206000,068.00,22.31,000.00,0
00413,000206500,068.00,22.32,000.00,0
00414,000207000,068.00,22.32,000.00,0
00415,000207500,068.25,22.31,000.00,0
00416,000208000,068.25,22.32,000.00,0
00417,000208500,067.75,22.33,001.76,0
00418,000209000,067.75,22.33,000.00,0
00419,000209500,068.00,22.32,000.00,0
00420,000210000,068.25,22.33,000.00,0
00421,000210500,067.75,22.32,004.04,0
00422,000211000,067.75,22.32,000.00,0
00423,000211500,068.25,22.32,000.00,0
00424,000212000,068.25,22.32,000.00,0
00425,000212500,068.00,22.32,000.00,0
00426,000213000,068.00,22.32,000.00,0
00427,000213500,068.25,22.32,000.00,0
00428,000214000,068.25,22.32,000.00,0
00429,000214500,068.25,22.32,000.00,0
00430,000215000,068.25,22.32,000.00,0
00431,000215500,068.25,22.32,000.00,0
00432,000216000,067.75,22.32,010.45,0
00433,000216500,067.75,22.32,000.00,0
00434,000217000,067.75,22.32,000.00,0
00435,000217500,068.25,22.32,000.00,0
00436,000218000,068.25,22.32,000.00,0
00437,000218500,068.00,22.33,002.71,0
00438,000219000,068.00,22.33,000.00,0
00439,000219500,068.25,22.32,000.00,0
00440,000220000,068.00,22.33,004.54,0
00441,000220500,068.00,22.33,000.00,0
00442,000221000,068.00,22.33,000.00,0
00443,000221500,068.00,22.32,000.00,0
00444,000222000,068.25,22.32,000.00,0
00445,000222500,068.25,22.32,000.00,0
00446,000223000,068.00,22.33,008.24,0
00447,000223500,068.00,22.33,000.00,0
00448,000224000,068.25,22.33,000.00,0
00449,000224500,068.25,22.33,000.00,0
00450,000225000,067.75,22.31,021.51,0
00451,000225500,068.00,22.33,000.00,0
00452,000226000,068.00,22.33,002.03,0
00453,000226500,068.00,22.33,002.67,0
00454,000227000,068.00,22.32,003.31,0
00455,000227500,068.00,22.32,003.95,0
00456,000228000,068.00,22.33,004.60,0
00457,000228500,068.00,22.33,005.25,0
00458,000229000,068.25,22.32,000.00,0
00459,000229500,068.00,22.32,016.54,0
00460,000230000,068.25,22.33,000.00,0
00461,000230500,068.25,22.33,007.10,0
00462,000231000,067.50,22.32,040.01,0
00463,000231500,067.75,22.32,000.00,0
00464,000232000,068.25,22.32,000.00,0
00465,000232500,068.25,22.32,009.74,0
00466,000233000,068.25,22.33,010.41,0
00467,000233500,067.75,22.32,032.58,0
00468,000234000,068.00,22.32,002.50,0
00469,000234500,068.00,22.32,013.17,0
00470,000235000,068.25,22.32,003.09,0
00471,000235500,067.75,22.32,035.27,0
00472,000236000,068.00,22.32,005.20,0
00473,000236500,068.00,22.32,015.88,0
00474,000237000,067.50,22.33,038.06,0
00475,000237500,068.25,22.32,000.00,0
00476,000238000,068.00,22.32,027.93,0
00477,000238500,068.00,22.32,018.62,0
00478,000239000,067.75,22.32,030.07,0
00479,000239500,068.00,22.32,010.01,0
00480,000240000,068.00,22.32,020.70,0
00481,000240500,067.50,22.33,044.70,0
00482,000241000,068.00,22.32,004.02,0
00483,000241500,068.00,22.33,024.85,0
00484,000242000,068.00,22.33,025.68,0
00485,000242500,068.00,22.32,026.51,0
00486,000243000,067.50,22.33,048.85,0
00487,000243500,067.00,22.32,051.20,0
00488,000244000,067.00,22.32,032.05,0
00489,000244500,068.00,22.32,000.00,0
00490,000245000,068.00,22.32,030.74,0
00491,000245500,068.00,22.32,031.59,0
00492,000246000,068.00,22.32,032.44,0
00493,000246500,068.25,22.32,022.54,0
00494,000247000,068.00,22.32,044.14,0
00495,000247500,068.25,22.32,024.25,0
00496,000248000,068.25,22.32,035.10,0
00497,000248500,068.25,22.32,035.96,0
00498,000249000,068.00,22.33,047.58,0
00499,000249500,067.50,22.32,059.95,0
00500,000250000,067.50,22.32,040.83,0
00501,000250500,068.00,22.32,020.20,0
00502,000251000,068.00,22.32,041.07,0
00503,000251500,067.75,22.32,052.70,0
00504,000252000,067.75,22.32,043.59,0
00505,000252500,067.75,22.33,044.47,0
00506,000253000,067.75,22.32,045.36,0
00507,000253500,068.25,22.32,024.74,0
00508,000254000,068.25,22.32,045.63,0
00509,000254500,068.25,22.32,046.52,0
00510,000255000,068.50,22.32,036.66,0
00511,000255500,068.50,22.32,047.55,0
00512,000256000,068.25,22.32,059.20,0
00513,000256500,068.25,22.33,050.10,0
00514,000257000,068.50,22.32,040.25,0
00515,000257500,068.50,22.32,051.15,0
00516,000258000,068.25,22.32,062.81,0
00517,000258500,068.25,22.32,053.72,0
00518,000259000,068.25,22.32,054.63,0
00519,000259500,068.25,22.32,055.55,0
00520,000260000,068.75,22.32,034.96,0
00521,000260500,068.50,22.32,066.63,0
00522,000261000,068.75,22.32,046.80,0
00523,000261500,068.75,22.32,057.72,0
00524,000262000,069.00,22.33,047.88,0
00525,000262500,069.00,22.32,058.81,0
00526,000263000,069.00,22.33,059.73,0
00527,000263500,069.00,22.33,060.66,0
00528,000264000,069.25,22.32,050.84,0
00529,000264500,069.50,22.32,051.02,0
00530,000265000,069.50,22.32,061.95,0
00531,000265500,069.50,22.32,062.88,0
00532,000266000,069.25,22.32,074.56,0
00533,000266500,069.25,22.32,065.50,0
00534,000267000,069.00,22.32,077.20,0
00535,000267500,069.00,22.32,068.15,0
00536,000268000,069.75,22.33,036.84,0
00537,000268500,069.75,22.32,067.78,0
00538,000269000,070.00,22.32,057.98,0
00539,000269500,070.00,22.32,068.93,0
00540,000270000,070.00,22.32,069.88,0
00541,000270500,070.25,22.32,060.08,0
00542,000271000,070.25,22.32,071.03,0
00543,000271500,070.25,22.32,071.98,0
00544,000272000,070.50,22.32,062.19,0
00545,000272500,070.75,22.32,062.40,0
00546,000273000,070.75,22.32,073.35,0
00547,000273500,070.75,22.32,074.31,0
00548,000274000,071.00,22.32,064.52,0
00549,000274500,070.75,22.31,086.24,0
00550,000275000,070.75,22.31,077.20,0
00551,000275500,070.50,22.32,088.93,0
00552,000276000,071.25,22.32,047.64,0
00553,000276500,071.25,22.32,078.61,0
00554,000277000,071.25,22.32,079.59,0
00555,000277500,071.75,22.31,059.06,0
00556,000278000,071.75,22.32,080.03,0
00557,000278500,072.00,22.32,070.25,0
00558,000279000,072.00,22.32,081.23,0
00559,000279500,072.00,22.31,082.20,0
00560,000280000,072.50,22.32,061.68,0
00561,000280500,072.50,22.32,082.66,0
00562,000281000,072.50,22.32,083.64,0
00563,000281500,072.75,22.31,073.87,0
00564,000282000,073.00,22.32,074.10,0
00565,000282500,073.25,22.31,074.33,0
00566,000283000,073.25,22.31,085.31,0
00567,000283500,073.50,22.31,075.54,0
00568,000284000,073.75,22.32,075.78,0
00569,000284500,074.00,22.31,076.01,0
00570,000285000,074.00,22.31,086.99,0
00571,000285500,074.00,22.31,087.98,0
00572,000286000,074.50,22.32,067.47,0
00573,000286500,074.75,22.32,077.70,0
00574,000287000,074.75,22.32,088.69,0
00575,000287500,075.00,22.31,078.92,0
00576,000288000,075.25,22.32,079.16,0
00577,000288500,075.25,22.32,090.15,0
00578,000289000,075.25,22.31,091.14,0
00579,000289500,075.75,22.32,070.64,0
00580,000290000,076.50,22.31,059.37,0
00581,000290500,076.50,22.31,090.36,0
00582,000291000,077.00,22.31,069.84,0
00583,000291500,077.00,22.31,090.83,0
00584,000292000,077.50,22.31,070.31,0
00585,000292500,077.50,22.31,091.30,0
00586,000293000,077.50,22.32,092.29,0
00587,000293500,077.75,22.31,082.53,0
00588,000294000,078.50,22.31,061.27,0
00589,000294500,078.50,22.31,092.25,0
00590,000295000,078.50,22.31,093.25,0
00591,000295500,078.75,22.31,083.48,0
00592,000296000,079.00,22.31,083.72,0
00593,000296500,079.00,22.31,094.72,0
00594,000297000,079.00,22.32,095.71,0
00595,000297500,080.00,22.32,053.70,0
00596,000298000,080.50,22.32,073.19,0
00597,000298500,080.50,22.32,094.17,0
00598,000299000,080.75,22.32,084.41,0
00599,000299500,081.25,22.32,073.89,0
00600,000300000,081.50,22.32,084.13,0
00601,000300500,081.50,22.32,096.91,0
00602,000301000,081.75,22.32,087.27,0
00603,000301500,082.50,22.32,066.13,0
00604,000302000,082.25,22.32,100.00,0
00605,000302500,082.25,22.32,099.11,0
00606,000303000,083.50,22.32,046.47,0
00607,000303500,083.75,85.00,086.83,0
00608,000304000,083.75,85.00,097.94,0
00609,000304500,084.25,85.00,077.55,0
00610,000305000,084.75,22.31,077.15,0
00611,000305500,085.25,22.31,076.76,0
00612,000306000,085.25,22.31,097.87,0
00613,000306500,085.25,22.33,098.98,0
00614,000307000,086.00,22.32,067.83,0
00615,000307500,086.50,22.32,077.44,0
00616,000308000,086.50,22.32,098.54,0
00617,000308500,087.00,22.32,078.15,0
00618,000309000,087.25,22.33,088.50,0
00619,000309500,088.25,22.32,056.60,0
00620,000310000,088.25,22.32,097.70,0
00621,000310500,088.25,22.32,098.81,0
00622,000311000,088.75,22.32,078.41,0
00623,000311500,089.50,22.32,067.25,0
00624,000312000,089.50,22.32,098.35,0
00625,000312500,090.25,22.32,067.20,0
00626,000313000,089.75,22.33,100.00,0
00627,000313500,091.50,22.32,025.64,0
00628,000314000,091.50,22.32,096.73,0
00629,000314500,091.25,22.33,100.00,0
00630,000315000,092.50,22.32,045.92,0
00631,000315500,092.75,22.31,086.26,0
00632,000316000,092.75,22.31,097.35,0
00633,000316500,093.75,22.31,055.43,0
00634,000317000,094.00,22.32,085.76,0
00635,000317500,094.75,22.32,064.59,0
00636,000318000,094.75,22.32,095.68,0
00637,000318500,095.25,22.32,075.26,0
00638,000319000,096.00,22.32,064.08,0
00639,000319500,096.00,22.32,095.16,0
00640,000320000,096.25,22.33,085.49,0
00641,000320500,097.25,22.32,053.56,0
00642,000321000,097.25,22.31,094.64,0
00643,000321500,097.25,22.31,095.72,0
00644,000322000,098.25,22.32,053.79,0
00645,000322500,099.00,22.32,062.60,0
00646,000323000,098.75,22.32,100.00,0
00647,000323500,098.75,22.32,095.50,0
00648,000324000,100.00,22.32,042.81,0
00649,000324500,100.50,22.32,072.38,0
00650,000325000,101.50,22.31,050.43,0
00651,000325500,101.50,22.31,091.49,0
00652,000326000,102.00,22.31,071.05,0
00653,000326500,102.50,22.32,070.60,0
00654,000327000,103.25,22.32,059.40,0
00655,000327500,103.25,22.32,090.46,0
00656,000328000,104.00,22.32,059.25,0
00657,000328500,104.50,22.32,068.80,0
00658,000329000,105.25,22.32,057.59,0
00659,000329500,105.25,22.32,088.64,0
00660,000330000,106.00,22.33,057.43,0
00661,000330500,106.75,22.32,056.21,0
00662,000331000,107.25,22.33,065.75,0
00663,000331500,107.25,22.33,086.78,0
00664,000332000,108.00,22.32,055.56,0
00665,000332500,108.00,22.33,086.60,0
00666,000333000,108.75,22.32,055.38,0
00667,000333500,108.75,22.32,086.41,0
00668,000334000,110.00,22.32,033.68,0
00669,000334500,110.50,22.33,063.21,0
00670,000335000,111.25,22.32,051.97,0
00671,000335500,111.25,22.32,082.99,0
00672,000336000,111.75,22.33,062.51,0
00673,000336500,112.50,22.32,051.27,0
00674,000337000,112.50,22.32,082.29,0
00675,000337500,112.50,22.32,083.31,0
00676,000338000,113.50,22.32,041.32,0
00677,000338500,114.25,22.32,050.08,0
00678,000339000,114.25,22.32,081.09,0
00679,000339500,115.00,22.32,049.84,0
00680,000340000,115.75,22.33,048.59,0
00681,000340500,116.25,22.33,058.09,0
00682,000341000,116.25,22.33,079.09,0
00683,000341500,117.00,22.32,047.84,0
00684,000342000,117.25,22.33,068.09,0
00685,000342500,118.00,22.32,046.83,0
00686,000343000,118.00,22.32,077.83,0
00687,000343500,118.75,22.32,046.57,0
00688,000344000,119.50,22.33,045.30,0
00689,000344500,119.50,22.33,076.29,0
00690,000345000,119.50,22.33,077.29,0
00691,000345500,120.75,22.33,024.52,0
00692,000346000,121.25,22.32,054.00,0
00693,000346500,121.25,22.33,074.98,0
00694,000347000,121.25,22.33,075.97,0
00695,000347500,122.50,22.33,023.20,0
00696,000348000,122.75,22.33,063.42,0
00697,000348500,123.25,22.33,052.90,0
00698,000349000,123.25,22.33,073.88,0
00699,000349500,124.00,22.33,042.60,0
00700,000350000,124.50,22.32,052.07,0
00701,000350500,125.25,22.33,040.79,0
00702,000351000,125.25,22.33,071.76,0
00703,000351500,126.00,22.33,040.48,0
00704,000352000,126.00,22.33,071.44,0
00705,000352500,126.00,22.33,072.42,0
00706,000353000,126.75,22.32,041.13,0
00707,000353500,127.50,22.33,039.84,0
00708,000354000,128.25,22.33,038.55,0
00709,000354500,128.25,22.33,069.51,0
00710,000355000,128.75,22.33,048.97,0
00711,000355500,129.50,22.33,037.67,0
00712,000356000,130.00,22.33,047.13,0
00713,000356500,130.00,22.33,068.08,0
00714,000357000,130.50,22.32,047.53,0
00715,000357500,130.75,22.32,057.74,0
00716,000358000,131.25,22.32,047.19,0
00717,000358500,131.25,22.32,068.14,0
00718,000359000,132.00,22.33,036.84,0
00719,000359500,132.25,22.33,057.04,0
00720,000360000,132.75,22.33,046.49,0
00721,000360500,132.75,22.33,062.06,0
00722,000361000,133.25,22.33,041.13,0
00723,000361500,133.75,22.32,040.20,0
00724,000362000,134.25,22.33,039.26,0
00725,000362500,134.25,22.33,059.83,0
00726,000363000,134.75,22.34,038.89,0
00727,000363500,135.00,22.32,048.70,0
00728,000364000,135.75,22.34,027.01,0
00729,000364500,135.75,22.34,057.57,0
00730,000365000,136.00,22.33,047.37,0
00731,000365500,136.75,22.33,025.67,0
00732,000366000,137.25,22.33,034.72,0
00733,000366500,137.25,22.33,055.27,0
00734,000367000,137.75,22.33,034.32,0
00735,000367500,138.00,22.33,044.11,0
00736,000368000,138.00,22.33,054.66,0
00737,000368500,138.50,22.33,033.70,0
00738,000369000,139.00,22.33,032.74,0
00739,000369500,139.50,22.33,031.78,0
00740,000370000,139.50,22.33,052.32,0
00741,000370500,139.75,22.33,042.10,0
00742,000371000,140.00,22.33,041.89,0
00743,000371500,140.50,22.33,030.92,0
00744,000372000,140.50,22.33,051.46,0
00745,000372500,140.75,22.33,041.24,0
00746,000373000,141.00,22.33,041.03,0
00747,000373500,141.75,22.33,019.30,0
00748,000374000,141.75,22.33,049.83,0
00749,000374500,142.25,22.34,028.86,0
00750,000375000,142.75,22.33,027.88,0
00751,000375500,143.00,22.34,037.65,0
00752,000376000,143.00,22.34,048.18,0
00753,000376500,143.25,22.33,037.95,0
00754,000377000,143.25,22.33,048.47,0
00755,000377500,144.25,22.34,005.99,0
00756,000378000,144.25,22.34,046.51,0
00757,000378500,143.75,22.34,068.53,0
00758,000379000,145.00,22.34,000.00,0
00759,000379500,145.50,22.34,024.30,0
00760,000380000,145.50,22.34,044.82,0
00761,000380500,145.75,22.33,034.58,0
00762,000381000,145.75,22.34,045.09,0
00763,000381500,146.25,22.34,024.10,0
00764,000382000,146.25,22.34,044.61,0
00765,000382500,146.25,22.34,045.12,0
00766,000383000,146.75,22.34,024.13,0
00767,000383500,147.25,22.34,023.14,0
00768,000384000,147.25,22.34,043.64,0
00769,000384500,147.75,22.34,022.65,0
00770,000385000,148.25,22.34,021.65,0
00771,000385500,148.25,22.34,042.15,0
00772,000386000,148.25,22.34,042.66,0
00773,000386500,149.00,22.35,010.90,0
00774,000387000,149.25,22.33,030.65,0
00775,000387500,149.25,22.33,041.15,0
00776,000388000,149.50,22.34,030.90,0
00777,000388500,149.75,22.34,030.65,0
00778,000389000,149.75,22.34,041.15,0
00779,000389500,149.75,22.34,041.65,0
00780,000390000,150.25,22.35,020.64,0
00781,000390500,150.75,22.34,019.64,0
00782,000391000,150.75,22.35,040.13,0
00783,000391500,150.75,22.35,040.63,0
00784,000392000,151.25,22.35,019.63,0
00785,000392500,151.00,22.35,050.87,0
00786,000393000,151.75,22.34,009.12,0
00787,000393500,151.75,22.34,039.61,0
00788,000394000,151.75,22.34,040.11,0
00789,000394500,152.50,22.34,008.35,0
00790,000395000,152.75,22.35,028.09,0
00791,000395500,152.75,22.35,038.58,0
00792,000396000,153.00,22.34,028.32,0
00793,000396500,153.25,22.35,028.06,0
00794,000397000,153.25,22.35,038.55,0
00795,000397500,153.25,22.35,039.04,0
00796,000398000,153.75,22.35,018.03,0
00797,000398500,153.50,22.35,049.27,0
00798,000399000,154.00,22.35,018.26,0
00799,000399500,154.00,22.35,038.75,0
00800,000400000,154.25,22.34,028.49,0
00801,000400500,154.50,22.34,028.23,0
00802,000401000,154.50,22.34,038.73,0
00803,000401500,155.00,22.34,017.71,0
00804,000402000,154.50,22.34,059.71,0
00805,000402500,155.25,22.35,007.95,0
00806,000403000,155.25,22.35,038.44,0
00807,000403500,155.50,22.34,028.18,0
00808,000404000,155.75,22.34,027.92,0
00809,000404500,156.25,22.36,016.90,0
00810,000405000,156.25,22.36,037.39,0
00811,000405500,156.25,22.35,037.88,0
00812,000406000,156.50,22.34,027.62,0
00813,000406500,156.75,22.34,027.36,0
00814,000407000,156.75,22.34,037.85,0
00815,000407500,156.75,22.35,038.34,0
00816,000408000,157.00,22.35,028.08,0
00817,000408500,157.25,22.34,027.82,0
00818,000409000,157.25,22.34,038.31,0
00819,000409500,157.50,22.34,028.05,0
00820,000410000,157.50,22.35,038.54,0
00821,000410500,157.75,22.35,028.28,0
00822,000411000,157.75,22.35,038.77,0
00823,000411500,157.75,22.35,039.27,0
00824,000412000,157.75,22.35,039.76,0
00825,000412500,158.25,22.35,018.75,0
00826,000413000,158.25,22.35,039.25,0
00827,000413500,158.25,22.34,039.74,0
00828,000414000,158.75,22.36,018.74,0
00829,000414500,159.00,22.36,028.48,0
00830,000415000,159.00,22.36,038.97,0
00831,000415500,158.75,22.35,050.22,0
00832,000416000,159.00,22.35,029.97,0
00833,000416500,159.00,22.35,040.46,0
00834,000417000,159.50,22.35,019.46,0
00835,000417500,159.25,22.35,050.71,0
00836,000418000,159.50,22.34,030.46,0
00837,000418500,159.50,22.34,040.96,0
00838,000419000,159.75,22.35,030.71,0
00839,000419500,160.00,22.35,030.45,0
00840,000420000,160.25,22.35,030.20,0
00841,000420500,160.25,22.35,055.04,0
00842,000421000,160.50,22.35,045.79,0
00843,000421500,159.75,22.35,089.56,0
00844,000422000,160.75,22.35,018.07,0
00845,000422500,160.75,22.35,059.59,0
00846,000423000,161.00,22.36,050.36,0
00847,000423500,161.00,22.35,061.88,0
00848,000424000,161.50,22.35,041.91,0
00849,000424500,161.50,22.35,063.44,0
00850,000425000,161.25,22.34,075.73,0
00851,000425500,161.75,22.35,045.77,0
00852,000426000,161.75,22.35,067.31,0
00853,000426500,161.75,22.35,068.86,0
00854,000427000,161.75,22.35,070.41,0
00855,000427500,161.75,22.35,071.97,0
00856,000428000,162.00,22.34,062.77,0
00857,000428500,162.00,22.34,074.34,0
00858,000429000,162.25,22.35,065.16,0
00859,000429500,161.75,22.36,098.23,0
00860,000430000,162.25,22.35,058.31,0
00861,000430500,162.25,22.35,079.90,0
00862,000431000,162.50,22.35,070.73,0
00863,000431500,163.00,22.35,060.81,0
00864,000432000,163.25,22.34,071.65,0
00865,000432500,163.25,22.34,083.25,0
00866,000433000,163.25,22.35,084.84,0
00867,000433500,164.00,22.35,054.19,0
00868,000434000,164.00,22.35,085.79,0
00869,000434500,164.00,22.36,087.39,0
00870,000435000,164.25,22.35,078.25,0
00871,000435500,164.25,22.36,089.86,0
00872,000436000,164.25,22.36,091.48,0
00873,000436500,164.50,22.36,082.35,0
00874,000437000,164.75,22.36,083.22,0
00875,000437500,164.75,22.35,094.85,0
00876,000438000,164.75,22.35,096.48,0
00877,000438500,165.00,22.35,087.37,0
00878,000439000,165.50,22.36,077.50,0
00879,000439500,165.75,22.36,088.39,0
00880,000440000,165.75,22.36,100.00,0
00881,000440500,166.00,22.36,090.93,0
00882,000441000,166.75,22.36,070.32,0
00883,000441500,166.75,22.37,100.00,0
00884,000442000,166.75,22.37,100.00,0
00885,000442500,167.00,22.36,094.53,0
00886,000443000,167.00,22.36,100.00,0
00887,000443500,167.75,22.36,075.59,0
00888,000444000,167.75,22.36,100.00,0
00889,000444500,168.00,22.36,098.17,0
00890,000445000,168.25,22.37,099.09,0
00891,000445500,168.75,22.37,089.25,0
00892,000446000,168.75,22.37,100.00,0
00893,000446500,168.25,22.37,100.00,0
00894,000447000,169.50,22.37,062.03,0
00895,000447500,169.75,22.37,100.00,0
00896,000448000,169.75,22.37,100.00,0
00897,000448500,170.25,22.37,094.83,0
00898,000449000,170.25,22.36,100.00,0
00899,000449500,170.25,22.36,100.00,0
00900,000450000,170.75,22.36,098.40,0
00901,000450500,171.25,22.36,098.59,0
00902,000451000,171.75,22.36,098.78,0
00903,000451500,171.75,22.36,100.00,0
00904,000452000,172.00,22.36,100.00,0
00905,000452500,172.50,22.37,100.00,0
00906,000453000,173.25,22.37,091.08,0
00907,000453500,173.25,22.37,100.00,0
00908,000454000,173.50,22.37,100.00,0
00909,000454500,174.00,22.36,100.00,0
00910,000455000,174.00,22.37,100.00,0
00911,000455500,174.00,22.37,100.00,0
00912,000456000,174.75,22.37,096.83,0
00913,000456500,175.50,22.37,096.29,0
00914,000457000,176.00,22.37,100.00,0
00915,000457500,176.00,22.37,100.00,0
00916,000458000,176.50,22.37,100.00,0
00917,000458500,177.00,22.38,100.00,0
00918,000459000,178.00,22.37,087.36,0
00919,000459500,178.00,22.37,100.00,0
00920,000460000,178.00,22.37,100.00,0
00921,000460500,178.50,22.38,100.00,0
00922,000461000,179.00,22.38,100.00,0
00923,000461500,179.00,22.38,100.00,0
00924,000462000,179.50,22.37,100.00,0
00925,000462500,180.00,22.38,100.00,0
00926,000463000,180.75,22.37,100.00,0
00927,000463500,180.75,22.37,100.00,0
00928,000464000,181.75,22.37,093.33,0
00929,000464500,182.00,22.39,100.00,0
00930,000465000,182.00,22.39,100.00,0
00931,000465500,182.25,22.38,100.00,0
00932,000466000,182.50,22.38,100.00,0
00933,000466500,183.50,22.37,096.73,0
00934,000467000,183.50,22.37,100.00,0
00935,000467500,183.75,22.37,100.00,0
00936,000468000,184.25,22.37,100.00,0
00937,000468500,185.00,22.38,100.00,0
00938,000469000,185.00,22.38,100.00,0
00939,000469500,185.50,22.38,100.00,0
00940,000470000,185.75,22.38,100.00,0
00941,000470500,186.25,22.37,100.00,0
00942,000471000,186.25,22.37,100.00,0
00943,000471500,186.75,22.38,100.00,0
00944,000472000,187.00,22.37,100.00,0
00945,000472500,187.75,22.39,100.00,0
00946,000473000,187.75,22.39,100.00,0
00947,000473500,188.50,22.37,100.00,0
00948,000474000,189.00,22.38,100.00,0
00949,000474500,190.00,22.38,100.00,0
00950,000475000,190.00,22.38,100.00,0
00951,000475500,190.00,22.38,100.00,0
00952,000476000,191.00,22.38,100.00,0
00953,000476500,191.75,22.38,100.00,0
00954,000477000,191.75,22.38,100.00,0
00955,000477500,192.25,22.38,100.00,0
00956,000478000,192.25,22.37,100.00,0
00957,000478500,193.25,22.38,100.00,0
00958,000479000,193.25,22.38,100.00,0
00959,000479500,193.75,22.38,100.00,0
00960,000480000,194.75,22.38,100.00,0
00961,000480500,194.50,22.38,100.00,0
00962,000481000,194.50,22.38,100.00,0
00963,000481500,195.25,22.38,100.00,0
00964,000482000,195.50,22.39,100.00,0
00965,000482500,195.50,22.39,100.00,0
00966,000483000,196.25,22.39,100.00,0
00967,000483500,196.25,22.38,100.00,0
00968,000484000,197.75,22.38,100.00,0
00969,000484500,197.75,22.38,100.00,0
00970,000485000,198.25,22.38,100.00,0
00971,000485500,199.00,22.38,100.00,0
00972,000486000,199.50,22.39,100.00,0
00973,000486500,199.50,22.39,100.00,0
00974,000487000,200.00,22.39,100.00,0
00975,000487500,200.25,22.39,100.00,0
00976,000488000,201.00,22.39,100.00,0
00977,000488500,201.00,22.39,100.00,0
00978,000489000,202.00,22.39,100.00,0
00979,000489500,202.75,22.40,100.00,0
00980,000490000,203.25,22.40,100.00,0
00981,000490500,203.25,22.40,100.00,0
00982,000491000,203.75,22.40,100.00,0
00983,000491500,204.75,22.40,100.00,0
00984,000492000,205.25,22.39,100.00,0
00985,000492500,205.25,22.39,100.00,0
00986,000493000,205.50,22.39,100.00,0
00987,000493500,206.75,22.40,100.00,0
00988,000494000,206.75,22.39,100.00,0
00989,000494500,206.75,22.39,100.00,0
00990,000495000,208.00,22.39,100.00,0
00991,000495500,208.50,22.40,100.00,0
00992,000496000,209.00,22.39,100.00,0
00993,000496500,209.00,22.39,100.00,0
00994,000497000,209.75,22.39,100.00,0
00995,000497500,210.25,22.40,100.00,0
00996,000498000,210.25,22.40,100.00,0
00997,000498500,211.00,22.40,100.00,0
00998,000499000,211.00,22.40,100.00,0
00999,000499500,211.50,22.39,100.00,0
01000,000500000,211.50,22.39,100.00,0
01001,000500500,212.50,22.40,100.00,0
01002,000501000,213.50,22.40,100.00,0
01003,000501500,214.25,22.40,100.00,0
01004,000502000,214.25,22.40,100.00,0
01005,000502500,214.50,22.39,100.00,0
01006,000503000,215.50,22.40,100.00,0
01007,000503500,215.50,22.40,100.00,0
01008,000504000,215.50,22.40,100.00,0
01009,000504500,216.25,22.39,100.00,0
01010,000505000,217.25,22.40,100.00,0
01011,000505500,217.75,22.40,100.00,0
01012,000506000,217.75,22.40,100.00,0
01013,000506500,217.75,22.40,100.00,0
01014,000507000,218.50,22.40,100.00,0
01015,000507500,219.50,22.40,100.00,0
01016,000508000,219.50,22.40,100.00,0
01017,000508500,220.50,22.40,100.00,0
01018,000509000,221.25,22.40,100.00,0
01019,000509500,222.25,22.40,100.00,0
01020,000510000,222.25,22.40,100.00,0
01021,000510500,223.00,22.41,077.67,0
01022,000511000,223.00,22.40,100.00,0
01023,000511500,224.00,22.41,060.86,0
01024,000512000,224.00,22.41,098.94,0
01025,000512500,224.50,22.41,075.52,0
01026,000513000,225.25,22.40,061.32,0
01027,000513500,225.25,22.40,089.37,0
01028,000514000,225.50,22.40,076.66,0
01029,000514500,226.75,22.41,030.93,0
01030,000515000,227.25,22.41,057.44,0
01031,000515500,227.25,22.41,075.44,0
01032,000516000,227.75,22.41,051.92,0
01033,000516500,228.50,22.41,037.65,0
01034,000517000,229.25,22.41,033.36,0
01035,000517500,229.25,22.41,061.31,0
01036,000518000,229.50,22.41,048.50,0
01037,000518500,230.50,22.41,013.43,0
01038,000519000,231.00,22.41,029.84,0
01039,000519500,231.00,22.41,047.75,0
01040,000520000,231.75,22.41,013.39,0
01041,000520500,232.25,22.41,019.77,0
01042,000521000,232.50,22.42,026.89,0
01043,000521500,232.50,22.42,034.76,0
01044,000522000,232.25,22.41,043.37,0
01045,000522500,233.25,22.41,000.00,0
01046,000523000,233.00,22.41,036.80,0
01047,000523500,233.00,22.41,024.63,0
01048,000524000,233.25,22.42,011.70,0
01049,000524500,233.75,22.42,000.00,0
01050,000525000,234.50,22.42,000.00,0
01051,000525500,234.50,22.42,011.34,0
01052,000526000,234.50,22.42,009.12,0
01053,000526500,234.75,22.42,000.00,0
01054,000527000,235.00,22.43,000.00,0
01055,000527500,235.00,22.43,000.91,0
01056,000528000,235.75,22.42,000.00,0
01057,000528500,235.75,22.42,000.00,0
01058,000529000,236.25,22.43,000.00,0
01059,000529500,236.25,22.43,000.00,0
01060,000530000,236.50,22.43,000.00,0
01061,000530500,237.00,22.43,000.00,0
01062,000531000,237.00,22.43,000.00,0
01063,000531500,237.25,22.42,000.00,0
01064,000532000,237.75,22.42,000.00,0
01065,000532500,237.75,22.43,000.00,0
01066,000533000,237.75,22.43,000.00,0
01067,000533500,238.00,22.43,000.00,0
01068,000534000,237.75,22.44,000.00,0
01069,000534500,238.00,22.43,000.00,0
01070,000535000,238.00,22.43,000.00,0
01071,000535500,238.00,22.43,000.00,0
01072,000536000,237.75,22.42,000.00,0
01073,000536500,238.00,22.43,000.00,0
01074,000537000,238.00,22.43,000.00,0
01075,000537500,238.25,22.44,000.00,0
01076,000538000,238.00,22.43,000.00,0
01077,000538500,238.00,22.44,000.00,0
01078,000539000,238.00,22.44,000.00,0
01079,000539500,238.00,22.43,000.00,0
01080,000540000,238.25,22.43,000.00,0
01081,000540500,238.00,22.43,000.00,0
01082,000541000,238.00,22.43,000.00,0
01083,000541500,238.25,22.43,000.00,0
01084,000542000,238.00,22.43,000.00,0
01085,000542500,238.25,22.43,000.00,0
01086,000543000,238.25,22.43,000.00,0
01087,000543500,238.25,22.44,000.00,0
01088,000544000,238.25,22.44,000.00,0
01089,000544500,238.00,22.44,000.00,0
01090,000545000,238.00,22.44,000.00,0
01091,000545500,238.00,22.43,000.00,0
01092,000546000,238.00,22.43,000.00,0
01093,000546500,238.00,22.43,000.00,0
01094,000547000,238.00,22.44,000.00,0
01095,000547500,237.75,22.43,000.00,0
01096,000548000,237.75,22.44,000.00,0
01097,000548500,237.75,22.44,000.00,0
01098,000549000,237.50,22.43,000.00,0
01099,000549500,237.25,22.44,000.00,0
01100,000550000,236.75,22.44,000.00,0
01101,000550500,236.75,22.44,000.00,0
01102,000551000,236.50,22.44,000.00,0
01103,000551500,236.75,22.44,000.00,0
01104,000552000,236.75,22.44,000.00,0
01105,000552500,236.75,22.44,000.00,0
01106,000553000,236.75,22.44,000.00,0
01107,000553500,236.50,22.44,000.00,0
01108,000554000,236.50,22.44,000.00,0
01109,000554500,236.50,22.44,000.00,0
01110,000555000,236.25,22.44,000.00,0
01111,000555500,236.50,22.44,000.00,0
01112,000556000,235.75,22.44,000.00,0
01113,000556500,235.75,22.44,000.00,0
01114,000557000,235.50,22.44,000.00,0
01115,000557500,235.50,22.44,000.00,0
01116,000558000,235.75,22.44,000.00,0
01117,000558500,235.75,22.44,000.00,0
01118,000559000,235.50,22.44,000.00,0
01119,000559500,235.00,22.44,000.00,0
01120,000560000,234.25,22.45,000.00,0
01121,000560500,234.25,22.45,000.00,0
01122,000561000,233.50,22.44,000.00,0
01123,000561500,233.25,22.44,000.00,0
01124,000562000,233.25,22.44,000.00,0
01125,000562500,233.00,22.45,000.00,0
01126,000563000,232.50,22.44,000.00,0
01127,000563500,232.25,22.45,000.00,0
01128,000564000,232.25,22.45,000.00,0
01129,000564500,232.25,22.45,000.00,0
01130,000565000,232.25,22.45,000.00,0
01131,000565500,232.00,22.45,000.00,0
01132,000566000,232.00,22.45,000.00,0
01133,000566500,232.00,22.45,000.00,0
01134,000567000,230.50,22.45,000.00,0
01135,000567500,227.75,22.44,000.00,0
01136,000568000,227.75,22.44,000.00,0
01137,000568500,225.75,22.45,000.00,0
01138,000569000,223.25,22.46,000.00,0
01139,000569500,221.75,22.46,000.00,0
01140,000570000,221.75,22.46,000.00,0
01141,000570500,219.75,22.45,000.00,0
01142,000571000,218.25,22.47,000.00,0
01143,000571500,217.25,22.46,000.00,0
01144,000572000,217.25,22.46,000.00,0
01145,000572500,215.50,22.47,000.00,0
01146,000573000,214.75,22.47,000.00,0
01147,000573500,213.25,22.48,000.00,0
01148,000574000,213.25,22.48,000.00,0
01149,000574500,212.50,22.47,000.00,0
01150,000575000,213.25,22.48,000.00,0
01151,000575500,211.75,22.48,000.00,0
01152,000576000,211.75,22.48,000.00,0
01153,000576500,210.50,22.49,000.00,0
01154,000577000,210.50,22.49,000.00,0
01155,000577500,209.75,22.50,000.00,0
01156,000578000,209.75,22.50,000.00,0
01157,000578500,209.50,22.49,000.00,0
01158,000579000,208.50,22.49,000.00,0
01159,000579500,208.50,22.49,000.00,0
01160,000580000,206.25,22.49,000.00,0
01161,000580500,203.00,22.50,000.00,0
01162,000581000,202.00,22.50,000.00,0
01163,000581500,202.00,22.50,000.00,0
01164,000582000,201.75,22.50,000.00,0
01165,000582500,200.50,22.50,000.00,0
01166,000583000,199.50,22.50,000.00,0
01167,000583500,199.50,22.50,000.00,0
01168,000584000,198.00,22.50,000.00,0
01169,000584500,198.00,22.50,000.00,0
01170,000585000,198.00,22.50,000.00,0
01171,000585500,198.00,22.50,000.00,0
01172,000586000,196.75,22.51,000.00,0
01173,000586500,195.00,22.50,000.00,0
01174,000587000,195.50,22.51,000.00,0
01175,000587500,195.50,22.51,000.00,0
01176,000588000,196.00,22.51,000.00,0
01177,000588500,195.00,22.51,000.00,0
01178,000589000,194.00,22.51,000.00,0
01179,000589500,194.00,22.51,000.00,0
01180,000590000,193.25,22.53,000.00,0
01181,000590500,193.50,22.52,000.00,0
01182,000591000,192.75,22.51,000.00,0
01183,000591500,192.75,22.51,000.00,0
01184,000592000,192.00,22.53,000.00,0
01185,000592500,190.50,22.53,000.00,0
01186,000593000,191.50,22.52,000.00,0
01187,000593500,191.50,22.52,000.00,0
01188,000594000,191.00,22.53,000.00,0
01189,000594500,190.50,22.53,000.00,0
01190,000595000,190.50,22.53,000.00,0
01191,000595500,190.50,22.53,000.00,0
01192,000596000,189.75,22.53,000.00,0
01193,000596500,188.50,22.53,000.00,0
01194,000597000,188.50,22.53,000.00,0
01195,000597500,188.00,22.54,000.00,0
01196,000598000,187.50,22.54,000.00,0
01197,000598500,186.50,22.53,000.00,0
01198,000599000,186.50,22.53,000.00,0
01199,000599500,186.75,22.54,000.00,0
01200,000600000,186.75,22.54,000.00,0
01201,000600500,185.75,22.54,000.00,0
01202,000601000,185.75,22.54,000.00,0
01203,000601500,185.00,22.54,000.00,0
01204,000602000,184.00,22.54,000.00,0
01205,000602500,182.25,22.55,000.00,0
01206,000603000,182.25,22.55,000.00,0
01207,000603500,182.00,22.54,000.00,0
01208,000604000,182.00,22.53,000.00,0
01209,000604500,181.25,22.54,000.00,0
01210,000605000,181.25,22.54,000.00,0
01211,000605500,180.75,22.55,000.00,0
01212,000606000,180.75,22.54,000.00,0
01213,000606500,180.25,22.55,000.00,0
01214,000607000,180.25,22.55,000.00,0
01215,000607500,179.75,22.55,000.00,0
01216,000608000,180.50,22.55,000.00,0
01217,000608500,179.25,22.55,000.00,0
01218,000609000,179.25,22.55,000.00,0
01219,000609500,177.50,22.55,000.00,0
01220,000610000,177.50,22.55,000.00,0
01221,000610500,177.50,22.55,000.00,0
01222,000611000,178.00,22.55,000.00,0
01223,000611500,178.00,22.55,000.00,0
01224,000612000,177.25,22.55,000.00,0
01225,000612500,177.25,22.55,000.00,0
01226,000613000,176.50,22.55,000.00,0
01227,000613500,176.50,22.56,000.00,0
01228,000614000,175.75,22.56,000.00,0
01229,000614500,175.75,22.56,000.00,0
01230,000615000,175.00,22.55,000.00,0
01231,000615500,174.25,22.55,000.00,0
01232,000616000,174.25,22.56,000.00,0
01233,000616500,174.25,22.56,000.00,0
01234,000617000,173.00,22.56,000.00,0
01235,000617500,171.50,22.56,000.00,0
01236,000618000,170.50,22.56,000.00,0
01237,000618500,170.50,22.56,000.00,0
01238,000619000,169.50,22.55,000.00,0
01239,000619500,168.75,22.56,000.00,0
01240,000620000,169.00,22.56,000.00,0
01241,000620500,169.00,22.56,000.00,0
01242,000621000,169.25,22.55,000.00,0
01243,000621500,168.75,22.55,000.00,0
01244,000622000,167.75,22.56,000.00,0
01245,000622500,167.75,22.56,000.00,0
01246,000623000,167.00,22.56,000.00,0
01247,000623500,167.25,22.56,000.00,0
01248,000624000,167.25,22.56,000.00,0
01249,000624500,167.25,22.56,000.00,0
01250,000625000,167.00,22.56,000.00,0
01251,000625500,166.50,22.56,000.00,0
01252,000626000,166.50,22.57,000.00,0
01253,000626500,166.50,22.57,000.00,0
01254,000627000,166.25,22.56,000.00,0
01255,000627500,165.25,22.57,000.00,0
01256,000628000,165.25,22.57,000.00,0
01257,000628500,163.50,22.57,000.00,0
01258,000629000,161.75,22.56,000.00,0
01259,000629500,161.25,22.57,000.00,0
01260,000630000,161.25,22.57,000.00,0
01261,000630500,162.25,22.56,000.00,0
01262,000631000,161.50,22.57,000.00,0
01263,000631500,161.50,22.57,000.00,0
01264,000632000,161.50,22.57,000.00,0
01265,000632500,161.50,22.56,000.00,0
01266,000633000,162.50,22.56,000.00,0
01267,000633500,161.50,22.56,000.00,0
01268,000634000,161.50,22.56,000.00,0
01269,000634500,160.75,22.56,000.00,0
01270,000635000,159.50,22.57,000.00,0
01271,000635500,158.50,22.57,000.00,0
01272,000636000,158.50,22.57,000.00,0
01273,000636500,159.25,22.57,000.00,0
01274,000637000,158.75,22.57,000.00,0
01275,000637500,158.50,22.57,000.00,0
01276,000638000,158.50,22.57,000.00,0
01277,000638500,155.75,22.57,000.00,0
01278,000639000,156.50,22.57,000.00,0
01279,000639500,155.75,22.57,000.00,0
01280,000640000,155.75,22.57,000.00,0
01281,000640500,156.25,22.57,000.00,0
01282,000641000,155.75,22.57,000.00,0
01283,000641500,155.25,22.57,000.00,0
01284,000642000,155.25,22.57,000.00,0
01285,000642500,154.25,22.56,000.00,0
01286,000643000,154.25,22.57,000.00,0
01287,000643500,154.25,22.57,000.00,0
01288,000644000,153.50,22.56,000.00,0
01289,000644500,153.00,22.57,000.00,0
01290,000645000,152.25,22.57,000.00,0
01291,000645500,152.25,22.57,000.00,0
01292,000646000,152.75,22.57,000.00,0
01293,000646500,152.50,22.57,000.00,0
01294,000647000,153.00,22.57,000.00,0
01295,000647500,153.00,22.57,000.00,0
01296,000648000,152.75,22.57,000.00,0
01297,000648500,152.25,22.58,000.00,0
01298,000649000,152.00,22.57,000.00,0
01299,000649500,152.00,22.57,000.00,0
01300,000650000,151.25,22.57,000.00,0
01301,000650500,151.00,22.57,000.00,0
01302,000651000,151.00,22.57,000.00,0
01303,000651500,151.00,22.57,000.00,0
01304,000652000,151.00,22.57,000.00,0
01305,000652500,150.75,22.57,000.00,0
01306,000653000,150.00,22.58,000.00,0
01307,000653500,150.00,22.58,000.00,0
01308,000654000,149.25,22.59,000.00,0
01309,000654500,149.25,22.58,000.00,0
01310,000655000,149.25,22.59,000.00,0
01311,000655500,149.25,22.59,000.00,0
01312,000656000,148.50,22.57,000.00,0
01313,000656500,148.50,22.59,000.00,0
01314,000657000,147.25,22.57,000.00,0
01315,000657500,147.25,22.57,000.00,0
01316,000658000,147.00,22.57,000.00,0
01317,000658500,146.50,22.58,000.00,0
01318,000659000,146.50,22.58,000.00,0
01319,000659500,146.75,22.58,000.00,0
01320,000660000,146.25,22.59,000.00,0
01321,000660500,146.50,22.58,000.00,0
01322,000661000,146.50,22.58,000.00,0
01323,000661500,147.00,22.58,000.00,0
01324,000662000,146.50,22.59,000.00,0
01325,000662500,146.50,22.60,000.00,0
01326,000663000,146.50,22.60,000.00,0
01327,000663500,146.25,22.59,000.00,0
01328,000664000,146.00,22.58,000.00,0
01329,000664500,144.75,22.60,000.00,0
01330,000665000,144.75,22.60,000.00,0
01331,000665500,144.00,22.58,000.00,0
01332,000666000,143.00,22.59,000.00,0
01333,000666500,143.25,22.59,000.00,0
01334,000667000,143.25,22.59,000.00,0
01335,000667500,142.25,22.58,000.00,0
01336,000668000,141.50,22.58,000.00,0
01337,000668500,141.50,22.58,000.00,0
01338,000669000,141.50,22.58,000.00,0
01339,000669500,141.50,22.59,000.00,0
01340,000670000,141.50,22.60,000.00,0
01341,000670500,141.25,22.58,000.00,0
01342,000671000,141.25,22.58,000.00,0
01343,000671500,140.75,22.58,000.00,0
01344,000672000,139.75,22.59,000.00,0
01345,000672500,139.00,22.59,000.00,0
01346,000673000,139.00,22.59,000.00,0
01347,000673500,138.25,22.59,000.00,0
01348,000674000,138.25,22.59,000.00,0
01349,000674500,137.75,22.58,000.00,0
01350,000675000,137.75,22.58,000.00,0
01351,000675500,136.25,22.59,000.00,0
01352,000676000,135.75,22.58,000.00,0
01353,000676500,135.75,22.58,000.00,0
01354,000677000,135.50,22.59,000.00,0
01355,000677500,135.50,22.58,000.00,0
01356,000678000,135.50,22.58,000.00,0
01357,000678500,135.50,22.58,000.00,0
01358,000679000,134.75,22.59,000.00,0
01359,000679500,135.00,22.59,000.00,0
01360,000680000,135.25,22.58,000.00,0
01361,000680500,135.25,22.58,000.00,0
01362,000681000,134.75,22.58,000.00,0
01363,000681500,135.00,22.59,000.00,0
01364,000682000,134.75,22.58,000.00,0
01365,000682500,134.75,22.58,000.00,0
01366,000683000,134.50,22.59,000.00,0
01367,000683500,134.00,22.58,000.00,0
01368,000684000,132.75,22.59,000.00,0
01369,000684500,132.75,22.59,000.00,0
01370,000685000,131.75,22.60,000.00,0
01371,000685500,132.75,22.59,000.00,0
01372,000686000,132.75,22.57,000.00,0
01373,000686500,132.75,22.57,000.00,0
01374,000687000,132.00,22.59,000.00,0
01375,000687500,131.75,22.59,000.00,0
01376,000688000,131.25,22.60,000.00,0
01377,000688500,131.25,22.60,000.00,0
01378,000689000,130.25,22.58,000.00,0
01379,000689500,130.25,22.59,000.00,0
01380,000690000,130.00,22.60,000.00,0
01381,000690500,130.00,22.60,000.00,0
01382,000691000,128.75,22.59,000.00,0
01383,000691500,128.50,22.58,000.00,0
01384,000692000,128.50,22.58,000.00,0
01385,000692500,127.75,22.58,000.00,0
01386,000693000,127.50,22.59,000.00,0
01387,000693500,127.00,22.59,000.00,0
01388,000694000,127.00,22.59,000.00,0
01389,000694500,126.75,22.59,000.00,0
01390,000695000,127.00,22.58,000.00,0
01391,000695500,126.75,22.59,000.00,0
01392,000696000,126.75,22.59,000.00,0
01393,000696500,126.50,22.59,000.00,0
01394,000697000,127.25,22.60,000.00,0
01395,000697500,126.50,22.59,000.00,0
01396,000698000,126.50,22.59,000.00,0
01397,000698500,125.75,22.58,000.00,0
01398,000699000,125.25,22.60,000.00,0
01399,000699500,125.00,22.58,000.00,0
01400,000700000,125.00,22.58,000.00,0
01401,000700500,125.25,22.59,000.00,0
01402,000701000,124.25,22.60,000.00,0
01403,000701500,122.75,22.59,000.00,0
01404,000702000,122.75,22.59,000.00,0
01405,000702500,123.25,22.59,000.00,0
01406,000703000,122.75,22.59,000.00,0
01407,000703500,123.00,22.60,000.00,0
01408,000704000,123.00,22.60,000.00,0
01409,000704500,122.25,22.60,000.00,0
01410,000705000,122.00,22.59,000.00,0
01411,000705500,120.50,22.60,000.00,0
01412,000706000,120.50,22.60,000.00,0
01413,000706500,120.50,22.60,000.00,0
01414,000707000,119.75,22.59,000.00,0
01415,000707500,119.75,22.59,000.00,0
01416,000708000,120.00,22.60,000.00,0
01417,000708500,120.25,22.59,000.00,0
01418,000709000,120.00,22.59,000.00,0
01419,000709500,120.00,22.59,000.00,0
01420,000710000,120.00,22.59,000.00,0
01421,000710500,119.50,22.59,000.00,0
01422,000711000,120.00,22.60,000.00,0
01423,000711500,120.00,22.60,000.00,0
01424,000712000,120.00,22.59,000.00,0
01425,000712500,119.75,22.59,000.00,0
01426,000713000,119.25,22.59,000.00,0
01427,000713500,119.25,22.59,000.00,0
01428,000714000,118.25,22.59,000.00,0
01429,000714500,118.00,22.59,000.00,0
01430,000715000,118.00,22.60,000.00,0
01431,000715500,118.00,22.60,000.00,0
01432,000716000,117.75,22.59,000.00,0
01433,000716500,117.00,22.60,000.00,0
01434,000717000,116.75,22.60,000.00,0
01435,000717500,116.75,22.60,000.00,0
01436,000718000,116.00,22.60,000.00,0
01437,000718500,116.50,22.60,000.00,0
01438,000719000,116.75,22.60,000.00,0
01439,000719500,116.75,22.60,000.00,0
01440,000720000,116.00,22.59,000.00,0
